<?xml version="1.0" encoding="UTF-8"?>
<!-- Generated by org.testng.reporters.JUnitReportReporter -->
<testsuite hostname="TRPL-PUN-0125" failures="0" tests="15" name="approval.ApprovalStatutory" time="1084.172" errors="1" timestamp="2024-09-13T20:45:15 IST" skipped="13">
  <testcase classname="approval.ApprovalStatutory" name="Login" time="631.835">
    <error message="no such element: Unable to locate element: {&quot;method&quot;:&quot;xpath&quot;,&quot;selector&quot;:&quot;//*[@id=&#039;ContentPlaceHolder1_btnRefresh1&#039;]/label | //*[@id=&#039;ContentPlaceHolder1_btnRefresh&#039;]/label&quot;}
  (Session info: chrome=128.0.6613.138)
For documentation on this error, please visit: http://seleniumhq.org/exceptions/no_such_element.html
Build info: version: &#039;3.141.0&#039;, revision: &#039;2ecb7d9a&#039;, time: &#039;2018-10-31T20:09:30&#039;
System info: host: &#039;TRPL-PUN-0125&#039;, ip: &#039;192.168.31.67&#039;, os.name: &#039;Windows 10&#039;, os.arch: &#039;amd64&#039;, os.version: &#039;10.0&#039;, java.version: &#039;17.0.9&#039;
Driver info: org.openqa.selenium.chrome.ChromeDriver
Capabilities {acceptInsecureCerts: false, browserName: chrome, browserVersion: 128.0.6613.138, chrome: {chromedriverVersion: 127.0.6533.57 (d4459446bf8a..., userDataDir: C:\Users\shitalb\AppData\Lo...}, fedcm:accounts: true, goog:chromeOptions: {debuggerAddress: localhost:60516}, javascriptEnabled: true, networkConnectionEnabled: false, pageLoadStrategy: normal, platform: WINDOWS, platformName: WINDOWS, proxy: Proxy(), setWindowRect: true, strictFileInteractability: false, timeouts: {implicit: 0, pageLoad: 300000, script: 30000}, unhandledPromptBehavior: dismiss and notify, webauthn:extension:credBlob: true, webauthn:extension:largeBlob: true, webauthn:extension:minPinLength: true, webauthn:extension:prf: true, webauthn:virtualAuthenticators: true}
Session ID: be38933e794698c4827b148601385f40
*** Element info: {Using=xpath, value=//*[@id=&#039;ContentPlaceHolder1_btnRefresh1&#039;]/label | //*[@id=&#039;ContentPlaceHolder1_btnRefresh&#039;]/label}" type="org.openqa.selenium.NoSuchElementException">
      <![CDATA[org.openqa.selenium.NoSuchElementException: no such element: Unable to locate element: {"method":"xpath","selector":"//*[@id='ContentPlaceHolder1_btnRefresh1']/label | //*[@id='ContentPlaceHolder1_btnRefresh']/label"}
  (Session info: chrome=128.0.6613.138)
For documentation on this error, please visit: http://seleniumhq.org/exceptions/no_such_element.html
Build info: version: '3.141.0', revision: '2ecb7d9a', time: '2018-10-31T20:09:30'
System info: host: 'TRPL-PUN-0125', ip: '192.168.31.67', os.name: 'Windows 10', os.arch: 'amd64', os.version: '10.0', java.version: '17.0.9'
Driver info: org.openqa.selenium.chrome.ChromeDriver
Capabilities {acceptInsecureCerts: false, browserName: chrome, browserVersion: 128.0.6613.138, chrome: {chromedriverVersion: 127.0.6533.57 (d4459446bf8a..., userDataDir: C:\Users\shitalb\AppData\Lo...}, fedcm:accounts: true, goog:chromeOptions: {debuggerAddress: localhost:60516}, javascriptEnabled: true, networkConnectionEnabled: false, pageLoadStrategy: normal, platform: WINDOWS, platformName: WINDOWS, proxy: Proxy(), setWindowRect: true, strictFileInteractability: false, timeouts: {implicit: 0, pageLoad: 300000, script: 30000}, unhandledPromptBehavior: dismiss and notify, webauthn:extension:credBlob: true, webauthn:extension:largeBlob: true, webauthn:extension:minPinLength: true, webauthn:extension:prf: true, webauthn:virtualAuthenticators: true}
Session ID: be38933e794698c4827b148601385f40
*** Element info: {Using=xpath, value=//*[@id='ContentPlaceHolder1_btnRefresh1']/label | //*[@id='ContentPlaceHolder1_btnRefresh']/label}
at java.base/jdk.internal.reflect.NativeConstructorAccessorImpl.newInstance0(Native Method)
at java.base/jdk.internal.reflect.NativeConstructorAccessorImpl.newInstance(NativeConstructorAccessorImpl.java:77)
at java.base/jdk.internal.reflect.DelegatingConstructorAccessorImpl.newInstance(DelegatingConstructorAccessorImpl.java:45)
at java.base/java.lang.reflect.Constructor.newInstanceWithCaller(Constructor.java:499)
at java.base/java.lang.reflect.Constructor.newInstance(Constructor.java:480)
at org.openqa.selenium.remote.http.W3CHttpResponseCodec.createException(W3CHttpResponseCodec.java:187)
at org.openqa.selenium.remote.http.W3CHttpResponseCodec.decode(W3CHttpResponseCodec.java:122)
at org.openqa.selenium.remote.http.W3CHttpResponseCodec.decode(W3CHttpResponseCodec.java:49)
at org.openqa.selenium.remote.HttpCommandExecutor.execute(HttpCommandExecutor.java:158)
at org.openqa.selenium.remote.service.DriverCommandExecutor.execute(DriverCommandExecutor.java:83)
at org.openqa.selenium.remote.RemoteWebDriver.execute(RemoteWebDriver.java:552)
at org.openqa.selenium.remote.RemoteWebDriver.findElement(RemoteWebDriver.java:323)
at org.openqa.selenium.remote.RemoteWebDriver.findElementByXPath(RemoteWebDriver.java:428)
at org.openqa.selenium.By$ByXPath.findElement(By.java:353)
at org.openqa.selenium.remote.RemoteWebDriver.findElement(RemoteWebDriver.java:315)
at login.BasePage.initialization1(BasePage.java:312)
at approval.ApprovalStatutory.Login(ApprovalStatutory.java:84)
at java.base/jdk.internal.reflect.NativeMethodAccessorImpl.invoke0(Native Method)
at java.base/jdk.internal.reflect.NativeMethodAccessorImpl.invoke(NativeMethodAccessorImpl.java:77)
at java.base/jdk.internal.reflect.DelegatingMethodAccessorImpl.invoke(DelegatingMethodAccessorImpl.java:43)
at java.base/java.lang.reflect.Method.invoke(Method.java:568)
at org.testng.internal.invokers.MethodInvocationHelper.invokeMethod(MethodInvocationHelper.java:139)
at org.testng.internal.invokers.MethodInvocationHelper.invokeMethodConsideringTimeout(MethodInvocationHelper.java:69)
at org.testng.internal.invokers.ConfigInvoker.invokeConfigurationMethod(ConfigInvoker.java:390)
at org.testng.internal.invokers.ConfigInvoker.invokeConfigurations(ConfigInvoker.java:325)
at org.testng.internal.invokers.TestInvoker.runConfigMethods(TestInvoker.java:810)
at org.testng.internal.invokers.TestInvoker.invokeMethod(TestInvoker.java:577)
at org.testng.internal.invokers.TestInvoker.invokeTestMethod(TestInvoker.java:227)
at org.testng.internal.invokers.MethodRunner.runInSequence(MethodRunner.java:50)
at org.testng.internal.invokers.TestInvoker$MethodInvocationAgent.invoke(TestInvoker.java:957)
at org.testng.internal.invokers.TestInvoker.invokeTestMethods(TestInvoker.java:200)
at org.testng.internal.invokers.TestMethodWorker.invokeTestMethods(TestMethodWorker.java:148)
at org.testng.internal.invokers.TestMethodWorker.run(TestMethodWorker.java:128)
at java.base/java.util.ArrayList.forEach(ArrayList.java:1511)
at org.testng.TestRunner.privateRun(TestRunner.java:848)
at org.testng.TestRunner.run(TestRunner.java:621)
at org.testng.SuiteRunner.runTest(SuiteRunner.java:443)
at org.testng.SuiteRunner.runSequentially(SuiteRunner.java:437)
at org.testng.SuiteRunner.privateRun(SuiteRunner.java:397)
at org.testng.SuiteRunner.run(SuiteRunner.java:336)
at org.testng.SuiteRunnerWorker.runSuite(SuiteRunnerWorker.java:52)
at org.testng.SuiteRunnerWorker.run(SuiteRunnerWorker.java:95)
at org.testng.TestNG.runSuitesSequentially(TestNG.java:1280)
at org.testng.TestNG.runSuitesLocally(TestNG.java:1200)
at org.testng.TestNG.runSuites(TestNG.java:1114)
at org.testng.TestNG.run(TestNG.java:1082)
at org.testng.remote.AbstractRemoteTestNG.run(AbstractRemoteTestNG.java:115)
at org.testng.remote.RemoteTestNG.initAndRun(RemoteTestNG.java:251)
at org.testng.remote.RemoteTestNG.main(RemoteTestNG.java:77)
]]>
    </error>
  </testcase> <!-- Login -->
  <testcase classname="approval.ApprovalStatutory" name="NotCompleted_PieChart" time="452.336"/>
  <testcase classname="approval.ApprovalStatutory" name="CompletionStatusFilter" time="0.000">
    <skipped/>
  </testcase> <!-- CompletionStatusFilter -->
  <testcase classname="approval.ApprovalStatutory" name="NotCompletionStatusFilter" time="0.000">
    <skipped/>
  </testcase> <!-- NotCompletionStatusFilter -->
  <testcase classname="approval.ApprovalStatutory" name="DeviationApproverClear" time="0.000">
    <skipped/>
  </testcase> <!-- DeviationApproverClear -->
  <testcase classname="approval.ApprovalStatutory" name="DeviationApproverExport" time="0.000">
    <skipped/>
  </testcase> <!-- DeviationApproverExport -->
  <testcase classname="approval.ApprovalStatutory" name="SOOStatus" time="0.000">
    <skipped/>
  </testcase> <!-- SOOStatus -->
  <testcase classname="approval.ApprovalStatutory" name="SummaryofOverdueSF" time="0.000">
    <skipped/>
  </testcase> <!-- SummaryofOverdueSF -->
  <testcase classname="approval.ApprovalStatutory" name="PerformanceSummarySF" time="0.000">
    <skipped/>
  </testcase> <!-- PerformanceSummarySF -->
  <testcase classname="approval.ApprovalStatutory" name="RiskSummarySF" time="0.000">
    <skipped/>
  </testcase> <!-- RiskSummarySF -->
  <testcase classname="approval.ApprovalStatutory" name="DepartmentSummarySF" time="0.000">
    <skipped/>
  </testcase> <!-- DepartmentSummarySF -->
  <testcase classname="approval.ApprovalStatutory" name="PerformerSummaryDueForPeriodSF" time="0.000">
    <skipped/>
  </testcase> <!-- PerformerSummaryDueForPeriodSF -->
  <testcase classname="approval.ApprovalStatutory" name="GradingReportSF" time="0.000">
    <skipped/>
  </testcase> <!-- GradingReportSF -->
  <testcase classname="approval.ApprovalStatutory" name="DetailedReportSF" time="0.000">
    <skipped/>
  </testcase> <!-- DetailedReportSF -->
  <testcase classname="approval.ApprovalStatutory" name="ComplianceDocumentsSF" time="0.001">
    <skipped/>
  </testcase> <!-- ComplianceDocumentsSF -->
</testsuite> <!-- approval.ApprovalStatutory -->
