<?xml version="1.0" encoding="UTF-8"?>
<!-- Generated by org.testng.reporters.JUnitReportReporter -->
<testsuite hostname="TRPL-PUN-0125" failures="0" tests="1" name="criticalTestScripts.StatutoryMGMT" time="301.591" errors="0" timestamp="2025-05-08T10:09:54 IST" skipped="0">
  <testcase classname="criticalTestScripts.StatutoryMGMT" name="AssignmentReport" time="301.591"/>
</testsuite> <!-- criticalTestScripts.StatutoryMGMT -->
