<?xml version="1.0" encoding="UTF-8"?>
<!-- Generated by org.testng.reporters.JUnitReportReporter -->
<testsuite hostname="DESKTOP-J8VA1KP" failures="0" tests="26" name="management.MgmtTestCountThree" time="1293.857" errors="0" timestamp="2023-02-04T15:32:47 IST" skipped="0">
  <testcase classname="management.MgmtTestCountThree" name="Login" time="22.816"/>
  <system-out/>
  <testcase classname="management.MgmtTestCountThree" name="StandardReportOverall" time="49.950"/>
  <system-out/>
  <testcase classname="management.MgmtTestCountThree" name="StandardReportLocation" time="50.344"/>
  <system-out/>
  <testcase classname="management.MgmtTestCountThree" name="StandardReportUser" time="49.307"/>
  <system-out/>
  <testcase classname="management.MgmtTestCountThree" name="StandardReportCategory" time="50.219"/>
  <system-out/>
  <testcase classname="management.MgmtTestCountThree" name="StandardReportRisk" time="51.518"/>
  <system-out/>
  <testcase classname="management.MgmtTestCountThree" name="StandardReportDetailed" time="39.141"/>
  <system-out/>
  <testcase classname="management.MgmtTestCountThree" name="StandardReportCriticalRisk" time="50.926"/>
  <system-out/>
  <testcase classname="management.MgmtTestCountThree" name="StandardReportOverallIN" time="55.149"/>
  <system-out/>
  <testcase classname="management.MgmtTestCountThree" name="StandardReportLocationIN" time="54.973"/>
  <system-out/>
  <testcase classname="management.MgmtTestCountThree" name="StandardReportUserIn" time="56.173"/>
  <system-out/>
  <testcase classname="management.MgmtTestCountThree" name="StandardReportCategoryIn" time="60.703"/>
  <system-out/>
  <testcase classname="management.MgmtTestCountThree" name="StandardReportRiskIN" time="55.955"/>
  <system-out/>
  <testcase classname="management.MgmtTestCountThree" name="StandardReportCriticalRiskIN" time="54.511"/>
  <system-out/>
  <testcase classname="management.MgmtTestCountThree" name="DetailedReport" time="130.301"/>
  <system-out/>
  <testcase classname="management.MgmtTestCountThree" name="DetailedReportIn" time="62.639"/>
  <system-out/>
  <testcase classname="management.MgmtTestCountThree" name="AssignmentReport" time="37.612"/>
  <system-out/>
  <testcase classname="management.MgmtTestCountThree" name="UsageReport" time="31.815"/>
  <system-out/>
  <testcase classname="management.MgmtTestCountThree" name="ActRepository" time="21.694"/>
  <system-out/>
  <testcase classname="management.MgmtTestCountThree" name="ComplianceDocuments" time="122.202"/>
  <system-out/>
  <testcase classname="management.MgmtTestCountThree" name="CriticalDocuments" time="52.618"/>
  <system-out/>
  <testcase classname="management.MgmtTestCountThree" name="ActDocuments" time="43.617"/>
  <system-out/>
  <testcase classname="management.MgmtTestCountThree" name="MyNotifications" time="29.571"/>
  <system-out/>
  <testcase classname="management.MgmtTestCountThree" name="MessageCenter" time="21.356"/>
  <system-out/>
  <testcase classname="management.MgmtTestCountThree" name="InternalMsg" time="23.175"/>
  <system-out/>
  <testcase classname="management.MgmtTestCountThree" name="SupportTicket" time="15.572"/>
  <system-out/>
</testsuite> <!-- management.MgmtTestCountThree -->
