<?xml version="1.0" encoding="UTF-8"?>
<!-- Generated by org.testng.reporters.JUnitReportReporter -->
<testsuite hostname="TRPL-PUN-0115" failures="0" tests="13" name="criticalTestScripts.Reviewer" time="2263.590" errors="1" timestamp="2024-06-28T22:36:32 IST" skipped="0">
  <testcase classname="criticalTestScripts.Reviewer" name="CompletedStatutoryCri" time="101.706"/>
  <system-out/>
  <testcase classname="criticalTestScripts.Reviewer" name="CompletedInternalCri" time="110.221"/>
  <system-out/>
  <testcase classname="criticalTestScripts.Reviewer" name="OverdueStatutoryCri" time="110.001"/>
  <system-out/>
  <testcase classname="criticalTestScripts.Reviewer" name="OverdueInternalCri" time="110.893"/>
  <system-out/>
  <testcase classname="criticalTestScripts.Reviewer" name="ReviewCountStatutoryApprove" time="255.024"/>
  <system-out/>
  <testcase classname="criticalTestScripts.Reviewer" name="ReviewCountStatutoryReject" time="249.814"/>
  <system-out/>
  <testcase classname="criticalTestScripts.Reviewer" name="PendingReviewInternalCri1" time="225.454"/>
  <system-out/>
  <testcase classname="criticalTestScripts.Reviewer" name="ReviewCountInternalReject" time="191.623"/>
  <system-out/>
  <testcase classname="criticalTestScripts.Reviewer" name="Compliancecalendar" time="155.452"/>
  <system-out/>
  <testcase classname="criticalTestScripts.Reviewer" name="DetailedReport1" time="147.092"/>
  <system-out/>
  <testcase classname="criticalTestScripts.Reviewer" name="DetailedReportIn" time="193.348"/>
  <system-out/>
  <testcase classname="criticalTestScripts.Reviewer" name="AssignmentReport" time="153.965"/>
  <system-out/>
  <testcase classname="criticalTestScripts.Reviewer" name="ComplianceDocumentsSat" time="258.997">
    <error message="Expected condition failed: waiting for presence of element located by: By.xpath: //*[@id=&#039;grid1&#039;]/div[3]/table/tbody/tr[1]/td[21]/a (tried for 140 second(s) with 500 milliseconds interval)" type="org.openqa.selenium.TimeoutException">
      <![CDATA[org.openqa.selenium.TimeoutException: Expected condition failed: waiting for presence of element located by: By.xpath: //*[@id='grid1']/div[3]/table/tbody/tr[1]/td[21]/a (tried for 140 second(s) with 500 milliseconds interval)
at org.openqa.selenium.support.ui.WebDriverWait.timeoutException(WebDriverWait.java:95)
at org.openqa.selenium.support.ui.FluentWait.until(FluentWait.java:272)
at performer.MethodsPOM.complianceDocumentStaCri(MethodsPOM.java:7742)
at criticalTestScripts.Reviewer.ComplianceDocumentsSat(Reviewer.java:567)
at java.base/jdk.internal.reflect.DirectMethodHandleAccessor.invoke(DirectMethodHandleAccessor.java:104)
at java.base/java.lang.reflect.Method.invoke(Method.java:578)
at org.testng.internal.MethodInvocationHelper.invokeMethod(MethodInvocationHelper.java:133)
at org.testng.internal.TestInvoker.invokeMethod(TestInvoker.java:598)
at org.testng.internal.TestInvoker.invokeTestMethod(TestInvoker.java:173)
at org.testng.internal.MethodRunner.runInSequence(MethodRunner.java:46)
at org.testng.internal.TestInvoker$MethodInvocationAgent.invoke(TestInvoker.java:824)
at org.testng.internal.TestInvoker.invokeTestMethods(TestInvoker.java:146)
at org.testng.internal.TestMethodWorker.invokeTestMethods(TestMethodWorker.java:146)
at org.testng.internal.TestMethodWorker.run(TestMethodWorker.java:128)
at java.base/java.util.concurrent.ThreadPoolExecutor.runWorker(ThreadPoolExecutor.java:1144)
at java.base/java.util.concurrent.ThreadPoolExecutor$Worker.run(ThreadPoolExecutor.java:642)
at java.base/java.lang.Thread.run(Thread.java:1623)
Caused by: org.openqa.selenium.NoSuchElementException: no such element: Unable to locate element: {"method":"xpath","selector":"//*[@id='grid1']/div[3]/table/tbody/tr[1]/td[21]/a"}
  (Session info: chrome=126.0.6478.127)
For documentation on this error, please visit: http://seleniumhq.org/exceptions/no_such_element.html
Build info: version: '3.141.0', revision: '2ecb7d9a', time: '2018-10-31T20:09:30'
System info: host: 'TRPL-PUN-0115', ip: '172.22.192.1', os.name: 'Windows 10', os.arch: 'amd64', os.version: '10.0', java.version: '20'
Driver info: org.openqa.selenium.chrome.ChromeDriver
Capabilities {acceptInsecureCerts: false, browserName: chrome, browserVersion: 126.0.6478.127, chrome: {chromedriverVersion: 125.0.6422.78 (14db42ec38ad..., userDataDir: C:\Users\snehalp\AppData\Lo...}, fedcm:accounts: true, goog:chromeOptions: {debuggerAddress: localhost:50810}, javascriptEnabled: true, networkConnectionEnabled: false, pageLoadStrategy: normal, platform: WINDOWS, platformName: WINDOWS, proxy: Proxy(), setWindowRect: true, strictFileInteractability: false, timeouts: {implicit: 0, pageLoad: 300000, script: 30000}, unhandledPromptBehavior: dismiss and notify, webauthn:extension:credBlob: true, webauthn:extension:largeBlob: true, webauthn:extension:minPinLength: true, webauthn:extension:prf: true, webauthn:virtualAuthenticators: true}
Session ID: 7c90c95f43d3219da34259f5bd49b84b
*** Element info: {Using=xpath, value=//*[@id='grid1']/div[3]/table/tbody/tr[1]/td[21]/a}
at java.base/jdk.internal.reflect.DirectConstructorHandleAccessor.newInstance(DirectConstructorHandleAccessor.java:67)
at java.base/java.lang.reflect.Constructor.newInstanceWithCaller(Constructor.java:500)
at java.base/java.lang.reflect.Constructor.newInstance(Constructor.java:484)
at org.openqa.selenium.remote.http.W3CHttpResponseCodec.createException(W3CHttpResponseCodec.java:187)
at org.openqa.selenium.remote.http.W3CHttpResponseCodec.decode(W3CHttpResponseCodec.java:122)
at org.openqa.selenium.remote.http.W3CHttpResponseCodec.decode(W3CHttpResponseCodec.java:49)
at org.openqa.selenium.remote.HttpCommandExecutor.execute(HttpCommandExecutor.java:158)
at org.openqa.selenium.remote.service.DriverCommandExecutor.execute(DriverCommandExecutor.java:83)
at org.openqa.selenium.remote.RemoteWebDriver.execute(RemoteWebDriver.java:552)
at org.openqa.selenium.remote.RemoteWebDriver.findElement(RemoteWebDriver.java:323)
at org.openqa.selenium.remote.RemoteWebDriver.findElementByXPath(RemoteWebDriver.java:428)
at org.openqa.selenium.By$ByXPath.findElement(By.java:353)
at org.openqa.selenium.remote.RemoteWebDriver.findElement(RemoteWebDriver.java:315)
at org.openqa.selenium.support.ui.ExpectedConditions$6.apply(ExpectedConditions.java:182)
at org.openqa.selenium.support.ui.ExpectedConditions$6.apply(ExpectedConditions.java:179)
at org.openqa.selenium.support.ui.FluentWait.until(FluentWait.java:249)
... 15 more
]]>
    </error>
  </testcase> <!-- ComplianceDocumentsSat -->
  <system-out/>
</testsuite> <!-- criticalTestScripts.Reviewer -->
