<?xml version="1.0" encoding="UTF-8"?>
<!-- Generated by org.testng.reporters.JUnitReportReporter -->
<testsuite hostname="TRPL-PUN-0125" failures="0" tests="12" name="criticalTestScripts.AuditorInternal" time="6776.768" errors="0" timestamp="2024-12-07T10:31:26 IST" skipped="0">
  <testcase classname="criticalTestScripts.AuditorInternal" name="ClosedDelayed_PieChartPeriod" time="906.377"/>
  <testcase classname="criticalTestScripts.AuditorInternal" name="NotCompleted_PieChartPe" time="647.615"/>
  <testcase classname="criticalTestScripts.AuditorInternal" name="NotApplicable_PieChartPeriod" time="727.251"/>
  <testcase classname="criticalTestScripts.AuditorInternal" name="UpcomingPieChartPeriod" time="447.105"/>
  <testcase classname="criticalTestScripts.AuditorInternal" name="Overdue_PieChartInternalPe" time="762.068"/>
  <testcase classname="criticalTestScripts.AuditorInternal" name="dueToday_PieChartPeriod" time="216.070"/>
  <testcase classname="criticalTestScripts.AuditorInternal" name="PFR_PieChartInternalPe" time="725.876"/>
  <testcase classname="criticalTestScripts.AuditorInternal" name="InProgress_PieChartInternalPeriod" time="816.065"/>
  <testcase classname="criticalTestScripts.AuditorInternal" name="Rejected_PieChartInternalPeriod" time="753.057"/>
  <testcase classname="criticalTestScripts.AuditorInternal" name="DetailedReportIn" time="324.357"/>
  <testcase classname="criticalTestScripts.AuditorInternal" name="AssignmentReport" time="131.084"/>
  <testcase classname="criticalTestScripts.AuditorInternal" name="ComplianceDocumentsIN" time="319.843"/>
</testsuite> <!-- criticalTestScripts.AuditorInternal -->
