<?xml version="1.0" encoding="UTF-8"?>
<!-- Generated by org.testng.reporters.JUnitReportReporter -->
<testsuite hostname="DESKTOP-J8VA1KP" failures="0" tests="2" name="companyAdminDiy.CompanyAdminDiyTest" time="61.726" errors="0" timestamp="2023-03-24T12:46:02 IST" skipped="0">
  <testcase classname="companyAdminDiy.CompanyAdminDiyTest" name="Login" time="24.934"/>
  <system-out/>
  <testcase classname="companyAdminDiy.CompanyAdminDiyTest" name="ReopeningofCompliance" time="36.792"/>
  <system-out/>
</testsuite> <!-- companyAdminDiy.CompanyAdminDiyTest -->
