<?xml version="1.0" encoding="UTF-8"?>
<!-- Generated by org.testng.reporters.JUnitReportReporter -->
<testsuite skipped="2" hostname="Avantis-pc1" name="contract.CompanyAdmin" tests="2" failures="0" timestamp="2022-07-06T11:08:40 IST" time="0.000" errors="0">
  <testcase name="Login" time="0.000" classname="contract.CompanyAdmin">
    <skipped/>
  </testcase> <!-- Login -->
  <testcase name="MyReports" time="0.000" classname="contract.CompanyAdmin">
    <skipped/>
  </testcase> <!-- MyReports -->
</testsuite> <!-- contract.CompanyAdmin -->
