<?xml version="1.0" encoding="UTF-8"?>
<!-- Generated by org.testng.reporters.JUnitReportReporter -->
<testsuite hostname="TRPL-PUN-0125" failures="0" tests="1" name="implementation.ImplementCount" time="212.705" errors="0" timestamp="2024-10-10T18:07:52 IST" skipped="0">
  <testcase classname="implementation.ImplementCount" name="EventReassignment" time="212.705"/>
</testsuite> <!-- implementation.ImplementCount -->
