<?xml version="1.0" encoding="UTF-8"?>
<!-- Generated by org.testng.reporters.JUnitReportReporter -->
<testsuite skipped="0" hostname="LAPTOP-TBA24BB5" name="login.LoginTest" tests="1" failures="0" timestamp="2022-12-20T16:51:27 IST" time="38.810" errors="0">
  <testcase name="f" time="38.810" classname="login.LoginTest"/>
  <system-out/>
</testsuite> <!-- login.LoginTest -->
