<?xml version="1.0" encoding="UTF-8"?>
<!-- Generated by org.testng.reporters.JUnitReportReporter -->
<testsuite hostname="TRPL-PUN-0125" failures="0" tests="73" name="cfo.Mgmt" time="513.911" errors="3" timestamp="2024-12-13T18:13:40 IST" skipped="70">
  <testcase classname="cfo.Mgmt" name="periodIsSMETAColumnCloseddelayed" time="349.383">
    <error message="Expected condition failed: waiting for frame to be available: IFNewPeriodGraphCompliance (tried for 120 second(s) with 500 milliseconds interval)
Build info: version: &#039;3.141.0&#039;, revision: &#039;2ecb7d9a&#039;, time: &#039;2018-10-31T20:09:30&#039;
System info: host: &#039;TRPL-PUN-0125&#039;, ip: &#039;192.168.31.67&#039;, os.name: &#039;Windows 10&#039;, os.arch: &#039;amd64&#039;, os.version: &#039;10.0&#039;, java.version: &#039;17.0.9&#039;
Driver info: org.openqa.selenium.chrome.ChromeDriver
Capabilities {acceptInsecureCerts: false, browserName: chrome, browserVersion: 131.0.6778.140, chrome: {chromedriverVersion: 131.0.6778.85 (3d81e41b6f3a..., userDataDir: C:\Users\shitalb\AppData\Lo...}, fedcm:accounts: true, goog:chromeOptions: {debuggerAddress: localhost:59936}, javascriptEnabled: true, networkConnectionEnabled: false, pageLoadStrategy: normal, platform: WINDOWS, platformName: WINDOWS, proxy: Proxy(), setWindowRect: true, strictFileInteractability: false, timeouts: {implicit: 0, pageLoad: 300000, script: 30000}, unhandledPromptBehavior: dismiss and notify, webauthn:extension:credBlob: true, webauthn:extension:largeBlob: true, webauthn:extension:minPinLength: true, webauthn:extension:prf: true, webauthn:virtualAuthenticators: true}
Session ID: 3f4f5cdd7691143ba8f1b08ec80e40a8" type="org.openqa.selenium.TimeoutException">
      <![CDATA[org.openqa.selenium.TimeoutException: Expected condition failed: waiting for frame to be available: IFNewPeriodGraphCompliance (tried for 120 second(s) with 500 milliseconds interval)
Build info: version: '3.141.0', revision: '2ecb7d9a', time: '2018-10-31T20:09:30'
System info: host: 'TRPL-PUN-0125', ip: '192.168.31.67', os.name: 'Windows 10', os.arch: 'amd64', os.version: '10.0', java.version: '17.0.9'
Driver info: org.openqa.selenium.chrome.ChromeDriver
Capabilities {acceptInsecureCerts: false, browserName: chrome, browserVersion: 131.0.6778.140, chrome: {chromedriverVersion: 131.0.6778.85 (3d81e41b6f3a..., userDataDir: C:\Users\shitalb\AppData\Lo...}, fedcm:accounts: true, goog:chromeOptions: {debuggerAddress: localhost:59936}, javascriptEnabled: true, networkConnectionEnabled: false, pageLoadStrategy: normal, platform: WINDOWS, platformName: WINDOWS, proxy: Proxy(), setWindowRect: true, strictFileInteractability: false, timeouts: {implicit: 0, pageLoad: 300000, script: 30000}, unhandledPromptBehavior: dismiss and notify, webauthn:extension:credBlob: true, webauthn:extension:largeBlob: true, webauthn:extension:minPinLength: true, webauthn:extension:prf: true, webauthn:virtualAuthenticators: true}
Session ID: 3f4f5cdd7691143ba8f1b08ec80e40a8
at org.openqa.selenium.support.ui.WebDriverWait.timeoutException(WebDriverWait.java:95)
at org.openqa.selenium.support.ui.FluentWait.until(FluentWait.java:272)
at cfo.Mgmt.periodIsSMETAColumnCloseddelayed(Mgmt.java:2898)
at java.base/jdk.internal.reflect.NativeMethodAccessorImpl.invoke0(Native Method)
at java.base/jdk.internal.reflect.NativeMethodAccessorImpl.invoke(NativeMethodAccessorImpl.java:77)
at java.base/jdk.internal.reflect.DelegatingMethodAccessorImpl.invoke(DelegatingMethodAccessorImpl.java:43)
at java.base/java.lang.reflect.Method.invoke(Method.java:568)
at org.testng.internal.invokers.MethodInvocationHelper.invokeMethod(MethodInvocationHelper.java:139)
at org.testng.internal.invokers.TestInvoker.invokeMethod(TestInvoker.java:664)
at org.testng.internal.invokers.TestInvoker.invokeTestMethod(TestInvoker.java:227)
at org.testng.internal.invokers.MethodRunner.runInSequence(MethodRunner.java:50)
at org.testng.internal.invokers.TestInvoker$MethodInvocationAgent.invoke(TestInvoker.java:957)
at org.testng.internal.invokers.TestInvoker.invokeTestMethods(TestInvoker.java:200)
at org.testng.internal.invokers.TestMethodWorker.invokeTestMethods(TestMethodWorker.java:148)
at org.testng.internal.invokers.TestMethodWorker.run(TestMethodWorker.java:128)
at java.base/java.util.ArrayList.forEach(ArrayList.java:1511)
at org.testng.TestRunner.privateRun(TestRunner.java:848)
at org.testng.TestRunner.run(TestRunner.java:621)
at org.testng.SuiteRunner.runTest(SuiteRunner.java:443)
at org.testng.SuiteRunner.runSequentially(SuiteRunner.java:437)
at org.testng.SuiteRunner.privateRun(SuiteRunner.java:397)
at org.testng.SuiteRunner.run(SuiteRunner.java:336)
at org.testng.SuiteRunnerWorker.runSuite(SuiteRunnerWorker.java:52)
at org.testng.SuiteRunnerWorker.run(SuiteRunnerWorker.java:95)
at org.testng.TestNG.runSuitesSequentially(TestNG.java:1280)
at org.testng.TestNG.runSuitesLocally(TestNG.java:1200)
at org.testng.TestNG.runSuites(TestNG.java:1114)
at org.testng.TestNG.run(TestNG.java:1082)
at org.testng.remote.AbstractRemoteTestNG.run(AbstractRemoteTestNG.java:115)
at org.testng.remote.RemoteTestNG.initAndRun(RemoteTestNG.java:251)
at org.testng.remote.RemoteTestNG.main(RemoteTestNG.java:77)
]]>
    </error>
  </testcase> <!-- periodIsSMETAColumnCloseddelayed -->
  <testcase classname="cfo.Mgmt" name="browserClosing" time="162.490">
    <error message="java.net.ConnectException: Failed to connect to localhost/[0:0:0:0:0:0:0:1]:1982
Build info: version: &#039;3.141.0&#039;, revision: &#039;2ecb7d9a&#039;, time: &#039;2018-10-31T20:09:30&#039;
System info: host: &#039;TRPL-PUN-0125&#039;, ip: &#039;192.168.31.67&#039;, os.name: &#039;Windows 10&#039;, os.arch: &#039;amd64&#039;, os.version: &#039;10.0&#039;, java.version: &#039;17.0.9&#039;
Driver info: driver.version: RemoteWebDriver" type="org.openqa.selenium.WebDriverException">
      <![CDATA[org.openqa.selenium.WebDriverException: java.net.ConnectException: Failed to connect to localhost/[0:0:0:0:0:0:0:1]:1982
Build info: version: '3.141.0', revision: '2ecb7d9a', time: '2018-10-31T20:09:30'
System info: host: 'TRPL-PUN-0125', ip: '192.168.31.67', os.name: 'Windows 10', os.arch: 'amd64', os.version: '10.0', java.version: '17.0.9'
Driver info: driver.version: RemoteWebDriver
at org.openqa.selenium.remote.service.DriverCommandExecutor.execute(DriverCommandExecutor.java:92)
at org.openqa.selenium.remote.RemoteWebDriver.execute(RemoteWebDriver.java:552)
at org.openqa.selenium.remote.RemoteWebDriver.execute(RemoteWebDriver.java:609)
at org.openqa.selenium.remote.RemoteWebDriver.quit(RemoteWebDriver.java:452)
at login.BasePage.closeBrowser(BasePage.java:346)
at cfo.Mgmt.browserClosing(Mgmt.java:5123)
at java.base/jdk.internal.reflect.NativeMethodAccessorImpl.invoke0(Native Method)
at java.base/jdk.internal.reflect.NativeMethodAccessorImpl.invoke(NativeMethodAccessorImpl.java:77)
at java.base/jdk.internal.reflect.DelegatingMethodAccessorImpl.invoke(DelegatingMethodAccessorImpl.java:43)
at java.base/java.lang.reflect.Method.invoke(Method.java:568)
at org.testng.internal.invokers.MethodInvocationHelper.invokeMethod(MethodInvocationHelper.java:139)
at org.testng.internal.invokers.MethodInvocationHelper.invokeMethodConsideringTimeout(MethodInvocationHelper.java:69)
at org.testng.internal.invokers.ConfigInvoker.invokeConfigurationMethod(ConfigInvoker.java:390)
at org.testng.internal.invokers.ConfigInvoker.invokeConfigurations(ConfigInvoker.java:325)
at org.testng.internal.invokers.TestInvoker.runConfigMethods(TestInvoker.java:810)
at org.testng.internal.invokers.TestInvoker.runAfterConfigurations(TestInvoker.java:779)
at org.testng.internal.invokers.TestInvoker.invokeMethod(TestInvoker.java:755)
at org.testng.internal.invokers.TestInvoker.invokeTestMethod(TestInvoker.java:227)
at org.testng.internal.invokers.MethodRunner.runInSequence(MethodRunner.java:50)
at org.testng.internal.invokers.TestInvoker$MethodInvocationAgent.invoke(TestInvoker.java:957)
at org.testng.internal.invokers.TestInvoker.invokeTestMethods(TestInvoker.java:200)
at org.testng.internal.invokers.TestMethodWorker.invokeTestMethods(TestMethodWorker.java:148)
at org.testng.internal.invokers.TestMethodWorker.run(TestMethodWorker.java:128)
at java.base/java.util.ArrayList.forEach(ArrayList.java:1511)
at org.testng.TestRunner.privateRun(TestRunner.java:848)
at org.testng.TestRunner.run(TestRunner.java:621)
at org.testng.SuiteRunner.runTest(SuiteRunner.java:443)
at org.testng.SuiteRunner.runSequentially(SuiteRunner.java:437)
at org.testng.SuiteRunner.privateRun(SuiteRunner.java:397)
at org.testng.SuiteRunner.run(SuiteRunner.java:336)
at org.testng.SuiteRunnerWorker.runSuite(SuiteRunnerWorker.java:52)
at org.testng.SuiteRunnerWorker.run(SuiteRunnerWorker.java:95)
at org.testng.TestNG.runSuitesSequentially(TestNG.java:1280)
at org.testng.TestNG.runSuitesLocally(TestNG.java:1200)
at org.testng.TestNG.runSuites(TestNG.java:1114)
at org.testng.TestNG.run(TestNG.java:1082)
at org.testng.remote.AbstractRemoteTestNG.run(AbstractRemoteTestNG.java:115)
at org.testng.remote.RemoteTestNG.initAndRun(RemoteTestNG.java:251)
at org.testng.remote.RemoteTestNG.main(RemoteTestNG.java:77)
Caused by: java.net.ConnectException: Failed to connect to localhost/[0:0:0:0:0:0:0:1]:1982
at okhttp3.internal.connection.RealConnection.connectSocket(RealConnection.java:247)
at okhttp3.internal.connection.RealConnection.connect(RealConnection.java:165)
at okhttp3.internal.connection.StreamAllocation.findConnection(StreamAllocation.java:257)
at okhttp3.internal.connection.StreamAllocation.findHealthyConnection(StreamAllocation.java:135)
at okhttp3.internal.connection.StreamAllocation.newStream(StreamAllocation.java:114)
at okhttp3.internal.connection.ConnectInterceptor.intercept(ConnectInterceptor.java:42)
at okhttp3.internal.http.RealInterceptorChain.proceed(RealInterceptorChain.java:147)
at okhttp3.internal.http.RealInterceptorChain.proceed(RealInterceptorChain.java:121)
at okhttp3.internal.cache.CacheInterceptor.intercept(CacheInterceptor.java:93)
at okhttp3.internal.http.RealInterceptorChain.proceed(RealInterceptorChain.java:147)
at okhttp3.internal.http.RealInterceptorChain.proceed(RealInterceptorChain.java:121)
at okhttp3.internal.http.BridgeInterceptor.intercept(BridgeInterceptor.java:93)
at okhttp3.internal.http.RealInterceptorChain.proceed(RealInterceptorChain.java:147)
at okhttp3.internal.http.RetryAndFollowUpInterceptor.intercept(RetryAndFollowUpInterceptor.java:126)
at okhttp3.internal.http.RealInterceptorChain.proceed(RealInterceptorChain.java:147)
at okhttp3.internal.http.RealInterceptorChain.proceed(RealInterceptorChain.java:121)
at okhttp3.RealCall.getResponseWithInterceptorChain(RealCall.java:200)
at okhttp3.RealCall.execute(RealCall.java:77)
at org.openqa.selenium.remote.internal.OkHttpClient.execute(OkHttpClient.java:103)
at org.openqa.selenium.remote.HttpCommandExecutor.execute(HttpCommandExecutor.java:155)
at org.openqa.selenium.remote.service.DriverCommandExecutor.execute(DriverCommandExecutor.java:83)
... 38 more
Caused by: java.net.ConnectException: Connection refused: no further information
at java.base/sun.nio.ch.Net.pollConnect(Native Method)
at java.base/sun.nio.ch.Net.pollConnectNow(Net.java:672)
at java.base/sun.nio.ch.NioSocketImpl.timedFinishConnect(NioSocketImpl.java:547)
at java.base/sun.nio.ch.NioSocketImpl.connect(NioSocketImpl.java:602)
at java.base/java.net.SocksSocketImpl.connect(SocksSocketImpl.java:327)
at java.base/java.net.Socket.connect(Socket.java:633)
at okhttp3.internal.platform.Platform.connectSocket(Platform.java:129)
at okhttp3.internal.connection.RealConnection.connectSocket(RealConnection.java:245)
... 58 more
]]>
    </error>
  </testcase> <!-- browserClosing -->
  <testcase classname="cfo.Mgmt" name="PenaltyMultipleFilterInterest" time="2.034">
    <error message="java.net.ConnectException: Failed to connect to localhost/[0:0:0:0:0:0:0:1]:1982
Build info: version: &#039;3.141.0&#039;, revision: &#039;2ecb7d9a&#039;, time: &#039;2018-10-31T20:09:30&#039;
System info: host: &#039;TRPL-PUN-0125&#039;, ip: &#039;192.168.31.67&#039;, os.name: &#039;Windows 10&#039;, os.arch: &#039;amd64&#039;, os.version: &#039;10.0&#039;, java.version: &#039;17.0.9&#039;
Driver info: driver.version: RemoteWebDriver" type="org.openqa.selenium.WebDriverException">
      <![CDATA[org.openqa.selenium.WebDriverException: java.net.ConnectException: Failed to connect to localhost/[0:0:0:0:0:0:0:1]:1982
Build info: version: '3.141.0', revision: '2ecb7d9a', time: '2018-10-31T20:09:30'
System info: host: 'TRPL-PUN-0125', ip: '192.168.31.67', os.name: 'Windows 10', os.arch: 'amd64', os.version: '10.0', java.version: '17.0.9'
Driver info: driver.version: RemoteWebDriver
at org.openqa.selenium.remote.service.DriverCommandExecutor.execute(DriverCommandExecutor.java:92)
at org.openqa.selenium.remote.RemoteWebDriver.execute(RemoteWebDriver.java:552)
at org.openqa.selenium.remote.RemoteWebDriver.findElement(RemoteWebDriver.java:323)
at org.openqa.selenium.remote.RemoteWebDriver.findElementByXPath(RemoteWebDriver.java:428)
at org.openqa.selenium.By$ByXPath.findElement(By.java:353)
at org.openqa.selenium.remote.RemoteWebDriver.findElement(RemoteWebDriver.java:315)
at cfo.CFOcountPOM.readPenaltyCount(CFOcountPOM.java:679)
at cfo.CFOcountPOM.PenaltyMultipleFilterInterest(CFOcountPOM.java:14719)
at cfo.Mgmt.PenaltyMultipleFilterInterest(Mgmt.java:456)
at java.base/jdk.internal.reflect.NativeMethodAccessorImpl.invoke0(Native Method)
at java.base/jdk.internal.reflect.NativeMethodAccessorImpl.invoke(NativeMethodAccessorImpl.java:77)
at java.base/jdk.internal.reflect.DelegatingMethodAccessorImpl.invoke(DelegatingMethodAccessorImpl.java:43)
at java.base/java.lang.reflect.Method.invoke(Method.java:568)
at org.testng.internal.invokers.MethodInvocationHelper.invokeMethod(MethodInvocationHelper.java:139)
at org.testng.internal.invokers.TestInvoker.invokeMethod(TestInvoker.java:664)
at org.testng.internal.invokers.TestInvoker.invokeTestMethod(TestInvoker.java:227)
at org.testng.internal.invokers.MethodRunner.runInSequence(MethodRunner.java:50)
at org.testng.internal.invokers.TestInvoker$MethodInvocationAgent.invoke(TestInvoker.java:957)
at org.testng.internal.invokers.TestInvoker.invokeTestMethods(TestInvoker.java:200)
at org.testng.internal.invokers.TestMethodWorker.invokeTestMethods(TestMethodWorker.java:148)
at org.testng.internal.invokers.TestMethodWorker.run(TestMethodWorker.java:128)
at java.base/java.util.ArrayList.forEach(ArrayList.java:1511)
at org.testng.TestRunner.privateRun(TestRunner.java:848)
at org.testng.TestRunner.run(TestRunner.java:621)
at org.testng.SuiteRunner.runTest(SuiteRunner.java:443)
at org.testng.SuiteRunner.runSequentially(SuiteRunner.java:437)
at org.testng.SuiteRunner.privateRun(SuiteRunner.java:397)
at org.testng.SuiteRunner.run(SuiteRunner.java:336)
at org.testng.SuiteRunnerWorker.runSuite(SuiteRunnerWorker.java:52)
at org.testng.SuiteRunnerWorker.run(SuiteRunnerWorker.java:95)
at org.testng.TestNG.runSuitesSequentially(TestNG.java:1280)
at org.testng.TestNG.runSuitesLocally(TestNG.java:1200)
at org.testng.TestNG.runSuites(TestNG.java:1114)
at org.testng.TestNG.run(TestNG.java:1082)
at org.testng.remote.AbstractRemoteTestNG.run(AbstractRemoteTestNG.java:115)
at org.testng.remote.RemoteTestNG.initAndRun(RemoteTestNG.java:251)
at org.testng.remote.RemoteTestNG.main(RemoteTestNG.java:77)
Caused by: java.net.ConnectException: Failed to connect to localhost/[0:0:0:0:0:0:0:1]:1982
at okhttp3.internal.connection.RealConnection.connectSocket(RealConnection.java:247)
at okhttp3.internal.connection.RealConnection.connect(RealConnection.java:165)
at okhttp3.internal.connection.StreamAllocation.findConnection(StreamAllocation.java:257)
at okhttp3.internal.connection.StreamAllocation.findHealthyConnection(StreamAllocation.java:135)
at okhttp3.internal.connection.StreamAllocation.newStream(StreamAllocation.java:114)
at okhttp3.internal.connection.ConnectInterceptor.intercept(ConnectInterceptor.java:42)
at okhttp3.internal.http.RealInterceptorChain.proceed(RealInterceptorChain.java:147)
at okhttp3.internal.http.RealInterceptorChain.proceed(RealInterceptorChain.java:121)
at okhttp3.internal.cache.CacheInterceptor.intercept(CacheInterceptor.java:93)
at okhttp3.internal.http.RealInterceptorChain.proceed(RealInterceptorChain.java:147)
at okhttp3.internal.http.RealInterceptorChain.proceed(RealInterceptorChain.java:121)
at okhttp3.internal.http.BridgeInterceptor.intercept(BridgeInterceptor.java:93)
at okhttp3.internal.http.RealInterceptorChain.proceed(RealInterceptorChain.java:147)
at okhttp3.internal.http.RetryAndFollowUpInterceptor.intercept(RetryAndFollowUpInterceptor.java:126)
at okhttp3.internal.http.RealInterceptorChain.proceed(RealInterceptorChain.java:147)
at okhttp3.internal.http.RealInterceptorChain.proceed(RealInterceptorChain.java:121)
at okhttp3.RealCall.getResponseWithInterceptorChain(RealCall.java:200)
at okhttp3.RealCall.execute(RealCall.java:77)
at org.openqa.selenium.remote.internal.OkHttpClient.execute(OkHttpClient.java:103)
at org.openqa.selenium.remote.HttpCommandExecutor.execute(HttpCommandExecutor.java:155)
at org.openqa.selenium.remote.service.DriverCommandExecutor.execute(DriverCommandExecutor.java:83)
... 36 more
Caused by: java.net.ConnectException: Connection refused: no further information
at java.base/sun.nio.ch.Net.pollConnect(Native Method)
at java.base/sun.nio.ch.Net.pollConnectNow(Net.java:672)
at java.base/sun.nio.ch.NioSocketImpl.timedFinishConnect(NioSocketImpl.java:547)
at java.base/sun.nio.ch.NioSocketImpl.connect(NioSocketImpl.java:602)
at java.base/java.net.SocksSocketImpl.connect(SocksSocketImpl.java:327)
at java.base/java.net.Socket.connect(Socket.java:633)
at okhttp3.internal.platform.Platform.connectSocket(Platform.java:129)
at okhttp3.internal.connection.RealConnection.connectSocket(RealConnection.java:245)
... 56 more
]]>
    </error>
  </testcase> <!-- PenaltyMultipleFilterInterest -->
  <testcase classname="cfo.Mgmt" name="SummaryofOverdueFilter" time="0.000">
    <skipped/>
  </testcase> <!-- SummaryofOverdueFilter -->
  <testcase classname="cfo.Mgmt" name="CompletionGraphIsSMETAColumn" time="0.000">
    <skipped/>
  </testcase> <!-- CompletionGraphIsSMETAColumn -->
  <testcase classname="cfo.Mgmt" name="NotCompletion_IsSmeta" time="0.000">
    <skipped/>
  </testcase> <!-- NotCompletion_IsSmeta -->
  <testcase classname="cfo.Mgmt" name="BargraphIndustrySpeCriticalStatutory" time="0.000">
    <skipped/>
  </testcase> <!-- BargraphIndustrySpeCriticalStatutory -->
  <testcase classname="cfo.Mgmt" name="BargraphIndustrySpeHighStatutory" time="0.000">
    <skipped/>
  </testcase> <!-- BargraphIndustrySpeHighStatutory -->
  <testcase classname="cfo.Mgmt" name="BargraphIndustrySpeMediumStatutory" time="0.000">
    <skipped/>
  </testcase> <!-- BargraphIndustrySpeMediumStatutory -->
  <testcase classname="cfo.Mgmt" name="BargraphIndustrySpeLowStatutory" time="0.000">
    <skipped/>
  </testcase> <!-- BargraphIndustrySpeLowStatutory -->
  <testcase classname="cfo.Mgmt" name="OverallFunIsSmeta" time="0.000">
    <skipped/>
  </testcase> <!-- OverallFunIsSmeta -->
  <testcase classname="cfo.Mgmt" name="RiskSummaryCriticalStatutory" time="0.000">
    <skipped/>
  </testcase> <!-- RiskSummaryCriticalStatutory -->
  <testcase classname="cfo.Mgmt" name="RiskSummaryHighStatutory" time="0.000">
    <skipped/>
  </testcase> <!-- RiskSummaryHighStatutory -->
  <testcase classname="cfo.Mgmt" name="RiskSummaryMediumStatutory" time="0.001">
    <skipped/>
  </testcase> <!-- RiskSummaryMediumStatutory -->
  <testcase classname="cfo.Mgmt" name="RiskSummaryLowStatutory" time="0.000">
    <skipped/>
  </testcase> <!-- RiskSummaryLowStatutory -->
  <testcase classname="cfo.Mgmt" name="RiskSummIsSmeta" time="0.000">
    <skipped/>
  </testcase> <!-- RiskSummIsSmeta -->
  <testcase classname="cfo.Mgmt" name="NotCompleted_PieChartPeriod" time="0.000">
    <skipped/>
  </testcase> <!-- NotCompleted_PieChartPeriod -->
  <testcase classname="cfo.Mgmt" name="ClosedDelayed_PieChartPeriod" time="0.000">
    <skipped/>
  </testcase> <!-- ClosedDelayed_PieChartPeriod -->
  <testcase classname="cfo.Mgmt" name="DepartmentSummaryHumanResourceStatutory" time="0.000">
    <skipped/>
  </testcase> <!-- DepartmentSummaryHumanResourceStatutory -->
  <testcase classname="cfo.Mgmt" name="DepartSummIsSmeta" time="0.000">
    <skipped/>
  </testcase> <!-- DepartSummIsSmeta -->
  <testcase classname="cfo.Mgmt" name="ClosedTimely_PieChartPeriod" time="0.000">
    <skipped/>
  </testcase> <!-- ClosedTimely_PieChartPeriod -->
  <testcase classname="cfo.Mgmt" name="NotApplicable_PieChartPeriod" time="0.000">
    <skipped/>
  </testcase> <!-- NotApplicable_PieChartPeriod -->
  <testcase classname="cfo.Mgmt" name="Overdue_PieChartPeriod" time="0.000">
    <skipped/>
  </testcase> <!-- Overdue_PieChartPeriod -->
  <testcase classname="cfo.Mgmt" name="dueToday_PieChartPeriod" time="0.000">
    <skipped/>
  </testcase> <!-- dueToday_PieChartPeriod -->
  <testcase classname="cfo.Mgmt" name="pendingForReview_PieChartPeriod" time="0.000">
    <skipped/>
  </testcase> <!-- pendingForReview_PieChartPeriod -->
  <testcase classname="cfo.Mgmt" name="inProgress_PieChartPeriod" time="0.000">
    <skipped/>
  </testcase> <!-- inProgress_PieChartPeriod -->
  <testcase classname="cfo.Mgmt" name="Upcoming_PieChartPeriod" time="0.000">
    <skipped/>
  </testcase> <!-- Upcoming_PieChartPeriod -->
  <testcase classname="cfo.Mgmt" name="rejected_PieChartPeriod" time="0.000">
    <skipped/>
  </testcase> <!-- rejected_PieChartPeriod -->
  <testcase classname="cfo.Mgmt" name="PenaltySummaryStatutory" time="0.001">
    <skipped/>
  </testcase> <!-- PenaltySummaryStatutory -->
  <testcase classname="cfo.Mgmt" name="UpcomingFilterMgmt" time="0.000">
    <skipped/>
  </testcase> <!-- UpcomingFilterMgmt -->
  <testcase classname="cfo.Mgmt" name="GradingReportStatutory" time="0.000">
    <skipped/>
  </testcase> <!-- GradingReportStatutory -->
  <testcase classname="cfo.Mgmt" name="complianceCalendar" time="0.000">
    <skipped/>
  </testcase> <!-- complianceCalendar -->
  <testcase classname="cfo.Mgmt" name="DailyUpdates" time="0.000">
    <skipped/>
  </testcase> <!-- DailyUpdates -->
  <testcase classname="cfo.Mgmt" name="NewsLetter" time="0.000">
    <skipped/>
  </testcase> <!-- NewsLetter -->
  <testcase classname="cfo.Mgmt" name="ComplianceIDFilterMgmt" time="0.000">
    <skipped/>
  </testcase> <!-- ComplianceIDFilterMgmt -->
  <testcase classname="cfo.Mgmt" name="ComplianceIDFilterEBMgmt" time="0.000">
    <skipped/>
  </testcase> <!-- ComplianceIDFilterEBMgmt -->
  <testcase classname="cfo.Mgmt" name="ComplianceIDFilterINMgmt" time="0.001">
    <skipped/>
  </testcase> <!-- ComplianceIDFilterINMgmt -->
  <testcase classname="cfo.Mgmt" name="ComplianceIDFilter1Invalid" time="0.000">
    <skipped/>
  </testcase> <!-- ComplianceIDFilter1Invalid -->
  <testcase classname="cfo.Mgmt" name="ComplianceIDFilterEBInvalid" time="0.000">
    <skipped/>
  </testcase> <!-- ComplianceIDFilterEBInvalid -->
  <testcase classname="cfo.Mgmt" name="ComplianceIDFilterINInvalid" time="0.000">
    <skipped/>
  </testcase> <!-- ComplianceIDFilterINInvalid -->
  <testcase classname="cfo.Mgmt" name="UsageReport" time="0.000">
    <skipped/>
  </testcase> <!-- UsageReport -->
  <testcase classname="cfo.Mgmt" name="ComplianceDocuments" time="0.000">
    <skipped/>
  </testcase> <!-- ComplianceDocuments -->
  <testcase classname="cfo.Mgmt" name="ComplianceDocumentsIN" time="0.000">
    <skipped/>
  </testcase> <!-- ComplianceDocumentsIN -->
  <testcase classname="cfo.Mgmt" name="CriticalDocuments" time="0.000">
    <skipped/>
  </testcase> <!-- CriticalDocuments -->
  <testcase classname="cfo.Mgmt" name="ActDocuments" time="0.000">
    <skipped/>
  </testcase> <!-- ActDocuments -->
  <testcase classname="cfo.Mgmt" name="DetailedReport" time="0.000">
    <skipped/>
  </testcase> <!-- DetailedReport -->
  <testcase classname="cfo.Mgmt" name="DetailedReportIn" time="0.000">
    <skipped/>
  </testcase> <!-- DetailedReportIn -->
  <testcase classname="cfo.Mgmt" name="DetailedReportFilterMgmt" time="0.000">
    <skipped/>
  </testcase> <!-- DetailedReportFilterMgmt -->
  <testcase classname="cfo.Mgmt" name="AssignmentReport" time="0.000">
    <skipped/>
  </testcase> <!-- AssignmentReport -->
  <testcase classname="cfo.Mgmt" name="MyNotifications" time="0.000">
    <skipped/>
  </testcase> <!-- MyNotifications -->
  <testcase classname="cfo.Mgmt" name="MessageCenter" time="0.000">
    <skipped/>
  </testcase> <!-- MessageCenter -->
  <testcase classname="cfo.Mgmt" name="InternalMsg" time="0.000">
    <skipped/>
  </testcase> <!-- InternalMsg -->
  <testcase classname="cfo.Mgmt" name="SupportTicket" time="0.000">
    <skipped/>
  </testcase> <!-- SupportTicket -->
  <testcase classname="cfo.Mgmt" name="PerformanceSummaryReopen" time="0.000">
    <skipped/>
  </testcase> <!-- PerformanceSummaryReopen -->
  <testcase classname="cfo.Mgmt" name="RiskGraphReOpen" time="0.000">
    <skipped/>
  </testcase> <!-- RiskGraphReOpen -->
  <testcase classname="cfo.Mgmt" name="WhatsNew" time="0.000">
    <skipped/>
  </testcase> <!-- WhatsNew -->
  <testcase classname="cfo.Mgmt" name="MyDashboardClearfilter" time="0.000">
    <skipped/>
  </testcase> <!-- MyDashboardClearfilter -->
  <testcase classname="cfo.Mgmt" name="CompletionStatusFilter" time="0.000">
    <skipped/>
  </testcase> <!-- CompletionStatusFilter -->
  <testcase classname="cfo.Mgmt" name="NotCompletionStatusFilterMgmt" time="0.000">
    <skipped/>
  </testcase> <!-- NotCompletionStatusFilterMgmt -->
  <testcase classname="cfo.Mgmt" name="RiskSummaryFilterM" time="0.001">
    <skipped/>
  </testcase> <!-- RiskSummaryFilterM -->
  <testcase classname="cfo.Mgmt" name="DeptSummaryFilterM" time="0.000">
    <skipped/>
  </testcase> <!-- DeptSummaryFilterM -->
  <testcase classname="cfo.Mgmt" name="CompletionStatusFilterMgmtPe" time="0.000">
    <skipped/>
  </testcase> <!-- CompletionStatusFilterMgmtPe -->
  <testcase classname="cfo.Mgmt" name="NotCompletionStatusFilterMgmtPe" time="0.000">
    <skipped/>
  </testcase> <!-- NotCompletionStatusFilterMgmtPe -->
  <testcase classname="cfo.Mgmt" name="SummaryofOverdueSF" time="0.000">
    <skipped/>
  </testcase> <!-- SummaryofOverdueSF -->
  <testcase classname="cfo.Mgmt" name="PerformanceSummarySF" time="0.000">
    <skipped/>
  </testcase> <!-- PerformanceSummarySF -->
  <testcase classname="cfo.Mgmt" name="RiskSummarySF" time="0.000">
    <skipped/>
  </testcase> <!-- RiskSummarySF -->
  <testcase classname="cfo.Mgmt" name="DepartmentSummarySF" time="0.000">
    <skipped/>
  </testcase> <!-- DepartmentSummarySF -->
  <testcase classname="cfo.Mgmt" name="PerformerSummaryDueForPeriodSF" time="0.000">
    <skipped/>
  </testcase> <!-- PerformerSummaryDueForPeriodSF -->
  <testcase classname="cfo.Mgmt" name="GradingReportSF" time="0.000">
    <skipped/>
  </testcase> <!-- GradingReportSF -->
  <testcase classname="cfo.Mgmt" name="DetailedReportSF" time="0.000">
    <skipped/>
  </testcase> <!-- DetailedReportSF -->
  <testcase classname="cfo.Mgmt" name="PerformReviewEmailCol" time="0.000">
    <skipped/>
  </testcase> <!-- PerformReviewEmailCol -->
  <testcase classname="cfo.Mgmt" name="PerformReviewEmailColIn" time="0.000">
    <skipped/>
  </testcase> <!-- PerformReviewEmailColIn -->
  <testcase classname="cfo.Mgmt" name="ComplianceDocumentsSF" time="0.000">
    <skipped/>
  </testcase> <!-- ComplianceDocumentsSF -->
</testsuite> <!-- cfo.Mgmt -->
