<?xml version="1.0" encoding="UTF-8"?>
<!-- Generated by org.testng.reporters.JUnitReportReporter -->
<testsuite hostname="TRPL-PUN-0125" failures="0" tests="1" name="criticalTestScripts.StatutoryMGMT" time="362.640" errors="0" timestamp="2025-05-09T14:30:50 IST" skipped="0">
  <testcase classname="criticalTestScripts.StatutoryMGMT" name="CategoriesCountMatch" time="362.640"/>
</testsuite> <!-- criticalTestScripts.StatutoryMGMT -->
