<?xml version="1.0" encoding="UTF-8"?>
<!-- Generated by org.testng.reporters.JUnitReportReporter -->
<testsuite hostname="TRPL-PUN-0125" failures="0" tests="42" name="criticalTestScripts.StatutoryMGMT" time="5.048" errors="1" timestamp="2024-09-20T15:15:05 IST" skipped="41">
  <testcase classname="criticalTestScripts.StatutoryMGMT" name="Login" time="5.043">
    <error type="java.lang.NullPointerException">
      <![CDATA[java.lang.NullPointerException
at java.base/java.util.Objects.requireNonNull(Objects.java:209)
at org.openqa.selenium.support.ui.FluentWait.<init>(FluentWait.java:106)
at org.openqa.selenium.support.ui.WebDriverWait.<init>(WebDriverWait.java:85)
at org.openqa.selenium.support.ui.WebDriverWait.<init>(WebDriverWait.java:45)
at login.Login.UserLogin(Login.java:94)
at login.BasePage.initialization(BasePage.java:210)
at criticalTestScripts.StatutoryMGMT.Login(StatutoryMGMT.java:79)
at java.base/jdk.internal.reflect.NativeMethodAccessorImpl.invoke0(Native Method)
at java.base/jdk.internal.reflect.NativeMethodAccessorImpl.invoke(NativeMethodAccessorImpl.java:77)
at java.base/jdk.internal.reflect.DelegatingMethodAccessorImpl.invoke(DelegatingMethodAccessorImpl.java:43)
at java.base/java.lang.reflect.Method.invoke(Method.java:568)
at org.testng.internal.invokers.MethodInvocationHelper.invokeMethod(MethodInvocationHelper.java:139)
at org.testng.internal.invokers.MethodInvocationHelper.invokeMethodConsideringTimeout(MethodInvocationHelper.java:69)
at org.testng.internal.invokers.ConfigInvoker.invokeConfigurationMethod(ConfigInvoker.java:390)
at org.testng.internal.invokers.ConfigInvoker.invokeConfigurations(ConfigInvoker.java:325)
at org.testng.internal.invokers.TestInvoker.runConfigMethods(TestInvoker.java:810)
at org.testng.internal.invokers.TestInvoker.invokeMethod(TestInvoker.java:577)
at org.testng.internal.invokers.TestInvoker.invokeTestMethod(TestInvoker.java:227)
at org.testng.internal.invokers.MethodRunner.runInSequence(MethodRunner.java:50)
at org.testng.internal.invokers.TestInvoker$MethodInvocationAgent.invoke(TestInvoker.java:957)
at org.testng.internal.invokers.TestInvoker.invokeTestMethods(TestInvoker.java:200)
at org.testng.internal.invokers.TestMethodWorker.invokeTestMethods(TestMethodWorker.java:148)
at org.testng.internal.invokers.TestMethodWorker.run(TestMethodWorker.java:128)
at java.base/java.util.ArrayList.forEach(ArrayList.java:1511)
at org.testng.TestRunner.privateRun(TestRunner.java:848)
at org.testng.TestRunner.run(TestRunner.java:621)
at org.testng.SuiteRunner.runTest(SuiteRunner.java:443)
at org.testng.SuiteRunner.runSequentially(SuiteRunner.java:437)
at org.testng.SuiteRunner.privateRun(SuiteRunner.java:397)
at org.testng.SuiteRunner.run(SuiteRunner.java:336)
at org.testng.SuiteRunnerWorker.runSuite(SuiteRunnerWorker.java:52)
at org.testng.SuiteRunnerWorker.run(SuiteRunnerWorker.java:95)
at org.testng.TestNG.runSuitesSequentially(TestNG.java:1280)
at org.testng.TestNG.runSuitesLocally(TestNG.java:1200)
at org.testng.TestNG.runSuites(TestNG.java:1114)
at org.testng.TestNG.run(TestNG.java:1082)
at org.testng.remote.AbstractRemoteTestNG.run(AbstractRemoteTestNG.java:115)
at org.testng.remote.RemoteTestNG.initAndRun(RemoteTestNG.java:251)
at org.testng.remote.RemoteTestNG.main(RemoteTestNG.java:77)
]]>
    </error>
  </testcase> <!-- Login -->
  <testcase classname="criticalTestScripts.StatutoryMGMT" name="StandardReportCriticalRisk" time="0.000">
    <skipped/>
  </testcase> <!-- StandardReportCriticalRisk -->
  <testcase classname="criticalTestScripts.StatutoryMGMT" name="StandardReportOverallIN" time="0.001">
    <skipped/>
  </testcase> <!-- StandardReportOverallIN -->
  <testcase classname="criticalTestScripts.StatutoryMGMT" name="StandardReportLocationIN" time="0.001">
    <skipped/>
  </testcase> <!-- StandardReportLocationIN -->
  <testcase classname="criticalTestScripts.StatutoryMGMT" name="StandardReportUserIn" time="0.000">
    <skipped/>
  </testcase> <!-- StandardReportUserIn -->
  <testcase classname="criticalTestScripts.StatutoryMGMT" name="StandardReportCategoryIn" time="0.000">
    <skipped/>
  </testcase> <!-- StandardReportCategoryIn -->
  <testcase classname="criticalTestScripts.StatutoryMGMT" name="StandardReportRiskIN" time="0.001">
    <skipped/>
  </testcase> <!-- StandardReportRiskIN -->
  <testcase classname="criticalTestScripts.StatutoryMGMT" name="StandardReportDetailedIN" time="0.000">
    <skipped/>
  </testcase> <!-- StandardReportDetailedIN -->
  <testcase classname="criticalTestScripts.StatutoryMGMT" name="StandardReportCriticalRiskIN" time="0.000">
    <skipped/>
  </testcase> <!-- StandardReportCriticalRiskIN -->
  <testcase classname="criticalTestScripts.StatutoryMGMT" name="ComplianceDocuments" time="0.000">
    <skipped/>
  </testcase> <!-- ComplianceDocuments -->
  <testcase classname="criticalTestScripts.StatutoryMGMT" name="dueToday_PieChart" time="0.000">
    <skipped/>
  </testcase> <!-- dueToday_PieChart -->
  <testcase classname="criticalTestScripts.StatutoryMGMT" name="pendingForReview_PieChart" time="0.000">
    <skipped/>
  </testcase> <!-- pendingForReview_PieChart -->
  <testcase classname="criticalTestScripts.StatutoryMGMT" name="inProgress_PieChart" time="0.000">
    <skipped/>
  </testcase> <!-- inProgress_PieChart -->
  <testcase classname="criticalTestScripts.StatutoryMGMT" name="rejected_PieChart" time="0.000">
    <skipped/>
  </testcase> <!-- rejected_PieChart -->
  <testcase classname="criticalTestScripts.StatutoryMGMT" name="BargraphIndustrySpeCriticalStatutory" time="0.000">
    <skipped/>
  </testcase> <!-- BargraphIndustrySpeCriticalStatutory -->
  <testcase classname="criticalTestScripts.StatutoryMGMT" name="BargraphIndustrySpeHighStatutory" time="0.000">
    <skipped/>
  </testcase> <!-- BargraphIndustrySpeHighStatutory -->
  <testcase classname="criticalTestScripts.StatutoryMGMT" name="BargraphIndustrySpeMediumStatutory" time="0.000">
    <skipped/>
  </testcase> <!-- BargraphIndustrySpeMediumStatutory -->
  <testcase classname="criticalTestScripts.StatutoryMGMT" name="BargraphIndustrySpeLowStatutory" time="0.000">
    <skipped/>
  </testcase> <!-- BargraphIndustrySpeLowStatutory -->
  <testcase classname="criticalTestScripts.StatutoryMGMT" name="RiskSummaryCriticalStatutory" time="0.000">
    <skipped/>
  </testcase> <!-- RiskSummaryCriticalStatutory -->
  <testcase classname="criticalTestScripts.StatutoryMGMT" name="RiskSummaryHighStatutory" time="0.001">
    <skipped/>
  </testcase> <!-- RiskSummaryHighStatutory -->
  <testcase classname="criticalTestScripts.StatutoryMGMT" name="RiskSummaryMediumStatutory" time="0.000">
    <skipped/>
  </testcase> <!-- RiskSummaryMediumStatutory -->
  <testcase classname="criticalTestScripts.StatutoryMGMT" name="RiskSummaryLowStatutory" time="0.000">
    <skipped/>
  </testcase> <!-- RiskSummaryLowStatutory -->
  <testcase classname="criticalTestScripts.StatutoryMGMT" name="DepartmentSummaryHumanResourceStatutory" time="0.000">
    <skipped/>
  </testcase> <!-- DepartmentSummaryHumanResourceStatutory -->
  <testcase classname="criticalTestScripts.StatutoryMGMT" name="NotCompleted_PieChartPeriod" time="0.000">
    <skipped/>
  </testcase> <!-- NotCompleted_PieChartPeriod -->
  <testcase classname="criticalTestScripts.StatutoryMGMT" name="ClosedDelayed_PieChartPeriod" time="0.000">
    <skipped/>
  </testcase> <!-- ClosedDelayed_PieChartPeriod -->
  <testcase classname="criticalTestScripts.StatutoryMGMT" name="ClosedTimely_PieChartPeriod" time="0.000">
    <skipped/>
  </testcase> <!-- ClosedTimely_PieChartPeriod -->
  <testcase classname="criticalTestScripts.StatutoryMGMT" name="NotApplicable_PieChartPeriod" time="0.000">
    <skipped/>
  </testcase> <!-- NotApplicable_PieChartPeriod -->
  <testcase classname="criticalTestScripts.StatutoryMGMT" name="Overdue_PieChartPeriod" time="0.000">
    <skipped/>
  </testcase> <!-- Overdue_PieChartPeriod -->
  <testcase classname="criticalTestScripts.StatutoryMGMT" name="dueToday_PieChartPeriod" time="0.000">
    <skipped/>
  </testcase> <!-- dueToday_PieChartPeriod -->
  <testcase classname="criticalTestScripts.StatutoryMGMT" name="pendingForReview_PieChartPeriod" time="0.000">
    <skipped/>
  </testcase> <!-- pendingForReview_PieChartPeriod -->
  <testcase classname="criticalTestScripts.StatutoryMGMT" name="inProgress_PieChartPeriod" time="0.001">
    <skipped/>
  </testcase> <!-- inProgress_PieChartPeriod -->
  <testcase classname="criticalTestScripts.StatutoryMGMT" name="Upcoming_PieChartPeriod" time="0.000">
    <skipped/>
  </testcase> <!-- Upcoming_PieChartPeriod -->
  <testcase classname="criticalTestScripts.StatutoryMGMT" name="rejected_PieChartPeriod" time="0.000">
    <skipped/>
  </testcase> <!-- rejected_PieChartPeriod -->
  <testcase classname="criticalTestScripts.StatutoryMGMT" name="complianceCalendar" time="0.000">
    <skipped/>
  </testcase> <!-- complianceCalendar -->
  <testcase classname="criticalTestScripts.StatutoryMGMT" name="DetailedReport" time="0.000">
    <skipped/>
  </testcase> <!-- DetailedReport -->
  <testcase classname="criticalTestScripts.StatutoryMGMT" name="AssignmentReport" time="0.000">
    <skipped/>
  </testcase> <!-- AssignmentReport -->
  <testcase classname="criticalTestScripts.StatutoryMGMT" name="StandardReportOverall" time="0.000">
    <skipped/>
  </testcase> <!-- StandardReportOverall -->
  <testcase classname="criticalTestScripts.StatutoryMGMT" name="StandardReportLocation" time="0.000">
    <skipped/>
  </testcase> <!-- StandardReportLocation -->
  <testcase classname="criticalTestScripts.StatutoryMGMT" name="StandardReportUser" time="0.000">
    <skipped/>
  </testcase> <!-- StandardReportUser -->
  <testcase classname="criticalTestScripts.StatutoryMGMT" name="StandardReportCategory" time="0.000">
    <skipped/>
  </testcase> <!-- StandardReportCategory -->
  <testcase classname="criticalTestScripts.StatutoryMGMT" name="StandardReportRisk" time="0.000">
    <skipped/>
  </testcase> <!-- StandardReportRisk -->
  <testcase classname="criticalTestScripts.StatutoryMGMT" name="StandardReportDetailed" time="0.000">
    <skipped/>
  </testcase> <!-- StandardReportDetailed -->
</testsuite> <!-- criticalTestScripts.StatutoryMGMT -->
