<?xml version="1.0" encoding="UTF-8"?>
<!-- Generated by org.testng.reporters.JUnitReportReporter -->
<testsuite skipped="0" hostname="LAPTOP-TBA24BB5" name="contract.TestCase" tests="1" failures="0" timestamp="2023-01-03T16:33:38 IST" time="27.456" errors="0">
  <testcase name="vendormaster" time="27.456" classname="contract.TestCase"/>
  <system-out/>
</testsuite> <!-- contract.TestCase -->
