<?xml version="1.0" encoding="UTF-8"?>
<!-- Generated by org.testng.reporters.JUnitReportReporter -->
<testsuite hostname="TRPL-PUN-0113" failures="0" tests="2" name="approval.ApprovalStatutory" time="272.008" errors="0" timestamp="2024-05-23T17:27:38 IST" skipped="0">
  <testcase classname="approval.ApprovalStatutory" name="DeviationApproverColCDAPP" time="159.980"/>
  <testcase classname="approval.ApprovalStatutory" name="DeviationClosureStatuscolCD" time="112.028"/>
</testsuite> <!-- approval.ApprovalStatutory -->
