<?xml version="1.0" encoding="UTF-8"?>
<!-- Generated by org.testng.reporters.JUnitReportReporter -->
<testsuite hostname="TRPL-PUN-0125" failures="0" tests="27" name="criticalTestScripts.AuditorInternal" time="1619.029" errors="1" timestamp="2024-10-30T12:31:12 IST" skipped="24">
  <testcase classname="criticalTestScripts.AuditorInternal" name="UpcomingPieChartPeriod" time="737.419"/>
  <testcase classname="criticalTestScripts.AuditorInternal" name="Login" time="499.353">
    <error message="no such element: Unable to locate element: {&quot;method&quot;:&quot;xpath&quot;,&quot;selector&quot;:&quot;//select[@id=&#039;ContentPlaceHolder1_ddlStatus&#039;]&quot;}
  (Session info: chrome=130.0.6723.70)
For documentation on this error, please visit: http://seleniumhq.org/exceptions/no_such_element.html
Build info: version: &#039;3.141.0&#039;, revision: &#039;2ecb7d9a&#039;, time: &#039;2018-10-31T20:09:30&#039;
System info: host: &#039;TRPL-PUN-0125&#039;, ip: &#039;192.168.31.67&#039;, os.name: &#039;Windows 10&#039;, os.arch: &#039;amd64&#039;, os.version: &#039;10.0&#039;, java.version: &#039;17.0.9&#039;
Driver info: org.openqa.selenium.chrome.ChromeDriver
Capabilities {acceptInsecureCerts: false, browserName: chrome, browserVersion: 130.0.6723.70, chrome: {chromedriverVersion: 129.0.6668.58 (81a06fb873a9..., userDataDir: C:\Users\shitalb\AppData\Lo...}, fedcm:accounts: true, goog:chromeOptions: {debuggerAddress: localhost:56087}, javascriptEnabled: true, networkConnectionEnabled: false, pageLoadStrategy: normal, platform: WINDOWS, platformName: WINDOWS, proxy: Proxy(), setWindowRect: true, strictFileInteractability: false, timeouts: {implicit: 0, pageLoad: 300000, script: 30000}, unhandledPromptBehavior: dismiss and notify, webauthn:extension:credBlob: true, webauthn:extension:largeBlob: true, webauthn:extension:minPinLength: true, webauthn:extension:prf: true, webauthn:virtualAuthenticators: true}
Session ID: adb3ab08dc687d051b0e308fbe7dd5ff
*** Element info: {Using=xpath, value=//select[@id=&#039;ContentPlaceHolder1_ddlStatus&#039;]}" type="org.openqa.selenium.NoSuchElementException">
      <![CDATA[org.openqa.selenium.NoSuchElementException: no such element: Unable to locate element: {"method":"xpath","selector":"//select[@id='ContentPlaceHolder1_ddlStatus']"}
  (Session info: chrome=130.0.6723.70)
For documentation on this error, please visit: http://seleniumhq.org/exceptions/no_such_element.html
Build info: version: '3.141.0', revision: '2ecb7d9a', time: '2018-10-31T20:09:30'
System info: host: 'TRPL-PUN-0125', ip: '192.168.31.67', os.name: 'Windows 10', os.arch: 'amd64', os.version: '10.0', java.version: '17.0.9'
Driver info: org.openqa.selenium.chrome.ChromeDriver
Capabilities {acceptInsecureCerts: false, browserName: chrome, browserVersion: 130.0.6723.70, chrome: {chromedriverVersion: 129.0.6668.58 (81a06fb873a9..., userDataDir: C:\Users\shitalb\AppData\Lo...}, fedcm:accounts: true, goog:chromeOptions: {debuggerAddress: localhost:56087}, javascriptEnabled: true, networkConnectionEnabled: false, pageLoadStrategy: normal, platform: WINDOWS, platformName: WINDOWS, proxy: Proxy(), setWindowRect: true, strictFileInteractability: false, timeouts: {implicit: 0, pageLoad: 300000, script: 30000}, unhandledPromptBehavior: dismiss and notify, webauthn:extension:credBlob: true, webauthn:extension:largeBlob: true, webauthn:extension:minPinLength: true, webauthn:extension:prf: true, webauthn:virtualAuthenticators: true}
Session ID: adb3ab08dc687d051b0e308fbe7dd5ff
*** Element info: {Using=xpath, value=//select[@id='ContentPlaceHolder1_ddlStatus']}
at java.base/jdk.internal.reflect.NativeConstructorAccessorImpl.newInstance0(Native Method)
at java.base/jdk.internal.reflect.NativeConstructorAccessorImpl.newInstance(NativeConstructorAccessorImpl.java:77)
at java.base/jdk.internal.reflect.DelegatingConstructorAccessorImpl.newInstance(DelegatingConstructorAccessorImpl.java:45)
at java.base/java.lang.reflect.Constructor.newInstanceWithCaller(Constructor.java:499)
at java.base/java.lang.reflect.Constructor.newInstance(Constructor.java:480)
at org.openqa.selenium.remote.http.W3CHttpResponseCodec.createException(W3CHttpResponseCodec.java:187)
at org.openqa.selenium.remote.http.W3CHttpResponseCodec.decode(W3CHttpResponseCodec.java:122)
at org.openqa.selenium.remote.http.W3CHttpResponseCodec.decode(W3CHttpResponseCodec.java:49)
at org.openqa.selenium.remote.HttpCommandExecutor.execute(HttpCommandExecutor.java:158)
at org.openqa.selenium.remote.service.DriverCommandExecutor.execute(DriverCommandExecutor.java:83)
at org.openqa.selenium.remote.RemoteWebDriver.execute(RemoteWebDriver.java:552)
at org.openqa.selenium.remote.RemoteWebDriver.findElement(RemoteWebDriver.java:323)
at org.openqa.selenium.remote.RemoteWebDriver.findElementByXPath(RemoteWebDriver.java:428)
at org.openqa.selenium.By$ByXPath.findElement(By.java:353)
at org.openqa.selenium.remote.RemoteWebDriver.findElement(RemoteWebDriver.java:315)
at cfo.CFOcountPOM.selectInternal(CFOcountPOM.java:2315)
at login.BasePage.initialization(BasePage.java:214)
at criticalTestScripts.AuditorInternal.Login(AuditorInternal.java:86)
at java.base/jdk.internal.reflect.NativeMethodAccessorImpl.invoke0(Native Method)
at java.base/jdk.internal.reflect.NativeMethodAccessorImpl.invoke(NativeMethodAccessorImpl.java:77)
at java.base/jdk.internal.reflect.DelegatingMethodAccessorImpl.invoke(DelegatingMethodAccessorImpl.java:43)
at java.base/java.lang.reflect.Method.invoke(Method.java:568)
at org.testng.internal.invokers.MethodInvocationHelper.invokeMethod(MethodInvocationHelper.java:139)
at org.testng.internal.invokers.MethodInvocationHelper.invokeMethodConsideringTimeout(MethodInvocationHelper.java:69)
at org.testng.internal.invokers.ConfigInvoker.invokeConfigurationMethod(ConfigInvoker.java:390)
at org.testng.internal.invokers.ConfigInvoker.invokeConfigurations(ConfigInvoker.java:325)
at org.testng.internal.invokers.TestInvoker.runConfigMethods(TestInvoker.java:810)
at org.testng.internal.invokers.TestInvoker.invokeMethod(TestInvoker.java:577)
at org.testng.internal.invokers.TestInvoker.invokeTestMethod(TestInvoker.java:227)
at org.testng.internal.invokers.MethodRunner.runInSequence(MethodRunner.java:50)
at org.testng.internal.invokers.TestInvoker$MethodInvocationAgent.invoke(TestInvoker.java:957)
at org.testng.internal.invokers.TestInvoker.invokeTestMethods(TestInvoker.java:200)
at org.testng.internal.invokers.TestMethodWorker.invokeTestMethods(TestMethodWorker.java:148)
at org.testng.internal.invokers.TestMethodWorker.run(TestMethodWorker.java:128)
at java.base/java.util.ArrayList.forEach(ArrayList.java:1511)
at org.testng.TestRunner.privateRun(TestRunner.java:848)
at org.testng.TestRunner.run(TestRunner.java:621)
at org.testng.SuiteRunner.runTest(SuiteRunner.java:443)
at org.testng.SuiteRunner.runSequentially(SuiteRunner.java:437)
at org.testng.SuiteRunner.privateRun(SuiteRunner.java:397)
at org.testng.SuiteRunner.run(SuiteRunner.java:336)
at org.testng.SuiteRunnerWorker.runSuite(SuiteRunnerWorker.java:52)
at org.testng.SuiteRunnerWorker.run(SuiteRunnerWorker.java:95)
at org.testng.TestNG.runSuitesSequentially(TestNG.java:1280)
at org.testng.TestNG.runSuitesLocally(TestNG.java:1200)
at org.testng.TestNG.runSuites(TestNG.java:1114)
at org.testng.TestNG.run(TestNG.java:1082)
at org.testng.remote.AbstractRemoteTestNG.run(AbstractRemoteTestNG.java:115)
at org.testng.remote.RemoteTestNG.initAndRun(RemoteTestNG.java:251)
at org.testng.remote.RemoteTestNG.main(RemoteTestNG.java:77)
]]>
    </error>
  </testcase> <!-- Login -->
  <testcase classname="criticalTestScripts.AuditorInternal" name="ClosedTimely_PieChart" time="382.250"/>
  <testcase classname="criticalTestScripts.AuditorInternal" name="ClosedDelayed_PieChart" time="0.001">
    <skipped/>
  </testcase> <!-- ClosedDelayed_PieChart -->
  <testcase classname="criticalTestScripts.AuditorInternal" name="NotCompleted_PieChart" time="0.001">
    <skipped/>
  </testcase> <!-- NotCompleted_PieChart -->
  <testcase classname="criticalTestScripts.AuditorInternal" name="NotApplicable_PieChartIn" time="0.000">
    <skipped/>
  </testcase> <!-- NotApplicable_PieChartIn -->
  <testcase classname="criticalTestScripts.AuditorInternal" name="Overdue_PieChartInternal" time="0.001">
    <skipped/>
  </testcase> <!-- Overdue_PieChartInternal -->
  <testcase classname="criticalTestScripts.AuditorInternal" name="dueToday_PieChartInternal" time="0.000">
    <skipped/>
  </testcase> <!-- dueToday_PieChartInternal -->
  <testcase classname="criticalTestScripts.AuditorInternal" name="PFR_PieChartInternal" time="0.000">
    <skipped/>
  </testcase> <!-- PFR_PieChartInternal -->
  <testcase classname="criticalTestScripts.AuditorInternal" name="inProgress_PieChartInternal" time="0.000">
    <skipped/>
  </testcase> <!-- inProgress_PieChartInternal -->
  <testcase classname="criticalTestScripts.AuditorInternal" name="Rejected_PieChartInternal" time="0.000">
    <skipped/>
  </testcase> <!-- Rejected_PieChartInternal -->
  <testcase classname="criticalTestScripts.AuditorInternal" name="BargraphBSECriticalStatutory" time="0.000">
    <skipped/>
  </testcase> <!-- BargraphBSECriticalStatutory -->
  <testcase classname="criticalTestScripts.AuditorInternal" name="BargraphBSEHighStatutory" time="0.001">
    <skipped/>
  </testcase> <!-- BargraphBSEHighStatutory -->
  <testcase classname="criticalTestScripts.AuditorInternal" name="BargraphBSEMediumStatutory" time="0.000">
    <skipped/>
  </testcase> <!-- BargraphBSEMediumStatutory -->
  <testcase classname="criticalTestScripts.AuditorInternal" name="BargraphBSELowStatutory" time="0.000">
    <skipped/>
  </testcase> <!-- BargraphBSELowStatutory -->
  <testcase classname="criticalTestScripts.AuditorInternal" name="RiskSummaryCriticalInternal" time="0.000">
    <skipped/>
  </testcase> <!-- RiskSummaryCriticalInternal -->
  <testcase classname="criticalTestScripts.AuditorInternal" name="RiskSummaryHighInternal" time="0.001">
    <skipped/>
  </testcase> <!-- RiskSummaryHighInternal -->
  <testcase classname="criticalTestScripts.AuditorInternal" name="RiskSummaryMediumStatutory" time="0.000">
    <skipped/>
  </testcase> <!-- RiskSummaryMediumStatutory -->
  <testcase classname="criticalTestScripts.AuditorInternal" name="RiskSummaryLowStatutory" time="0.000">
    <skipped/>
  </testcase> <!-- RiskSummaryLowStatutory -->
  <testcase classname="criticalTestScripts.AuditorInternal" name="DepartmentSummaryFinanceStatutory" time="0.001">
    <skipped/>
  </testcase> <!-- DepartmentSummaryFinanceStatutory -->
  <testcase classname="criticalTestScripts.AuditorInternal" name="ClosedTimely_PieChartperiod" time="0.000">
    <skipped/>
  </testcase> <!-- ClosedTimely_PieChartperiod -->
  <testcase classname="criticalTestScripts.AuditorInternal" name="ClosedDelayed_PieChartPeriod" time="0.000">
    <skipped/>
  </testcase> <!-- ClosedDelayed_PieChartPeriod -->
  <testcase classname="criticalTestScripts.AuditorInternal" name="NotCompleted_PieChartPe" time="0.000">
    <skipped/>
  </testcase> <!-- NotCompleted_PieChartPe -->
  <testcase classname="criticalTestScripts.AuditorInternal" name="NotApplicable_PieChartPeriod" time="0.000">
    <skipped/>
  </testcase> <!-- NotApplicable_PieChartPeriod -->
  <testcase classname="criticalTestScripts.AuditorInternal" name="DetailedReportIn" time="0.001">
    <skipped/>
  </testcase> <!-- DetailedReportIn -->
  <testcase classname="criticalTestScripts.AuditorInternal" name="AssignmentReport" time="0.000">
    <skipped/>
  </testcase> <!-- AssignmentReport -->
  <testcase classname="criticalTestScripts.AuditorInternal" name="ComplianceDocumentsIN" time="0.000">
    <skipped/>
  </testcase> <!-- ComplianceDocumentsIN -->
</testsuite> <!-- criticalTestScripts.AuditorInternal -->
