<?xml version="1.0" encoding="UTF-8"?>
<!-- Generated by org.testng.reporters.JUnitReportReporter -->
<testsuite hostname="TRPL-PUN-0113" failures="0" tests="1" name="departmentHead.DeptStatutoryExcludingChecklist" time="335.508" errors="0" timestamp="2024-05-24T17:40:44 IST" skipped="0">
  <testcase classname="departmentHead.DeptStatutoryExcludingChecklist" name="DeviationApproverColPSDFPD" time="335.508"/>
</testsuite> <!-- departmentHead.DeptStatutoryExcludingChecklist -->
