<?xml version="1.0" encoding="UTF-8"?>
<!-- Generated by org.testng.reporters.JUnitReportReporter -->
<testsuite skipped="0" hostname="LAPTOP-TBA24BB5" name="pom.TestCases" tests="1" failures="0" timestamp="2022-12-23T16:50:40 IST" time="30.965" errors="0">
  <testcase name="Login1" time="30.965" classname="pom.TestCases"/>
  <system-out/>
</testsuite> <!-- pom.TestCases -->
