<?xml version="1.0" encoding="UTF-8"?>
<!-- Generated by org.testng.reporters.JUnitReportReporter -->
<testsuite skipped="13" hostname="Avantis-pc1" name="litigationCompanyAdmin.CompanyAdmin" tests="13" failures="0" timestamp="2022-07-06T11:08:40 IST" time="0.000" errors="0">
  <testcase name="Login" time="0.000" classname="litigationCompanyAdmin.CompanyAdmin">
    <skipped/>
  </testcase> <!-- Login -->
  <testcase name="NoticeOpen" time="0.000" classname="litigationCompanyAdmin.CompanyAdmin">
    <skipped/>
  </testcase> <!-- NoticeOpen -->
  <testcase name="NoticeClosed" time="0.000" classname="litigationCompanyAdmin.CompanyAdmin">
    <skipped/>
  </testcase> <!-- NoticeClosed -->
  <testcase name="CaseClose" time="0.000" classname="litigationCompanyAdmin.CompanyAdmin">
    <skipped/>
  </testcase> <!-- CaseClose -->
  <testcase name="TaskOpen" time="0.000" classname="litigationCompanyAdmin.CompanyAdmin">
    <skipped/>
  </testcase> <!-- TaskOpen -->
  <testcase name="TaskClosed" time="0.000" classname="litigationCompanyAdmin.CompanyAdmin">
    <skipped/>
  </testcase> <!-- TaskClosed -->
  <testcase name="LinkNotice" time="0.000" classname="litigationCompanyAdmin.CompanyAdmin">
    <skipped/>
  </testcase> <!-- LinkNotice -->
  <testcase name="LinkCase" time="0.000" classname="litigationCompanyAdmin.CompanyAdmin">
    <skipped/>
  </testcase> <!-- LinkCase -->
  <testcase name="CloseNotice" time="0.000" classname="litigationCompanyAdmin.CompanyAdmin">
    <skipped/>
  </testcase> <!-- CloseNotice -->
  <testcase name="CloseCase" time="0.000" classname="litigationCompanyAdmin.CompanyAdmin">
    <skipped/>
  </testcase> <!-- CloseCase -->
  <testcase name="MyReports" time="0.000" classname="litigationCompanyAdmin.CompanyAdmin">
    <skipped/>
  </testcase> <!-- MyReports -->
  <testcase name="MyReminder" time="0.000" classname="litigationCompanyAdmin.CompanyAdmin">
    <skipped/>
  </testcase> <!-- MyReminder -->
  <testcase name="CaseOpen" classname="litigationCompanyAdmin.CompanyAdmin">
    <skipped/>
  </testcase> <!-- CaseOpen -->
</testsuite> <!-- litigationCompanyAdmin.CompanyAdmin -->
