<?xml version="1.0" encoding="UTF-8"?>
<!-- Generated by org.testng.reporters.JUnitReportReporter -->
<testsuite hostname="TRPL-PUN-0113" failures="0" tests="10" name="criticalTestScripts.InternalMgmt" time="2246.884" errors="0" timestamp="2025-04-08T11:29:37 IST" skipped="0">
  <testcase classname="criticalTestScripts.InternalMgmt" name="DetailedreportVsCommercialLowcountIn" time="232.067"/>
  <system-out/>
  <testcase classname="criticalTestScripts.InternalMgmt" name="riskSummaryCriticalNotCompletedIn" time="223.806"/>
  <system-out/>
  <testcase classname="criticalTestScripts.InternalMgmt" name="riskSummaryClosedDelayedIn" time="234.088"/>
  <system-out/>
  <testcase classname="criticalTestScripts.InternalMgmt" name="riskSummaryClosedTimely" time="227.283"/>
  <system-out/>
  <testcase classname="criticalTestScripts.InternalMgmt" name="DepartmentSummaryOverdueIn" time="220.017"/>
  <system-out/>
  <testcase classname="criticalTestScripts.InternalMgmt" name="DepartmentSummaryClosedDelayedIn" time="232.716"/>
  <system-out/>
  <testcase classname="criticalTestScripts.InternalMgmt" name="DepartmentSummaryClosedTIn" time="225.256"/>
  <system-out/>
  <testcase classname="criticalTestScripts.InternalMgmt" name="DepartmentSummaPRIn" time="238.815"/>
  <system-out/>
  <testcase classname="criticalTestScripts.InternalMgmt" name="DepartmentSummaryRejectedIn" time="234.932"/>
  <system-out/>
  <testcase classname="criticalTestScripts.InternalMgmt" name="NCcompletionVsNCOverduePIn" time="177.904"/>
  <system-out/>
</testsuite> <!-- criticalTestScripts.InternalMgmt -->
