<?xml version="1.0" encoding="UTF-8"?>
<!-- Generated by org.testng.reporters.JUnitReportReporter -->
<testsuite hostname="TRPL-PUN-0125" failures="0" tests="5" name="criticalTestScripts.AuditorStatutory" time="2403.508" errors="0" timestamp="2024-12-06T21:14:47 IST" skipped="0">
  <testcase classname="criticalTestScripts.AuditorStatutory" name="inProgress_PieChartPeriod" time="784.452"/>
  <testcase classname="criticalTestScripts.AuditorStatutory" name="rejected_PieChartPeriod" time="798.993"/>
  <testcase classname="criticalTestScripts.AuditorStatutory" name="DetailedReport" time="324.411"/>
  <testcase classname="criticalTestScripts.AuditorStatutory" name="AssignmentReport" time="173.211"/>
  <testcase classname="criticalTestScripts.AuditorStatutory" name="ComplianceDocuments" time="322.441"/>
</testsuite> <!-- criticalTestScripts.AuditorStatutory -->
