<?xml version="1.0" encoding="UTF-8"?>
<!-- Generated by org.testng.reporters.JUnitReportReporter -->
<testsuite hostname="TRPL-PUN-0125" failures="0" tests="32" name="criticalTestScripts.AuditorStatutory" time="2915.048" errors="3" timestamp="2024-09-30T04:15:21 IST" skipped="26">
  <testcase classname="criticalTestScripts.AuditorStatutory" name="Login" time="173.895">
    <error message="no such element: Unable to locate element: {&quot;method&quot;:&quot;xpath&quot;,&quot;selector&quot;:&quot;//input[@placeholder=&#039;Username&#039;]&quot;}
  (Session info: chrome=129.0.6668.70)
For documentation on this error, please visit: http://seleniumhq.org/exceptions/no_such_element.html
Build info: version: &#039;3.141.0&#039;, revision: &#039;2ecb7d9a&#039;, time: &#039;2018-10-31T20:09:30&#039;
System info: host: &#039;TRPL-PUN-0125&#039;, ip: &#039;192.168.5.48&#039;, os.name: &#039;Windows 10&#039;, os.arch: &#039;amd64&#039;, os.version: &#039;10.0&#039;, java.version: &#039;17.0.9&#039;
Driver info: org.openqa.selenium.chrome.ChromeDriver
Capabilities {acceptInsecureCerts: false, browserName: chrome, browserVersion: 129.0.6668.70, chrome: {chromedriverVersion: 129.0.6668.58 (81a06fb873a9..., userDataDir: C:\Users\shitalb\AppData\Lo...}, fedcm:accounts: true, goog:chromeOptions: {debuggerAddress: localhost:53618}, javascriptEnabled: true, networkConnectionEnabled: false, pageLoadStrategy: normal, platform: WINDOWS, platformName: WINDOWS, proxy: Proxy(), setWindowRect: true, strictFileInteractability: false, timeouts: {implicit: 0, pageLoad: 300000, script: 30000}, unhandledPromptBehavior: dismiss and notify, webauthn:extension:credBlob: true, webauthn:extension:largeBlob: true, webauthn:extension:minPinLength: true, webauthn:extension:prf: true, webauthn:virtualAuthenticators: true}
Session ID: fea7410fb1f8fc028a475f3144d2b7f8
*** Element info: {Using=xpath, value=//input[@placeholder=&#039;Username&#039;]}" type="org.openqa.selenium.NoSuchElementException">
      <![CDATA[org.openqa.selenium.NoSuchElementException: no such element: Unable to locate element: {"method":"xpath","selector":"//input[@placeholder='Username']"}
  (Session info: chrome=129.0.6668.70)
For documentation on this error, please visit: http://seleniumhq.org/exceptions/no_such_element.html
Build info: version: '3.141.0', revision: '2ecb7d9a', time: '2018-10-31T20:09:30'
System info: host: 'TRPL-PUN-0125', ip: '192.168.5.48', os.name: 'Windows 10', os.arch: 'amd64', os.version: '10.0', java.version: '17.0.9'
Driver info: org.openqa.selenium.chrome.ChromeDriver
Capabilities {acceptInsecureCerts: false, browserName: chrome, browserVersion: 129.0.6668.70, chrome: {chromedriverVersion: 129.0.6668.58 (81a06fb873a9..., userDataDir: C:\Users\shitalb\AppData\Lo...}, fedcm:accounts: true, goog:chromeOptions: {debuggerAddress: localhost:53618}, javascriptEnabled: true, networkConnectionEnabled: false, pageLoadStrategy: normal, platform: WINDOWS, platformName: WINDOWS, proxy: Proxy(), setWindowRect: true, strictFileInteractability: false, timeouts: {implicit: 0, pageLoad: 300000, script: 30000}, unhandledPromptBehavior: dismiss and notify, webauthn:extension:credBlob: true, webauthn:extension:largeBlob: true, webauthn:extension:minPinLength: true, webauthn:extension:prf: true, webauthn:virtualAuthenticators: true}
Session ID: fea7410fb1f8fc028a475f3144d2b7f8
*** Element info: {Using=xpath, value=//input[@placeholder='Username']}
at java.base/jdk.internal.reflect.NativeConstructorAccessorImpl.newInstance0(Native Method)
at java.base/jdk.internal.reflect.NativeConstructorAccessorImpl.newInstance(NativeConstructorAccessorImpl.java:77)
at java.base/jdk.internal.reflect.DelegatingConstructorAccessorImpl.newInstance(DelegatingConstructorAccessorImpl.java:45)
at java.base/java.lang.reflect.Constructor.newInstanceWithCaller(Constructor.java:499)
at java.base/java.lang.reflect.Constructor.newInstance(Constructor.java:480)
at org.openqa.selenium.remote.http.W3CHttpResponseCodec.createException(W3CHttpResponseCodec.java:187)
at org.openqa.selenium.remote.http.W3CHttpResponseCodec.decode(W3CHttpResponseCodec.java:122)
at org.openqa.selenium.remote.http.W3CHttpResponseCodec.decode(W3CHttpResponseCodec.java:49)
at org.openqa.selenium.remote.HttpCommandExecutor.execute(HttpCommandExecutor.java:158)
at org.openqa.selenium.remote.service.DriverCommandExecutor.execute(DriverCommandExecutor.java:83)
at org.openqa.selenium.remote.RemoteWebDriver.execute(RemoteWebDriver.java:552)
at org.openqa.selenium.remote.RemoteWebDriver.findElement(RemoteWebDriver.java:323)
at org.openqa.selenium.remote.RemoteWebDriver.findElementByXPath(RemoteWebDriver.java:428)
at org.openqa.selenium.By$ByXPath.findElement(By.java:353)
at org.openqa.selenium.remote.RemoteWebDriver.findElement(RemoteWebDriver.java:315)
at login.LoginPOM.setUname(LoginPOM.java:22)
at login.Login.UserLogin(Login.java:96)
at login.BasePage.initialization(BasePage.java:210)
at criticalTestScripts.AuditorStatutory.Login(AuditorStatutory.java:81)
at java.base/jdk.internal.reflect.NativeMethodAccessorImpl.invoke0(Native Method)
at java.base/jdk.internal.reflect.NativeMethodAccessorImpl.invoke(NativeMethodAccessorImpl.java:77)
at java.base/jdk.internal.reflect.DelegatingMethodAccessorImpl.invoke(DelegatingMethodAccessorImpl.java:43)
at java.base/java.lang.reflect.Method.invoke(Method.java:568)
at org.testng.internal.invokers.MethodInvocationHelper.invokeMethod(MethodInvocationHelper.java:139)
at org.testng.internal.invokers.MethodInvocationHelper.invokeMethodConsideringTimeout(MethodInvocationHelper.java:69)
at org.testng.internal.invokers.ConfigInvoker.invokeConfigurationMethod(ConfigInvoker.java:390)
at org.testng.internal.invokers.ConfigInvoker.invokeConfigurations(ConfigInvoker.java:325)
at org.testng.internal.invokers.TestInvoker.runConfigMethods(TestInvoker.java:810)
at org.testng.internal.invokers.TestInvoker.invokeMethod(TestInvoker.java:577)
at org.testng.internal.invokers.TestInvoker.invokeTestMethod(TestInvoker.java:227)
at org.testng.internal.invokers.MethodRunner.runInSequence(MethodRunner.java:50)
at org.testng.internal.invokers.TestInvoker$MethodInvocationAgent.invoke(TestInvoker.java:957)
at org.testng.internal.invokers.TestInvoker.invokeTestMethods(TestInvoker.java:200)
at org.testng.internal.invokers.TestMethodWorker.invokeTestMethods(TestMethodWorker.java:148)
at org.testng.internal.invokers.TestMethodWorker.run(TestMethodWorker.java:128)
at java.base/java.util.ArrayList.forEach(ArrayList.java:1511)
at org.testng.TestRunner.privateRun(TestRunner.java:848)
at org.testng.TestRunner.run(TestRunner.java:621)
at org.testng.SuiteRunner.runTest(SuiteRunner.java:443)
at org.testng.SuiteRunner.runSequentially(SuiteRunner.java:437)
at org.testng.SuiteRunner.privateRun(SuiteRunner.java:397)
at org.testng.SuiteRunner.run(SuiteRunner.java:336)
at org.testng.SuiteRunnerWorker.runSuite(SuiteRunnerWorker.java:52)
at org.testng.SuiteRunnerWorker.run(SuiteRunnerWorker.java:95)
at org.testng.TestNG.runSuitesSequentially(TestNG.java:1280)
at org.testng.TestNG.runSuitesLocally(TestNG.java:1200)
at org.testng.TestNG.runSuites(TestNG.java:1114)
at org.testng.TestNG.run(TestNG.java:1082)
at org.testng.remote.AbstractRemoteTestNG.run(AbstractRemoteTestNG.java:115)
at org.testng.remote.RemoteTestNG.initAndRun(RemoteTestNG.java:251)
at org.testng.remote.RemoteTestNG.main(RemoteTestNG.java:77)
]]>
    </error>
  </testcase> <!-- Login -->
  <testcase classname="criticalTestScripts.AuditorStatutory" name="NotCompleted_PieChart" time="687.190"/>
  <testcase classname="criticalTestScripts.AuditorStatutory" name="ClosedDelayed_PieChart" time="362.423">
    <error message="element click intercepted: Element &lt;g class=&quot;highcharts-label highcharts-data-label highcharts-data-label-color-2 &quot; style=&quot;cursor:pointer;&quot; transform=&quot;translate(28,133)&quot;&gt;...&lt;/g&gt; is not clickable at point (312, 366). Other element would receive the click: &lt;iframe src=&quot;about:blank&quot; frameborder=&quot;0&quot; scrolling=&quot;no&quot; width=&quot;360px&quot; height=&quot;247px&quot; style=&quot;outline:none !important; visibility:visible !important; resize:none !important; box-shadow:none !important; overflow:visible !important; background:none !important; opacity:1 !important; filter:alpha(opacity=100) !important; -ms-filter:progid:DXImageTransform.Microsoft.Alpha(Opacity 1}) !important; -mz-opacity:1 !important; -khtml-opacity:1 !important; top:auto !important; right:auto !important; bottom:100px; left:20px !important; position:fixed !important; border:0 !important; min-height:247px !important; min-width:360px !important; max-height:247px !important; max-width:360px !important; padding:0 !important; margin:0 !important; -moz-transition-property:none !important; -webkit-transition-property:none !important; -o-transition-property:none !important; transition-property:none !important; transform:none !important; -webkit-transform:none !important; -ms-transform:none !important; width:360px !important; height:247px !important; display:block !important; z-index:auto !important; background-color:transparent !important; cursor:none !important; float:none !important; border-radius:unset !important; pointer-events:auto !important; clip:auto !important; color-scheme:light !important;&quot; id=&quot;rnhn5ss0hgfo1727647784852&quot; class=&quot;&quot; title=&quot;chat widget&quot;&gt;&lt;/iframe&gt;
  (Session info: chrome=129.0.6668.70)
Build info: version: &#039;3.141.0&#039;, revision: &#039;2ecb7d9a&#039;, time: &#039;2018-10-31T20:09:30&#039;
System info: host: &#039;TRPL-PUN-0125&#039;, ip: &#039;192.168.5.48&#039;, os.name: &#039;Windows 10&#039;, os.arch: &#039;amd64&#039;, os.version: &#039;10.0&#039;, java.version: &#039;17.0.9&#039;
Driver info: org.openqa.selenium.chrome.ChromeDriver
Capabilities {acceptInsecureCerts: false, browserName: chrome, browserVersion: 129.0.6668.70, chrome: {chromedriverVersion: 129.0.6668.58 (81a06fb873a9..., userDataDir: C:\Users\shitalb\AppData\Lo...}, fedcm:accounts: true, goog:chromeOptions: {debuggerAddress: localhost:64251}, javascriptEnabled: true, networkConnectionEnabled: false, pageLoadStrategy: normal, platform: WINDOWS, platformName: WINDOWS, proxy: Proxy(), setWindowRect: true, strictFileInteractability: false, timeouts: {implicit: 0, pageLoad: 300000, script: 30000}, unhandledPromptBehavior: dismiss and notify, webauthn:extension:credBlob: true, webauthn:extension:largeBlob: true, webauthn:extension:minPinLength: true, webauthn:extension:prf: true, webauthn:virtualAuthenticators: true}
Session ID: e71f7efec053f55dc898c8e2c4a5745d" type="org.openqa.selenium.ElementClickInterceptedException">
      <![CDATA[org.openqa.selenium.ElementClickInterceptedException: element click intercepted: Element <g class="highcharts-label highcharts-data-label highcharts-data-label-color-2 " style="cursor:pointer;" transform="translate(28,133)">...</g> is not clickable at point (312, 366). Other element would receive the click: <iframe src="about:blank" frameborder="0" scrolling="no" width="360px" height="247px" style="outline:none !important; visibility:visible !important; resize:none !important; box-shadow:none !important; overflow:visible !important; background:none !important; opacity:1 !important; filter:alpha(opacity=100) !important; -ms-filter:progid:DXImageTransform.Microsoft.Alpha(Opacity 1}) !important; -mz-opacity:1 !important; -khtml-opacity:1 !important; top:auto !important; right:auto !important; bottom:100px; left:20px !important; position:fixed !important; border:0 !important; min-height:247px !important; min-width:360px !important; max-height:247px !important; max-width:360px !important; padding:0 !important; margin:0 !important; -moz-transition-property:none !important; -webkit-transition-property:none !important; -o-transition-property:none !important; transition-property:none !important; transform:none !important; -webkit-transform:none !important; -ms-transform:none !important; width:360px !important; height:247px !important; display:block !important; z-index:auto !important; background-color:transparent !important; cursor:none !important; float:none !important; border-radius:unset !important; pointer-events:auto !important; clip:auto !important; color-scheme:light !important;" id="rnhn5ss0hgfo1727647784852" class="" title="chat widget"></iframe>
  (Session info: chrome=129.0.6668.70)
Build info: version: '3.141.0', revision: '2ecb7d9a', time: '2018-10-31T20:09:30'
System info: host: 'TRPL-PUN-0125', ip: '192.168.5.48', os.name: 'Windows 10', os.arch: 'amd64', os.version: '10.0', java.version: '17.0.9'
Driver info: org.openqa.selenium.chrome.ChromeDriver
Capabilities {acceptInsecureCerts: false, browserName: chrome, browserVersion: 129.0.6668.70, chrome: {chromedriverVersion: 129.0.6668.58 (81a06fb873a9..., userDataDir: C:\Users\shitalb\AppData\Lo...}, fedcm:accounts: true, goog:chromeOptions: {debuggerAddress: localhost:64251}, javascriptEnabled: true, networkConnectionEnabled: false, pageLoadStrategy: normal, platform: WINDOWS, platformName: WINDOWS, proxy: Proxy(), setWindowRect: true, strictFileInteractability: false, timeouts: {implicit: 0, pageLoad: 300000, script: 30000}, unhandledPromptBehavior: dismiss and notify, webauthn:extension:credBlob: true, webauthn:extension:largeBlob: true, webauthn:extension:minPinLength: true, webauthn:extension:prf: true, webauthn:virtualAuthenticators: true}
Session ID: e71f7efec053f55dc898c8e2c4a5745d
at java.base/jdk.internal.reflect.NativeConstructorAccessorImpl.newInstance0(Native Method)
at java.base/jdk.internal.reflect.NativeConstructorAccessorImpl.newInstance(NativeConstructorAccessorImpl.java:77)
at java.base/jdk.internal.reflect.DelegatingConstructorAccessorImpl.newInstance(DelegatingConstructorAccessorImpl.java:45)
at java.base/java.lang.reflect.Constructor.newInstanceWithCaller(Constructor.java:499)
at java.base/java.lang.reflect.Constructor.newInstance(Constructor.java:480)
at org.openqa.selenium.remote.http.W3CHttpResponseCodec.createException(W3CHttpResponseCodec.java:187)
at org.openqa.selenium.remote.http.W3CHttpResponseCodec.decode(W3CHttpResponseCodec.java:122)
at org.openqa.selenium.remote.http.W3CHttpResponseCodec.decode(W3CHttpResponseCodec.java:49)
at org.openqa.selenium.remote.HttpCommandExecutor.execute(HttpCommandExecutor.java:158)
at org.openqa.selenium.remote.service.DriverCommandExecutor.execute(DriverCommandExecutor.java:83)
at org.openqa.selenium.remote.RemoteWebDriver.execute(RemoteWebDriver.java:552)
at org.openqa.selenium.remote.RemoteWebElement.execute(RemoteWebElement.java:285)
at org.openqa.selenium.remote.RemoteWebElement.click(RemoteWebElement.java:84)
at auditor.AuditorcountPOM.GraphCount2(AuditorcountPOM.java:471)
at criticalTestScripts.AuditorStatutory.ClosedDelayed_PieChart(AuditorStatutory.java:266)
at java.base/jdk.internal.reflect.NativeMethodAccessorImpl.invoke0(Native Method)
at java.base/jdk.internal.reflect.NativeMethodAccessorImpl.invoke(NativeMethodAccessorImpl.java:77)
at java.base/jdk.internal.reflect.DelegatingMethodAccessorImpl.invoke(DelegatingMethodAccessorImpl.java:43)
at java.base/java.lang.reflect.Method.invoke(Method.java:568)
at org.testng.internal.invokers.MethodInvocationHelper.invokeMethod(MethodInvocationHelper.java:139)
at org.testng.internal.invokers.TestInvoker.invokeMethod(TestInvoker.java:664)
at org.testng.internal.invokers.TestInvoker.invokeTestMethod(TestInvoker.java:227)
at org.testng.internal.invokers.MethodRunner.runInSequence(MethodRunner.java:50)
at org.testng.internal.invokers.TestInvoker$MethodInvocationAgent.invoke(TestInvoker.java:957)
at org.testng.internal.invokers.TestInvoker.invokeTestMethods(TestInvoker.java:200)
at org.testng.internal.invokers.TestMethodWorker.invokeTestMethods(TestMethodWorker.java:148)
at org.testng.internal.invokers.TestMethodWorker.run(TestMethodWorker.java:128)
at java.base/java.util.ArrayList.forEach(ArrayList.java:1511)
at org.testng.TestRunner.privateRun(TestRunner.java:848)
at org.testng.TestRunner.run(TestRunner.java:621)
at org.testng.SuiteRunner.runTest(SuiteRunner.java:443)
at org.testng.SuiteRunner.runSequentially(SuiteRunner.java:437)
at org.testng.SuiteRunner.privateRun(SuiteRunner.java:397)
at org.testng.SuiteRunner.run(SuiteRunner.java:336)
at org.testng.SuiteRunnerWorker.runSuite(SuiteRunnerWorker.java:52)
at org.testng.SuiteRunnerWorker.run(SuiteRunnerWorker.java:95)
at org.testng.TestNG.runSuitesSequentially(TestNG.java:1280)
at org.testng.TestNG.runSuitesLocally(TestNG.java:1200)
at org.testng.TestNG.runSuites(TestNG.java:1114)
at org.testng.TestNG.run(TestNG.java:1082)
at org.testng.remote.AbstractRemoteTestNG.run(AbstractRemoteTestNG.java:115)
at org.testng.remote.RemoteTestNG.initAndRun(RemoteTestNG.java:251)
at org.testng.remote.RemoteTestNG.main(RemoteTestNG.java:77)
]]>
    </error>
  </testcase> <!-- ClosedDelayed_PieChart -->
  <testcase classname="criticalTestScripts.AuditorStatutory" name="ClosedTimely_PieChart" time="614.165"/>
  <testcase classname="criticalTestScripts.AuditorStatutory" name="NotApplicable_PieChart" time="632.731"/>
  <testcase classname="criticalTestScripts.AuditorStatutory" name="Overdue_PieChart" time="444.641">
    <error message="no such element: Unable to locate element: {&quot;method&quot;:&quot;xpath&quot;,&quot;selector&quot;:&quot;//*[@class=&#039;k-pager-info k-label&#039;]&quot;}
  (Session info: chrome=129.0.6668.70)
For documentation on this error, please visit: http://seleniumhq.org/exceptions/no_such_element.html
Build info: version: &#039;3.141.0&#039;, revision: &#039;2ecb7d9a&#039;, time: &#039;2018-10-31T20:09:30&#039;
System info: host: &#039;TRPL-PUN-0125&#039;, ip: &#039;192.168.5.48&#039;, os.name: &#039;Windows 10&#039;, os.arch: &#039;amd64&#039;, os.version: &#039;10.0&#039;, java.version: &#039;17.0.9&#039;
Driver info: org.openqa.selenium.chrome.ChromeDriver
Capabilities {acceptInsecureCerts: false, browserName: chrome, browserVersion: 129.0.6668.70, chrome: {chromedriverVersion: 129.0.6668.58 (81a06fb873a9..., userDataDir: C:\Users\shitalb\AppData\Lo...}, fedcm:accounts: true, goog:chromeOptions: {debuggerAddress: localhost:65234}, javascriptEnabled: true, networkConnectionEnabled: false, pageLoadStrategy: normal, platform: WINDOWS, platformName: WINDOWS, proxy: Proxy(), setWindowRect: true, strictFileInteractability: false, timeouts: {implicit: 0, pageLoad: 300000, script: 30000}, unhandledPromptBehavior: dismiss and notify, webauthn:extension:credBlob: true, webauthn:extension:largeBlob: true, webauthn:extension:minPinLength: true, webauthn:extension:prf: true, webauthn:virtualAuthenticators: true}
Session ID: a6970ab1e676c58194d15873d155ffaf
*** Element info: {Using=xpath, value=//*[@class=&#039;k-pager-info k-label&#039;]}" type="org.openqa.selenium.NoSuchElementException">
      <![CDATA[org.openqa.selenium.NoSuchElementException: no such element: Unable to locate element: {"method":"xpath","selector":"//*[@class='k-pager-info k-label']"}
  (Session info: chrome=129.0.6668.70)
For documentation on this error, please visit: http://seleniumhq.org/exceptions/no_such_element.html
Build info: version: '3.141.0', revision: '2ecb7d9a', time: '2018-10-31T20:09:30'
System info: host: 'TRPL-PUN-0125', ip: '192.168.5.48', os.name: 'Windows 10', os.arch: 'amd64', os.version: '10.0', java.version: '17.0.9'
Driver info: org.openqa.selenium.chrome.ChromeDriver
Capabilities {acceptInsecureCerts: false, browserName: chrome, browserVersion: 129.0.6668.70, chrome: {chromedriverVersion: 129.0.6668.58 (81a06fb873a9..., userDataDir: C:\Users\shitalb\AppData\Lo...}, fedcm:accounts: true, goog:chromeOptions: {debuggerAddress: localhost:65234}, javascriptEnabled: true, networkConnectionEnabled: false, pageLoadStrategy: normal, platform: WINDOWS, platformName: WINDOWS, proxy: Proxy(), setWindowRect: true, strictFileInteractability: false, timeouts: {implicit: 0, pageLoad: 300000, script: 30000}, unhandledPromptBehavior: dismiss and notify, webauthn:extension:credBlob: true, webauthn:extension:largeBlob: true, webauthn:extension:minPinLength: true, webauthn:extension:prf: true, webauthn:virtualAuthenticators: true}
Session ID: a6970ab1e676c58194d15873d155ffaf
*** Element info: {Using=xpath, value=//*[@class='k-pager-info k-label']}
at java.base/jdk.internal.reflect.NativeConstructorAccessorImpl.newInstance0(Native Method)
at java.base/jdk.internal.reflect.NativeConstructorAccessorImpl.newInstance(NativeConstructorAccessorImpl.java:77)
at java.base/jdk.internal.reflect.DelegatingConstructorAccessorImpl.newInstance(DelegatingConstructorAccessorImpl.java:45)
at java.base/java.lang.reflect.Constructor.newInstanceWithCaller(Constructor.java:499)
at java.base/java.lang.reflect.Constructor.newInstance(Constructor.java:480)
at org.openqa.selenium.remote.http.W3CHttpResponseCodec.createException(W3CHttpResponseCodec.java:187)
at org.openqa.selenium.remote.http.W3CHttpResponseCodec.decode(W3CHttpResponseCodec.java:122)
at org.openqa.selenium.remote.http.W3CHttpResponseCodec.decode(W3CHttpResponseCodec.java:49)
at org.openqa.selenium.remote.HttpCommandExecutor.execute(HttpCommandExecutor.java:158)
at org.openqa.selenium.remote.service.DriverCommandExecutor.execute(DriverCommandExecutor.java:83)
at org.openqa.selenium.remote.RemoteWebDriver.execute(RemoteWebDriver.java:552)
at org.openqa.selenium.remote.RemoteWebDriver.findElement(RemoteWebDriver.java:323)
at org.openqa.selenium.remote.RemoteWebDriver.findElementByXPath(RemoteWebDriver.java:428)
at org.openqa.selenium.By$ByXPath.findElement(By.java:353)
at org.openqa.selenium.remote.RemoteWebDriver.findElement(RemoteWebDriver.java:315)
at cfo.CFOcountPOM.readTotalItemsD(CFOcountPOM.java:865)
at auditor.AuditorcountPOM.GraphCount(AuditorcountPOM.java:121)
at criticalTestScripts.AuditorStatutory.Overdue_PieChart(AuditorStatutory.java:542)
at java.base/jdk.internal.reflect.NativeMethodAccessorImpl.invoke0(Native Method)
at java.base/jdk.internal.reflect.NativeMethodAccessorImpl.invoke(NativeMethodAccessorImpl.java:77)
at java.base/jdk.internal.reflect.DelegatingMethodAccessorImpl.invoke(DelegatingMethodAccessorImpl.java:43)
at java.base/java.lang.reflect.Method.invoke(Method.java:568)
at org.testng.internal.invokers.MethodInvocationHelper.invokeMethod(MethodInvocationHelper.java:139)
at org.testng.internal.invokers.TestInvoker.invokeMethod(TestInvoker.java:664)
at org.testng.internal.invokers.TestInvoker.invokeTestMethod(TestInvoker.java:227)
at org.testng.internal.invokers.MethodRunner.runInSequence(MethodRunner.java:50)
at org.testng.internal.invokers.TestInvoker$MethodInvocationAgent.invoke(TestInvoker.java:957)
at org.testng.internal.invokers.TestInvoker.invokeTestMethods(TestInvoker.java:200)
at org.testng.internal.invokers.TestMethodWorker.invokeTestMethods(TestMethodWorker.java:148)
at org.testng.internal.invokers.TestMethodWorker.run(TestMethodWorker.java:128)
at java.base/java.util.ArrayList.forEach(ArrayList.java:1511)
at org.testng.TestRunner.privateRun(TestRunner.java:848)
at org.testng.TestRunner.run(TestRunner.java:621)
at org.testng.SuiteRunner.runTest(SuiteRunner.java:443)
at org.testng.SuiteRunner.runSequentially(SuiteRunner.java:437)
at org.testng.SuiteRunner.privateRun(SuiteRunner.java:397)
at org.testng.SuiteRunner.run(SuiteRunner.java:336)
at org.testng.SuiteRunnerWorker.runSuite(SuiteRunnerWorker.java:52)
at org.testng.SuiteRunnerWorker.run(SuiteRunnerWorker.java:95)
at org.testng.TestNG.runSuitesSequentially(TestNG.java:1280)
at org.testng.TestNG.runSuitesLocally(TestNG.java:1200)
at org.testng.TestNG.runSuites(TestNG.java:1114)
at org.testng.TestNG.run(TestNG.java:1082)
at org.testng.remote.AbstractRemoteTestNG.run(AbstractRemoteTestNG.java:115)
at org.testng.remote.RemoteTestNG.initAndRun(RemoteTestNG.java:251)
at org.testng.remote.RemoteTestNG.main(RemoteTestNG.java:77)
]]>
    </error>
  </testcase> <!-- Overdue_PieChart -->
  <testcase classname="criticalTestScripts.AuditorStatutory" name="dueToday_PieChart" time="0.000">
    <skipped/>
  </testcase> <!-- dueToday_PieChart -->
  <testcase classname="criticalTestScripts.AuditorStatutory" name="pendingForReview_PieChart" time="0.000">
    <skipped/>
  </testcase> <!-- pendingForReview_PieChart -->
  <testcase classname="criticalTestScripts.AuditorStatutory" name="inProgress_PieChart" time="0.001">
    <skipped/>
  </testcase> <!-- inProgress_PieChart -->
  <testcase classname="criticalTestScripts.AuditorStatutory" name="rejected_PieChart" time="0.000">
    <skipped/>
  </testcase> <!-- rejected_PieChart -->
  <testcase classname="criticalTestScripts.AuditorStatutory" name="BargraphIndustrySpeCriticalStatutory" time="0.000">
    <skipped/>
  </testcase> <!-- BargraphIndustrySpeCriticalStatutory -->
  <testcase classname="criticalTestScripts.AuditorStatutory" name="BargraphIndustrySpeHighStatutory" time="0.001">
    <skipped/>
  </testcase> <!-- BargraphIndustrySpeHighStatutory -->
  <testcase classname="criticalTestScripts.AuditorStatutory" name="BargraphIndustrySpeMediumStatutory" time="0.000">
    <skipped/>
  </testcase> <!-- BargraphIndustrySpeMediumStatutory -->
  <testcase classname="criticalTestScripts.AuditorStatutory" name="BargraphIndustrySpeLowStatutory" time="0.000">
    <skipped/>
  </testcase> <!-- BargraphIndustrySpeLowStatutory -->
  <testcase classname="criticalTestScripts.AuditorStatutory" name="RiskSummaryCriticalStatutory" time="0.000">
    <skipped/>
  </testcase> <!-- RiskSummaryCriticalStatutory -->
  <testcase classname="criticalTestScripts.AuditorStatutory" name="RiskSummaryHighStatutory" time="0.000">
    <skipped/>
  </testcase> <!-- RiskSummaryHighStatutory -->
  <testcase classname="criticalTestScripts.AuditorStatutory" name="RiskSummaryMediumStatutory" time="0.001">
    <skipped/>
  </testcase> <!-- RiskSummaryMediumStatutory -->
  <testcase classname="criticalTestScripts.AuditorStatutory" name="RiskSummaryLowStatutory" time="0.000">
    <skipped/>
  </testcase> <!-- RiskSummaryLowStatutory -->
  <testcase classname="criticalTestScripts.AuditorStatutory" name="DepartmentSummaryFinanceStatutory" time="0.000">
    <skipped/>
  </testcase> <!-- DepartmentSummaryFinanceStatutory -->
  <testcase classname="criticalTestScripts.AuditorStatutory" name="NotCompleted_PieChartPe" time="0.000">
    <skipped/>
  </testcase> <!-- NotCompleted_PieChartPe -->
  <testcase classname="criticalTestScripts.AuditorStatutory" name="ClosedDelayed_PieChartPe" time="0.000">
    <skipped/>
  </testcase> <!-- ClosedDelayed_PieChartPe -->
  <testcase classname="criticalTestScripts.AuditorStatutory" name="ClosedTimely_PieChartPe" time="0.000">
    <skipped/>
  </testcase> <!-- ClosedTimely_PieChartPe -->
  <testcase classname="criticalTestScripts.AuditorStatutory" name="NotApplicable_PieChartPeriod" time="0.000">
    <skipped/>
  </testcase> <!-- NotApplicable_PieChartPeriod -->
  <testcase classname="criticalTestScripts.AuditorStatutory" name="Overdue_PieChartperiod" time="0.000">
    <skipped/>
  </testcase> <!-- Overdue_PieChartperiod -->
  <testcase classname="criticalTestScripts.AuditorStatutory" name="dueToday_PieChartPeriod" time="0.000">
    <skipped/>
  </testcase> <!-- dueToday_PieChartPeriod -->
  <testcase classname="criticalTestScripts.AuditorStatutory" name="pendingForReview_PieChartPeriod" time="0.000">
    <skipped/>
  </testcase> <!-- pendingForReview_PieChartPeriod -->
  <testcase classname="criticalTestScripts.AuditorStatutory" name="inProgress_PieChartPeriod" time="0.000">
    <skipped/>
  </testcase> <!-- inProgress_PieChartPeriod -->
  <testcase classname="criticalTestScripts.AuditorStatutory" name="Upcoming_PieChartPeriod" time="0.000">
    <skipped/>
  </testcase> <!-- Upcoming_PieChartPeriod -->
  <testcase classname="criticalTestScripts.AuditorStatutory" name="rejected_PieChartPeriod" time="0.000">
    <skipped/>
  </testcase> <!-- rejected_PieChartPeriod -->
  <testcase classname="criticalTestScripts.AuditorStatutory" name="DetailedReport" time="0.000">
    <skipped/>
  </testcase> <!-- DetailedReport -->
  <testcase classname="criticalTestScripts.AuditorStatutory" name="AssignmentReport" time="0.000">
    <skipped/>
  </testcase> <!-- AssignmentReport -->
  <testcase classname="criticalTestScripts.AuditorStatutory" name="ComplianceDocuments" time="0.000">
    <skipped/>
  </testcase> <!-- ComplianceDocuments -->
</testsuite> <!-- criticalTestScripts.AuditorStatutory -->
