<?xml version="1.0" encoding="UTF-8"?>
<!-- Generated by org.testng.reporters.JUnitReportReporter -->
<testsuite hostname="TRPL-PUN-0113" failures="0" tests="1" name="cfo.MgmtAvantis" time="243.850" errors="0" timestamp="2024-02-20T12:37:23 IST" skipped="0">
  <testcase classname="cfo.MgmtAvantis" name="CompletedPFR_PieChartMpIn" time="243.850"/>
</testsuite> <!-- cfo.MgmtAvantis -->
