<?xml version="1.0" encoding="UTF-8"?>
<!-- Generated by org.testng.reporters.JUnitReportReporter -->
<testsuite skipped="0" hostname="LAPTOP-TBA24BB5" name="login.DatePicker" tests="1" failures="0" timestamp="2022-12-07T09:55:04 IST" time="20.142" errors="0">
  <testcase name="Date" time="20.142" classname="login.DatePicker"/>
  <system-out/>
</testsuite> <!-- login.DatePicker -->
