<?xml version="1.0" encoding="UTF-8"?>
<!-- Generated by org.testng.reporters.JUnitReportReporter -->
<testsuite hostname="TRPL-PUN-0115" failures="0" tests="32" name="criticalTestScripts.AuditorStatutory" time="978.573" errors="2" timestamp="2024-08-28T16:22:15 IST" skipped="29">
  <testcase classname="criticalTestScripts.AuditorStatutory" name="RiskSummaryLowStatutory" time="582.930"/>
  <system-out/>
  <testcase classname="criticalTestScripts.AuditorStatutory" name="RiskSummaryMediumStatutory" time="90.064">
    <skipped/>
  </testcase> <!-- RiskSummaryMediumStatutory -->
  <system-out/>
  <testcase classname="criticalTestScripts.AuditorStatutory" name="RiskSummaryHighStatutory" time="224.920">
    <error message="element not interactable
  (Session info: chrome=127.0.6533.122)
Build info: version: &#039;3.141.0&#039;, revision: &#039;2ecb7d9a&#039;, time: &#039;2018-10-31T20:09:30&#039;
System info: host: &#039;TRPL-PUN-0115&#039;, ip: &#039;172.22.224.1&#039;, os.name: &#039;Windows 10&#039;, os.arch: &#039;amd64&#039;, os.version: &#039;10.0&#039;, java.version: &#039;20&#039;
Driver info: org.openqa.selenium.chrome.ChromeDriver
Capabilities {acceptInsecureCerts: false, browserName: chrome, browserVersion: 127.0.6533.122, chrome: {chromedriverVersion: 127.0.6533.72 (9755e24ca85a..., userDataDir: C:\Users\snehalp\AppData\Lo...}, fedcm:accounts: true, goog:chromeOptions: {debuggerAddress: localhost:54794}, javascriptEnabled: true, networkConnectionEnabled: false, pageLoadStrategy: normal, platform: WINDOWS, platformName: WINDOWS, proxy: Proxy(), setWindowRect: true, strictFileInteractability: false, timeouts: {implicit: 0, pageLoad: 300000, script: 30000}, unhandledPromptBehavior: dismiss and notify, webauthn:extension:credBlob: true, webauthn:extension:largeBlob: true, webauthn:extension:minPinLength: true, webauthn:extension:prf: true, webauthn:virtualAuthenticators: true}
Session ID: 5cb3acbdf3c0e34686aa13f2f50dd85c" type="org.openqa.selenium.ElementNotInteractableException">
      <![CDATA[org.openqa.selenium.ElementNotInteractableException: element not interactable
  (Session info: chrome=127.0.6533.122)
Build info: version: '3.141.0', revision: '2ecb7d9a', time: '2018-10-31T20:09:30'
System info: host: 'TRPL-PUN-0115', ip: '172.22.224.1', os.name: 'Windows 10', os.arch: 'amd64', os.version: '10.0', java.version: '20'
Driver info: org.openqa.selenium.chrome.ChromeDriver
Capabilities {acceptInsecureCerts: false, browserName: chrome, browserVersion: 127.0.6533.122, chrome: {chromedriverVersion: 127.0.6533.72 (9755e24ca85a..., userDataDir: C:\Users\snehalp\AppData\Lo...}, fedcm:accounts: true, goog:chromeOptions: {debuggerAddress: localhost:54794}, javascriptEnabled: true, networkConnectionEnabled: false, pageLoadStrategy: normal, platform: WINDOWS, platformName: WINDOWS, proxy: Proxy(), setWindowRect: true, strictFileInteractability: false, timeouts: {implicit: 0, pageLoad: 300000, script: 30000}, unhandledPromptBehavior: dismiss and notify, webauthn:extension:credBlob: true, webauthn:extension:largeBlob: true, webauthn:extension:minPinLength: true, webauthn:extension:prf: true, webauthn:virtualAuthenticators: true}
Session ID: 5cb3acbdf3c0e34686aa13f2f50dd85c
at java.base/jdk.internal.reflect.DirectConstructorHandleAccessor.newInstance(DirectConstructorHandleAccessor.java:67)
at java.base/java.lang.reflect.Constructor.newInstanceWithCaller(Constructor.java:500)
at java.base/java.lang.reflect.Constructor.newInstance(Constructor.java:484)
at org.openqa.selenium.remote.http.W3CHttpResponseCodec.createException(W3CHttpResponseCodec.java:187)
at org.openqa.selenium.remote.http.W3CHttpResponseCodec.decode(W3CHttpResponseCodec.java:122)
at org.openqa.selenium.remote.http.W3CHttpResponseCodec.decode(W3CHttpResponseCodec.java:49)
at org.openqa.selenium.remote.HttpCommandExecutor.execute(HttpCommandExecutor.java:158)
at org.openqa.selenium.remote.service.DriverCommandExecutor.execute(DriverCommandExecutor.java:83)
at org.openqa.selenium.remote.RemoteWebDriver.execute(RemoteWebDriver.java:552)
at org.openqa.selenium.remote.RemoteWebElement.execute(RemoteWebElement.java:285)
at org.openqa.selenium.remote.RemoteWebElement.click(RemoteWebElement.java:84)
at auditor.AuditorcountPOM.RiskGraphCount2(AuditorcountPOM.java:733)
at criticalTestScripts.AuditorStatutory.RiskSummaryHighStatutory(AuditorStatutory.java:1490)
at java.base/jdk.internal.reflect.DirectMethodHandleAccessor.invoke(DirectMethodHandleAccessor.java:104)
at java.base/java.lang.reflect.Method.invoke(Method.java:578)
at org.testng.internal.MethodInvocationHelper.invokeMethod(MethodInvocationHelper.java:133)
at org.testng.internal.TestInvoker.invokeMethod(TestInvoker.java:598)
at org.testng.internal.TestInvoker.invokeTestMethod(TestInvoker.java:173)
at org.testng.internal.MethodRunner.runInSequence(MethodRunner.java:46)
at org.testng.internal.TestInvoker$MethodInvocationAgent.invoke(TestInvoker.java:824)
at org.testng.internal.TestInvoker.invokeTestMethods(TestInvoker.java:146)
at org.testng.internal.TestMethodWorker.invokeTestMethods(TestMethodWorker.java:146)
at org.testng.internal.TestMethodWorker.run(TestMethodWorker.java:128)
at java.base/java.util.ArrayList.forEach(ArrayList.java:1511)
at org.testng.TestRunner.privateRun(TestRunner.java:794)
at org.testng.TestRunner.run(TestRunner.java:596)
at org.testng.SuiteRunner.runTest(SuiteRunner.java:377)
at org.testng.SuiteRunner.runSequentially(SuiteRunner.java:371)
at org.testng.SuiteRunner.privateRun(SuiteRunner.java:332)
at org.testng.SuiteRunner.run(SuiteRunner.java:276)
at org.testng.SuiteRunnerWorker.runSuite(SuiteRunnerWorker.java:53)
at org.testng.SuiteRunnerWorker.run(SuiteRunnerWorker.java:96)
at org.testng.TestNG.runSuitesSequentially(TestNG.java:1212)
at org.testng.TestNG.runSuitesLocally(TestNG.java:1134)
at org.testng.TestNG.runSuites(TestNG.java:1063)
at org.testng.TestNG.run(TestNG.java:1031)
at org.testng.remote.AbstractRemoteTestNG.run(AbstractRemoteTestNG.java:115)
at org.testng.remote.RemoteTestNG.initAndRun(RemoteTestNG.java:251)
at org.testng.remote.RemoteTestNG.main(RemoteTestNG.java:77)
]]>
    </error>
  </testcase> <!-- RiskSummaryHighStatutory -->
  <system-out/>
  <testcase classname="criticalTestScripts.AuditorStatutory" name="Login" time="80.659">
    <error message="element click intercepted: Element &lt;label style=&quot;font-weight: bold;color: blue; cursor: pointer;&quot;&gt;...&lt;/label&gt; is not clickable at point (1293, 134). Other element would receive the click: &lt;div class=&quot;modal fade in&quot; id=&quot;divNotification&quot; tabindex=&quot;-1&quot; role=&quot;dialog&quot; aria-labelledby=&quot;myModalLabel1&quot; aria-hidden=&quot;true&quot; style=&quot;display: block; padding-right: 0px;&quot;&gt;...&lt;/div&gt;
  (Session info: chrome=127.0.6533.122)
Build info: version: &#039;3.141.0&#039;, revision: &#039;2ecb7d9a&#039;, time: &#039;2018-10-31T20:09:30&#039;
System info: host: &#039;TRPL-PUN-0115&#039;, ip: &#039;172.22.224.1&#039;, os.name: &#039;Windows 10&#039;, os.arch: &#039;amd64&#039;, os.version: &#039;10.0&#039;, java.version: &#039;20&#039;
Driver info: org.openqa.selenium.chrome.ChromeDriver
Capabilities {acceptInsecureCerts: false, browserName: chrome, browserVersion: 127.0.6533.122, chrome: {chromedriverVersion: 127.0.6533.72 (9755e24ca85a..., userDataDir: C:\Users\snehalp\AppData\Lo...}, fedcm:accounts: true, goog:chromeOptions: {debuggerAddress: localhost:55177}, javascriptEnabled: true, networkConnectionEnabled: false, pageLoadStrategy: normal, platform: WINDOWS, platformName: WINDOWS, proxy: Proxy(), setWindowRect: true, strictFileInteractability: false, timeouts: {implicit: 0, pageLoad: 300000, script: 30000}, unhandledPromptBehavior: dismiss and notify, webauthn:extension:credBlob: true, webauthn:extension:largeBlob: true, webauthn:extension:minPinLength: true, webauthn:extension:prf: true, webauthn:virtualAuthenticators: true}
Session ID: 1747faa17fc40a23685b56aa0fdd646d" type="org.openqa.selenium.ElementClickInterceptedException">
      <![CDATA[org.openqa.selenium.ElementClickInterceptedException: element click intercepted: Element <label style="font-weight: bold;color: blue; cursor: pointer;">...</label> is not clickable at point (1293, 134). Other element would receive the click: <div class="modal fade in" id="divNotification" tabindex="-1" role="dialog" aria-labelledby="myModalLabel1" aria-hidden="true" style="display: block; padding-right: 0px;">...</div>
  (Session info: chrome=127.0.6533.122)
Build info: version: '3.141.0', revision: '2ecb7d9a', time: '2018-10-31T20:09:30'
System info: host: 'TRPL-PUN-0115', ip: '172.22.224.1', os.name: 'Windows 10', os.arch: 'amd64', os.version: '10.0', java.version: '20'
Driver info: org.openqa.selenium.chrome.ChromeDriver
Capabilities {acceptInsecureCerts: false, browserName: chrome, browserVersion: 127.0.6533.122, chrome: {chromedriverVersion: 127.0.6533.72 (9755e24ca85a..., userDataDir: C:\Users\snehalp\AppData\Lo...}, fedcm:accounts: true, goog:chromeOptions: {debuggerAddress: localhost:55177}, javascriptEnabled: true, networkConnectionEnabled: false, pageLoadStrategy: normal, platform: WINDOWS, platformName: WINDOWS, proxy: Proxy(), setWindowRect: true, strictFileInteractability: false, timeouts: {implicit: 0, pageLoad: 300000, script: 30000}, unhandledPromptBehavior: dismiss and notify, webauthn:extension:credBlob: true, webauthn:extension:largeBlob: true, webauthn:extension:minPinLength: true, webauthn:extension:prf: true, webauthn:virtualAuthenticators: true}
Session ID: 1747faa17fc40a23685b56aa0fdd646d
at java.base/jdk.internal.reflect.DirectConstructorHandleAccessor.newInstance(DirectConstructorHandleAccessor.java:67)
at java.base/java.lang.reflect.Constructor.newInstanceWithCaller(Constructor.java:500)
at java.base/java.lang.reflect.Constructor.newInstance(Constructor.java:484)
at org.openqa.selenium.remote.http.W3CHttpResponseCodec.createException(W3CHttpResponseCodec.java:187)
at org.openqa.selenium.remote.http.W3CHttpResponseCodec.decode(W3CHttpResponseCodec.java:122)
at org.openqa.selenium.remote.http.W3CHttpResponseCodec.decode(W3CHttpResponseCodec.java:49)
at org.openqa.selenium.remote.HttpCommandExecutor.execute(HttpCommandExecutor.java:158)
at org.openqa.selenium.remote.service.DriverCommandExecutor.execute(DriverCommandExecutor.java:83)
at org.openqa.selenium.remote.RemoteWebDriver.execute(RemoteWebDriver.java:552)
at org.openqa.selenium.remote.RemoteWebElement.execute(RemoteWebElement.java:285)
at org.openqa.selenium.remote.RemoteWebElement.click(RemoteWebElement.java:84)
at login.BasePage.initialization(BasePage.java:230)
at criticalTestScripts.AuditorStatutory.Login(AuditorStatutory.java:80)
at java.base/jdk.internal.reflect.DirectMethodHandleAccessor.invoke(DirectMethodHandleAccessor.java:104)
at java.base/java.lang.reflect.Method.invoke(Method.java:578)
at org.testng.internal.MethodInvocationHelper.invokeMethod(MethodInvocationHelper.java:133)
at org.testng.internal.MethodInvocationHelper.invokeMethodConsideringTimeout(MethodInvocationHelper.java:62)
at org.testng.internal.ConfigInvoker.invokeConfigurationMethod(ConfigInvoker.java:385)
at org.testng.internal.ConfigInvoker.invokeConfigurations(ConfigInvoker.java:321)
at org.testng.internal.TestInvoker.runConfigMethods(TestInvoker.java:700)
at org.testng.internal.TestInvoker.invokeMethod(TestInvoker.java:527)
at org.testng.internal.TestInvoker.invokeTestMethod(TestInvoker.java:173)
at org.testng.internal.MethodRunner.runInSequence(MethodRunner.java:46)
at org.testng.internal.TestInvoker$MethodInvocationAgent.invoke(TestInvoker.java:824)
at org.testng.internal.TestInvoker.invokeTestMethods(TestInvoker.java:146)
at org.testng.internal.TestMethodWorker.invokeTestMethods(TestMethodWorker.java:146)
at org.testng.internal.TestMethodWorker.run(TestMethodWorker.java:128)
at java.base/java.util.ArrayList.forEach(ArrayList.java:1511)
at org.testng.TestRunner.privateRun(TestRunner.java:794)
at org.testng.TestRunner.run(TestRunner.java:596)
at org.testng.SuiteRunner.runTest(SuiteRunner.java:377)
at org.testng.SuiteRunner.runSequentially(SuiteRunner.java:371)
at org.testng.SuiteRunner.privateRun(SuiteRunner.java:332)
at org.testng.SuiteRunner.run(SuiteRunner.java:276)
at org.testng.SuiteRunnerWorker.runSuite(SuiteRunnerWorker.java:53)
at org.testng.SuiteRunnerWorker.run(SuiteRunnerWorker.java:96)
at org.testng.TestNG.runSuitesSequentially(TestNG.java:1212)
at org.testng.TestNG.runSuitesLocally(TestNG.java:1134)
at org.testng.TestNG.runSuites(TestNG.java:1063)
at org.testng.TestNG.run(TestNG.java:1031)
at org.testng.remote.AbstractRemoteTestNG.run(AbstractRemoteTestNG.java:115)
at org.testng.remote.RemoteTestNG.initAndRun(RemoteTestNG.java:251)
at org.testng.remote.RemoteTestNG.main(RemoteTestNG.java:77)
]]>
    </error>
  </testcase> <!-- Login -->
  <system-out/>
  <testcase classname="criticalTestScripts.AuditorStatutory" name="NotCompleted_PieChart" time="0.000">
    <skipped/>
  </testcase> <!-- NotCompleted_PieChart -->
  <system-out/>
  <testcase classname="criticalTestScripts.AuditorStatutory" name="ClosedDelayed_PieChart" time="0.000">
    <skipped/>
  </testcase> <!-- ClosedDelayed_PieChart -->
  <system-out/>
  <testcase classname="criticalTestScripts.AuditorStatutory" name="ClosedTimely_PieChart" time="0.000">
    <skipped/>
  </testcase> <!-- ClosedTimely_PieChart -->
  <system-out/>
  <testcase classname="criticalTestScripts.AuditorStatutory" name="NotApplicable_PieChart" time="0.000">
    <skipped/>
  </testcase> <!-- NotApplicable_PieChart -->
  <system-out/>
  <testcase classname="criticalTestScripts.AuditorStatutory" name="Overdue_PieChart" time="0.000">
    <skipped/>
  </testcase> <!-- Overdue_PieChart -->
  <system-out/>
  <testcase classname="criticalTestScripts.AuditorStatutory" name="dueToday_PieChart" time="0.000">
    <skipped/>
  </testcase> <!-- dueToday_PieChart -->
  <system-out/>
  <testcase classname="criticalTestScripts.AuditorStatutory" name="pendingForReview_PieChart" time="0.000">
    <skipped/>
  </testcase> <!-- pendingForReview_PieChart -->
  <system-out/>
  <testcase classname="criticalTestScripts.AuditorStatutory" name="inProgress_PieChart" time="0.000">
    <skipped/>
  </testcase> <!-- inProgress_PieChart -->
  <system-out/>
  <testcase classname="criticalTestScripts.AuditorStatutory" name="rejected_PieChart" time="0.000">
    <skipped/>
  </testcase> <!-- rejected_PieChart -->
  <system-out/>
  <testcase classname="criticalTestScripts.AuditorStatutory" name="BargraphIndustrySpeCriticalStatutory" time="0.000">
    <skipped/>
  </testcase> <!-- BargraphIndustrySpeCriticalStatutory -->
  <system-out/>
  <testcase classname="criticalTestScripts.AuditorStatutory" name="BargraphIndustrySpeHighStatutory" time="0.000">
    <skipped/>
  </testcase> <!-- BargraphIndustrySpeHighStatutory -->
  <system-out/>
  <testcase classname="criticalTestScripts.AuditorStatutory" name="BargraphIndustrySpeMediumStatutory" time="0.000">
    <skipped/>
  </testcase> <!-- BargraphIndustrySpeMediumStatutory -->
  <system-out/>
  <testcase classname="criticalTestScripts.AuditorStatutory" name="BargraphIndustrySpeLowStatutory" time="0.000">
    <skipped/>
  </testcase> <!-- BargraphIndustrySpeLowStatutory -->
  <system-out/>
  <testcase classname="criticalTestScripts.AuditorStatutory" name="DepartmentSummaryFinanceStatutory" time="0.000">
    <skipped/>
  </testcase> <!-- DepartmentSummaryFinanceStatutory -->
  <system-out/>
  <testcase classname="criticalTestScripts.AuditorStatutory" name="RiskSummaryCriticalStatutory" time="0.000">
    <skipped/>
  </testcase> <!-- RiskSummaryCriticalStatutory -->
  <system-out/>
  <testcase classname="criticalTestScripts.AuditorStatutory" name="NotCompleted_PieChartPe" time="0.000">
    <skipped/>
  </testcase> <!-- NotCompleted_PieChartPe -->
  <system-out/>
  <testcase classname="criticalTestScripts.AuditorStatutory" name="ClosedDelayed_PieChartPe" time="0.000">
    <skipped/>
  </testcase> <!-- ClosedDelayed_PieChartPe -->
  <system-out/>
  <testcase classname="criticalTestScripts.AuditorStatutory" name="ClosedTimely_PieChartPe" time="0.000">
    <skipped/>
  </testcase> <!-- ClosedTimely_PieChartPe -->
  <system-out/>
  <testcase classname="criticalTestScripts.AuditorStatutory" name="NotApplicable_PieChartPeriod" time="0.000">
    <skipped/>
  </testcase> <!-- NotApplicable_PieChartPeriod -->
  <system-out/>
  <testcase classname="criticalTestScripts.AuditorStatutory" name="Overdue_PieChartperiod" time="0.000">
    <skipped/>
  </testcase> <!-- Overdue_PieChartperiod -->
  <system-out/>
  <testcase classname="criticalTestScripts.AuditorStatutory" name="dueToday_PieChartPeriod" time="0.000">
    <skipped/>
  </testcase> <!-- dueToday_PieChartPeriod -->
  <system-out/>
  <testcase classname="criticalTestScripts.AuditorStatutory" name="pendingForReview_PieChartPeriod" time="0.000">
    <skipped/>
  </testcase> <!-- pendingForReview_PieChartPeriod -->
  <system-out/>
  <testcase classname="criticalTestScripts.AuditorStatutory" name="inProgress_PieChartPeriod" time="0.000">
    <skipped/>
  </testcase> <!-- inProgress_PieChartPeriod -->
  <system-out/>
  <testcase classname="criticalTestScripts.AuditorStatutory" name="Upcoming_PieChartPeriod" time="0.000">
    <skipped/>
  </testcase> <!-- Upcoming_PieChartPeriod -->
  <system-out/>
  <testcase classname="criticalTestScripts.AuditorStatutory" name="rejected_PieChartPeriod" time="0.000">
    <skipped/>
  </testcase> <!-- rejected_PieChartPeriod -->
  <system-out/>
  <testcase classname="criticalTestScripts.AuditorStatutory" name="DetailedReport" time="0.000">
    <skipped/>
  </testcase> <!-- DetailedReport -->
  <system-out/>
  <testcase classname="criticalTestScripts.AuditorStatutory" name="AssignmentReport" time="0.000">
    <skipped/>
  </testcase> <!-- AssignmentReport -->
  <system-out/>
  <testcase classname="criticalTestScripts.AuditorStatutory" name="ComplianceDocuments" time="0.000">
    <skipped/>
  </testcase> <!-- ComplianceDocuments -->
  <system-out/>
</testsuite> <!-- criticalTestScripts.AuditorStatutory -->
