<?xml version="1.0" encoding="UTF-8"?>
<!-- Generated by org.testng.reporters.JUnitReportReporter -->
<testsuite skipped="0" hostname="LAPTOP-TBA24BB5" name="litigationPerformer.DatePicker" tests="1" failures="0" timestamp="2022-12-09T11:55:15 IST" time="22.600" errors="0">
  <testcase name="Date" time="22.600" classname="litigationPerformer.DatePicker"/>
  <system-out/>
</testsuite> <!-- litigationPerformer.DatePicker -->
