<?xml version="1.0" encoding="UTF-8"?>
<!-- Generated by org.testng.reporters.JUnitReportReporter -->
<testsuite hostname="DESKTOP-J8VA1KP" failures="0" tests="2" name="complianceCertificateOfficer.CertificateOfficerDiyTest" time="45.841" errors="0" timestamp="2023-03-28T12:56:39 IST" skipped="0">
  <testcase classname="complianceCertificateOfficer.CertificateOfficerDiyTest" name="Login" time="16.452"/>
  <system-out/>
  <testcase classname="complianceCertificateOfficer.CertificateOfficerDiyTest" name="ReOpen" time="29.389"/>
  <system-out/>
</testsuite> <!-- complianceCertificateOfficer.CertificateOfficerDiyTest -->
