<?xml version="1.0" encoding="UTF-8"?>
<!-- Generated by org.testng.reporters.JUnitReportReporter -->
<testsuite hostname="TRPL-PUN-0113" failures="0" tests="2" name="approval.Demo" time="26.196" errors="0" timestamp="2023-12-20T18:21:39 IST" skipped="0">
  <testcase classname="approval.Demo" name="Entities" time="13.108"/>
  <testcase classname="approval.Demo" name="LocationCount" time="13.088"/>
</testsuite> <!-- approval.Demo -->
