<?xml version="1.0" encoding="UTF-8"?>
<!-- Generated by org.testng.reporters.JUnitReportReporter -->
<testsuite hostname="TRPL-PUN-0115" failures="0" tests="1" name="companyadmin.CompanyCount" time="180.209" errors="0" timestamp="2024-07-25T14:39:24 IST" skipped="0">
  <testcase classname="companyadmin.CompanyCount" name="AssignComplianceInternal" time="180.209"/>
  <system-out/>
</testsuite> <!-- companyadmin.CompanyCount -->
