<?xml version="1.0" encoding="UTF-8"?>
<!-- Generated by org.testng.reporters.JUnitReportReporter -->
<testsuite hostname="ashitosh-Acer" failures="0" tests="3" name="com.avantis.ComplianceCount" time="72.942" errors="0" timestamp="2020-02-04T15:18:32 IST" skipped="1">
  <testcase classname="com.avantis.ComplianceCount" name="Login" time="20.046"/>
  <testcase classname="com.avantis.ComplianceCount" name="InternalOverdue" time="52.896"/>
  <testcase classname="com.avantis.ComplianceCount" name="StatutoryOverdue">
    <skipped/>
  </testcase> <!-- StatutoryOverdue -->
</testsuite> <!-- com.avantis.ComplianceCount -->
