<?xml version="1.0" encoding="UTF-8"?>
<!-- Generated by org.testng.reporters.JUnitReportReporter -->
<testsuite hostname="TRPL-PUN-0113" failures="0" tests="1" name="implementation.ImplementCount" time="51.771" errors="0" timestamp="2024-05-06T19:01:16 IST" skipped="0">
  <testcase classname="implementation.ImplementCount" name="DeReOpeningofComplianceDis" time="51.771"/>
</testsuite> <!-- implementation.ImplementCount -->
