<?xml version="1.0" encoding="UTF-8"?>
<!-- Generated by org.testng.reporters.JUnitReportReporter -->
<testsuite hostname="TRPL-PUN-0125" failures="0" tests="1" name="companyadmin.CompanyCount" time="121.569" errors="0" timestamp="2024-09-24T19:38:34 IST" skipped="0">
  <testcase classname="companyadmin.CompanyCount" name="ActivateChecklist" time="121.569"/>
</testsuite> <!-- companyadmin.CompanyCount -->
