<?xml version="1.0" encoding="UTF-8"?>
<!-- Generated by org.testng.reporters.JUnitReportReporter -->
<testsuite hostname="TRPL-PUN-0115" failures="0" tests="37" name="criticalTestScripts.InternalMgmt" time="16597.365" errors="1" timestamp="2024-08-06T02:56:11 IST" skipped="0">
  <testcase classname="criticalTestScripts.InternalMgmt" name="Entities" time="133.055"/>
  <system-out/>
  <testcase classname="criticalTestScripts.InternalMgmt" name="LocationCount" time="95.505"/>
  <system-out/>
  <testcase classname="criticalTestScripts.InternalMgmt" name="clickCategoriesInternal" time="152.239"/>
  <system-out/>
  <testcase classname="criticalTestScripts.InternalMgmt" name="ClickCompliancesInternal" time="135.502"/>
  <system-out/>
  <testcase classname="criticalTestScripts.InternalMgmt" name="clickUsersInternal" time="138.381"/>
  <system-out/>
  <testcase classname="criticalTestScripts.InternalMgmt" name="SummaryofOverdueCompliances" time="131.690"/>
  <system-out/>
  <testcase classname="criticalTestScripts.InternalMgmt" name="ClosedTimely_PieChart" time="491.150"/>
  <system-out/>
  <testcase classname="criticalTestScripts.InternalMgmt" name="ClosedDelayed_PieChart" time="494.371"/>
  <system-out/>
  <testcase classname="criticalTestScripts.InternalMgmt" name="NotCompleted_PieChart" time="525.787"/>
  <system-out/>
  <testcase classname="criticalTestScripts.InternalMgmt" name="NotApplicable_PieChartIN" time="828.624"/>
  <system-out/>
  <testcase classname="criticalTestScripts.InternalMgmt" name="Overdue_PieChartInternal" time="651.691"/>
  <system-out/>
  <testcase classname="criticalTestScripts.InternalMgmt" name="dueToday_PieChartInternal" time="118.733"/>
  <system-out/>
  <testcase classname="criticalTestScripts.InternalMgmt" name="PFR_PieChartInternal" time="499.673"/>
  <system-out/>
  <testcase classname="criticalTestScripts.InternalMgmt" name="inProgress_PieChartInternal" time="500.262"/>
  <system-out/>
  <testcase classname="criticalTestScripts.InternalMgmt" name="Rejected_PieChartInternal" time="504.269"/>
  <system-out/>
  <testcase classname="criticalTestScripts.InternalMgmt" name="BargraphBSECriticalStatutory" time="486.300"/>
  <system-out/>
  <testcase classname="criticalTestScripts.InternalMgmt" name="BargraphBSEHighStatutory" time="487.763"/>
  <system-out/>
  <testcase classname="criticalTestScripts.InternalMgmt" name="BargraphBSEMediumStatutory" time="492.057"/>
  <system-out/>
  <testcase classname="criticalTestScripts.InternalMgmt" name="BargraphBSELowStatutory" time="502.102"/>
  <system-out/>
  <testcase classname="criticalTestScripts.InternalMgmt" name="RiskSummaryCriticalInternal" time="453.383"/>
  <system-out/>
  <testcase classname="criticalTestScripts.InternalMgmt" name="RiskSummaryHighInternal" time="455.101"/>
  <system-out/>
  <testcase classname="criticalTestScripts.InternalMgmt" name="RiskSummaryMediumStatutory" time="462.246"/>
  <system-out/>
  <testcase classname="criticalTestScripts.InternalMgmt" name="RiskSummaryLowStatutory" time="476.254"/>
  <system-out/>
  <testcase classname="criticalTestScripts.InternalMgmt" name="DepartmentSummaryInternal" time="780.992"/>
  <system-out/>
  <testcase classname="criticalTestScripts.InternalMgmt" name="ClosedTimely_PieChartPeriod" time="794.217"/>
  <system-out/>
  <testcase classname="criticalTestScripts.InternalMgmt" name="ClosedDelayed_PieChartPeriod" time="701.894"/>
  <system-out/>
  <testcase classname="criticalTestScripts.InternalMgmt" name="NotCompleted_PieChartPeriod" time="725.594"/>
  <system-out/>
  <testcase classname="criticalTestScripts.InternalMgmt" name="NotApplicable_PieChartPeriod" time="759.458"/>
  <system-out/>
  <testcase classname="criticalTestScripts.InternalMgmt" name="Overdue_PieChartInternalPeriod" time="579.964"/>
  <system-out/>
  <testcase classname="criticalTestScripts.InternalMgmt" name="dueToday_PieChartPeriod" time="200.433"/>
  <system-out/>
  <testcase classname="criticalTestScripts.InternalMgmt" name="PFR_PieChartInternalPeriod" time="673.938"/>
  <system-out/>
  <testcase classname="criticalTestScripts.InternalMgmt" name="InProgress_PieChartInternalPeriod" time="676.011"/>
  <system-out/>
  <testcase classname="criticalTestScripts.InternalMgmt" name="Upcoming_PieChartPeriod" time="330.965">
    <error message="no such element: Unable to locate element: {&quot;method&quot;:&quot;xpath&quot;,&quot;selector&quot;:&quot;//*[@class=&#039;k-pager-info k-label&#039;]&quot;}
  (Session info: chrome=127.0.6533.89)
For documentation on this error, please visit: http://seleniumhq.org/exceptions/no_such_element.html
Build info: version: &#039;3.141.0&#039;, revision: &#039;2ecb7d9a&#039;, time: &#039;2018-10-31T20:09:30&#039;
System info: host: &#039;TRPL-PUN-0115&#039;, ip: &#039;172.18.112.1&#039;, os.name: &#039;Windows 10&#039;, os.arch: &#039;amd64&#039;, os.version: &#039;10.0&#039;, java.version: &#039;20&#039;
Driver info: org.openqa.selenium.chrome.ChromeDriver
Capabilities {acceptInsecureCerts: false, browserName: chrome, browserVersion: 127.0.6533.89, chrome: {chromedriverVersion: 127.0.6533.72 (9755e24ca85a..., userDataDir: C:\Users\snehalp\AppData\Lo...}, fedcm:accounts: true, goog:chromeOptions: {debuggerAddress: localhost:56464}, javascriptEnabled: true, networkConnectionEnabled: false, pageLoadStrategy: normal, platform: WINDOWS, platformName: WINDOWS, proxy: Proxy(), setWindowRect: true, strictFileInteractability: false, timeouts: {implicit: 0, pageLoad: 300000, script: 30000}, unhandledPromptBehavior: dismiss and notify, webauthn:extension:credBlob: true, webauthn:extension:largeBlob: true, webauthn:extension:minPinLength: true, webauthn:extension:prf: true, webauthn:virtualAuthenticators: true}
Session ID: 6b5859c7bbca31ef9601bb61bf9ebb84
*** Element info: {Using=xpath, value=//*[@class=&#039;k-pager-info k-label&#039;]}" type="org.openqa.selenium.NoSuchElementException">
      <![CDATA[org.openqa.selenium.NoSuchElementException: no such element: Unable to locate element: {"method":"xpath","selector":"//*[@class='k-pager-info k-label']"}
  (Session info: chrome=127.0.6533.89)
For documentation on this error, please visit: http://seleniumhq.org/exceptions/no_such_element.html
Build info: version: '3.141.0', revision: '2ecb7d9a', time: '2018-10-31T20:09:30'
System info: host: 'TRPL-PUN-0115', ip: '172.18.112.1', os.name: 'Windows 10', os.arch: 'amd64', os.version: '10.0', java.version: '20'
Driver info: org.openqa.selenium.chrome.ChromeDriver
Capabilities {acceptInsecureCerts: false, browserName: chrome, browserVersion: 127.0.6533.89, chrome: {chromedriverVersion: 127.0.6533.72 (9755e24ca85a..., userDataDir: C:\Users\snehalp\AppData\Lo...}, fedcm:accounts: true, goog:chromeOptions: {debuggerAddress: localhost:56464}, javascriptEnabled: true, networkConnectionEnabled: false, pageLoadStrategy: normal, platform: WINDOWS, platformName: WINDOWS, proxy: Proxy(), setWindowRect: true, strictFileInteractability: false, timeouts: {implicit: 0, pageLoad: 300000, script: 30000}, unhandledPromptBehavior: dismiss and notify, webauthn:extension:credBlob: true, webauthn:extension:largeBlob: true, webauthn:extension:minPinLength: true, webauthn:extension:prf: true, webauthn:virtualAuthenticators: true}
Session ID: 6b5859c7bbca31ef9601bb61bf9ebb84
*** Element info: {Using=xpath, value=//*[@class='k-pager-info k-label']}
at java.base/jdk.internal.reflect.DirectConstructorHandleAccessor.newInstance(DirectConstructorHandleAccessor.java:67)
at java.base/java.lang.reflect.Constructor.newInstanceWithCaller(Constructor.java:500)
at java.base/java.lang.reflect.Constructor.newInstance(Constructor.java:484)
at org.openqa.selenium.remote.http.W3CHttpResponseCodec.createException(W3CHttpResponseCodec.java:187)
at org.openqa.selenium.remote.http.W3CHttpResponseCodec.decode(W3CHttpResponseCodec.java:122)
at org.openqa.selenium.remote.http.W3CHttpResponseCodec.decode(W3CHttpResponseCodec.java:49)
at org.openqa.selenium.remote.HttpCommandExecutor.execute(HttpCommandExecutor.java:158)
at org.openqa.selenium.remote.service.DriverCommandExecutor.execute(DriverCommandExecutor.java:83)
at org.openqa.selenium.remote.RemoteWebDriver.execute(RemoteWebDriver.java:552)
at org.openqa.selenium.remote.RemoteWebDriver.findElement(RemoteWebDriver.java:323)
at org.openqa.selenium.remote.RemoteWebDriver.findElementByXPath(RemoteWebDriver.java:428)
at org.openqa.selenium.By$ByXPath.findElement(By.java:353)
at org.openqa.selenium.remote.RemoteWebDriver.findElement(RemoteWebDriver.java:315)
at cfo.CFOcountPOM.readTotalItemsD(CFOcountPOM.java:850)
at cfo.CFOcountPOM.GraphCountInPeUpIn(CFOcountPOM.java:4524)
at criticalTestScripts.InternalMgmt.Upcoming_PieChartPeriod(InternalMgmt.java:3011)
at java.base/jdk.internal.reflect.DirectMethodHandleAccessor.invoke(DirectMethodHandleAccessor.java:104)
at java.base/java.lang.reflect.Method.invoke(Method.java:578)
at org.testng.internal.MethodInvocationHelper.invokeMethod(MethodInvocationHelper.java:133)
at org.testng.internal.TestInvoker.invokeMethod(TestInvoker.java:598)
at org.testng.internal.TestInvoker.invokeTestMethod(TestInvoker.java:173)
at org.testng.internal.MethodRunner.runInSequence(MethodRunner.java:46)
at org.testng.internal.TestInvoker$MethodInvocationAgent.invoke(TestInvoker.java:824)
at org.testng.internal.TestInvoker.invokeTestMethods(TestInvoker.java:146)
at org.testng.internal.TestMethodWorker.invokeTestMethods(TestMethodWorker.java:146)
at org.testng.internal.TestMethodWorker.run(TestMethodWorker.java:128)
at java.base/java.util.ArrayList.forEach(ArrayList.java:1511)
at org.testng.TestRunner.privateRun(TestRunner.java:794)
at org.testng.TestRunner.run(TestRunner.java:596)
at org.testng.SuiteRunner.runTest(SuiteRunner.java:377)
at org.testng.SuiteRunner.runSequentially(SuiteRunner.java:371)
at org.testng.SuiteRunner.privateRun(SuiteRunner.java:332)
at org.testng.SuiteRunner.run(SuiteRunner.java:276)
at org.testng.SuiteRunnerWorker.runSuite(SuiteRunnerWorker.java:53)
at org.testng.SuiteRunnerWorker.run(SuiteRunnerWorker.java:96)
at org.testng.TestNG.runSuitesSequentially(TestNG.java:1212)
at org.testng.TestNG.runSuitesLocally(TestNG.java:1134)
at org.testng.TestNG.runSuites(TestNG.java:1063)
at org.testng.TestNG.run(TestNG.java:1031)
at org.testng.remote.AbstractRemoteTestNG.run(AbstractRemoteTestNG.java:115)
at org.testng.remote.RemoteTestNG.initAndRun(RemoteTestNG.java:251)
at org.testng.remote.RemoteTestNG.main(RemoteTestNG.java:77)
]]>
    </error>
  </testcase> <!-- Upcoming_PieChartPeriod -->
  <system-out/>
  <testcase classname="criticalTestScripts.InternalMgmt" name="Rejected_PieChartInternalPeriod" time="663.306"/>
  <system-out/>
  <testcase classname="criticalTestScripts.InternalMgmt" name="DetailedReportIn" time="152.206"/>
  <system-out/>
  <testcase classname="criticalTestScripts.InternalMgmt" name="AssignmentReport" time="108.988"/>
  <system-out/>
  <testcase classname="criticalTestScripts.InternalMgmt" name="ComplianceDocumentsIN" time="233.261"/>
  <system-out/>
</testsuite> <!-- criticalTestScripts.InternalMgmt -->
