<?xml version="1.0" encoding="UTF-8"?>
<!-- Generated by org.testng.reporters.JUnitReportReporter -->
<testsuite hostname="ashitosh-Acer" failures="0" tests="24" name="cfo.CFOcount" time="635.216" errors="0" timestamp="2020-02-13T20:19:14 IST" skipped="16">
  <testcase classname="cfo.CFOcount" name="Login" time="15.762"/>
  <testcase classname="cfo.CFOcount" name="RiskSummaryHigh" time="72.218"/>
  <testcase classname="cfo.CFOcount" name="RiskSummaryMedium" time="81.349"/>
  <testcase classname="cfo.CFOcount" name="RiskSummaryLow" time="82.612"/>
  <testcase classname="cfo.CFOcount" name="DepartmentSummaryHigh" time="107.964"/>
  <testcase classname="cfo.CFOcount" name="DepartmentSummaryMedium" time="108.815"/>
  <testcase classname="cfo.CFOcount" name="DepartmentSummaryLow" time="113.536"/>
  <testcase classname="cfo.CFOcount" name="PenaltySummaryHigh" time="52.960"/>
  <testcase classname="cfo.CFOcount" name="clickPenalty">
    <skipped/>
  </testcase> <!-- clickPenalty -->
  <testcase classname="cfo.CFOcount" name="NotCompleted_Medium">
    <skipped/>
  </testcase> <!-- NotCompleted_Medium -->
  <testcase classname="cfo.CFOcount" name="clickCategories">
    <skipped/>
  </testcase> <!-- clickCategories -->
  <testcase classname="cfo.CFOcount" name="BargraphLabourHigh">
    <skipped/>
  </testcase> <!-- BargraphLabourHigh -->
  <testcase classname="cfo.CFOcount" name="InTime_Low">
    <skipped/>
  </testcase> <!-- InTime_Low -->
  <testcase classname="cfo.CFOcount" name="ClickCompliances">
    <skipped/>
  </testcase> <!-- ClickCompliances -->
  <testcase classname="cfo.CFOcount" name="BargraphLabourLow">
    <skipped/>
  </testcase> <!-- BargraphLabourLow -->
  <testcase classname="cfo.CFOcount" name="clickUsers">
    <skipped/>
  </testcase> <!-- clickUsers -->
  <testcase classname="cfo.CFOcount" name="AfterDueDate_High">
    <skipped/>
  </testcase> <!-- AfterDueDate_High -->
  <testcase classname="cfo.CFOcount" name="InTime_Medium">
    <skipped/>
  </testcase> <!-- InTime_Medium -->
  <testcase classname="cfo.CFOcount" name="NotCompleted_Low">
    <skipped/>
  </testcase> <!-- NotCompleted_Low -->
  <testcase classname="cfo.CFOcount" name="NotCompleted_High">
    <skipped/>
  </testcase> <!-- NotCompleted_High -->
  <testcase classname="cfo.CFOcount" name="InTime_High">
    <skipped/>
  </testcase> <!-- InTime_High -->
  <testcase classname="cfo.CFOcount" name="BargraphLabourMedium">
    <skipped/>
  </testcase> <!-- BargraphLabourMedium -->
  <testcase classname="cfo.CFOcount" name="AfterDueDate_Low">
    <skipped/>
  </testcase> <!-- AfterDueDate_Low -->
  <testcase classname="cfo.CFOcount" name="AfterDueDate_Medium">
    <skipped/>
  </testcase> <!-- AfterDueDate_Medium -->
</testsuite> <!-- cfo.CFOcount -->
