<?xml version="1.0" encoding="UTF-8"?>
<!-- Generated by org.testng.reporters.JUnitReportReporter -->
<testsuite hostname="TRPL-PUN-0125" failures="0" tests="1" name="criticalTestScripts.DeptStatutory" time="745.066" errors="0" timestamp="2024-09-30T12:00:10 IST" skipped="0">
  <testcase classname="criticalTestScripts.DeptStatutory" name="NotCompleted_PieChart" time="745.066"/>
</testsuite> <!-- criticalTestScripts.DeptStatutory -->
