<?xml version="1.0" encoding="UTF-8"?>
<!-- Generated by org.testng.reporters.JUnitReportReporter -->
<testsuite hostname="DESKTOP-7MK4EF7" failures="0" tests="6" name="cfo.MgmtSonyInternalTest" time="277.702" errors="0" timestamp="2023-10-10T20:03:26 IST" skipped="0">
  <testcase classname="cfo.MgmtSonyInternalTest" name="ColourCT" time="48.435"/>
  <system-out/>
  <testcase classname="cfo.MgmtSonyInternalTest" name="ColourCD" time="45.567"/>
  <system-out/>
  <testcase classname="cfo.MgmtSonyInternalTest" name="ColourCTR" time="46.612"/>
  <system-out/>
  <testcase classname="cfo.MgmtSonyInternalTest" name="ColourCDR" time="45.529"/>
  <system-out/>
  <testcase classname="cfo.MgmtSonyInternalTest" name="ColourCTD" time="47.553"/>
  <system-out/>
  <testcase classname="cfo.MgmtSonyInternalTest" name="ColourCDD" time="44.006"/>
  <system-out/>
</testsuite> <!-- cfo.MgmtSonyInternalTest -->
