<?xml version="1.0" encoding="UTF-8"?>
<!-- Generated by org.testng.reporters.JUnitReportReporter -->
<testsuite hostname="ashitosh-Acer" failures="0" tests="15" name="cfo.CFOcountInternalAllYear" time="402.944" errors="0" timestamp="2020-06-05T23:53:04 IST" skipped="0">
  <testcase classname="cfo.CFOcountInternalAllYear" name="Login" time="31.287"/>
  <system-out/>
  <testcase classname="cfo.CFOcountInternalAllYear" name="clickCategoriesInternal" time="6.331"/>
  <system-out/>
  <testcase classname="cfo.CFOcountInternalAllYear" name="ClickCompliancesInternal" time="7.050"/>
  <system-out/>
  <testcase classname="cfo.CFOcountInternalAllYear" name="clickUsersInternal" time="7.936"/>
  <system-out/>
  <testcase classname="cfo.CFOcountInternalAllYear" name="PieChartNotCompleted_Internal" time="19.714"/>
  <system-out/>
  <testcase classname="cfo.CFOcountInternalAllYear" name="PieChartAfterDueDate_Internal" time="37.563"/>
  <system-out/>
  <testcase classname="cfo.CFOcountInternalAllYear" name="PieChartInTime_Internal" time="45.972"/>
  <system-out/>
  <testcase classname="cfo.CFOcountInternalAllYear" name="BargraphLabourHighInternal" time="21.395"/>
  <system-out/>
  <testcase classname="cfo.CFOcountInternalAllYear" name="BargraphLabourMediumInternal" time="1.776"/>
  <system-out/>
  <testcase classname="cfo.CFOcountInternalAllYear" name="BargraphLabourLowInternal" time="10.582"/>
  <system-out/>
  <testcase classname="cfo.CFOcountInternalAllYear" name="RiskSummaryHighInternal" time="37.507"/>
  <system-out/>
  <testcase classname="cfo.CFOcountInternalAllYear" name="RiskSummaryMediumInternal" time="10.952"/>
  <system-out/>
  <testcase classname="cfo.CFOcountInternalAllYear" name="RiskSummaryLowInternal" time="6.446"/>
  <system-out/>
  <testcase classname="cfo.CFOcountInternalAllYear" name="DetailedReport" time="118.382"/>
  <system-out/>
  <testcase classname="cfo.CFOcountInternalAllYear" name="AssignmentReport" time="40.051"/>
  <system-out/>
</testsuite> <!-- cfo.CFOcountInternalAllYear -->
