<?xml version="1.0" encoding="UTF-8"?>
<!-- Generated by org.testng.reporters.JUnitReportReporter -->
<testsuite hostname="TRPL-PUN-0115" failures="0" tests="111" name="implementation.ImplementCount" time="5.889" errors="1" timestamp="2024-07-25T12:25:10 IST" skipped="110">
  <testcase classname="implementation.ImplementCount" name="EventAssignmentExportImport" time="0.000">
    <skipped/>
  </testcase> <!-- EventAssignmentExportImport -->
  <system-out/>
  <testcase classname="implementation.ImplementCount" name="Login" time="5.889">
    <error type="java.lang.NullPointerException">
      <![CDATA[java.lang.NullPointerException
at java.base/java.util.Objects.requireNonNull(Objects.java:233)
at org.openqa.selenium.support.ui.FluentWait.<init>(FluentWait.java:106)
at org.openqa.selenium.support.ui.WebDriverWait.<init>(WebDriverWait.java:85)
at org.openqa.selenium.support.ui.WebDriverWait.<init>(WebDriverWait.java:45)
at login.Login.UserLogin(Login.java:94)
at login.BasePage.initialization(BasePage.java:208)
at implementation.ImplementCount.Login(ImplementCount.java:80)
at java.base/jdk.internal.reflect.DirectMethodHandleAccessor.invoke(DirectMethodHandleAccessor.java:104)
at java.base/java.lang.reflect.Method.invoke(Method.java:578)
at org.testng.internal.MethodInvocationHelper.invokeMethod(MethodInvocationHelper.java:133)
at org.testng.internal.MethodInvocationHelper.invokeMethodConsideringTimeout(MethodInvocationHelper.java:62)
at org.testng.internal.ConfigInvoker.invokeConfigurationMethod(ConfigInvoker.java:385)
at org.testng.internal.ConfigInvoker.invokeConfigurations(ConfigInvoker.java:321)
at org.testng.internal.TestInvoker.runConfigMethods(TestInvoker.java:700)
at org.testng.internal.TestInvoker.invokeMethod(TestInvoker.java:527)
at org.testng.internal.TestInvoker.invokeTestMethod(TestInvoker.java:173)
at org.testng.internal.MethodRunner.runInSequence(MethodRunner.java:46)
at org.testng.internal.TestInvoker$MethodInvocationAgent.invoke(TestInvoker.java:824)
at org.testng.internal.TestInvoker.invokeTestMethods(TestInvoker.java:146)
at org.testng.internal.TestMethodWorker.invokeTestMethods(TestMethodWorker.java:146)
at org.testng.internal.TestMethodWorker.run(TestMethodWorker.java:128)
at java.base/java.util.ArrayList.forEach(ArrayList.java:1511)
at org.testng.TestRunner.privateRun(TestRunner.java:794)
at org.testng.TestRunner.run(TestRunner.java:596)
at org.testng.SuiteRunner.runTest(SuiteRunner.java:377)
at org.testng.SuiteRunner.runSequentially(SuiteRunner.java:371)
at org.testng.SuiteRunner.privateRun(SuiteRunner.java:332)
at org.testng.SuiteRunner.run(SuiteRunner.java:276)
at org.testng.SuiteRunnerWorker.runSuite(SuiteRunnerWorker.java:53)
at org.testng.SuiteRunnerWorker.run(SuiteRunnerWorker.java:96)
at org.testng.TestNG.runSuitesSequentially(TestNG.java:1212)
at org.testng.TestNG.runSuitesLocally(TestNG.java:1134)
at org.testng.TestNG.runSuites(TestNG.java:1063)
at org.testng.TestNG.run(TestNG.java:1031)
at org.testng.remote.AbstractRemoteTestNG.run(AbstractRemoteTestNG.java:115)
at org.testng.remote.RemoteTestNG.initAndRun(RemoteTestNG.java:251)
at org.testng.remote.RemoteTestNG.main(RemoteTestNG.java:77)
]]>
    </error>
  </testcase> <!-- Login -->
  <system-out/>
  <testcase classname="implementation.ImplementCount" name="CustomersCreate" time="0.000">
    <skipped/>
  </testcase> <!-- CustomersCreate -->
  <system-out/>
  <testcase classname="implementation.ImplementCount" name="CustomersAssignment" time="0.000">
    <skipped/>
  </testcase> <!-- CustomersAssignment -->
  <system-out/>
  <testcase classname="implementation.ImplementCount" name="SubEntity" time="0.000">
    <skipped/>
  </testcase> <!-- SubEntity -->
  <system-out/>
  <testcase classname="implementation.ImplementCount" name="Department" time="0.000">
    <skipped/>
  </testcase> <!-- Department -->
  <system-out/>
  <testcase classname="implementation.ImplementCount" name="Users" time="0.000">
    <skipped/>
  </testcase> <!-- Users -->
  <system-out/>
  <testcase classname="implementation.ImplementCount" name="ProductMapping" time="0.000">
    <skipped/>
  </testcase> <!-- ProductMapping -->
  <system-out/>
  <testcase classname="implementation.ImplementCount" name="ModifyAssignmentsR" time="0.000">
    <skipped/>
  </testcase> <!-- ModifyAssignmentsR -->
  <system-out/>
  <testcase classname="implementation.ImplementCount" name="ModifyAssignmentsExclude" time="0.000">
    <skipped/>
  </testcase> <!-- ModifyAssignmentsExclude -->
  <system-out/>
  <testcase classname="implementation.ImplementCount" name="ModifyAssignmentsTask" time="0.000">
    <skipped/>
  </testcase> <!-- ModifyAssignmentsTask -->
  <system-out/>
  <testcase classname="implementation.ImplementCount" name="UsageReport" time="0.000">
    <skipped/>
  </testcase> <!-- UsageReport -->
  <system-out/>
  <testcase classname="implementation.ImplementCount" name="StatutoryAssignmentReport" time="0.000">
    <skipped/>
  </testcase> <!-- StatutoryAssignmentReport -->
  <system-out/>
  <testcase classname="implementation.ImplementCount" name="CheckListAssignmentReport" time="0.000">
    <skipped/>
  </testcase> <!-- CheckListAssignmentReport -->
  <system-out/>
  <testcase classname="implementation.ImplementCount" name="EventBasedAssignmentReport" time="0.000">
    <skipped/>
  </testcase> <!-- EventBasedAssignmentReport -->
  <system-out/>
  <testcase classname="implementation.ImplementCount" name="InternalAssignmentReport" time="0.000">
    <skipped/>
  </testcase> <!-- InternalAssignmentReport -->
  <system-out/>
  <testcase classname="implementation.ImplementCount" name="InternalCheckListAssignment" time="0.000">
    <skipped/>
  </testcase> <!-- InternalCheckListAssignment -->
  <system-out/>
  <testcase classname="implementation.ImplementCount" name="StatutoryLabelReport" time="0.000">
    <skipped/>
  </testcase> <!-- StatutoryLabelReport -->
  <system-out/>
  <testcase classname="implementation.ImplementCount" name="InternalLabelReport" time="0.000">
    <skipped/>
  </testcase> <!-- InternalLabelReport -->
  <system-out/>
  <testcase classname="implementation.ImplementCount" name="AllReport" time="0.000">
    <skipped/>
  </testcase> <!-- AllReport -->
  <system-out/>
  <testcase classname="implementation.ImplementCount" name="LogReport" time="0.000">
    <skipped/>
  </testcase> <!-- LogReport -->
  <system-out/>
  <testcase classname="implementation.ImplementCount" name="ComplianceActivation" time="0.000">
    <skipped/>
  </testcase> <!-- ComplianceActivation -->
  <system-out/>
  <testcase classname="implementation.ImplementCount" name="IntermediateCompliance" time="0.000">
    <skipped/>
  </testcase> <!-- IntermediateCompliance -->
  <system-out/>
  <testcase classname="implementation.ImplementCount" name="ActivateCompliance" time="0.000">
    <skipped/>
  </testcase> <!-- ActivateCompliance -->
  <system-out/>
  <testcase classname="implementation.ImplementCount" name="AssignCheckList" time="0.000">
    <skipped/>
  </testcase> <!-- AssignCheckList -->
  <system-out/>
  <testcase classname="implementation.ImplementCount" name="IntermediateCheckList" time="0.000">
    <skipped/>
  </testcase> <!-- IntermediateCheckList -->
  <system-out/>
  <testcase classname="implementation.ImplementCount" name="ActivateCheckList" time="0.000">
    <skipped/>
  </testcase> <!-- ActivateCheckList -->
  <system-out/>
  <testcase classname="implementation.ImplementCount" name="ComplianceCategory" time="0.000">
    <skipped/>
  </testcase> <!-- ComplianceCategory -->
  <system-out/>
  <testcase classname="implementation.ImplementCount" name="UploadAssignment" time="0.000">
    <skipped/>
  </testcase> <!-- UploadAssignment -->
  <system-out/>
  <testcase classname="implementation.ImplementCount" name="PreviousInternalComplianceDepartmentMapping" time="0.000">
    <skipped/>
  </testcase> <!-- PreviousInternalComplianceDepartmentMapping -->
  <system-out/>
  <testcase classname="implementation.ImplementCount" name="EntitiesAssignments" time="0.000">
    <skipped/>
  </testcase> <!-- EntitiesAssignments -->
  <system-out/>
  <testcase classname="implementation.ImplementCount" name="LicenseEntitiesAssignments" time="0.000">
    <skipped/>
  </testcase> <!-- LicenseEntitiesAssignments -->
  <system-out/>
  <testcase classname="implementation.ImplementCount" name="MasterCompliances" time="0.000">
    <skipped/>
  </testcase> <!-- MasterCompliances -->
  <system-out/>
  <testcase classname="implementation.ImplementCount" name="Acts" time="0.000">
    <skipped/>
  </testcase> <!-- Acts -->
  <system-out/>
  <testcase classname="implementation.ImplementCount" name="HolidayMaster" time="0.000">
    <skipped/>
  </testcase> <!-- HolidayMaster -->
  <system-out/>
  <testcase classname="implementation.ImplementCount" name="WidgetMaster" time="0.000">
    <skipped/>
  </testcase> <!-- WidgetMaster -->
  <system-out/>
  <testcase classname="implementation.ImplementCount" name="UsersDeptDisplay" time="0.000">
    <skipped/>
  </testcase> <!-- UsersDeptDisplay -->
  <system-out/>
  <testcase classname="implementation.ImplementCount" name="UploadAssignmentAll" time="0.000">
    <skipped/>
  </testcase> <!-- UploadAssignmentAll -->
  <system-out/>
  <testcase classname="implementation.ImplementCount" name="AssignComplianceCA" time="0.000">
    <skipped/>
  </testcase> <!-- AssignComplianceCA -->
  <system-out/>
  <testcase classname="implementation.ImplementCount" name="IntermediateComplianceCA" time="0.000">
    <skipped/>
  </testcase> <!-- IntermediateComplianceCA -->
  <system-out/>
  <testcase classname="implementation.ImplementCount" name="ActivateComplianceCA" time="0.000">
    <skipped/>
  </testcase> <!-- ActivateComplianceCA -->
  <system-out/>
  <testcase classname="implementation.ImplementCount" name="AssignCheckListCA" time="0.000">
    <skipped/>
  </testcase> <!-- AssignCheckListCA -->
  <system-out/>
  <testcase classname="implementation.ImplementCount" name="IntermediateCheckListCA" time="0.000">
    <skipped/>
  </testcase> <!-- IntermediateCheckListCA -->
  <system-out/>
  <testcase classname="implementation.ImplementCount" name="ActivateCheckListCA" time="0.000">
    <skipped/>
  </testcase> <!-- ActivateCheckListCA -->
  <system-out/>
  <testcase classname="implementation.ImplementCount" name="LicenseEntitiesAssignmentsMC" time="0.000">
    <skipped/>
  </testcase> <!-- LicenseEntitiesAssignmentsMC -->
  <system-out/>
  <testcase classname="implementation.ImplementCount" name="DaysBeforeDueDate" time="0.000">
    <skipped/>
  </testcase> <!-- DaysBeforeDueDate -->
  <system-out/>
  <testcase classname="implementation.ImplementCount" name="ReOpeningofCompliance" time="0.000">
    <skipped/>
  </testcase> <!-- ReOpeningofCompliance -->
  <system-out/>
  <testcase classname="implementation.ImplementCount" name="BlockScheduleInternal" time="0.000">
    <skipped/>
  </testcase> <!-- BlockScheduleInternal -->
  <system-out/>
  <testcase classname="implementation.ImplementCount" name="BlockScheduleStatutory" time="0.000">
    <skipped/>
  </testcase> <!-- BlockScheduleStatutory -->
  <system-out/>
  <testcase classname="implementation.ImplementCount" name="DocumentMandatoryNonMandatory" time="0.000">
    <skipped/>
  </testcase> <!-- DocumentMandatoryNonMandatory -->
  <system-out/>
  <testcase classname="implementation.ImplementCount" name="CertificateFrequencyMapping" time="0.000">
    <skipped/>
  </testcase> <!-- CertificateFrequencyMapping -->
  <system-out/>
  <testcase classname="implementation.ImplementCount" name="ClientComplianceRiskMapping" time="0.000">
    <skipped/>
  </testcase> <!-- ClientComplianceRiskMapping -->
  <system-out/>
  <testcase classname="implementation.ImplementCount" name="PreviousComplianceDepartmentMapping" time="0.000">
    <skipped/>
  </testcase> <!-- PreviousComplianceDepartmentMapping -->
  <system-out/>
  <testcase classname="implementation.ImplementCount" name="ClientFrequencyMapping" time="0.000">
    <skipped/>
  </testcase> <!-- ClientFrequencyMapping -->
  <system-out/>
  <testcase classname="implementation.ImplementCount" name="Targetdate" time="0.000">
    <skipped/>
  </testcase> <!-- Targetdate -->
  <system-out/>
  <testcase classname="implementation.ImplementCount" name="ComplianceCertificate" time="0.000">
    <skipped/>
  </testcase> <!-- ComplianceCertificate -->
  <system-out/>
  <testcase classname="implementation.ImplementCount" name="DeReOpeningofComplianceDis" time="0.000">
    <skipped/>
  </testcase> <!-- DeReOpeningofComplianceDis -->
  <system-out/>
  <testcase classname="implementation.ImplementCount" name="DeReOpeningofCompliance" time="0.000">
    <skipped/>
  </testcase> <!-- DeReOpeningofCompliance -->
  <system-out/>
  <testcase classname="implementation.ImplementCount" name="Uploadeventassignment" time="0.000">
    <skipped/>
  </testcase> <!-- Uploadeventassignment -->
  <system-out/>
  <testcase classname="implementation.ImplementCount" name="Event" time="0.000">
    <skipped/>
  </testcase> <!-- Event -->
  <system-out/>
  <testcase classname="implementation.ImplementCount" name="Compliance" time="0.000">
    <skipped/>
  </testcase> <!-- Compliance -->
  <system-out/>
  <testcase classname="implementation.ImplementCount" name="Eventdeactivation" time="0.000">
    <skipped/>
  </testcase> <!-- Eventdeactivation -->
  <system-out/>
  <testcase classname="implementation.ImplementCount" name="Eventfrequencymapping" time="0.000">
    <skipped/>
  </testcase> <!-- Eventfrequencymapping -->
  <system-out/>
  <testcase classname="implementation.ImplementCount" name="HideMulticheckchecklist" time="0.000">
    <skipped/>
  </testcase> <!-- HideMulticheckchecklist -->
  <system-out/>
  <testcase classname="implementation.ImplementCount" name="HideMulticheckchecklistEdit" time="0.000">
    <skipped/>
  </testcase> <!-- HideMulticheckchecklistEdit -->
  <system-out/>
  <testcase classname="implementation.ImplementCount" name="UsersEA" time="0.000">
    <skipped/>
  </testcase> <!-- UsersEA -->
  <system-out/>
  <testcase classname="implementation.ImplementCount" name="UsersEADelete" time="0.000">
    <skipped/>
  </testcase> <!-- UsersEADelete -->
  <system-out/>
  <testcase classname="implementation.ImplementCount" name="UsersEAIn" time="0.000">
    <skipped/>
  </testcase> <!-- UsersEAIn -->
  <system-out/>
  <testcase classname="implementation.ImplementCount" name="UsersEADeleteIN" time="0.000">
    <skipped/>
  </testcase> <!-- UsersEADeleteIN -->
  <system-out/>
  <testcase classname="implementation.ImplementCount" name="EventassignmentsExport" time="0.000">
    <skipped/>
  </testcase> <!-- EventassignmentsExport -->
  <system-out/>
  <testcase classname="implementation.ImplementCount" name="Eventassignmentexportimport" time="0.000">
    <skipped/>
  </testcase> <!-- Eventassignmentexportimport -->
  <system-out/>
  <testcase classname="implementation.ImplementCount" name="EventassignmentexportimportD" time="0.000">
    <skipped/>
  </testcase> <!-- EventassignmentexportimportD -->
  <system-out/>
  <testcase classname="implementation.ImplementCount" name="UploadedFilewithOutFile" time="0.000">
    <skipped/>
  </testcase> <!-- UploadedFilewithOutFile -->
  <system-out/>
  <testcase classname="implementation.ImplementCount" name="ImportInvalidSheet" time="0.000">
    <skipped/>
  </testcase> <!-- ImportInvalidSheet -->
  <system-out/>
  <testcase classname="implementation.ImplementCount" name="UploadedFileisplay" time="0.000">
    <skipped/>
  </testcase> <!-- UploadedFileisplay -->
  <system-out/>
  <testcase classname="implementation.ImplementCount" name="UploadedFileisplayEC" time="0.000">
    <skipped/>
  </testcase> <!-- UploadedFileisplayEC -->
  <system-out/>
  <testcase classname="implementation.ImplementCount" name="DownloadFileEC" time="0.000">
    <skipped/>
  </testcase> <!-- DownloadFileEC -->
  <system-out/>
  <testcase classname="implementation.ImplementCount" name="Autoreconciliation" time="0.000">
    <skipped/>
  </testcase> <!-- Autoreconciliation -->
  <system-out/>
  <testcase classname="implementation.ImplementCount" name="AutoreconciliationWC" time="0.000">
    <skipped/>
  </testcase> <!-- AutoreconciliationWC -->
  <system-out/>
  <testcase classname="implementation.ImplementCount" name="ReassignmentExcludeReport" time="0.000">
    <skipped/>
  </testcase> <!-- ReassignmentExcludeReport -->
  <system-out/>
  <testcase classname="implementation.ImplementCount" name="ReassignmentExcludeReportL" time="0.000">
    <skipped/>
  </testcase> <!-- ReassignmentExcludeReportL -->
  <system-out/>
  <testcase classname="implementation.ImplementCount" name="ReassignmentExcludeReportWC" time="0.000">
    <skipped/>
  </testcase> <!-- ReassignmentExcludeReportWC -->
  <system-out/>
  <testcase classname="implementation.ImplementCount" name="Compliancetype" time="0.000">
    <skipped/>
  </testcase> <!-- Compliancetype -->
  <system-out/>
  <testcase classname="implementation.ImplementCount" name="Complianceassignments" time="0.000">
    <skipped/>
  </testcase> <!-- Complianceassignments -->
  <system-out/>
  <testcase classname="implementation.ImplementCount" name="Unsubscribe" time="0.000">
    <skipped/>
  </testcase> <!-- Unsubscribe -->
  <system-out/>
  <testcase classname="implementation.ImplementCount" name="UnsubscribeInvalid" time="0.000">
    <skipped/>
  </testcase> <!-- UnsubscribeInvalid -->
  <system-out/>
  <testcase classname="implementation.ImplementCount" name="Unsubscribe2" time="0.000">
    <skipped/>
  </testcase> <!-- Unsubscribe2 -->
  <system-out/>
  <testcase classname="implementation.ImplementCount" name="GroupingofCompliance" time="0.000">
    <skipped/>
  </testcase> <!-- GroupingofCompliance -->
  <system-out/>
  <testcase classname="implementation.ImplementCount" name="GroupingofComplianceUploadw" time="0.000">
    <skipped/>
  </testcase> <!-- GroupingofComplianceUploadw -->
  <system-out/>
  <testcase classname="implementation.ImplementCount" name="GroupingofComplianceUpload" time="0.000">
    <skipped/>
  </testcase> <!-- GroupingofComplianceUpload -->
  <system-out/>
  <testcase classname="implementation.ImplementCount" name="GroupingofComplianceUploadLL" time="0.000">
    <skipped/>
  </testcase> <!-- GroupingofComplianceUploadLL -->
  <system-out/>
  <testcase classname="implementation.ImplementCount" name="GroupingofComplianceExport" time="0.000">
    <skipped/>
  </testcase> <!-- GroupingofComplianceExport -->
  <system-out/>
  <testcase classname="implementation.ImplementCount" name="GroupingofComplianceUploadValidC" time="0.000">
    <skipped/>
  </testcase> <!-- GroupingofComplianceUploadValidC -->
  <system-out/>
  <testcase classname="implementation.ImplementCount" name="GroupingofComplianceUploadValidL" time="0.000">
    <skipped/>
  </testcase> <!-- GroupingofComplianceUploadValidL -->
  <system-out/>
  <testcase classname="implementation.ImplementCount" name="Customerspecificduedateforstatutorycompliance" time="0.000">
    <skipped/>
  </testcase> <!-- Customerspecificduedateforstatutorycompliance -->
  <system-out/>
  <testcase classname="implementation.ImplementCount" name="GroupingofComplianceUploadValidCL" time="0.000">
    <skipped/>
  </testcase> <!-- GroupingofComplianceUploadValidCL -->
  <system-out/>
  <testcase classname="implementation.ImplementCount" name="GroupingofComplianceUploadValidLL" time="0.000">
    <skipped/>
  </testcase> <!-- GroupingofComplianceUploadValidLL -->
  <system-out/>
  <testcase classname="implementation.ImplementCount" name="BulkExcluding" time="0.000">
    <skipped/>
  </testcase> <!-- BulkExcluding -->
  <system-out/>
  <testcase classname="implementation.ImplementCount" name="UploadActionableProcedureUploadInvalid" time="0.000">
    <skipped/>
  </testcase> <!-- UploadActionableProcedureUploadInvalid -->
  <system-out/>
  <testcase classname="implementation.ImplementCount" name="UploadActionableProcedureUpload" time="0.000">
    <skipped/>
  </testcase> <!-- UploadActionableProcedureUpload -->
  <system-out/>
  <testcase classname="implementation.ImplementCount" name="UploadActionableProcedure" time="0.000">
    <skipped/>
  </testcase> <!-- UploadActionableProcedure -->
  <system-out/>
  <testcase classname="implementation.ImplementCount" name="BulkExcludingImport" time="0.000">
    <skipped/>
  </testcase> <!-- BulkExcludingImport -->
  <system-out/>
  <testcase classname="implementation.ImplementCount" name="ExcludeNotActivated" time="0.000">
    <skipped/>
  </testcase> <!-- ExcludeNotActivated -->
  <system-out/>
  <testcase classname="implementation.ImplementCount" name="ExcludeNotActivatedSC" time="0.000">
    <skipped/>
  </testcase> <!-- ExcludeNotActivatedSC -->
  <system-out/>
  <testcase classname="implementation.ImplementCount" name="ExcludeNotActivatedInternal" time="0.000">
    <skipped/>
  </testcase> <!-- ExcludeNotActivatedInternal -->
  <system-out/>
  <testcase classname="implementation.ImplementCount" name="ExcludeNotActivatedIC" time="0.000">
    <skipped/>
  </testcase> <!-- ExcludeNotActivatedIC -->
  <system-out/>
  <testcase classname="implementation.ImplementCount" name="ExcludeNotActivatedMultipleCompliance" time="0.000">
    <skipped/>
  </testcase> <!-- ExcludeNotActivatedMultipleCompliance -->
  <system-out/>
  <testcase classname="implementation.ImplementCount" name="ExcludeNotActivatedSCMultipleCompliance" time="0.000">
    <skipped/>
  </testcase> <!-- ExcludeNotActivatedSCMultipleCompliance -->
  <system-out/>
  <testcase classname="implementation.ImplementCount" name="ExcludeNotActivatedInternalMultipleCompliance" time="0.000">
    <skipped/>
  </testcase> <!-- ExcludeNotActivatedInternalMultipleCompliance -->
  <system-out/>
  <testcase classname="implementation.ImplementCount" name="ExcludeNotActivatedICMultipleCompliance" time="0.000">
    <skipped/>
  </testcase> <!-- ExcludeNotActivatedICMultipleCompliance -->
  <system-out/>
  <testcase classname="implementation.ImplementCount" name="WithoutSelectCompliance" time="0.000">
    <skipped/>
  </testcase> <!-- WithoutSelectCompliance -->
  <system-out/>
</testsuite> <!-- implementation.ImplementCount -->
