<?xml version="1.0" encoding="UTF-8"?>
<!-- Generated by org.testng.reporters.JUnitReportReporter -->
<testsuite hostname="DESKTOP-J8VA1KP" failures="0" tests="2" name="complianceCertificateMgmt.ComplianceCertificateMgmtTest" time="132.747" errors="0" timestamp="2023-02-21T13:20:42 IST" skipped="0">
  <testcase classname="complianceCertificateMgmt.ComplianceCertificateMgmtTest" name="Login" time="20.010"/>
  <system-out/>
  <testcase classname="complianceCertificateMgmt.ComplianceCertificateMgmtTest" name="CertificateUser" time="112.737"/>
  <system-out/>
</testsuite> <!-- complianceCertificateMgmt.ComplianceCertificateMgmtTest -->
