<?xml version="1.0" encoding="UTF-8"?>
<!-- Generated by org.testng.reporters.JUnitReportReporter -->
<testsuite skipped="0" hostname="LAPTOP-TBA24BB5" name="login.CountMatch" tests="2" failures="0" timestamp="2022-12-14T16:21:37 IST" time="44.094" errors="0">
  <testcase name="Login" time="39.787" classname="login.CountMatch"/>
  <system-out/>
  <testcase name="CategoriesCountMatch" time="4.307" classname="login.CountMatch"/>
  <system-out/>
</testsuite> <!-- login.CountMatch -->
