<?xml version="1.0" encoding="UTF-8"?>
<!-- Generated by org.testng.reporters.JUnitReportReporter -->
<testsuite hostname="TRPL-PUN-0115" failures="0" tests="2" name="complianceCertificateOfficer.ComplianceCertificateOfficerTest" time="390.794" errors="0" timestamp="2024-07-25T16:50:53 IST" skipped="0">
  <testcase classname="complianceCertificateOfficer.ComplianceCertificateOfficerTest" name="CertificateOfficerP" time="188.851"/>
  <system-out/>
  <testcase classname="complianceCertificateOfficer.ComplianceCertificateOfficerTest" name="CertificateOfficerP1" time="201.943"/>
  <system-out/>
</testsuite> <!-- complianceCertificateOfficer.ComplianceCertificateOfficerTest -->
