<?xml version="1.0" encoding="UTF-8"?>
<!-- Generated by org.testng.reporters.JUnitReportReporter -->
<testsuite hostname="TRPL-PUN-0125" failures="0" tests="1" name="companyadmin.CompanyCount" time="203.558" errors="0" timestamp="2024-09-25T18:47:27 IST" skipped="0">
  <testcase classname="companyadmin.CompanyCount" name="UploadInternalData" time="203.558"/>
</testsuite> <!-- companyadmin.CompanyCount -->
