<?xml version="1.0" encoding="UTF-8"?>
<!-- Generated by org.testng.reporters.JUnitReportReporter -->
<testsuite skipped="0" hostname="LAPTOP-TBA24BB5" name="performer.MyLeave" tests="4" failures="0" timestamp="2022-12-20T19:25:48 IST" time="159.973" errors="0">
  <testcase name="Login" time="21.857" classname="performer.MyLeave"/>
  <system-out/>
  <testcase name="TemporaryAssignmentSat" time="42.981" classname="performer.MyLeave"/>
  <system-out/>
  <testcase name="TemporaryAssignmentIn" time="49.048" classname="performer.MyLeave"/>
  <system-out/>
  <testcase name="EditLeave" time="46.087" classname="performer.MyLeave"/>
  <system-out/>
</testsuite> <!-- performer.MyLeave -->
