<?xml version="1.0" encoding="UTF-8"?>
<!-- Generated by org.testng.reporters.JUnitReportReporter -->
<testsuite skipped="0" hostname="LAPTOP-TBA24BB5" name="login.Calendar" tests="2" failures="0" timestamp="2022-12-13T16:42:29 IST" time="66.517" errors="0">
  <testcase name="Login" time="50.680" classname="login.Calendar"/>
  <system-out/>
  <testcase name="NotCompletedPiechart" time="15.837" classname="login.Calendar"/>
  <system-out/>
</testsuite> <!-- login.Calendar -->
