<?xml version="1.0" encoding="UTF-8"?>
<!-- Generated by org.testng.reporters.JUnitReportReporter -->
<testsuite hostname="TRPL-PUN-0115" failures="0" tests="20" name="criticalTestScripts.Reviewer" time="3371.646" errors="1" timestamp="2024-08-02T20:51:13 IST" skipped="0">
  <testcase classname="criticalTestScripts.Reviewer" name="CompletedStatutoryCri" time="287.378"/>
  <system-out/>
  <testcase classname="criticalTestScripts.Reviewer" name="CompletedInternalCri" time="324.259"/>
  <system-out/>
  <testcase classname="criticalTestScripts.Reviewer" name="OverdueStatutoryCri" time="104.022"/>
  <system-out/>
  <testcase classname="criticalTestScripts.Reviewer" name="OverdueInternalCri" time="126.019">
    <error message="element not interactable
  (Session info: chrome=127.0.6533.89)
Build info: version: &#039;3.141.0&#039;, revision: &#039;2ecb7d9a&#039;, time: &#039;2018-10-31T20:09:30&#039;
System info: host: &#039;TRPL-PUN-0115&#039;, ip: &#039;192.168.1.3&#039;, os.name: &#039;Windows 10&#039;, os.arch: &#039;amd64&#039;, os.version: &#039;10.0&#039;, java.version: &#039;20&#039;
Driver info: org.openqa.selenium.chrome.ChromeDriver
Capabilities {acceptInsecureCerts: false, browserName: chrome, browserVersion: 127.0.6533.89, chrome: {chromedriverVersion: 127.0.6533.72 (9755e24ca85a..., userDataDir: C:\Users\snehalp\AppData\Lo...}, fedcm:accounts: true, goog:chromeOptions: {debuggerAddress: localhost:55938}, javascriptEnabled: true, networkConnectionEnabled: false, pageLoadStrategy: normal, platform: WINDOWS, platformName: WINDOWS, proxy: Proxy(), setWindowRect: true, strictFileInteractability: false, timeouts: {implicit: 0, pageLoad: 300000, script: 30000}, unhandledPromptBehavior: dismiss and notify, webauthn:extension:credBlob: true, webauthn:extension:largeBlob: true, webauthn:extension:minPinLength: true, webauthn:extension:prf: true, webauthn:virtualAuthenticators: true}
Session ID: 98b4f35326b1570f66c265975360e05c" type="org.openqa.selenium.ElementNotInteractableException">
      <![CDATA[org.openqa.selenium.ElementNotInteractableException: element not interactable
  (Session info: chrome=127.0.6533.89)
Build info: version: '3.141.0', revision: '2ecb7d9a', time: '2018-10-31T20:09:30'
System info: host: 'TRPL-PUN-0115', ip: '192.168.1.3', os.name: 'Windows 10', os.arch: 'amd64', os.version: '10.0', java.version: '20'
Driver info: org.openqa.selenium.chrome.ChromeDriver
Capabilities {acceptInsecureCerts: false, browserName: chrome, browserVersion: 127.0.6533.89, chrome: {chromedriverVersion: 127.0.6533.72 (9755e24ca85a..., userDataDir: C:\Users\snehalp\AppData\Lo...}, fedcm:accounts: true, goog:chromeOptions: {debuggerAddress: localhost:55938}, javascriptEnabled: true, networkConnectionEnabled: false, pageLoadStrategy: normal, platform: WINDOWS, platformName: WINDOWS, proxy: Proxy(), setWindowRect: true, strictFileInteractability: false, timeouts: {implicit: 0, pageLoad: 300000, script: 30000}, unhandledPromptBehavior: dismiss and notify, webauthn:extension:credBlob: true, webauthn:extension:largeBlob: true, webauthn:extension:minPinLength: true, webauthn:extension:prf: true, webauthn:virtualAuthenticators: true}
Session ID: 98b4f35326b1570f66c265975360e05c
at java.base/jdk.internal.reflect.DirectConstructorHandleAccessor.newInstance(DirectConstructorHandleAccessor.java:67)
at java.base/java.lang.reflect.Constructor.newInstanceWithCaller(Constructor.java:500)
at java.base/java.lang.reflect.Constructor.newInstance(Constructor.java:484)
at org.openqa.selenium.remote.http.W3CHttpResponseCodec.createException(W3CHttpResponseCodec.java:187)
at org.openqa.selenium.remote.http.W3CHttpResponseCodec.decode(W3CHttpResponseCodec.java:122)
at org.openqa.selenium.remote.http.W3CHttpResponseCodec.decode(W3CHttpResponseCodec.java:49)
at org.openqa.selenium.remote.HttpCommandExecutor.execute(HttpCommandExecutor.java:158)
at org.openqa.selenium.remote.service.DriverCommandExecutor.execute(DriverCommandExecutor.java:83)
at org.openqa.selenium.remote.RemoteWebDriver.execute(RemoteWebDriver.java:552)
at org.openqa.selenium.remote.RemoteWebElement.execute(RemoteWebElement.java:285)
at org.openqa.selenium.remote.RemoteWebElement.click(RemoteWebElement.java:84)
at reviewer.ReMethodsPOM.OverdueInternalCri(ReMethodsPOM.java:1945)
at criticalTestScripts.Reviewer.OverdueInternalCri(Reviewer.java:141)
at java.base/jdk.internal.reflect.DirectMethodHandleAccessor.invoke(DirectMethodHandleAccessor.java:104)
at java.base/java.lang.reflect.Method.invoke(Method.java:578)
at org.testng.internal.MethodInvocationHelper.invokeMethod(MethodInvocationHelper.java:133)
at org.testng.internal.TestInvoker.invokeMethod(TestInvoker.java:598)
at org.testng.internal.TestInvoker.invokeTestMethod(TestInvoker.java:173)
at org.testng.internal.MethodRunner.runInSequence(MethodRunner.java:46)
at org.testng.internal.TestInvoker$MethodInvocationAgent.invoke(TestInvoker.java:824)
at org.testng.internal.TestInvoker.invokeTestMethods(TestInvoker.java:146)
at org.testng.internal.TestMethodWorker.invokeTestMethods(TestMethodWorker.java:146)
at org.testng.internal.TestMethodWorker.run(TestMethodWorker.java:128)
at java.base/java.util.ArrayList.forEach(ArrayList.java:1511)
at org.testng.TestRunner.privateRun(TestRunner.java:794)
at org.testng.TestRunner.run(TestRunner.java:596)
at org.testng.SuiteRunner.runTest(SuiteRunner.java:377)
at org.testng.SuiteRunner.runSequentially(SuiteRunner.java:371)
at org.testng.SuiteRunner.privateRun(SuiteRunner.java:332)
at org.testng.SuiteRunner.run(SuiteRunner.java:276)
at org.testng.SuiteRunnerWorker.runSuite(SuiteRunnerWorker.java:53)
at org.testng.SuiteRunnerWorker.run(SuiteRunnerWorker.java:96)
at org.testng.TestNG.runSuitesSequentially(TestNG.java:1212)
at org.testng.TestNG.runSuitesLocally(TestNG.java:1134)
at org.testng.TestNG.runSuites(TestNG.java:1063)
at org.testng.TestNG.run(TestNG.java:1031)
at org.testng.remote.AbstractRemoteTestNG.run(AbstractRemoteTestNG.java:115)
at org.testng.remote.RemoteTestNG.initAndRun(RemoteTestNG.java:251)
at org.testng.remote.RemoteTestNG.main(RemoteTestNG.java:77)
]]>
    </error>
  </testcase> <!-- OverdueInternalCri -->
  <system-out/>
  <testcase classname="criticalTestScripts.Reviewer" name="ReviewCountStatutoryApprove" time="236.333"/>
  <system-out/>
  <testcase classname="criticalTestScripts.Reviewer" name="ReviewCountStatutoryReject" time="213.469"/>
  <system-out/>
  <testcase classname="criticalTestScripts.Reviewer" name="PendingReviewInternalCri1" time="217.646"/>
  <system-out/>
  <testcase classname="criticalTestScripts.Reviewer" name="ReviewCountInternalReject" time="251.033"/>
  <system-out/>
  <testcase classname="criticalTestScripts.Reviewer" name="Compliancecalendar" time="150.044"/>
  <system-out/>
  <testcase classname="criticalTestScripts.Reviewer" name="DueButNotSubmitted" time="105.453"/>
  <system-out/>
  <testcase classname="criticalTestScripts.Reviewer" name="DueButNotSubmittedIn" time="132.201"/>
  <system-out/>
  <testcase classname="criticalTestScripts.Reviewer" name="DetailedReport1" time="150.999"/>
  <system-out/>
  <testcase classname="criticalTestScripts.Reviewer" name="PendingForReview" time="100.211"/>
  <system-out/>
  <testcase classname="criticalTestScripts.Reviewer" name="PendingForReviewIn" time="96.284"/>
  <system-out/>
  <testcase classname="criticalTestScripts.Reviewer" name="DetailedReportIn" time="143.195"/>
  <system-out/>
  <testcase classname="criticalTestScripts.Reviewer" name="Rejectedtask" time="113.573"/>
  <system-out/>
  <testcase classname="criticalTestScripts.Reviewer" name="AssignmentReport" time="112.427"/>
  <system-out/>
  <testcase classname="criticalTestScripts.Reviewer" name="RejectedtaskIn" time="96.170"/>
  <system-out/>
  <testcase classname="criticalTestScripts.Reviewer" name="ComplianceDocumentsSat" time="191.788"/>
  <system-out/>
  <testcase classname="criticalTestScripts.Reviewer" name="ComplianceDocumentsInter" time="219.142"/>
  <system-out/>
</testsuite> <!-- criticalTestScripts.Reviewer -->
