<?xml version="1.0" encoding="UTF-8"?>
<!-- Generated by org.testng.reporters.JUnitReportReporter -->
<testsuite hostname="TRPL-PUN-0125" failures="0" tests="1" name="companyadmin.CompanyCount" time="169.216" errors="0" timestamp="2024-10-18T13:22:37 IST" skipped="0">
  <testcase classname="companyadmin.CompanyCount" name="ReassignmentExcludeReport" time="169.216"/>
</testsuite> <!-- companyadmin.CompanyCount -->
