<?xml version="1.0" encoding="UTF-8"?>
<!-- Generated by org.testng.reporters.JUnitReportReporter -->
<testsuite hostname="DESKTOP-7MK4EF7" failures="0" tests="2" name="arsProduct.ArsTestCase" time="29.492" errors="0" timestamp="2023-08-17T11:28:30 IST" skipped="0">
  <testcase classname="arsProduct.ArsTestCase" name="Login" time="19.097"/>
  <system-out/>
  <testcase classname="arsProduct.ArsTestCase" name="Filter" time="10.395"/>
  <system-out/>
</testsuite> <!-- arsProduct.ArsTestCase -->
