<?xml version="1.0" encoding="UTF-8"?>
<!-- Generated by org.testng.reporters.JUnitReportReporter -->
<testsuite skipped="0" hostname="LAPTOP-TBA24BB5" name="login.LoginT" tests="1" failures="0" timestamp="2022-12-12T16:39:47 IST" time="22.214" errors="0">
  <testcase name="f" time="22.214" classname="login.LoginT"/>
  <system-out/>
</testsuite> <!-- login.LoginT -->
