<?xml version="1.0" encoding="UTF-8"?>
<!-- Generated by org.testng.reporters.JUnitReportReporter -->
<testsuite hostname="DESKTOP-7MK4EF7" failures="0" tests="7" name="researchReviewer.RRTestCase" time="471.238" errors="0" timestamp="2023-10-11T19:54:51 IST" skipped="0">
  <testcase classname="researchReviewer.RRTestCase" name="MinistryMaster" time="70.609"/>
  <system-out/>
  <testcase classname="researchReviewer.RRTestCase" name="RegulatorMaster" time="84.397"/>
  <system-out/>
  <testcase classname="researchReviewer.RRTestCase" name="ActDepartmentMaster" time="70.743"/>
  <system-out/>
  <testcase classname="researchReviewer.RRTestCase" name="ActAddNew" time="101.438"/>
  <system-out/>
  <testcase classname="researchReviewer.RRTestCase" name="Actupdate" time="58.253"/>
  <system-out/>
  <testcase classname="researchReviewer.RRTestCase" name="ActDelete" time="38.962"/>
  <system-out/>
  <testcase classname="researchReviewer.RRTestCase" name="ActGroupAddNew" time="46.836"/>
  <system-out/>
</testsuite> <!-- researchReviewer.RRTestCase -->
