<?xml version="1.0" encoding="UTF-8"?>
<!-- Generated by org.testng.reporters.JUnitReportReporter -->
<testsuite hostname="DESKTOP-7MK4EF7" failures="0" tests="6" name="cfo.MgmtSonyTest" time="243.652" errors="0" timestamp="2023-10-10T20:03:26 IST" skipped="0">
  <testcase classname="cfo.MgmtSonyTest" name="ColourCT" time="35.215"/>
  <system-out/>
  <testcase classname="cfo.MgmtSonyTest" name="ColourCD" time="35.386"/>
  <system-out/>
  <testcase classname="cfo.MgmtSonyTest" name="ColourCTR" time="67.344"/>
  <system-out/>
  <testcase classname="cfo.MgmtSonyTest" name="ColourCDR" time="35.609"/>
  <system-out/>
  <testcase classname="cfo.MgmtSonyTest" name="ColourCTD" time="35.319"/>
  <system-out/>
  <testcase classname="cfo.MgmtSonyTest" name="ColourCDD" time="34.779"/>
  <system-out/>
</testsuite> <!-- cfo.MgmtSonyTest -->
