<?xml version="1.0" encoding="UTF-8"?>
<!-- Generated by org.testng.reporters.JUnitReportReporter -->
<testsuite hostname="TRPL-PUN-0125" failures="0" tests="5" name="criticalTestScripts.Reviewer" time="1378.932" errors="0" timestamp="2024-10-29T21:55:31 IST" skipped="0">
  <testcase classname="criticalTestScripts.Reviewer" name="ReviewCountStatutoryApprove" time="298.492"/>
  <testcase classname="criticalTestScripts.Reviewer" name="ReviewCountStatutoryReject" time="236.729"/>
  <testcase classname="criticalTestScripts.Reviewer" name="PendingReviewInternalCri1" time="249.740"/>
  <testcase classname="criticalTestScripts.Reviewer" name="ReviewCountInternalReject" time="354.759"/>
  <testcase classname="criticalTestScripts.Reviewer" name="ComplianceDocumentsSat" time="239.212"/>
</testsuite> <!-- criticalTestScripts.Reviewer -->
