<?xml version="1.0" encoding="UTF-8"?>
<!-- Generated by org.testng.reporters.JUnitReportReporter -->
<testsuite hostname="DESKTOP-7MK4EF7" failures="0" tests="3" name="auditor.AuditorcountInternal" time="893.407" errors="0" timestamp="2023-07-27T11:26:37 IST" skipped="0">
  <testcase classname="auditor.AuditorcountInternal" name="NotApplicable_PieChartPeriod" time="319.851"/>
  <system-out/>
  <testcase classname="auditor.AuditorcountInternal" name="InProgress_PieChartInternalPeriod" time="251.325"/>
  <system-out/>
  <testcase classname="auditor.AuditorcountInternal" name="Rejected_PieChartInternalPeriod" time="322.231"/>
  <system-out/>
</testsuite> <!-- auditor.AuditorcountInternal -->
