<?xml version="1.0" encoding="UTF-8"?>
<!-- Generated by org.testng.reporters.JUnitReportReporter -->
<testsuite hostname="TRPL-PUN-0115" failures="0" tests="28" name="criticalTestScripts.Performer" time="10.826" errors="1" timestamp="2024-09-25T15:33:25 IST" skipped="27">
  <testcase classname="criticalTestScripts.Performer" name="Login" time="10.825">
    <error type="java.lang.NullPointerException">
      <![CDATA[java.lang.NullPointerException
at java.base/java.util.Objects.requireNonNull(Objects.java:233)
at org.openqa.selenium.support.ui.FluentWait.<init>(FluentWait.java:106)
at org.openqa.selenium.support.ui.WebDriverWait.<init>(WebDriverWait.java:85)
at org.openqa.selenium.support.ui.WebDriverWait.<init>(WebDriverWait.java:45)
at login.Login.UserLogin(Login.java:94)
at login.BasePage.initialization(BasePage.java:210)
at criticalTestScripts.Performer.Login(Performer.java:84)
at java.base/jdk.internal.reflect.DirectMethodHandleAccessor.invoke(DirectMethodHandleAccessor.java:104)
at java.base/java.lang.reflect.Method.invoke(Method.java:578)
at org.testng.internal.MethodInvocationHelper.invokeMethod(MethodInvocationHelper.java:133)
at org.testng.internal.MethodInvocationHelper.invokeMethodConsideringTimeout(MethodInvocationHelper.java:62)
at org.testng.internal.ConfigInvoker.invokeConfigurationMethod(ConfigInvoker.java:385)
at org.testng.internal.ConfigInvoker.invokeConfigurations(ConfigInvoker.java:321)
at org.testng.internal.TestInvoker.runConfigMethods(TestInvoker.java:700)
at org.testng.internal.TestInvoker.invokeMethod(TestInvoker.java:527)
at org.testng.internal.TestInvoker.invokeTestMethod(TestInvoker.java:173)
at org.testng.internal.MethodRunner.runInSequence(MethodRunner.java:46)
at org.testng.internal.TestInvoker$MethodInvocationAgent.invoke(TestInvoker.java:824)
at org.testng.internal.TestInvoker.invokeTestMethods(TestInvoker.java:146)
at org.testng.internal.TestMethodWorker.invokeTestMethods(TestMethodWorker.java:146)
at org.testng.internal.TestMethodWorker.run(TestMethodWorker.java:128)
at java.base/java.util.ArrayList.forEach(ArrayList.java:1511)
at org.testng.TestRunner.privateRun(TestRunner.java:794)
at org.testng.TestRunner.run(TestRunner.java:596)
at org.testng.SuiteRunner.runTest(SuiteRunner.java:377)
at org.testng.SuiteRunner.runSequentially(SuiteRunner.java:371)
at org.testng.SuiteRunner.privateRun(SuiteRunner.java:332)
at org.testng.SuiteRunner.run(SuiteRunner.java:276)
at org.testng.SuiteRunnerWorker.runSuite(SuiteRunnerWorker.java:53)
at org.testng.SuiteRunnerWorker.run(SuiteRunnerWorker.java:96)
at org.testng.TestNG.runSuitesSequentially(TestNG.java:1212)
at org.testng.TestNG.runSuitesLocally(TestNG.java:1134)
at org.testng.TestNG.runSuites(TestNG.java:1063)
at org.testng.TestNG.run(TestNG.java:1031)
at org.testng.remote.AbstractRemoteTestNG.run(AbstractRemoteTestNG.java:115)
at org.testng.remote.RemoteTestNG.initAndRun(RemoteTestNG.java:251)
at org.testng.remote.RemoteTestNG.main(RemoteTestNG.java:77)
]]>
    </error>
  </testcase> <!-- Login -->
  <system-out/>
  <testcase classname="criticalTestScripts.Performer" name="Upcoming_ComplianceStatutory" time="0.000">
    <skipped/>
  </testcase> <!-- Upcoming_ComplianceStatutory -->
  <system-out/>
  <testcase classname="criticalTestScripts.Performer" name="Upcoming_ComplianceInternal" time="0.000">
    <skipped/>
  </testcase> <!-- Upcoming_ComplianceInternal -->
  <system-out/>
  <testcase classname="criticalTestScripts.Performer" name="StatutoryOverdueCri" time="0.000">
    <skipped/>
  </testcase> <!-- StatutoryOverdueCri -->
  <system-out/>
  <testcase classname="criticalTestScripts.Performer" name="InternalOverdueCri" time="0.000">
    <skipped/>
  </testcase> <!-- InternalOverdueCri -->
  <system-out/>
  <testcase classname="criticalTestScripts.Performer" name="StatutoryChecklistBox" time="0.000">
    <skipped/>
  </testcase> <!-- StatutoryChecklistBox -->
  <system-out/>
  <testcase classname="criticalTestScripts.Performer" name="InternalCheckListCheckBox" time="0.000">
    <skipped/>
  </testcase> <!-- InternalCheckListCheckBox -->
  <system-out/>
  <testcase classname="criticalTestScripts.Performer" name="DashboardRejectStatutory" time="0.000">
    <skipped/>
  </testcase> <!-- DashboardRejectStatutory -->
  <system-out/>
  <testcase classname="criticalTestScripts.Performer" name="DashboardRejectInternal" time="0.000">
    <skipped/>
  </testcase> <!-- DashboardRejectInternal -->
  <system-out/>
  <testcase classname="criticalTestScripts.Performer" name="ActivatedEventsPer" time="0.000">
    <skipped/>
  </testcase> <!-- ActivatedEventsPer -->
  <system-out/>
  <testcase classname="criticalTestScripts.Performer" name="ClosedEventsPer" time="0.000">
    <skipped/>
  </testcase> <!-- ClosedEventsPer -->
  <system-out/>
  <testcase classname="criticalTestScripts.Performer" name="AssignedEvents" time="0.001">
    <skipped/>
  </testcase> <!-- AssignedEvents -->
  <system-out/>
  <testcase classname="criticalTestScripts.Performer" name="PerformerTaskUpcoming" time="0.000">
    <skipped/>
  </testcase> <!-- PerformerTaskUpcoming -->
  <system-out/>
  <testcase classname="criticalTestScripts.Performer" name="PerformerTaskUpcomingIn" time="0.000">
    <skipped/>
  </testcase> <!-- PerformerTaskUpcomingIn -->
  <system-out/>
  <testcase classname="criticalTestScripts.Performer" name="PerformerTaskOverdue" time="0.000">
    <skipped/>
  </testcase> <!-- PerformerTaskOverdue -->
  <system-out/>
  <testcase classname="criticalTestScripts.Performer" name="PerformerTaskOverdueIn" time="0.000">
    <skipped/>
  </testcase> <!-- PerformerTaskOverdueIn -->
  <system-out/>
  <testcase classname="criticalTestScripts.Performer" name="PerformerTaskRejected" time="0.000">
    <skipped/>
  </testcase> <!-- PerformerTaskRejected -->
  <system-out/>
  <testcase classname="criticalTestScripts.Performer" name="PerformerTaskRejectedIn" time="0.000">
    <skipped/>
  </testcase> <!-- PerformerTaskRejectedIn -->
  <system-out/>
  <testcase classname="criticalTestScripts.Performer" name="PerformerTaskPFR" time="0.000">
    <skipped/>
  </testcase> <!-- PerformerTaskPFR -->
  <system-out/>
  <testcase classname="criticalTestScripts.Performer" name="PerformerTaskPFRIn" time="0.000">
    <skipped/>
  </testcase> <!-- PerformerTaskPFRIn -->
  <system-out/>
  <testcase classname="criticalTestScripts.Performer" name="ComplianceSatCalender" time="0.000">
    <skipped/>
  </testcase> <!-- ComplianceSatCalender -->
  <system-out/>
  <testcase classname="criticalTestScripts.Performer" name="Compliancecalendar" time="0.000">
    <skipped/>
  </testcase> <!-- Compliancecalendar -->
  <system-out/>
  <testcase classname="criticalTestScripts.Performer" name="ComplianceSatCalender1" time="0.000">
    <skipped/>
  </testcase> <!-- ComplianceSatCalender1 -->
  <system-out/>
  <testcase classname="criticalTestScripts.Performer" name="DetailedReport1" time="0.000">
    <skipped/>
  </testcase> <!-- DetailedReport1 -->
  <system-out/>
  <testcase classname="criticalTestScripts.Performer" name="DetailedReportIn" time="0.000">
    <skipped/>
  </testcase> <!-- DetailedReportIn -->
  <system-out/>
  <testcase classname="criticalTestScripts.Performer" name="AssignmentReport" time="0.000">
    <skipped/>
  </testcase> <!-- AssignmentReport -->
  <system-out/>
  <testcase classname="criticalTestScripts.Performer" name="ComplianceDocumentsSat" time="0.000">
    <skipped/>
  </testcase> <!-- ComplianceDocumentsSat -->
  <system-out/>
  <testcase classname="criticalTestScripts.Performer" name="ComplianceDocumentsInter" time="0.000">
    <skipped/>
  </testcase> <!-- ComplianceDocumentsInter -->
  <system-out/>
</testsuite> <!-- criticalTestScripts.Performer -->
