<?xml version="1.0" encoding="UTF-8"?>
<!-- Generated by org.testng.reporters.JUnitReportReporter -->
<testsuite hostname="TRPL-PUN-0115" failures="0" tests="28" name="criticalTestScripts.ApprovalStatutory" time="23.431" errors="1" timestamp="2024-08-28T15:35:40 IST" skipped="27">
  <testcase classname="criticalTestScripts.ApprovalStatutory" name="RiskSummaryCriticalStatutory" time="0.000">
    <skipped/>
  </testcase> <!-- RiskSummaryCriticalStatutory -->
  <system-out/>
  <testcase classname="criticalTestScripts.ApprovalStatutory" name="BargraphIndustrySpeCriticalStatutory" time="0.000">
    <skipped/>
  </testcase> <!-- BargraphIndustrySpeCriticalStatutory -->
  <system-out/>
  <testcase classname="criticalTestScripts.ApprovalStatutory" name="BargraphIndustrySpeHighStatutory" time="0.000">
    <skipped/>
  </testcase> <!-- BargraphIndustrySpeHighStatutory -->
  <system-out/>
  <testcase classname="criticalTestScripts.ApprovalStatutory" name="Login" time="23.431">
    <error message="java.net.ConnectException: Failed to connect to localhost/[0:0:0:0:0:0:0:1]:1040
Build info: version: &#039;3.141.0&#039;, revision: &#039;2ecb7d9a&#039;, time: &#039;2018-10-31T20:09:30&#039;
System info: host: &#039;TRPL-PUN-0115&#039;, ip: &#039;172.22.224.1&#039;, os.name: &#039;Windows 10&#039;, os.arch: &#039;amd64&#039;, os.version: &#039;10.0&#039;, java.version: &#039;20&#039;
Driver info: driver.version: RemoteWebDriver" type="org.openqa.selenium.WebDriverException">
      <![CDATA[org.openqa.selenium.WebDriverException: java.net.ConnectException: Failed to connect to localhost/[0:0:0:0:0:0:0:1]:1040
Build info: version: '3.141.0', revision: '2ecb7d9a', time: '2018-10-31T20:09:30'
System info: host: 'TRPL-PUN-0115', ip: '172.22.224.1', os.name: 'Windows 10', os.arch: 'amd64', os.version: '10.0', java.version: '20'
Driver info: driver.version: RemoteWebDriver
at org.openqa.selenium.remote.service.DriverCommandExecutor.execute(DriverCommandExecutor.java:92)
at org.openqa.selenium.remote.RemoteWebDriver.execute(RemoteWebDriver.java:552)
at org.openqa.selenium.remote.RemoteWebDriver.findElement(RemoteWebDriver.java:323)
at org.openqa.selenium.remote.RemoteWebDriver.findElementByXPath(RemoteWebDriver.java:428)
at org.openqa.selenium.By$ByXPath.findElement(By.java:353)
at org.openqa.selenium.remote.RemoteWebDriver.findElement(RemoteWebDriver.java:315)
at login.LoginPOM.clickComplicane(LoginPOM.java:112)
at login.Login.UserLogin(Login.java:360)
at login.BasePage.initialization1(BasePage.java:254)
at criticalTestScripts.ApprovalStatutory.Login(ApprovalStatutory.java:83)
at java.base/jdk.internal.reflect.DirectMethodHandleAccessor.invoke(DirectMethodHandleAccessor.java:104)
at java.base/java.lang.reflect.Method.invoke(Method.java:578)
at org.testng.internal.MethodInvocationHelper.invokeMethod(MethodInvocationHelper.java:133)
at org.testng.internal.MethodInvocationHelper.invokeMethodConsideringTimeout(MethodInvocationHelper.java:62)
at org.testng.internal.ConfigInvoker.invokeConfigurationMethod(ConfigInvoker.java:385)
at org.testng.internal.ConfigInvoker.invokeConfigurations(ConfigInvoker.java:321)
at org.testng.internal.TestInvoker.runConfigMethods(TestInvoker.java:700)
at org.testng.internal.TestInvoker.invokeMethod(TestInvoker.java:527)
at org.testng.internal.TestInvoker.invokeTestMethod(TestInvoker.java:173)
at org.testng.internal.MethodRunner.runInSequence(MethodRunner.java:46)
at org.testng.internal.TestInvoker$MethodInvocationAgent.invoke(TestInvoker.java:824)
at org.testng.internal.TestInvoker.invokeTestMethods(TestInvoker.java:146)
at org.testng.internal.TestMethodWorker.invokeTestMethods(TestMethodWorker.java:146)
at org.testng.internal.TestMethodWorker.run(TestMethodWorker.java:128)
at java.base/java.util.ArrayList.forEach(ArrayList.java:1511)
at org.testng.TestRunner.privateRun(TestRunner.java:794)
at org.testng.TestRunner.run(TestRunner.java:596)
at org.testng.SuiteRunner.runTest(SuiteRunner.java:377)
at org.testng.SuiteRunner.runSequentially(SuiteRunner.java:371)
at org.testng.SuiteRunner.privateRun(SuiteRunner.java:332)
at org.testng.SuiteRunner.run(SuiteRunner.java:276)
at org.testng.SuiteRunnerWorker.runSuite(SuiteRunnerWorker.java:53)
at org.testng.SuiteRunnerWorker.run(SuiteRunnerWorker.java:96)
at org.testng.TestNG.runSuitesSequentially(TestNG.java:1212)
at org.testng.TestNG.runSuitesLocally(TestNG.java:1134)
at org.testng.TestNG.runSuites(TestNG.java:1063)
at org.testng.TestNG.run(TestNG.java:1031)
at org.testng.remote.AbstractRemoteTestNG.run(AbstractRemoteTestNG.java:115)
at org.testng.remote.RemoteTestNG.initAndRun(RemoteTestNG.java:251)
at org.testng.remote.RemoteTestNG.main(RemoteTestNG.java:77)
Caused by: java.net.ConnectException: Failed to connect to localhost/[0:0:0:0:0:0:0:1]:1040
at okhttp3.internal.connection.RealConnection.connectSocket(RealConnection.java:247)
at okhttp3.internal.connection.RealConnection.connect(RealConnection.java:165)
at okhttp3.internal.connection.StreamAllocation.findConnection(StreamAllocation.java:257)
at okhttp3.internal.connection.StreamAllocation.findHealthyConnection(StreamAllocation.java:135)
at okhttp3.internal.connection.StreamAllocation.newStream(StreamAllocation.java:114)
at okhttp3.internal.connection.ConnectInterceptor.intercept(ConnectInterceptor.java:42)
at okhttp3.internal.http.RealInterceptorChain.proceed(RealInterceptorChain.java:147)
at okhttp3.internal.http.RealInterceptorChain.proceed(RealInterceptorChain.java:121)
at okhttp3.internal.cache.CacheInterceptor.intercept(CacheInterceptor.java:93)
at okhttp3.internal.http.RealInterceptorChain.proceed(RealInterceptorChain.java:147)
at okhttp3.internal.http.RealInterceptorChain.proceed(RealInterceptorChain.java:121)
at okhttp3.internal.http.BridgeInterceptor.intercept(BridgeInterceptor.java:93)
at okhttp3.internal.http.RealInterceptorChain.proceed(RealInterceptorChain.java:147)
at okhttp3.internal.http.RetryAndFollowUpInterceptor.intercept(RetryAndFollowUpInterceptor.java:126)
at okhttp3.internal.http.RealInterceptorChain.proceed(RealInterceptorChain.java:147)
at okhttp3.internal.http.RealInterceptorChain.proceed(RealInterceptorChain.java:121)
at okhttp3.RealCall.getResponseWithInterceptorChain(RealCall.java:200)
at okhttp3.RealCall.execute(RealCall.java:77)
at org.openqa.selenium.remote.internal.OkHttpClient.execute(OkHttpClient.java:103)
at org.openqa.selenium.remote.HttpCommandExecutor.execute(HttpCommandExecutor.java:155)
at org.openqa.selenium.remote.service.DriverCommandExecutor.execute(DriverCommandExecutor.java:83)
... 39 more
Caused by: java.net.ConnectException: Connection refused: no further information
at java.base/sun.nio.ch.Net.pollConnect(Native Method)
at java.base/sun.nio.ch.Net.pollConnectNow(Net.java:673)
at java.base/sun.nio.ch.NioSocketImpl.timedFinishConnect(NioSocketImpl.java:535)
at java.base/sun.nio.ch.NioSocketImpl.connect(NioSocketImpl.java:585)
at java.base/java.net.SocksSocketImpl.connect(SocksSocketImpl.java:327)
at java.base/java.net.Socket.connect(Socket.java:666)
at okhttp3.internal.platform.Platform.connectSocket(Platform.java:129)
at okhttp3.internal.connection.RealConnection.connectSocket(RealConnection.java:245)
... 59 more
]]>
    </error>
  </testcase> <!-- Login -->
  <system-out/>
  <testcase classname="criticalTestScripts.ApprovalStatutory" name="BargraphIndustrySpeMediumStatutory" time="0.000">
    <skipped/>
  </testcase> <!-- BargraphIndustrySpeMediumStatutory -->
  <system-out/>
  <testcase classname="criticalTestScripts.ApprovalStatutory" name="BargraphIndustrySpeLowStatutory" time="0.000">
    <skipped/>
  </testcase> <!-- BargraphIndustrySpeLowStatutory -->
  <system-out/>
  <testcase classname="criticalTestScripts.ApprovalStatutory" name="NotCompleted_PieChart" time="0.000">
    <skipped/>
  </testcase> <!-- NotCompleted_PieChart -->
  <system-out/>
  <testcase classname="criticalTestScripts.ApprovalStatutory" name="ClosedDelayed_PieChart" time="0.000">
    <skipped/>
  </testcase> <!-- ClosedDelayed_PieChart -->
  <system-out/>
  <testcase classname="criticalTestScripts.ApprovalStatutory" name="ClosedTimely_PieChart" time="0.000">
    <skipped/>
  </testcase> <!-- ClosedTimely_PieChart -->
  <system-out/>
  <testcase classname="criticalTestScripts.ApprovalStatutory" name="NotApplicable_PieChart" time="0.000">
    <skipped/>
  </testcase> <!-- NotApplicable_PieChart -->
  <system-out/>
  <testcase classname="criticalTestScripts.ApprovalStatutory" name="Overdue_PieChart" time="0.000">
    <skipped/>
  </testcase> <!-- Overdue_PieChart -->
  <system-out/>
  <testcase classname="criticalTestScripts.ApprovalStatutory" name="dueToday_PieChart" time="0.000">
    <skipped/>
  </testcase> <!-- dueToday_PieChart -->
  <system-out/>
  <testcase classname="criticalTestScripts.ApprovalStatutory" name="pendingForReview_PieChart" time="0.000">
    <skipped/>
  </testcase> <!-- pendingForReview_PieChart -->
  <system-out/>
  <testcase classname="criticalTestScripts.ApprovalStatutory" name="inProgress_PieChart" time="0.000">
    <skipped/>
  </testcase> <!-- inProgress_PieChart -->
  <system-out/>
  <testcase classname="criticalTestScripts.ApprovalStatutory" name="rejected_PieChart" time="0.000">
    <skipped/>
  </testcase> <!-- rejected_PieChart -->
  <system-out/>
  <testcase classname="criticalTestScripts.ApprovalStatutory" name="RiskSummaryHighStatutory" time="0.000">
    <skipped/>
  </testcase> <!-- RiskSummaryHighStatutory -->
  <system-out/>
  <testcase classname="criticalTestScripts.ApprovalStatutory" name="RiskSummaryMediumStatutory" time="0.000">
    <skipped/>
  </testcase> <!-- RiskSummaryMediumStatutory -->
  <system-out/>
  <testcase classname="criticalTestScripts.ApprovalStatutory" name="RiskSummaryLowStatutory" time="0.000">
    <skipped/>
  </testcase> <!-- RiskSummaryLowStatutory -->
  <system-out/>
  <testcase classname="criticalTestScripts.ApprovalStatutory" name="DepartmentSummaryAccountStatutory" time="0.000">
    <skipped/>
  </testcase> <!-- DepartmentSummaryAccountStatutory -->
  <system-out/>
  <testcase classname="criticalTestScripts.ApprovalStatutory" name="NotCompleted_PieChartPeriod" time="0.000">
    <skipped/>
  </testcase> <!-- NotCompleted_PieChartPeriod -->
  <system-out/>
  <testcase classname="criticalTestScripts.ApprovalStatutory" name="ClosedDelayed_PieChartPeriod" time="0.000">
    <skipped/>
  </testcase> <!-- ClosedDelayed_PieChartPeriod -->
  <system-out/>
  <testcase classname="criticalTestScripts.ApprovalStatutory" name="ClosedTimely_PieChartPeriod" time="0.000">
    <skipped/>
  </testcase> <!-- ClosedTimely_PieChartPeriod -->
  <system-out/>
  <testcase classname="criticalTestScripts.ApprovalStatutory" name="NotApplicable_PieChartPeriod" time="0.000">
    <skipped/>
  </testcase> <!-- NotApplicable_PieChartPeriod -->
  <system-out/>
  <testcase classname="criticalTestScripts.ApprovalStatutory" name="Overdue_PieChartPeriod" time="0.000">
    <skipped/>
  </testcase> <!-- Overdue_PieChartPeriod -->
  <system-out/>
  <testcase classname="criticalTestScripts.ApprovalStatutory" name="pendingForReview_PieChartPeriod" time="0.000">
    <skipped/>
  </testcase> <!-- pendingForReview_PieChartPeriod -->
  <system-out/>
  <testcase classname="criticalTestScripts.ApprovalStatutory" name="inProgress_PieChartPeriod" time="0.000">
    <skipped/>
  </testcase> <!-- inProgress_PieChartPeriod -->
  <system-out/>
  <testcase classname="criticalTestScripts.ApprovalStatutory" name="Upcoming_PieChartPeriod" time="0.000">
    <skipped/>
  </testcase> <!-- Upcoming_PieChartPeriod -->
  <system-out/>
  <testcase classname="criticalTestScripts.ApprovalStatutory" name="rejected_PieChartPeriod" time="0.000">
    <skipped/>
  </testcase> <!-- rejected_PieChartPeriod -->
  <system-out/>
</testsuite> <!-- criticalTestScripts.ApprovalStatutory -->
