<?xml version="1.0" encoding="UTF-8"?>
<!-- Generated by org.testng.reporters.JUnitReportReporter -->
<testsuite hostname="TRPL-PUN-0115" failures="0" tests="63" name="cfo.Mgmt" time="4.929" errors="1" timestamp="2024-09-26T15:13:40 IST" skipped="62">
  <testcase classname="cfo.Mgmt" name="Login" time="4.929">
    <error type="java.lang.NullPointerException">
      <![CDATA[java.lang.NullPointerException
at java.base/java.util.Objects.requireNonNull(Objects.java:233)
at org.openqa.selenium.support.ui.FluentWait.<init>(FluentWait.java:106)
at org.openqa.selenium.support.ui.WebDriverWait.<init>(WebDriverWait.java:85)
at org.openqa.selenium.support.ui.WebDriverWait.<init>(WebDriverWait.java:45)
at login.Login.UserLogin(Login.java:94)
at login.BasePage.initialization(BasePage.java:210)
at cfo.Mgmt.Login(Mgmt.java:94)
at java.base/jdk.internal.reflect.DirectMethodHandleAccessor.invoke(DirectMethodHandleAccessor.java:104)
at java.base/java.lang.reflect.Method.invoke(Method.java:578)
at org.testng.internal.MethodInvocationHelper.invokeMethod(MethodInvocationHelper.java:133)
at org.testng.internal.MethodInvocationHelper.invokeMethodConsideringTimeout(MethodInvocationHelper.java:62)
at org.testng.internal.ConfigInvoker.invokeConfigurationMethod(ConfigInvoker.java:385)
at org.testng.internal.ConfigInvoker.invokeConfigurations(ConfigInvoker.java:321)
at org.testng.internal.TestInvoker.runConfigMethods(TestInvoker.java:700)
at org.testng.internal.TestInvoker.invokeMethod(TestInvoker.java:527)
at org.testng.internal.TestInvoker.invokeTestMethod(TestInvoker.java:173)
at org.testng.internal.MethodRunner.runInSequence(MethodRunner.java:46)
at org.testng.internal.TestInvoker$MethodInvocationAgent.invoke(TestInvoker.java:824)
at org.testng.internal.TestInvoker.invokeTestMethods(TestInvoker.java:146)
at org.testng.internal.TestMethodWorker.invokeTestMethods(TestMethodWorker.java:146)
at org.testng.internal.TestMethodWorker.run(TestMethodWorker.java:128)
at java.base/java.util.ArrayList.forEach(ArrayList.java:1511)
at org.testng.TestRunner.privateRun(TestRunner.java:794)
at org.testng.TestRunner.run(TestRunner.java:596)
at org.testng.SuiteRunner.runTest(SuiteRunner.java:377)
at org.testng.SuiteRunner.runSequentially(SuiteRunner.java:371)
at org.testng.SuiteRunner.privateRun(SuiteRunner.java:332)
at org.testng.SuiteRunner.run(SuiteRunner.java:276)
at org.testng.SuiteRunnerWorker.runSuite(SuiteRunnerWorker.java:53)
at org.testng.SuiteRunnerWorker.run(SuiteRunnerWorker.java:96)
at org.testng.TestNG.runSuitesSequentially(TestNG.java:1212)
at org.testng.TestNG.runSuitesLocally(TestNG.java:1134)
at org.testng.TestNG.runSuites(TestNG.java:1063)
at org.testng.TestNG.run(TestNG.java:1031)
at org.testng.remote.AbstractRemoteTestNG.run(AbstractRemoteTestNG.java:115)
at org.testng.remote.RemoteTestNG.initAndRun(RemoteTestNG.java:251)
at org.testng.remote.RemoteTestNG.main(RemoteTestNG.java:77)
]]>
    </error>
  </testcase> <!-- Login -->
  <system-out/>
  <testcase classname="cfo.Mgmt" name="BargraphIndustrySpeCriticalStatutory" time="0.000">
    <skipped/>
  </testcase> <!-- BargraphIndustrySpeCriticalStatutory -->
  <system-out/>
  <testcase classname="cfo.Mgmt" name="BargraphIndustrySpeHighStatutory" time="0.000">
    <skipped/>
  </testcase> <!-- BargraphIndustrySpeHighStatutory -->
  <system-out/>
  <testcase classname="cfo.Mgmt" name="BargraphIndustrySpeMediumStatutory" time="0.000">
    <skipped/>
  </testcase> <!-- BargraphIndustrySpeMediumStatutory -->
  <system-out/>
  <testcase classname="cfo.Mgmt" name="BargraphIndustrySpeLowStatutory" time="0.000">
    <skipped/>
  </testcase> <!-- BargraphIndustrySpeLowStatutory -->
  <system-out/>
  <testcase classname="cfo.Mgmt" name="RiskSummaryCriticalStatutory" time="0.000">
    <skipped/>
  </testcase> <!-- RiskSummaryCriticalStatutory -->
  <system-out/>
  <testcase classname="cfo.Mgmt" name="RiskSummaryHighStatutory" time="0.000">
    <skipped/>
  </testcase> <!-- RiskSummaryHighStatutory -->
  <system-out/>
  <testcase classname="cfo.Mgmt" name="RiskSummaryMediumStatutory" time="0.000">
    <skipped/>
  </testcase> <!-- RiskSummaryMediumStatutory -->
  <system-out/>
  <testcase classname="cfo.Mgmt" name="RiskSummaryLowStatutory" time="0.000">
    <skipped/>
  </testcase> <!-- RiskSummaryLowStatutory -->
  <system-out/>
  <testcase classname="cfo.Mgmt" name="DepartmentSummaryHumanResourceStatutory" time="0.000">
    <skipped/>
  </testcase> <!-- DepartmentSummaryHumanResourceStatutory -->
  <system-out/>
  <testcase classname="cfo.Mgmt" name="NotCompleted_PieChartPeriod" time="0.000">
    <skipped/>
  </testcase> <!-- NotCompleted_PieChartPeriod -->
  <system-out/>
  <testcase classname="cfo.Mgmt" name="ClosedDelayed_PieChartPeriod" time="0.000">
    <skipped/>
  </testcase> <!-- ClosedDelayed_PieChartPeriod -->
  <system-out/>
  <testcase classname="cfo.Mgmt" name="ClosedTimely_PieChartPeriod" time="0.000">
    <skipped/>
  </testcase> <!-- ClosedTimely_PieChartPeriod -->
  <system-out/>
  <testcase classname="cfo.Mgmt" name="NotApplicable_PieChartPeriod" time="0.000">
    <skipped/>
  </testcase> <!-- NotApplicable_PieChartPeriod -->
  <system-out/>
  <testcase classname="cfo.Mgmt" name="Overdue_PieChartPeriod" time="0.000">
    <skipped/>
  </testcase> <!-- Overdue_PieChartPeriod -->
  <system-out/>
  <testcase classname="cfo.Mgmt" name="dueToday_PieChartPeriod" time="0.000">
    <skipped/>
  </testcase> <!-- dueToday_PieChartPeriod -->
  <system-out/>
  <testcase classname="cfo.Mgmt" name="pendingForReview_PieChartPeriod" time="0.000">
    <skipped/>
  </testcase> <!-- pendingForReview_PieChartPeriod -->
  <system-out/>
  <testcase classname="cfo.Mgmt" name="inProgress_PieChartPeriod" time="0.000">
    <skipped/>
  </testcase> <!-- inProgress_PieChartPeriod -->
  <system-out/>
  <testcase classname="cfo.Mgmt" name="Upcoming_PieChartPeriod" time="0.000">
    <skipped/>
  </testcase> <!-- Upcoming_PieChartPeriod -->
  <system-out/>
  <testcase classname="cfo.Mgmt" name="rejected_PieChartPeriod" time="0.000">
    <skipped/>
  </testcase> <!-- rejected_PieChartPeriod -->
  <system-out/>
  <testcase classname="cfo.Mgmt" name="PenaltySummaryStatutory" time="0.000">
    <skipped/>
  </testcase> <!-- PenaltySummaryStatutory -->
  <system-out/>
  <testcase classname="cfo.Mgmt" name="UpcomingFilterMgmt" time="0.000">
    <skipped/>
  </testcase> <!-- UpcomingFilterMgmt -->
  <system-out/>
  <testcase classname="cfo.Mgmt" name="GradingReportStatutory" time="0.000">
    <skipped/>
  </testcase> <!-- GradingReportStatutory -->
  <system-out/>
  <testcase classname="cfo.Mgmt" name="complianceCalendar" time="0.000">
    <skipped/>
  </testcase> <!-- complianceCalendar -->
  <system-out/>
  <testcase classname="cfo.Mgmt" name="DailyUpdates" time="0.000">
    <skipped/>
  </testcase> <!-- DailyUpdates -->
  <system-out/>
  <testcase classname="cfo.Mgmt" name="NewsLetter" time="0.000">
    <skipped/>
  </testcase> <!-- NewsLetter -->
  <system-out/>
  <testcase classname="cfo.Mgmt" name="ComplianceIDFilterMgmt" time="0.000">
    <skipped/>
  </testcase> <!-- ComplianceIDFilterMgmt -->
  <system-out/>
  <testcase classname="cfo.Mgmt" name="ComplianceIDFilterEBMgmt" time="0.000">
    <skipped/>
  </testcase> <!-- ComplianceIDFilterEBMgmt -->
  <system-out/>
  <testcase classname="cfo.Mgmt" name="ComplianceIDFilterINMgmt" time="0.000">
    <skipped/>
  </testcase> <!-- ComplianceIDFilterINMgmt -->
  <system-out/>
  <testcase classname="cfo.Mgmt" name="ComplianceIDFilter1Invalid" time="0.000">
    <skipped/>
  </testcase> <!-- ComplianceIDFilter1Invalid -->
  <system-out/>
  <testcase classname="cfo.Mgmt" name="ComplianceIDFilterEBInvalid" time="0.000">
    <skipped/>
  </testcase> <!-- ComplianceIDFilterEBInvalid -->
  <system-out/>
  <testcase classname="cfo.Mgmt" name="ComplianceIDFilterINInvalid" time="0.000">
    <skipped/>
  </testcase> <!-- ComplianceIDFilterINInvalid -->
  <system-out/>
  <testcase classname="cfo.Mgmt" name="UsageReport" time="0.000">
    <skipped/>
  </testcase> <!-- UsageReport -->
  <system-out/>
  <testcase classname="cfo.Mgmt" name="ComplianceDocuments" time="0.000">
    <skipped/>
  </testcase> <!-- ComplianceDocuments -->
  <system-out/>
  <testcase classname="cfo.Mgmt" name="ComplianceDocumentsIN" time="0.000">
    <skipped/>
  </testcase> <!-- ComplianceDocumentsIN -->
  <system-out/>
  <testcase classname="cfo.Mgmt" name="CriticalDocuments" time="0.000">
    <skipped/>
  </testcase> <!-- CriticalDocuments -->
  <system-out/>
  <testcase classname="cfo.Mgmt" name="ActDocuments" time="0.000">
    <skipped/>
  </testcase> <!-- ActDocuments -->
  <system-out/>
  <testcase classname="cfo.Mgmt" name="DetailedReport" time="0.000">
    <skipped/>
  </testcase> <!-- DetailedReport -->
  <system-out/>
  <testcase classname="cfo.Mgmt" name="DetailedReportIn" time="0.000">
    <skipped/>
  </testcase> <!-- DetailedReportIn -->
  <system-out/>
  <testcase classname="cfo.Mgmt" name="DetailedReportFilterMgmt" time="0.000">
    <skipped/>
  </testcase> <!-- DetailedReportFilterMgmt -->
  <system-out/>
  <testcase classname="cfo.Mgmt" name="AssignmentReport" time="0.000">
    <skipped/>
  </testcase> <!-- AssignmentReport -->
  <system-out/>
  <testcase classname="cfo.Mgmt" name="MyNotifications" time="0.000">
    <skipped/>
  </testcase> <!-- MyNotifications -->
  <system-out/>
  <testcase classname="cfo.Mgmt" name="MessageCenter" time="0.000">
    <skipped/>
  </testcase> <!-- MessageCenter -->
  <system-out/>
  <testcase classname="cfo.Mgmt" name="InternalMsg" time="0.000">
    <skipped/>
  </testcase> <!-- InternalMsg -->
  <system-out/>
  <testcase classname="cfo.Mgmt" name="SupportTicket" time="0.000">
    <skipped/>
  </testcase> <!-- SupportTicket -->
  <system-out/>
  <testcase classname="cfo.Mgmt" name="PerformanceSummaryReopen" time="0.000">
    <skipped/>
  </testcase> <!-- PerformanceSummaryReopen -->
  <system-out/>
  <testcase classname="cfo.Mgmt" name="RiskGraphReOpen" time="0.000">
    <skipped/>
  </testcase> <!-- RiskGraphReOpen -->
  <system-out/>
  <testcase classname="cfo.Mgmt" name="WhatsNew" time="0.000">
    <skipped/>
  </testcase> <!-- WhatsNew -->
  <system-out/>
  <testcase classname="cfo.Mgmt" name="MyDashboardClearfilter" time="0.000">
    <skipped/>
  </testcase> <!-- MyDashboardClearfilter -->
  <system-out/>
  <testcase classname="cfo.Mgmt" name="CompletionStatusFilter" time="0.000">
    <skipped/>
  </testcase> <!-- CompletionStatusFilter -->
  <system-out/>
  <testcase classname="cfo.Mgmt" name="NotCompletionStatusFilterMgmt" time="0.000">
    <skipped/>
  </testcase> <!-- NotCompletionStatusFilterMgmt -->
  <system-out/>
  <testcase classname="cfo.Mgmt" name="RiskSummaryFilterM" time="0.000">
    <skipped/>
  </testcase> <!-- RiskSummaryFilterM -->
  <system-out/>
  <testcase classname="cfo.Mgmt" name="DeptSummaryFilterM" time="0.000">
    <skipped/>
  </testcase> <!-- DeptSummaryFilterM -->
  <system-out/>
  <testcase classname="cfo.Mgmt" name="CompletionStatusFilterMgmtPe" time="0.000">
    <skipped/>
  </testcase> <!-- CompletionStatusFilterMgmtPe -->
  <system-out/>
  <testcase classname="cfo.Mgmt" name="NotCompletionStatusFilterMgmtPe" time="0.000">
    <skipped/>
  </testcase> <!-- NotCompletionStatusFilterMgmtPe -->
  <system-out/>
  <testcase classname="cfo.Mgmt" name="SummaryofOverdueSF" time="0.000">
    <skipped/>
  </testcase> <!-- SummaryofOverdueSF -->
  <system-out/>
  <testcase classname="cfo.Mgmt" name="PerformanceSummarySF" time="0.000">
    <skipped/>
  </testcase> <!-- PerformanceSummarySF -->
  <system-out/>
  <testcase classname="cfo.Mgmt" name="RiskSummarySF" time="0.000">
    <skipped/>
  </testcase> <!-- RiskSummarySF -->
  <system-out/>
  <testcase classname="cfo.Mgmt" name="DepartmentSummarySF" time="0.000">
    <skipped/>
  </testcase> <!-- DepartmentSummarySF -->
  <system-out/>
  <testcase classname="cfo.Mgmt" name="PerformerSummaryDueForPeriodSF" time="0.000">
    <skipped/>
  </testcase> <!-- PerformerSummaryDueForPeriodSF -->
  <system-out/>
  <testcase classname="cfo.Mgmt" name="GradingReportSF" time="0.000">
    <skipped/>
  </testcase> <!-- GradingReportSF -->
  <system-out/>
  <testcase classname="cfo.Mgmt" name="DetailedReportSF" time="0.000">
    <skipped/>
  </testcase> <!-- DetailedReportSF -->
  <system-out/>
  <testcase classname="cfo.Mgmt" name="ComplianceDocumentsSF" time="0.000">
    <skipped/>
  </testcase> <!-- ComplianceDocumentsSF -->
  <system-out/>
</testsuite> <!-- cfo.Mgmt -->
