<?xml version="1.0" encoding="UTF-8"?>
<!-- Generated by org.testng.reporters.JUnitReportReporter -->
<testsuite hostname="TRPL-PUN-0115" failures="0" tests="58" name="auditor.AuditorcountStatutory" time="982.345" errors="3" timestamp="2024-07-30T18:16:23 IST" skipped="51">
  <testcase classname="auditor.AuditorcountStatutory" name="DepartmentSummarySF" time="203.523">
    <error message="element not interactable
  (Session info: chrome=127.0.6533.73)
Build info: version: &#039;3.141.0&#039;, revision: &#039;2ecb7d9a&#039;, time: &#039;2018-10-31T20:09:30&#039;
System info: host: &#039;TRPL-PUN-0115&#039;, ip: &#039;172.20.240.1&#039;, os.name: &#039;Windows 10&#039;, os.arch: &#039;amd64&#039;, os.version: &#039;10.0&#039;, java.version: &#039;20&#039;
Driver info: org.openqa.selenium.chrome.ChromeDriver
Capabilities {acceptInsecureCerts: false, browserName: chrome, browserVersion: 127.0.6533.73, chrome: {chromedriverVersion: 127.0.6533.72 (9755e24ca85a..., userDataDir: C:\Users\snehalp\AppData\Lo...}, fedcm:accounts: true, goog:chromeOptions: {debuggerAddress: localhost:61829}, javascriptEnabled: true, networkConnectionEnabled: false, pageLoadStrategy: normal, platform: WINDOWS, platformName: WINDOWS, proxy: Proxy(), setWindowRect: true, strictFileInteractability: false, timeouts: {implicit: 0, pageLoad: 300000, script: 30000}, unhandledPromptBehavior: dismiss and notify, webauthn:extension:credBlob: true, webauthn:extension:largeBlob: true, webauthn:extension:minPinLength: true, webauthn:extension:prf: true, webauthn:virtualAuthenticators: true}
Session ID: 5ebdba4a47281ab082c5a402504d53e2" type="org.openqa.selenium.ElementNotInteractableException">
      <![CDATA[org.openqa.selenium.ElementNotInteractableException: element not interactable
  (Session info: chrome=127.0.6533.73)
Build info: version: '3.141.0', revision: '2ecb7d9a', time: '2018-10-31T20:09:30'
System info: host: 'TRPL-PUN-0115', ip: '172.20.240.1', os.name: 'Windows 10', os.arch: 'amd64', os.version: '10.0', java.version: '20'
Driver info: org.openqa.selenium.chrome.ChromeDriver
Capabilities {acceptInsecureCerts: false, browserName: chrome, browserVersion: 127.0.6533.73, chrome: {chromedriverVersion: 127.0.6533.72 (9755e24ca85a..., userDataDir: C:\Users\snehalp\AppData\Lo...}, fedcm:accounts: true, goog:chromeOptions: {debuggerAddress: localhost:61829}, javascriptEnabled: true, networkConnectionEnabled: false, pageLoadStrategy: normal, platform: WINDOWS, platformName: WINDOWS, proxy: Proxy(), setWindowRect: true, strictFileInteractability: false, timeouts: {implicit: 0, pageLoad: 300000, script: 30000}, unhandledPromptBehavior: dismiss and notify, webauthn:extension:credBlob: true, webauthn:extension:largeBlob: true, webauthn:extension:minPinLength: true, webauthn:extension:prf: true, webauthn:virtualAuthenticators: true}
Session ID: 5ebdba4a47281ab082c5a402504d53e2
at java.base/jdk.internal.reflect.DirectConstructorHandleAccessor.newInstance(DirectConstructorHandleAccessor.java:67)
at java.base/java.lang.reflect.Constructor.newInstanceWithCaller(Constructor.java:500)
at java.base/java.lang.reflect.Constructor.newInstance(Constructor.java:484)
at org.openqa.selenium.remote.http.W3CHttpResponseCodec.createException(W3CHttpResponseCodec.java:187)
at org.openqa.selenium.remote.http.W3CHttpResponseCodec.decode(W3CHttpResponseCodec.java:122)
at org.openqa.selenium.remote.http.W3CHttpResponseCodec.decode(W3CHttpResponseCodec.java:49)
at org.openqa.selenium.remote.HttpCommandExecutor.execute(HttpCommandExecutor.java:158)
at org.openqa.selenium.remote.service.DriverCommandExecutor.execute(DriverCommandExecutor.java:83)
at org.openqa.selenium.remote.RemoteWebDriver.execute(RemoteWebDriver.java:552)
at org.openqa.selenium.remote.RemoteWebElement.execute(RemoteWebElement.java:285)
at org.openqa.selenium.remote.RemoteWebElement.click(RemoteWebElement.java:84)
at auditor.AuditorcountPOM.DepartmentSummarySF(AuditorcountPOM.java:5123)
at auditor.AuditorcountStatutory.DepartmentSummarySF(AuditorcountStatutory.java:3417)
at java.base/jdk.internal.reflect.DirectMethodHandleAccessor.invoke(DirectMethodHandleAccessor.java:104)
at java.base/java.lang.reflect.Method.invoke(Method.java:578)
at org.testng.internal.MethodInvocationHelper.invokeMethod(MethodInvocationHelper.java:133)
at org.testng.internal.TestInvoker.invokeMethod(TestInvoker.java:598)
at org.testng.internal.TestInvoker.invokeTestMethod(TestInvoker.java:173)
at org.testng.internal.MethodRunner.runInSequence(MethodRunner.java:46)
at org.testng.internal.TestInvoker$MethodInvocationAgent.invoke(TestInvoker.java:824)
at org.testng.internal.TestInvoker.invokeTestMethods(TestInvoker.java:146)
at org.testng.internal.TestMethodWorker.invokeTestMethods(TestMethodWorker.java:146)
at org.testng.internal.TestMethodWorker.run(TestMethodWorker.java:128)
at java.base/java.util.ArrayList.forEach(ArrayList.java:1511)
at org.testng.TestRunner.privateRun(TestRunner.java:794)
at org.testng.TestRunner.run(TestRunner.java:596)
at org.testng.SuiteRunner.runTest(SuiteRunner.java:377)
at org.testng.SuiteRunner.runSequentially(SuiteRunner.java:371)
at org.testng.SuiteRunner.privateRun(SuiteRunner.java:332)
at org.testng.SuiteRunner.run(SuiteRunner.java:276)
at org.testng.SuiteRunnerWorker.runSuite(SuiteRunnerWorker.java:53)
at org.testng.SuiteRunnerWorker.run(SuiteRunnerWorker.java:96)
at org.testng.TestNG.runSuitesSequentially(TestNG.java:1212)
at org.testng.TestNG.runSuitesLocally(TestNG.java:1134)
at org.testng.TestNG.runSuites(TestNG.java:1063)
at org.testng.TestNG.run(TestNG.java:1031)
at org.testng.remote.AbstractRemoteTestNG.run(AbstractRemoteTestNG.java:115)
at org.testng.remote.RemoteTestNG.initAndRun(RemoteTestNG.java:251)
at org.testng.remote.RemoteTestNG.main(RemoteTestNG.java:77)
]]>
    </error>
  </testcase> <!-- DepartmentSummarySF -->
  <system-out/>
  <testcase classname="auditor.AuditorcountStatutory" name="PerformerSummaryDueForPeriodSF" time="233.402">
    <error message="element not interactable
  (Session info: chrome=127.0.6533.73)
Build info: version: &#039;3.141.0&#039;, revision: &#039;2ecb7d9a&#039;, time: &#039;2018-10-31T20:09:30&#039;
System info: host: &#039;TRPL-PUN-0115&#039;, ip: &#039;172.20.240.1&#039;, os.name: &#039;Windows 10&#039;, os.arch: &#039;amd64&#039;, os.version: &#039;10.0&#039;, java.version: &#039;20&#039;
Driver info: org.openqa.selenium.chrome.ChromeDriver
Capabilities {acceptInsecureCerts: false, browserName: chrome, browserVersion: 127.0.6533.73, chrome: {chromedriverVersion: 127.0.6533.72 (9755e24ca85a..., userDataDir: C:\Users\snehalp\AppData\Lo...}, fedcm:accounts: true, goog:chromeOptions: {debuggerAddress: localhost:62018}, javascriptEnabled: true, networkConnectionEnabled: false, pageLoadStrategy: normal, platform: WINDOWS, platformName: WINDOWS, proxy: Proxy(), setWindowRect: true, strictFileInteractability: false, timeouts: {implicit: 0, pageLoad: 300000, script: 30000}, unhandledPromptBehavior: dismiss and notify, webauthn:extension:credBlob: true, webauthn:extension:largeBlob: true, webauthn:extension:minPinLength: true, webauthn:extension:prf: true, webauthn:virtualAuthenticators: true}
Session ID: c83596fff9f98878c43da7e1df8fb4a0" type="org.openqa.selenium.ElementNotInteractableException">
      <![CDATA[org.openqa.selenium.ElementNotInteractableException: element not interactable
  (Session info: chrome=127.0.6533.73)
Build info: version: '3.141.0', revision: '2ecb7d9a', time: '2018-10-31T20:09:30'
System info: host: 'TRPL-PUN-0115', ip: '172.20.240.1', os.name: 'Windows 10', os.arch: 'amd64', os.version: '10.0', java.version: '20'
Driver info: org.openqa.selenium.chrome.ChromeDriver
Capabilities {acceptInsecureCerts: false, browserName: chrome, browserVersion: 127.0.6533.73, chrome: {chromedriverVersion: 127.0.6533.72 (9755e24ca85a..., userDataDir: C:\Users\snehalp\AppData\Lo...}, fedcm:accounts: true, goog:chromeOptions: {debuggerAddress: localhost:62018}, javascriptEnabled: true, networkConnectionEnabled: false, pageLoadStrategy: normal, platform: WINDOWS, platformName: WINDOWS, proxy: Proxy(), setWindowRect: true, strictFileInteractability: false, timeouts: {implicit: 0, pageLoad: 300000, script: 30000}, unhandledPromptBehavior: dismiss and notify, webauthn:extension:credBlob: true, webauthn:extension:largeBlob: true, webauthn:extension:minPinLength: true, webauthn:extension:prf: true, webauthn:virtualAuthenticators: true}
Session ID: c83596fff9f98878c43da7e1df8fb4a0
at java.base/jdk.internal.reflect.DirectConstructorHandleAccessor.newInstance(DirectConstructorHandleAccessor.java:67)
at java.base/java.lang.reflect.Constructor.newInstanceWithCaller(Constructor.java:500)
at java.base/java.lang.reflect.Constructor.newInstance(Constructor.java:484)
at org.openqa.selenium.remote.http.W3CHttpResponseCodec.createException(W3CHttpResponseCodec.java:187)
at org.openqa.selenium.remote.http.W3CHttpResponseCodec.decode(W3CHttpResponseCodec.java:122)
at org.openqa.selenium.remote.http.W3CHttpResponseCodec.decode(W3CHttpResponseCodec.java:49)
at org.openqa.selenium.remote.HttpCommandExecutor.execute(HttpCommandExecutor.java:158)
at org.openqa.selenium.remote.service.DriverCommandExecutor.execute(DriverCommandExecutor.java:83)
at org.openqa.selenium.remote.RemoteWebDriver.execute(RemoteWebDriver.java:552)
at org.openqa.selenium.remote.RemoteWebElement.execute(RemoteWebElement.java:285)
at org.openqa.selenium.remote.RemoteWebElement.click(RemoteWebElement.java:84)
at auditor.AuditorcountPOM.PerformerSummaryDueForPeriodSF(AuditorcountPOM.java:5204)
at auditor.AuditorcountStatutory.PerformerSummaryDueForPeriodSF(AuditorcountStatutory.java:3428)
at java.base/jdk.internal.reflect.DirectMethodHandleAccessor.invoke(DirectMethodHandleAccessor.java:104)
at java.base/java.lang.reflect.Method.invoke(Method.java:578)
at org.testng.internal.MethodInvocationHelper.invokeMethod(MethodInvocationHelper.java:133)
at org.testng.internal.TestInvoker.invokeMethod(TestInvoker.java:598)
at org.testng.internal.TestInvoker.invokeTestMethod(TestInvoker.java:173)
at org.testng.internal.MethodRunner.runInSequence(MethodRunner.java:46)
at org.testng.internal.TestInvoker$MethodInvocationAgent.invoke(TestInvoker.java:824)
at org.testng.internal.TestInvoker.invokeTestMethods(TestInvoker.java:146)
at org.testng.internal.TestMethodWorker.invokeTestMethods(TestMethodWorker.java:146)
at org.testng.internal.TestMethodWorker.run(TestMethodWorker.java:128)
at java.base/java.util.ArrayList.forEach(ArrayList.java:1511)
at org.testng.TestRunner.privateRun(TestRunner.java:794)
at org.testng.TestRunner.run(TestRunner.java:596)
at org.testng.SuiteRunner.runTest(SuiteRunner.java:377)
at org.testng.SuiteRunner.runSequentially(SuiteRunner.java:371)
at org.testng.SuiteRunner.privateRun(SuiteRunner.java:332)
at org.testng.SuiteRunner.run(SuiteRunner.java:276)
at org.testng.SuiteRunnerWorker.runSuite(SuiteRunnerWorker.java:53)
at org.testng.SuiteRunnerWorker.run(SuiteRunnerWorker.java:96)
at org.testng.TestNG.runSuitesSequentially(TestNG.java:1212)
at org.testng.TestNG.runSuitesLocally(TestNG.java:1134)
at org.testng.TestNG.runSuites(TestNG.java:1063)
at org.testng.TestNG.run(TestNG.java:1031)
at org.testng.remote.AbstractRemoteTestNG.run(AbstractRemoteTestNG.java:115)
at org.testng.remote.RemoteTestNG.initAndRun(RemoteTestNG.java:251)
at org.testng.remote.RemoteTestNG.main(RemoteTestNG.java:77)
]]>
    </error>
  </testcase> <!-- PerformerSummaryDueForPeriodSF -->
  <system-out/>
  <testcase classname="auditor.AuditorcountStatutory" name="Login" time="100.763">
    <error message="no such window: target window already closed
from unknown error: web view not found
  (Session info: chrome=127.0.6533.73)
Build info: version: &#039;3.141.0&#039;, revision: &#039;2ecb7d9a&#039;, time: &#039;2018-10-31T20:09:30&#039;
System info: host: &#039;TRPL-PUN-0115&#039;, ip: &#039;172.20.240.1&#039;, os.name: &#039;Windows 10&#039;, os.arch: &#039;amd64&#039;, os.version: &#039;10.0&#039;, java.version: &#039;20&#039;
Driver info: org.openqa.selenium.chrome.ChromeDriver
Capabilities {acceptInsecureCerts: false, browserName: chrome, browserVersion: 127.0.6533.73, chrome: {chromedriverVersion: 127.0.6533.72 (9755e24ca85a..., userDataDir: C:\Users\snehalp\AppData\Lo...}, fedcm:accounts: true, goog:chromeOptions: {debuggerAddress: localhost:62507}, javascriptEnabled: true, networkConnectionEnabled: false, pageLoadStrategy: normal, platform: WINDOWS, platformName: WINDOWS, proxy: Proxy(), setWindowRect: true, strictFileInteractability: false, timeouts: {implicit: 0, pageLoad: 300000, script: 30000}, unhandledPromptBehavior: dismiss and notify, webauthn:extension:credBlob: true, webauthn:extension:largeBlob: true, webauthn:extension:minPinLength: true, webauthn:extension:prf: true, webauthn:virtualAuthenticators: true}
Session ID: 4b360ef69ca639913c1b8668f8aad232
*** Element info: {Using=xpath, value=//div[@id=&#039;dvbtnCompliance&#039;]/div[1]/img}" type="org.openqa.selenium.NoSuchWindowException">
      <![CDATA[org.openqa.selenium.NoSuchWindowException: no such window: target window already closed
from unknown error: web view not found
  (Session info: chrome=127.0.6533.73)
Build info: version: '3.141.0', revision: '2ecb7d9a', time: '2018-10-31T20:09:30'
System info: host: 'TRPL-PUN-0115', ip: '172.20.240.1', os.name: 'Windows 10', os.arch: 'amd64', os.version: '10.0', java.version: '20'
Driver info: org.openqa.selenium.chrome.ChromeDriver
Capabilities {acceptInsecureCerts: false, browserName: chrome, browserVersion: 127.0.6533.73, chrome: {chromedriverVersion: 127.0.6533.72 (9755e24ca85a..., userDataDir: C:\Users\snehalp\AppData\Lo...}, fedcm:accounts: true, goog:chromeOptions: {debuggerAddress: localhost:62507}, javascriptEnabled: true, networkConnectionEnabled: false, pageLoadStrategy: normal, platform: WINDOWS, platformName: WINDOWS, proxy: Proxy(), setWindowRect: true, strictFileInteractability: false, timeouts: {implicit: 0, pageLoad: 300000, script: 30000}, unhandledPromptBehavior: dismiss and notify, webauthn:extension:credBlob: true, webauthn:extension:largeBlob: true, webauthn:extension:minPinLength: true, webauthn:extension:prf: true, webauthn:virtualAuthenticators: true}
Session ID: 4b360ef69ca639913c1b8668f8aad232
*** Element info: {Using=xpath, value=//div[@id='dvbtnCompliance']/div[1]/img}
at java.base/jdk.internal.reflect.DirectConstructorHandleAccessor.newInstance(DirectConstructorHandleAccessor.java:67)
at java.base/java.lang.reflect.Constructor.newInstanceWithCaller(Constructor.java:500)
at java.base/java.lang.reflect.Constructor.newInstance(Constructor.java:484)
at org.openqa.selenium.remote.http.W3CHttpResponseCodec.createException(W3CHttpResponseCodec.java:187)
at org.openqa.selenium.remote.http.W3CHttpResponseCodec.decode(W3CHttpResponseCodec.java:122)
at org.openqa.selenium.remote.http.W3CHttpResponseCodec.decode(W3CHttpResponseCodec.java:49)
at org.openqa.selenium.remote.HttpCommandExecutor.execute(HttpCommandExecutor.java:158)
at org.openqa.selenium.remote.service.DriverCommandExecutor.execute(DriverCommandExecutor.java:83)
at org.openqa.selenium.remote.RemoteWebDriver.execute(RemoteWebDriver.java:552)
at org.openqa.selenium.remote.RemoteWebDriver.findElement(RemoteWebDriver.java:323)
at org.openqa.selenium.remote.RemoteWebDriver.findElementByXPath(RemoteWebDriver.java:428)
at org.openqa.selenium.By$ByXPath.findElement(By.java:353)
at org.openqa.selenium.remote.RemoteWebDriver.findElement(RemoteWebDriver.java:315)
at login.LoginPOM.clickComplicane(LoginPOM.java:112)
at login.Login.UserLogin(Login.java:360)
at login.BasePage.initialization(BasePage.java:208)
at auditor.AuditorcountStatutory.Login(AuditorcountStatutory.java:92)
at java.base/jdk.internal.reflect.DirectMethodHandleAccessor.invoke(DirectMethodHandleAccessor.java:104)
at java.base/java.lang.reflect.Method.invoke(Method.java:578)
at org.testng.internal.MethodInvocationHelper.invokeMethod(MethodInvocationHelper.java:133)
at org.testng.internal.MethodInvocationHelper.invokeMethodConsideringTimeout(MethodInvocationHelper.java:62)
at org.testng.internal.ConfigInvoker.invokeConfigurationMethod(ConfigInvoker.java:385)
at org.testng.internal.ConfigInvoker.invokeConfigurations(ConfigInvoker.java:321)
at org.testng.internal.TestInvoker.runConfigMethods(TestInvoker.java:700)
at org.testng.internal.TestInvoker.invokeMethod(TestInvoker.java:527)
at org.testng.internal.TestInvoker.invokeTestMethod(TestInvoker.java:173)
at org.testng.internal.MethodRunner.runInSequence(MethodRunner.java:46)
at org.testng.internal.TestInvoker$MethodInvocationAgent.invoke(TestInvoker.java:824)
at org.testng.internal.TestInvoker.invokeTestMethods(TestInvoker.java:146)
at org.testng.internal.TestMethodWorker.invokeTestMethods(TestMethodWorker.java:146)
at org.testng.internal.TestMethodWorker.run(TestMethodWorker.java:128)
at java.base/java.util.ArrayList.forEach(ArrayList.java:1511)
at org.testng.TestRunner.privateRun(TestRunner.java:794)
at org.testng.TestRunner.run(TestRunner.java:596)
at org.testng.SuiteRunner.runTest(SuiteRunner.java:377)
at org.testng.SuiteRunner.runSequentially(SuiteRunner.java:371)
at org.testng.SuiteRunner.privateRun(SuiteRunner.java:332)
at org.testng.SuiteRunner.run(SuiteRunner.java:276)
at org.testng.SuiteRunnerWorker.runSuite(SuiteRunnerWorker.java:53)
at org.testng.SuiteRunnerWorker.run(SuiteRunnerWorker.java:96)
at org.testng.TestNG.runSuitesSequentially(TestNG.java:1212)
at org.testng.TestNG.runSuitesLocally(TestNG.java:1134)
at org.testng.TestNG.runSuites(TestNG.java:1063)
at org.testng.TestNG.run(TestNG.java:1031)
at org.testng.remote.AbstractRemoteTestNG.run(AbstractRemoteTestNG.java:115)
at org.testng.remote.RemoteTestNG.initAndRun(RemoteTestNG.java:251)
at org.testng.remote.RemoteTestNG.main(RemoteTestNG.java:77)
]]>
    </error>
  </testcase> <!-- Login -->
  <system-out/>
  <testcase classname="auditor.AuditorcountStatutory" name="DailyUpdates" time="145.292"/>
  <system-out/>
  <testcase classname="auditor.AuditorcountStatutory" name="NewsLetter" time="127.237"/>
  <system-out/>
  <testcase classname="auditor.AuditorcountStatutory" name="AssignmentReportFilter" time="146.452"/>
  <system-out/>
  <testcase classname="auditor.AuditorcountStatutory" name="ActRepository" time="25.676"/>
  <system-out/>
  <testcase classname="auditor.AuditorcountStatutory" name="ComplianceIDFilterEBAU" time="0.000">
    <skipped/>
  </testcase> <!-- ComplianceIDFilterEBAU -->
  <system-out/>
  <testcase classname="auditor.AuditorcountStatutory" name="ComplianceIDFilterINAu" time="0.000">
    <skipped/>
  </testcase> <!-- ComplianceIDFilterINAu -->
  <system-out/>
  <testcase classname="auditor.AuditorcountStatutory" name="ComplianceIDFilter1Invalid" time="0.000">
    <skipped/>
  </testcase> <!-- ComplianceIDFilter1Invalid -->
  <system-out/>
  <testcase classname="auditor.AuditorcountStatutory" name="ComplianceIDFilterEBInvalid" time="0.000">
    <skipped/>
  </testcase> <!-- ComplianceIDFilterEBInvalid -->
  <system-out/>
  <testcase classname="auditor.AuditorcountStatutory" name="ComplianceIDFilterINInvalid" time="0.000">
    <skipped/>
  </testcase> <!-- ComplianceIDFilterINInvalid -->
  <system-out/>
  <testcase classname="auditor.AuditorcountStatutory" name="MyNotifications" time="0.000">
    <skipped/>
  </testcase> <!-- MyNotifications -->
  <system-out/>
  <testcase classname="auditor.AuditorcountStatutory" name="MessageCenter" time="0.000">
    <skipped/>
  </testcase> <!-- MessageCenter -->
  <system-out/>
  <testcase classname="auditor.AuditorcountStatutory" name="InternalMsg" time="0.000">
    <skipped/>
  </testcase> <!-- InternalMsg -->
  <system-out/>
  <testcase classname="auditor.AuditorcountStatutory" name="SupportTicket" time="0.000">
    <skipped/>
  </testcase> <!-- SupportTicket -->
  <system-out/>
  <testcase classname="auditor.AuditorcountStatutory" name="WhatsNew" time="0.000">
    <skipped/>
  </testcase> <!-- WhatsNew -->
  <system-out/>
  <testcase classname="auditor.AuditorcountStatutory" name="CompletedPFR_PieChartApAu" time="0.000">
    <skipped/>
  </testcase> <!-- CompletedPFR_PieChartApAu -->
  <system-out/>
  <testcase classname="auditor.AuditorcountStatutory" name="NotCompletedPFR_PieChartApAu" time="0.000">
    <skipped/>
  </testcase> <!-- NotCompletedPFR_PieChartApAu -->
  <system-out/>
  <testcase classname="auditor.AuditorcountStatutory" name="RiskSummaryHighStatutoryApAu" time="0.000">
    <skipped/>
  </testcase> <!-- RiskSummaryHighStatutoryApAu -->
  <system-out/>
  <testcase classname="auditor.AuditorcountStatutory" name="DepartSummaryStatutoryApAppAu" time="0.000">
    <skipped/>
  </testcase> <!-- DepartSummaryStatutoryApAppAu -->
  <system-out/>
  <testcase classname="auditor.AuditorcountStatutory" name="Completed_PieChartPeriodAP" time="0.000">
    <skipped/>
  </testcase> <!-- Completed_PieChartPeriodAP -->
  <system-out/>
  <testcase classname="auditor.AuditorcountStatutory" name="NotCompleted_PieChartPeriodAP" time="0.000">
    <skipped/>
  </testcase> <!-- NotCompleted_PieChartPeriodAP -->
  <system-out/>
  <testcase classname="auditor.AuditorcountStatutory" name="DetailedReportAPAu" time="0.000">
    <skipped/>
  </testcase> <!-- DetailedReportAPAu -->
  <system-out/>
  <testcase classname="auditor.AuditorcountStatutory" name="CompletedPFR_PieChartMp" time="0.000">
    <skipped/>
  </testcase> <!-- CompletedPFR_PieChartMp -->
  <system-out/>
  <testcase classname="auditor.AuditorcountStatutory" name="CompletedPFR_PieChartMpView" time="0.000">
    <skipped/>
  </testcase> <!-- CompletedPFR_PieChartMpView -->
  <system-out/>
  <testcase classname="auditor.AuditorcountStatutory" name="RiskSummaryMp" time="0.000">
    <skipped/>
  </testcase> <!-- RiskSummaryMp -->
  <system-out/>
  <testcase classname="auditor.AuditorcountStatutory" name="RiskSummaryMpView" time="0.000">
    <skipped/>
  </testcase> <!-- RiskSummaryMpView -->
  <system-out/>
  <testcase classname="auditor.AuditorcountStatutory" name="DeptSummaryMp" time="0.000">
    <skipped/>
  </testcase> <!-- DeptSummaryMp -->
  <system-out/>
  <testcase classname="auditor.AuditorcountStatutory" name="DeptSummaryMpView" time="0.000">
    <skipped/>
  </testcase> <!-- DeptSummaryMpView -->
  <system-out/>
  <testcase classname="auditor.AuditorcountStatutory" name="DFPCompletedPFR_PieChartMp" time="0.000">
    <skipped/>
  </testcase> <!-- DFPCompletedPFR_PieChartMp -->
  <system-out/>
  <testcase classname="auditor.AuditorcountStatutory" name="DFPCompletedPFR_PieChartMpView" time="0.000">
    <skipped/>
  </testcase> <!-- DFPCompletedPFR_PieChartMpView -->
  <system-out/>
  <testcase classname="auditor.AuditorcountStatutory" name="CompletedPFR_PieChartMpSC" time="0.000">
    <skipped/>
  </testcase> <!-- CompletedPFR_PieChartMpSC -->
  <system-out/>
  <testcase classname="auditor.AuditorcountStatutory" name="DetailedReportFilter" time="0.000">
    <skipped/>
  </testcase> <!-- DetailedReportFilter -->
  <system-out/>
  <testcase classname="auditor.AuditorcountStatutory" name="CompletedPFR_PieChartMpViewSC" time="0.000">
    <skipped/>
  </testcase> <!-- CompletedPFR_PieChartMpViewSC -->
  <system-out/>
  <testcase classname="auditor.AuditorcountStatutory" name="RiskSummaryMpSC" time="0.000">
    <skipped/>
  </testcase> <!-- RiskSummaryMpSC -->
  <system-out/>
  <testcase classname="auditor.AuditorcountStatutory" name="RiskSummaryMpViewSC" time="0.000">
    <skipped/>
  </testcase> <!-- RiskSummaryMpViewSC -->
  <system-out/>
  <testcase classname="auditor.AuditorcountStatutory" name="DeptSummaryMpSC" time="0.000">
    <skipped/>
  </testcase> <!-- DeptSummaryMpSC -->
  <system-out/>
  <testcase classname="auditor.AuditorcountStatutory" name="DeptSummaryMpViewSC" time="0.000">
    <skipped/>
  </testcase> <!-- DeptSummaryMpViewSC -->
  <system-out/>
  <testcase classname="auditor.AuditorcountStatutory" name="DFPCompletedPFR_PieChartMpSC" time="0.000">
    <skipped/>
  </testcase> <!-- DFPCompletedPFR_PieChartMpSC -->
  <system-out/>
  <testcase classname="auditor.AuditorcountStatutory" name="DFPCompletedPFR_PieChartMpViewSC" time="0.000">
    <skipped/>
  </testcase> <!-- DFPCompletedPFR_PieChartMpViewSC -->
  <system-out/>
  <testcase classname="auditor.AuditorcountStatutory" name="ActDocuments" time="0.000">
    <skipped/>
  </testcase> <!-- ActDocuments -->
  <system-out/>
  <testcase classname="auditor.AuditorcountStatutory" name="CompletedPFR_PieChartMpIn" time="0.000">
    <skipped/>
  </testcase> <!-- CompletedPFR_PieChartMpIn -->
  <system-out/>
  <testcase classname="auditor.AuditorcountStatutory" name="CompletedPFR_PieChartMpViewIn" time="0.000">
    <skipped/>
  </testcase> <!-- CompletedPFR_PieChartMpViewIn -->
  <system-out/>
  <testcase classname="auditor.AuditorcountStatutory" name="RiskSummaryMpIn" time="0.000">
    <skipped/>
  </testcase> <!-- RiskSummaryMpIn -->
  <system-out/>
  <testcase classname="auditor.AuditorcountStatutory" name="RiskSummaryMpViewIn" time="0.000">
    <skipped/>
  </testcase> <!-- RiskSummaryMpViewIn -->
  <system-out/>
  <testcase classname="auditor.AuditorcountStatutory" name="DFPCompletedPFR_PieChartMpIn" time="0.000">
    <skipped/>
  </testcase> <!-- DFPCompletedPFR_PieChartMpIn -->
  <system-out/>
  <testcase classname="auditor.AuditorcountStatutory" name="DFPCompletedPFR_PieChartMpViewIn" time="0.000">
    <skipped/>
  </testcase> <!-- DFPCompletedPFR_PieChartMpViewIn -->
  <system-out/>
  <testcase classname="auditor.AuditorcountStatutory" name="DeviationApproverColPSAu" time="0.000">
    <skipped/>
  </testcase> <!-- DeviationApproverColPSAu -->
  <system-out/>
  <testcase classname="auditor.AuditorcountStatutory" name="DeviationApproverColRSAu" time="0.000">
    <skipped/>
  </testcase> <!-- DeviationApproverColRSAu -->
  <system-out/>
  <testcase classname="auditor.AuditorcountStatutory" name="DeviationApproverColDSAu" time="0.000">
    <skipped/>
  </testcase> <!-- DeviationApproverColDSAu -->
  <system-out/>
  <testcase classname="auditor.AuditorcountStatutory" name="DeviationApproverColPSDFPAu" time="0.000">
    <skipped/>
  </testcase> <!-- DeviationApproverColPSDFPAu -->
  <system-out/>
  <testcase classname="auditor.AuditorcountStatutory" name="ComplianceDocumentsDAM" time="0.000">
    <skipped/>
  </testcase> <!-- ComplianceDocumentsDAM -->
  <system-out/>
  <testcase classname="auditor.AuditorcountStatutory" name="DeviationApproverColCDAPP" time="0.000">
    <skipped/>
  </testcase> <!-- DeviationApproverColCDAPP -->
  <system-out/>
  <testcase classname="auditor.AuditorcountStatutory" name="DeviationClosureStatuscolCD" time="0.000">
    <skipped/>
  </testcase> <!-- DeviationClosureStatuscolCD -->
  <system-out/>
  <testcase classname="auditor.AuditorcountStatutory" name="DetailedReportDA" time="0.000">
    <skipped/>
  </testcase> <!-- DetailedReportDA -->
  <system-out/>
  <testcase classname="auditor.AuditorcountStatutory" name="PerformanceSummarySF" time="0.000">
    <skipped/>
  </testcase> <!-- PerformanceSummarySF -->
  <system-out/>
  <testcase classname="auditor.AuditorcountStatutory" name="RiskSummarySF" time="0.000">
    <skipped/>
  </testcase> <!-- RiskSummarySF -->
  <system-out/>
</testsuite> <!-- auditor.AuditorcountStatutory -->
