<?xml version="1.0" encoding="UTF-8"?>
<!-- Generated by org.testng.reporters.JUnitReportReporter -->
<testsuite hostname="DESKTOP-7MK4EF7" failures="0" tests="1" name="complianceCertificateOfficer.ComplianceCertificateOfficerTest" time="87.819" errors="0" timestamp="2023-08-21T15:22:16 IST" skipped="0">
  <testcase classname="complianceCertificateOfficer.ComplianceCertificateOfficerTest" name="WhatsNew" time="87.819"/>
  <system-out/>
</testsuite> <!-- complianceCertificateOfficer.ComplianceCertificateOfficerTest -->
