<?xml version="1.0" encoding="UTF-8"?>
<!-- Generated by org.testng.reporters.JUnitReportReporter -->
<testsuite hostname="TRPL-PUN-0125" failures="0" tests="66" name="cfo.Mgmt" time="237.219" errors="1" timestamp="2024-10-04T17:30:05 IST" skipped="65">
  <testcase classname="cfo.Mgmt" name="PenaltyMultipleFilterInterest" time="0.000">
    <skipped/>
  </testcase> <!-- PenaltyMultipleFilterInterest -->
  <testcase classname="cfo.Mgmt" name="Login" time="237.214">
    <error message="element click intercepted: Element &lt;label style=&quot;font-weight: bold;color: blue; cursor: pointer;&quot;&gt;...&lt;/label&gt; is not clickable at point (1208, 134). Other element would receive the click: &lt;div class=&quot;modal fade in&quot; id=&quot;divNotification&quot; tabindex=&quot;-1&quot; role=&quot;dialog&quot; aria-labelledby=&quot;myModalLabel1&quot; aria-hidden=&quot;true&quot; style=&quot;display: block; padding-right: 0px;&quot;&gt;...&lt;/div&gt;
  (Session info: chrome=129.0.6668.90)
Build info: version: &#039;3.141.0&#039;, revision: &#039;2ecb7d9a&#039;, time: &#039;2018-10-31T20:09:30&#039;
System info: host: &#039;TRPL-PUN-0125&#039;, ip: &#039;192.168.31.67&#039;, os.name: &#039;Windows 10&#039;, os.arch: &#039;amd64&#039;, os.version: &#039;10.0&#039;, java.version: &#039;17.0.9&#039;
Driver info: org.openqa.selenium.chrome.ChromeDriver
Capabilities {acceptInsecureCerts: false, browserName: chrome, browserVersion: 129.0.6668.90, chrome: {chromedriverVersion: 129.0.6668.58 (81a06fb873a9..., userDataDir: C:\Users\shitalb\AppData\Lo...}, fedcm:accounts: true, goog:chromeOptions: {debuggerAddress: localhost:56166}, javascriptEnabled: true, networkConnectionEnabled: false, pageLoadStrategy: normal, platform: WINDOWS, platformName: WINDOWS, proxy: Proxy(), setWindowRect: true, strictFileInteractability: false, timeouts: {implicit: 0, pageLoad: 300000, script: 30000}, unhandledPromptBehavior: dismiss and notify, webauthn:extension:credBlob: true, webauthn:extension:largeBlob: true, webauthn:extension:minPinLength: true, webauthn:extension:prf: true, webauthn:virtualAuthenticators: true}
Session ID: 0555241688fbde5598f4b4959add627f" type="org.openqa.selenium.ElementClickInterceptedException">
      <![CDATA[org.openqa.selenium.ElementClickInterceptedException: element click intercepted: Element <label style="font-weight: bold;color: blue; cursor: pointer;">...</label> is not clickable at point (1208, 134). Other element would receive the click: <div class="modal fade in" id="divNotification" tabindex="-1" role="dialog" aria-labelledby="myModalLabel1" aria-hidden="true" style="display: block; padding-right: 0px;">...</div>
  (Session info: chrome=129.0.6668.90)
Build info: version: '3.141.0', revision: '2ecb7d9a', time: '2018-10-31T20:09:30'
System info: host: 'TRPL-PUN-0125', ip: '192.168.31.67', os.name: 'Windows 10', os.arch: 'amd64', os.version: '10.0', java.version: '17.0.9'
Driver info: org.openqa.selenium.chrome.ChromeDriver
Capabilities {acceptInsecureCerts: false, browserName: chrome, browserVersion: 129.0.6668.90, chrome: {chromedriverVersion: 129.0.6668.58 (81a06fb873a9..., userDataDir: C:\Users\shitalb\AppData\Lo...}, fedcm:accounts: true, goog:chromeOptions: {debuggerAddress: localhost:56166}, javascriptEnabled: true, networkConnectionEnabled: false, pageLoadStrategy: normal, platform: WINDOWS, platformName: WINDOWS, proxy: Proxy(), setWindowRect: true, strictFileInteractability: false, timeouts: {implicit: 0, pageLoad: 300000, script: 30000}, unhandledPromptBehavior: dismiss and notify, webauthn:extension:credBlob: true, webauthn:extension:largeBlob: true, webauthn:extension:minPinLength: true, webauthn:extension:prf: true, webauthn:virtualAuthenticators: true}
Session ID: 0555241688fbde5598f4b4959add627f
at java.base/jdk.internal.reflect.NativeConstructorAccessorImpl.newInstance0(Native Method)
at java.base/jdk.internal.reflect.NativeConstructorAccessorImpl.newInstance(NativeConstructorAccessorImpl.java:77)
at java.base/jdk.internal.reflect.DelegatingConstructorAccessorImpl.newInstance(DelegatingConstructorAccessorImpl.java:45)
at java.base/java.lang.reflect.Constructor.newInstanceWithCaller(Constructor.java:499)
at java.base/java.lang.reflect.Constructor.newInstance(Constructor.java:480)
at org.openqa.selenium.remote.http.W3CHttpResponseCodec.createException(W3CHttpResponseCodec.java:187)
at org.openqa.selenium.remote.http.W3CHttpResponseCodec.decode(W3CHttpResponseCodec.java:122)
at org.openqa.selenium.remote.http.W3CHttpResponseCodec.decode(W3CHttpResponseCodec.java:49)
at org.openqa.selenium.remote.HttpCommandExecutor.execute(HttpCommandExecutor.java:158)
at org.openqa.selenium.remote.service.DriverCommandExecutor.execute(DriverCommandExecutor.java:83)
at org.openqa.selenium.remote.RemoteWebDriver.execute(RemoteWebDriver.java:552)
at org.openqa.selenium.remote.RemoteWebElement.execute(RemoteWebElement.java:285)
at org.openqa.selenium.remote.RemoteWebElement.click(RemoteWebElement.java:84)
at login.BasePage.initialization(BasePage.java:250)
at cfo.Mgmt.Login(Mgmt.java:94)
at java.base/jdk.internal.reflect.NativeMethodAccessorImpl.invoke0(Native Method)
at java.base/jdk.internal.reflect.NativeMethodAccessorImpl.invoke(NativeMethodAccessorImpl.java:77)
at java.base/jdk.internal.reflect.DelegatingMethodAccessorImpl.invoke(DelegatingMethodAccessorImpl.java:43)
at java.base/java.lang.reflect.Method.invoke(Method.java:568)
at org.testng.internal.invokers.MethodInvocationHelper.invokeMethod(MethodInvocationHelper.java:139)
at org.testng.internal.invokers.MethodInvocationHelper.invokeMethodConsideringTimeout(MethodInvocationHelper.java:69)
at org.testng.internal.invokers.ConfigInvoker.invokeConfigurationMethod(ConfigInvoker.java:390)
at org.testng.internal.invokers.ConfigInvoker.invokeConfigurations(ConfigInvoker.java:325)
at org.testng.internal.invokers.TestInvoker.runConfigMethods(TestInvoker.java:810)
at org.testng.internal.invokers.TestInvoker.invokeMethod(TestInvoker.java:577)
at org.testng.internal.invokers.TestInvoker.invokeTestMethod(TestInvoker.java:227)
at org.testng.internal.invokers.MethodRunner.runInSequence(MethodRunner.java:50)
at org.testng.internal.invokers.TestInvoker$MethodInvocationAgent.invoke(TestInvoker.java:957)
at org.testng.internal.invokers.TestInvoker.invokeTestMethods(TestInvoker.java:200)
at org.testng.internal.invokers.TestMethodWorker.invokeTestMethods(TestMethodWorker.java:148)
at org.testng.internal.invokers.TestMethodWorker.run(TestMethodWorker.java:128)
at java.base/java.util.ArrayList.forEach(ArrayList.java:1511)
at org.testng.TestRunner.privateRun(TestRunner.java:848)
at org.testng.TestRunner.run(TestRunner.java:621)
at org.testng.SuiteRunner.runTest(SuiteRunner.java:443)
at org.testng.SuiteRunner.runSequentially(SuiteRunner.java:437)
at org.testng.SuiteRunner.privateRun(SuiteRunner.java:397)
at org.testng.SuiteRunner.run(SuiteRunner.java:336)
at org.testng.SuiteRunnerWorker.runSuite(SuiteRunnerWorker.java:52)
at org.testng.SuiteRunnerWorker.run(SuiteRunnerWorker.java:95)
at org.testng.TestNG.runSuitesSequentially(TestNG.java:1280)
at org.testng.TestNG.runSuitesLocally(TestNG.java:1200)
at org.testng.TestNG.runSuites(TestNG.java:1114)
at org.testng.TestNG.run(TestNG.java:1082)
at org.testng.remote.AbstractRemoteTestNG.run(AbstractRemoteTestNG.java:115)
at org.testng.remote.RemoteTestNG.initAndRun(RemoteTestNG.java:251)
at org.testng.remote.RemoteTestNG.main(RemoteTestNG.java:77)
]]>
    </error>
  </testcase> <!-- Login -->
  <testcase classname="cfo.Mgmt" name="SummaryofOverdueFilter" time="0.000">
    <skipped/>
  </testcase> <!-- SummaryofOverdueFilter -->
  <testcase classname="cfo.Mgmt" name="BargraphIndustrySpeCriticalStatutory" time="0.000">
    <skipped/>
  </testcase> <!-- BargraphIndustrySpeCriticalStatutory -->
  <testcase classname="cfo.Mgmt" name="BargraphIndustrySpeHighStatutory" time="0.000">
    <skipped/>
  </testcase> <!-- BargraphIndustrySpeHighStatutory -->
  <testcase classname="cfo.Mgmt" name="BargraphIndustrySpeMediumStatutory" time="0.001">
    <skipped/>
  </testcase> <!-- BargraphIndustrySpeMediumStatutory -->
  <testcase classname="cfo.Mgmt" name="BargraphIndustrySpeLowStatutory" time="0.000">
    <skipped/>
  </testcase> <!-- BargraphIndustrySpeLowStatutory -->
  <testcase classname="cfo.Mgmt" name="RiskSummaryCriticalStatutory" time="0.000">
    <skipped/>
  </testcase> <!-- RiskSummaryCriticalStatutory -->
  <testcase classname="cfo.Mgmt" name="RiskSummaryHighStatutory" time="0.000">
    <skipped/>
  </testcase> <!-- RiskSummaryHighStatutory -->
  <testcase classname="cfo.Mgmt" name="RiskSummaryMediumStatutory" time="0.000">
    <skipped/>
  </testcase> <!-- RiskSummaryMediumStatutory -->
  <testcase classname="cfo.Mgmt" name="RiskSummaryLowStatutory" time="0.000">
    <skipped/>
  </testcase> <!-- RiskSummaryLowStatutory -->
  <testcase classname="cfo.Mgmt" name="DepartmentSummaryHumanResourceStatutory" time="0.001">
    <skipped/>
  </testcase> <!-- DepartmentSummaryHumanResourceStatutory -->
  <testcase classname="cfo.Mgmt" name="NotCompleted_PieChartPeriod" time="0.000">
    <skipped/>
  </testcase> <!-- NotCompleted_PieChartPeriod -->
  <testcase classname="cfo.Mgmt" name="ClosedDelayed_PieChartPeriod" time="0.000">
    <skipped/>
  </testcase> <!-- ClosedDelayed_PieChartPeriod -->
  <testcase classname="cfo.Mgmt" name="ClosedTimely_PieChartPeriod" time="0.000">
    <skipped/>
  </testcase> <!-- ClosedTimely_PieChartPeriod -->
  <testcase classname="cfo.Mgmt" name="NotApplicable_PieChartPeriod" time="0.000">
    <skipped/>
  </testcase> <!-- NotApplicable_PieChartPeriod -->
  <testcase classname="cfo.Mgmt" name="Overdue_PieChartPeriod" time="0.000">
    <skipped/>
  </testcase> <!-- Overdue_PieChartPeriod -->
  <testcase classname="cfo.Mgmt" name="dueToday_PieChartPeriod" time="0.000">
    <skipped/>
  </testcase> <!-- dueToday_PieChartPeriod -->
  <testcase classname="cfo.Mgmt" name="pendingForReview_PieChartPeriod" time="0.000">
    <skipped/>
  </testcase> <!-- pendingForReview_PieChartPeriod -->
  <testcase classname="cfo.Mgmt" name="inProgress_PieChartPeriod" time="0.000">
    <skipped/>
  </testcase> <!-- inProgress_PieChartPeriod -->
  <testcase classname="cfo.Mgmt" name="Upcoming_PieChartPeriod" time="0.000">
    <skipped/>
  </testcase> <!-- Upcoming_PieChartPeriod -->
  <testcase classname="cfo.Mgmt" name="rejected_PieChartPeriod" time="0.000">
    <skipped/>
  </testcase> <!-- rejected_PieChartPeriod -->
  <testcase classname="cfo.Mgmt" name="PenaltySummaryStatutory" time="0.000">
    <skipped/>
  </testcase> <!-- PenaltySummaryStatutory -->
  <testcase classname="cfo.Mgmt" name="GradingReportStatutory" time="0.000">
    <skipped/>
  </testcase> <!-- GradingReportStatutory -->
  <testcase classname="cfo.Mgmt" name="UpcomingFilterMgmt" time="0.000">
    <skipped/>
  </testcase> <!-- UpcomingFilterMgmt -->
  <testcase classname="cfo.Mgmt" name="complianceCalendar" time="0.000">
    <skipped/>
  </testcase> <!-- complianceCalendar -->
  <testcase classname="cfo.Mgmt" name="DailyUpdates" time="0.000">
    <skipped/>
  </testcase> <!-- DailyUpdates -->
  <testcase classname="cfo.Mgmt" name="NewsLetter" time="0.000">
    <skipped/>
  </testcase> <!-- NewsLetter -->
  <testcase classname="cfo.Mgmt" name="ComplianceIDFilterMgmt" time="0.000">
    <skipped/>
  </testcase> <!-- ComplianceIDFilterMgmt -->
  <testcase classname="cfo.Mgmt" name="ComplianceIDFilterEBMgmt" time="0.000">
    <skipped/>
  </testcase> <!-- ComplianceIDFilterEBMgmt -->
  <testcase classname="cfo.Mgmt" name="ComplianceIDFilterINMgmt" time="0.000">
    <skipped/>
  </testcase> <!-- ComplianceIDFilterINMgmt -->
  <testcase classname="cfo.Mgmt" name="ComplianceIDFilter1Invalid" time="0.000">
    <skipped/>
  </testcase> <!-- ComplianceIDFilter1Invalid -->
  <testcase classname="cfo.Mgmt" name="ComplianceIDFilterEBInvalid" time="0.000">
    <skipped/>
  </testcase> <!-- ComplianceIDFilterEBInvalid -->
  <testcase classname="cfo.Mgmt" name="ComplianceIDFilterINInvalid" time="0.000">
    <skipped/>
  </testcase> <!-- ComplianceIDFilterINInvalid -->
  <testcase classname="cfo.Mgmt" name="UsageReport" time="0.000">
    <skipped/>
  </testcase> <!-- UsageReport -->
  <testcase classname="cfo.Mgmt" name="ComplianceDocuments" time="0.000">
    <skipped/>
  </testcase> <!-- ComplianceDocuments -->
  <testcase classname="cfo.Mgmt" name="ComplianceDocumentsIN" time="0.000">
    <skipped/>
  </testcase> <!-- ComplianceDocumentsIN -->
  <testcase classname="cfo.Mgmt" name="CriticalDocuments" time="0.000">
    <skipped/>
  </testcase> <!-- CriticalDocuments -->
  <testcase classname="cfo.Mgmt" name="ActDocuments" time="0.000">
    <skipped/>
  </testcase> <!-- ActDocuments -->
  <testcase classname="cfo.Mgmt" name="DetailedReport" time="0.000">
    <skipped/>
  </testcase> <!-- DetailedReport -->
  <testcase classname="cfo.Mgmt" name="DetailedReportIn" time="0.001">
    <skipped/>
  </testcase> <!-- DetailedReportIn -->
  <testcase classname="cfo.Mgmt" name="DetailedReportFilterMgmt" time="0.000">
    <skipped/>
  </testcase> <!-- DetailedReportFilterMgmt -->
  <testcase classname="cfo.Mgmt" name="AssignmentReport" time="0.000">
    <skipped/>
  </testcase> <!-- AssignmentReport -->
  <testcase classname="cfo.Mgmt" name="MyNotifications" time="0.000">
    <skipped/>
  </testcase> <!-- MyNotifications -->
  <testcase classname="cfo.Mgmt" name="MessageCenter" time="0.000">
    <skipped/>
  </testcase> <!-- MessageCenter -->
  <testcase classname="cfo.Mgmt" name="InternalMsg" time="0.000">
    <skipped/>
  </testcase> <!-- InternalMsg -->
  <testcase classname="cfo.Mgmt" name="SupportTicket" time="0.000">
    <skipped/>
  </testcase> <!-- SupportTicket -->
  <testcase classname="cfo.Mgmt" name="PerformanceSummaryReopen" time="0.000">
    <skipped/>
  </testcase> <!-- PerformanceSummaryReopen -->
  <testcase classname="cfo.Mgmt" name="RiskGraphReOpen" time="0.000">
    <skipped/>
  </testcase> <!-- RiskGraphReOpen -->
  <testcase classname="cfo.Mgmt" name="WhatsNew" time="0.000">
    <skipped/>
  </testcase> <!-- WhatsNew -->
  <testcase classname="cfo.Mgmt" name="MyDashboardClearfilter" time="0.000">
    <skipped/>
  </testcase> <!-- MyDashboardClearfilter -->
  <testcase classname="cfo.Mgmt" name="CompletionStatusFilter" time="0.000">
    <skipped/>
  </testcase> <!-- CompletionStatusFilter -->
  <testcase classname="cfo.Mgmt" name="NotCompletionStatusFilterMgmt" time="0.000">
    <skipped/>
  </testcase> <!-- NotCompletionStatusFilterMgmt -->
  <testcase classname="cfo.Mgmt" name="RiskSummaryFilterM" time="0.000">
    <skipped/>
  </testcase> <!-- RiskSummaryFilterM -->
  <testcase classname="cfo.Mgmt" name="DeptSummaryFilterM" time="0.000">
    <skipped/>
  </testcase> <!-- DeptSummaryFilterM -->
  <testcase classname="cfo.Mgmt" name="CompletionStatusFilterMgmtPe" time="0.000">
    <skipped/>
  </testcase> <!-- CompletionStatusFilterMgmtPe -->
  <testcase classname="cfo.Mgmt" name="NotCompletionStatusFilterMgmtPe" time="0.000">
    <skipped/>
  </testcase> <!-- NotCompletionStatusFilterMgmtPe -->
  <testcase classname="cfo.Mgmt" name="SummaryofOverdueSF" time="0.000">
    <skipped/>
  </testcase> <!-- SummaryofOverdueSF -->
  <testcase classname="cfo.Mgmt" name="PerformanceSummarySF" time="0.001">
    <skipped/>
  </testcase> <!-- PerformanceSummarySF -->
  <testcase classname="cfo.Mgmt" name="RiskSummarySF" time="0.001">
    <skipped/>
  </testcase> <!-- RiskSummarySF -->
  <testcase classname="cfo.Mgmt" name="DepartmentSummarySF" time="0.000">
    <skipped/>
  </testcase> <!-- DepartmentSummarySF -->
  <testcase classname="cfo.Mgmt" name="PerformerSummaryDueForPeriodSF" time="0.000">
    <skipped/>
  </testcase> <!-- PerformerSummaryDueForPeriodSF -->
  <testcase classname="cfo.Mgmt" name="GradingReportSF" time="0.000">
    <skipped/>
  </testcase> <!-- GradingReportSF -->
  <testcase classname="cfo.Mgmt" name="DetailedReportSF" time="0.000">
    <skipped/>
  </testcase> <!-- DetailedReportSF -->
  <testcase classname="cfo.Mgmt" name="PerformReviewEmailCol" time="0.000">
    <skipped/>
  </testcase> <!-- PerformReviewEmailCol -->
  <testcase classname="cfo.Mgmt" name="ComplianceDocumentsSF" time="0.000">
    <skipped/>
  </testcase> <!-- ComplianceDocumentsSF -->
</testsuite> <!-- cfo.Mgmt -->
