<?xml version="1.0" encoding="UTF-8"?>
<!-- Generated by org.testng.reporters.JUnitReportReporter -->
<testsuite skipped="0" hostname="LAPTOP-TBA24BB5" name="lambdatest.LambdaTest" tests="1" failures="0" timestamp="2023-01-17T16:35:44 IST" time="86.674" errors="0">
  <testcase name="Login" time="86.674" classname="lambdatest.LambdaTest"/>
  <system-out/>
</testsuite> <!-- lambdatest.LambdaTest -->
