<?xml version="1.0" encoding="UTF-8"?>
<!-- Generated by org.testng.reporters.JUnitReportReporter -->
<testsuite hostname="TRPL-PUN-0113" failures="0" tests="39" name="criticalTestScripts.AuditorInternal" time="8426.394" errors="1" timestamp="2025-04-20T18:59:05 IST" skipped="15">
  <testcase classname="criticalTestScripts.AuditorInternal" name="Login" time="233.245">
    <error message="no such element: Unable to locate element: {&quot;method&quot;:&quot;xpath&quot;,&quot;selector&quot;:&quot;//input[@placeholder=&#039;Username&#039;]&quot;}
  (Session info: chrome=135.0.7049.96)
For documentation on this error, please visit: http://seleniumhq.org/exceptions/no_such_element.html
Build info: version: &#039;3.141.0&#039;, revision: &#039;2ecb7d9a&#039;, time: &#039;2018-10-31T20:09:30&#039;
System info: host: &#039;TRPL-PUN-0113&#039;, ip: &#039;192.168.1.5&#039;, os.name: &#039;Windows 11&#039;, os.arch: &#039;amd64&#039;, os.version: &#039;10.0&#039;, java.version: &#039;23.0.2&#039;
Driver info: org.openqa.selenium.chrome.ChromeDriver
Capabilities {acceptInsecureCerts: false, browserName: chrome, browserVersion: 135.0.7049.96, chrome: {chromedriverVersion: 135.0.7049.84 (6c019e560019..., userDataDir: C:\Users\mayurig\AppData\Lo...}, fedcm:accounts: true, goog:chromeOptions: {debuggerAddress: localhost:57207}, javascriptEnabled: true, networkConnectionEnabled: false, pageLoadStrategy: normal, platform: WINDOWS, platformName: WINDOWS, proxy: Proxy(), setWindowRect: true, strictFileInteractability: false, timeouts: {implicit: 0, pageLoad: 300000, script: 30000}, unhandledPromptBehavior: dismiss and notify, webauthn:extension:credBlob: true, webauthn:extension:largeBlob: true, webauthn:extension:minPinLength: true, webauthn:extension:prf: true, webauthn:virtualAuthenticators: true}
Session ID: ce2af42d1d31912e9fff2bef5638f23b
*** Element info: {Using=xpath, value=//input[@placeholder=&#039;Username&#039;]}" type="org.openqa.selenium.NoSuchElementException">
      <![CDATA[org.openqa.selenium.NoSuchElementException: no such element: Unable to locate element: {"method":"xpath","selector":"//input[@placeholder='Username']"}
  (Session info: chrome=135.0.7049.96)
For documentation on this error, please visit: http://seleniumhq.org/exceptions/no_such_element.html
Build info: version: '3.141.0', revision: '2ecb7d9a', time: '2018-10-31T20:09:30'
System info: host: 'TRPL-PUN-0113', ip: '192.168.1.5', os.name: 'Windows 11', os.arch: 'amd64', os.version: '10.0', java.version: '23.0.2'
Driver info: org.openqa.selenium.chrome.ChromeDriver
Capabilities {acceptInsecureCerts: false, browserName: chrome, browserVersion: 135.0.7049.96, chrome: {chromedriverVersion: 135.0.7049.84 (6c019e560019..., userDataDir: C:\Users\mayurig\AppData\Lo...}, fedcm:accounts: true, goog:chromeOptions: {debuggerAddress: localhost:57207}, javascriptEnabled: true, networkConnectionEnabled: false, pageLoadStrategy: normal, platform: WINDOWS, platformName: WINDOWS, proxy: Proxy(), setWindowRect: true, strictFileInteractability: false, timeouts: {implicit: 0, pageLoad: 300000, script: 30000}, unhandledPromptBehavior: dismiss and notify, webauthn:extension:credBlob: true, webauthn:extension:largeBlob: true, webauthn:extension:minPinLength: true, webauthn:extension:prf: true, webauthn:virtualAuthenticators: true}
Session ID: ce2af42d1d31912e9fff2bef5638f23b
*** Element info: {Using=xpath, value=//input[@placeholder='Username']}
at java.base/jdk.internal.reflect.DirectConstructorHandleAccessor.newInstance(DirectConstructorHandleAccessor.java:62)
at java.base/java.lang.reflect.Constructor.newInstanceWithCaller(Constructor.java:501)
at java.base/java.lang.reflect.Constructor.newInstance(Constructor.java:485)
at org.openqa.selenium.remote.http.W3CHttpResponseCodec.createException(W3CHttpResponseCodec.java:187)
at org.openqa.selenium.remote.http.W3CHttpResponseCodec.decode(W3CHttpResponseCodec.java:122)
at org.openqa.selenium.remote.http.W3CHttpResponseCodec.decode(W3CHttpResponseCodec.java:49)
at org.openqa.selenium.remote.HttpCommandExecutor.execute(HttpCommandExecutor.java:158)
at org.openqa.selenium.remote.service.DriverCommandExecutor.execute(DriverCommandExecutor.java:83)
at org.openqa.selenium.remote.RemoteWebDriver.execute(RemoteWebDriver.java:552)
at org.openqa.selenium.remote.RemoteWebDriver.findElement(RemoteWebDriver.java:323)
at org.openqa.selenium.remote.RemoteWebDriver.findElementByXPath(RemoteWebDriver.java:428)
at org.openqa.selenium.By$ByXPath.findElement(By.java:353)
at org.openqa.selenium.remote.RemoteWebDriver.findElement(RemoteWebDriver.java:315)
at login.LoginPOM.setUname(LoginPOM.java:22)
at login.Login.UserLogin(Login.java:96)
at login.BasePage.initialization(BasePage.java:211)
at criticalTestScripts.AuditorInternal.Login(AuditorInternal.java:86)
at java.base/jdk.internal.reflect.DirectMethodHandleAccessor.invoke(DirectMethodHandleAccessor.java:103)
at java.base/java.lang.reflect.Method.invoke(Method.java:580)
at org.testng.internal.MethodInvocationHelper.invokeMethod(MethodInvocationHelper.java:133)
at org.testng.internal.MethodInvocationHelper.invokeMethodConsideringTimeout(MethodInvocationHelper.java:62)
at org.testng.internal.ConfigInvoker.invokeConfigurationMethod(ConfigInvoker.java:385)
at org.testng.internal.ConfigInvoker.invokeConfigurations(ConfigInvoker.java:321)
at org.testng.internal.TestInvoker.runConfigMethods(TestInvoker.java:700)
at org.testng.internal.TestInvoker.invokeMethod(TestInvoker.java:527)
at org.testng.internal.TestInvoker.invokeTestMethod(TestInvoker.java:173)
at org.testng.internal.MethodRunner.runInSequence(MethodRunner.java:46)
at org.testng.internal.TestInvoker$MethodInvocationAgent.invoke(TestInvoker.java:824)
at org.testng.internal.TestInvoker.invokeTestMethods(TestInvoker.java:146)
at org.testng.internal.TestMethodWorker.invokeTestMethods(TestMethodWorker.java:146)
at org.testng.internal.TestMethodWorker.run(TestMethodWorker.java:128)
at java.base/java.util.ArrayList.forEach(ArrayList.java:1597)
at org.testng.TestRunner.privateRun(TestRunner.java:794)
at org.testng.TestRunner.run(TestRunner.java:596)
at org.testng.SuiteRunner.runTest(SuiteRunner.java:377)
at org.testng.SuiteRunner.runSequentially(SuiteRunner.java:371)
at org.testng.SuiteRunner.privateRun(SuiteRunner.java:332)
at org.testng.SuiteRunner.run(SuiteRunner.java:276)
at org.testng.SuiteRunnerWorker.runSuite(SuiteRunnerWorker.java:53)
at org.testng.SuiteRunnerWorker.run(SuiteRunnerWorker.java:96)
at org.testng.TestNG.runSuitesSequentially(TestNG.java:1212)
at org.testng.TestNG.runSuitesLocally(TestNG.java:1134)
at org.testng.TestNG.runSuites(TestNG.java:1063)
at org.testng.TestNG.run(TestNG.java:1031)
at org.testng.remote.AbstractRemoteTestNG.run(AbstractRemoteTestNG.java:115)
at org.testng.remote.RemoteTestNG.initAndRun(RemoteTestNG.java:293)
at org.testng.remote.RemoteTestNG.main(RemoteTestNG.java:91)
]]>
    </error>
  </testcase> <!-- Login -->
  <system-out/>
  <testcase classname="criticalTestScripts.AuditorInternal" name="ClosedDelayed_PieChartPeriod" time="740.292"/>
  <system-out/>
  <testcase classname="criticalTestScripts.AuditorInternal" name="NotCompleted_PieChartPe" time="704.071"/>
  <system-out/>
  <testcase classname="criticalTestScripts.AuditorInternal" name="NotApplicable_PieChartPeriod" time="187.945"/>
  <system-out/>
  <testcase classname="criticalTestScripts.AuditorInternal" name="UpcomingPieChartPeriod" time="817.131"/>
  <system-out/>
  <testcase classname="criticalTestScripts.AuditorInternal" name="Overdue_PieChartInternalPe" time="588.441"/>
  <system-out/>
  <testcase classname="criticalTestScripts.AuditorInternal" name="dueToday_PieChartPeriod" time="173.663"/>
  <system-out/>
  <testcase classname="criticalTestScripts.AuditorInternal" name="PFR_PieChartInternalPe" time="697.216"/>
  <system-out/>
  <testcase classname="criticalTestScripts.AuditorInternal" name="InProgress_PieChartInternalPeriod" time="705.795"/>
  <system-out/>
  <testcase classname="criticalTestScripts.AuditorInternal" name="Rejected_PieChartInternalPeriod" time="700.569"/>
  <system-out/>
  <testcase classname="criticalTestScripts.AuditorInternal" name="DetailedReportIn" time="215.471"/>
  <system-out/>
  <testcase classname="criticalTestScripts.AuditorInternal" name="AssignmentReport" time="152.151"/>
  <system-out/>
  <testcase classname="criticalTestScripts.AuditorInternal" name="ComplianceDocumentsIN" time="250.769"/>
  <system-out/>
  <testcase classname="criticalTestScripts.AuditorInternal" name="NCcompletionVsNCOverdueIn" time="123.716"/>
  <system-out/>
  <testcase classname="criticalTestScripts.AuditorInternal" name="DetailedreportVsdashboardNotCompletedcountIn" time="236.937"/>
  <system-out/>
  <testcase classname="criticalTestScripts.AuditorInternal" name="DetailedreportVsdashboardclosedtimelycountIn" time="213.735"/>
  <system-out/>
  <testcase classname="criticalTestScripts.AuditorInternal" name="DetailedreportVsdashboardCloseddealyedcountIn" time="213.117"/>
  <system-out/>
  <testcase classname="criticalTestScripts.AuditorInternal" name="DetailedreportVsdashboardNAcountIn" time="227.276"/>
  <system-out/>
  <testcase classname="criticalTestScripts.AuditorInternal" name="DetailedreportVsOverduecountIn" time="213.913"/>
  <system-out/>
  <testcase classname="criticalTestScripts.AuditorInternal" name="DetailedreportVsDueTodaycountIn" time="233.869"/>
  <system-out/>
  <testcase classname="criticalTestScripts.AuditorInternal" name="DetailedreportVsPFRcountIn" time="231.518"/>
  <system-out/>
  <testcase classname="criticalTestScripts.AuditorInternal" name="DetailedreportVsINprocountIn" time="206.891"/>
  <system-out/>
  <testcase classname="criticalTestScripts.AuditorInternal" name="DetailedreportVsRejectedcountIn" time="215.364"/>
  <system-out/>
  <testcase classname="criticalTestScripts.AuditorInternal" name="DetailedreportVsCommercialCriticalcountIn" time="143.299"/>
  <system-out/>
  <testcase classname="criticalTestScripts.AuditorInternal" name="DetailedreportVsCommercialHighcountIn" time="0.000">
    <skipped/>
  </testcase> <!-- DetailedreportVsCommercialHighcountIn -->
  <system-out/>
  <testcase classname="criticalTestScripts.AuditorInternal" name="DetailedreportVsCommercialMediumcountIn" time="0.000">
    <skipped/>
  </testcase> <!-- DetailedreportVsCommercialMediumcountIn -->
  <system-out/>
  <testcase classname="criticalTestScripts.AuditorInternal" name="DetailedreportVsCommercialLowcountIn" time="0.000">
    <skipped/>
  </testcase> <!-- DetailedreportVsCommercialLowcountIn -->
  <system-out/>
  <testcase classname="criticalTestScripts.AuditorInternal" name="riskSummaryCriticalNotCompletedIn" time="0.000">
    <skipped/>
  </testcase> <!-- riskSummaryCriticalNotCompletedIn -->
  <system-out/>
  <testcase classname="criticalTestScripts.AuditorInternal" name="riskSummaryClosedDelayedInAu" time="0.000">
    <skipped/>
  </testcase> <!-- riskSummaryClosedDelayedInAu -->
  <system-out/>
  <testcase classname="criticalTestScripts.AuditorInternal" name="riskSummaryClosedTimelyInAu" time="0.000">
    <skipped/>
  </testcase> <!-- riskSummaryClosedTimelyInAu -->
  <system-out/>
  <testcase classname="criticalTestScripts.AuditorInternal" name="riskSummaryNotApplicable" time="0.000">
    <skipped/>
  </testcase> <!-- riskSummaryNotApplicable -->
  <system-out/>
  <testcase classname="criticalTestScripts.AuditorInternal" name="DepartmentSummaryOverdueIn" time="0.000">
    <skipped/>
  </testcase> <!-- DepartmentSummaryOverdueIn -->
  <system-out/>
  <testcase classname="criticalTestScripts.AuditorInternal" name="DepartmentSummaryClosedDelayedIn" time="0.000">
    <skipped/>
  </testcase> <!-- DepartmentSummaryClosedDelayedIn -->
  <system-out/>
  <testcase classname="criticalTestScripts.AuditorInternal" name="DepartmentSummaryClosedTIn" time="0.000">
    <skipped/>
  </testcase> <!-- DepartmentSummaryClosedTIn -->
  <system-out/>
  <testcase classname="criticalTestScripts.AuditorInternal" name="DepartmentSummaPRIn" time="0.000">
    <skipped/>
  </testcase> <!-- DepartmentSummaPRIn -->
  <system-out/>
  <testcase classname="criticalTestScripts.AuditorInternal" name="DepaINPROGRESSR" time="0.000">
    <skipped/>
  </testcase> <!-- DepaINPROGRESSR -->
  <system-out/>
  <testcase classname="criticalTestScripts.AuditorInternal" name="DepartmentSummaryRejectedIn" time="0.000">
    <skipped/>
  </testcase> <!-- DepartmentSummaryRejectedIn -->
  <system-out/>
  <testcase classname="criticalTestScripts.AuditorInternal" name="DepartmentSummaryNotApplicableIn" time="0.000">
    <skipped/>
  </testcase> <!-- DepartmentSummaryNotApplicableIn -->
  <system-out/>
  <testcase classname="criticalTestScripts.AuditorInternal" name="NCcompletionVsNCOverduePIn" time="0.000">
    <skipped/>
  </testcase> <!-- NCcompletionVsNCOverduePIn -->
  <system-out/>
</testsuite> <!-- criticalTestScripts.AuditorInternal -->
