<?xml version="1.0" encoding="UTF-8"?>
<!-- Generated by org.testng.reporters.JUnitReportReporter -->
<testsuite hostname="TRPL-PUN-0125" failures="0" tests="23" name="approval.ApprovalStatutory" time="334.443" errors="1" timestamp="2024-10-04T19:52:51 IST" skipped="22">
  <testcase classname="approval.ApprovalStatutory" name="Login" time="334.441">
    <error message="timeout: Timed out receiving message from renderer: 300.000
  (Session info: chrome=129.0.6668.90)
Build info: version: &#039;3.141.0&#039;, revision: &#039;2ecb7d9a&#039;, time: &#039;2018-10-31T20:09:30&#039;
System info: host: &#039;TRPL-PUN-0125&#039;, ip: &#039;192.168.31.67&#039;, os.name: &#039;Windows 10&#039;, os.arch: &#039;amd64&#039;, os.version: &#039;10.0&#039;, java.version: &#039;17.0.9&#039;
Driver info: org.openqa.selenium.chrome.ChromeDriver
Capabilities {acceptInsecureCerts: false, browserName: chrome, browserVersion: 129.0.6668.90, chrome: {chromedriverVersion: 129.0.6668.58 (81a06fb873a9..., userDataDir: C:\Users\shitalb\AppData\Lo...}, fedcm:accounts: true, goog:chromeOptions: {debuggerAddress: localhost:65352}, javascriptEnabled: true, networkConnectionEnabled: false, pageLoadStrategy: normal, platform: WINDOWS, platformName: WINDOWS, proxy: Proxy(), setWindowRect: true, strictFileInteractability: false, timeouts: {implicit: 0, pageLoad: 300000, script: 30000}, unhandledPromptBehavior: dismiss and notify, webauthn:extension:credBlob: true, webauthn:extension:largeBlob: true, webauthn:extension:minPinLength: true, webauthn:extension:prf: true, webauthn:virtualAuthenticators: true}
Session ID: 08140a69a086dbcd47fe8434a13890a6" type="org.openqa.selenium.TimeoutException">
      <![CDATA[org.openqa.selenium.TimeoutException: timeout: Timed out receiving message from renderer: 300.000
  (Session info: chrome=129.0.6668.90)
Build info: version: '3.141.0', revision: '2ecb7d9a', time: '2018-10-31T20:09:30'
System info: host: 'TRPL-PUN-0125', ip: '192.168.31.67', os.name: 'Windows 10', os.arch: 'amd64', os.version: '10.0', java.version: '17.0.9'
Driver info: org.openqa.selenium.chrome.ChromeDriver
Capabilities {acceptInsecureCerts: false, browserName: chrome, browserVersion: 129.0.6668.90, chrome: {chromedriverVersion: 129.0.6668.58 (81a06fb873a9..., userDataDir: C:\Users\shitalb\AppData\Lo...}, fedcm:accounts: true, goog:chromeOptions: {debuggerAddress: localhost:65352}, javascriptEnabled: true, networkConnectionEnabled: false, pageLoadStrategy: normal, platform: WINDOWS, platformName: WINDOWS, proxy: Proxy(), setWindowRect: true, strictFileInteractability: false, timeouts: {implicit: 0, pageLoad: 300000, script: 30000}, unhandledPromptBehavior: dismiss and notify, webauthn:extension:credBlob: true, webauthn:extension:largeBlob: true, webauthn:extension:minPinLength: true, webauthn:extension:prf: true, webauthn:virtualAuthenticators: true}
Session ID: 08140a69a086dbcd47fe8434a13890a6
at java.base/jdk.internal.reflect.NativeConstructorAccessorImpl.newInstance0(Native Method)
at java.base/jdk.internal.reflect.NativeConstructorAccessorImpl.newInstance(NativeConstructorAccessorImpl.java:77)
at java.base/jdk.internal.reflect.DelegatingConstructorAccessorImpl.newInstance(DelegatingConstructorAccessorImpl.java:45)
at java.base/java.lang.reflect.Constructor.newInstanceWithCaller(Constructor.java:499)
at java.base/java.lang.reflect.Constructor.newInstance(Constructor.java:480)
at org.openqa.selenium.remote.http.W3CHttpResponseCodec.createException(W3CHttpResponseCodec.java:187)
at org.openqa.selenium.remote.http.W3CHttpResponseCodec.decode(W3CHttpResponseCodec.java:122)
at org.openqa.selenium.remote.http.W3CHttpResponseCodec.decode(W3CHttpResponseCodec.java:49)
at org.openqa.selenium.remote.HttpCommandExecutor.execute(HttpCommandExecutor.java:158)
at org.openqa.selenium.remote.service.DriverCommandExecutor.execute(DriverCommandExecutor.java:83)
at org.openqa.selenium.remote.RemoteWebDriver.execute(RemoteWebDriver.java:552)
at org.openqa.selenium.remote.RemoteWebElement.execute(RemoteWebElement.java:285)
at org.openqa.selenium.remote.RemoteWebElement.click(RemoteWebElement.java:84)
at login.Login.UserLogin(Login.java:360)
at login.BasePage.initialization1(BasePage.java:280)
at approval.ApprovalStatutory.Login(ApprovalStatutory.java:85)
at java.base/jdk.internal.reflect.NativeMethodAccessorImpl.invoke0(Native Method)
at java.base/jdk.internal.reflect.NativeMethodAccessorImpl.invoke(NativeMethodAccessorImpl.java:77)
at java.base/jdk.internal.reflect.DelegatingMethodAccessorImpl.invoke(DelegatingMethodAccessorImpl.java:43)
at java.base/java.lang.reflect.Method.invoke(Method.java:568)
at org.testng.internal.invokers.MethodInvocationHelper.invokeMethod(MethodInvocationHelper.java:139)
at org.testng.internal.invokers.MethodInvocationHelper.invokeMethodConsideringTimeout(MethodInvocationHelper.java:69)
at org.testng.internal.invokers.ConfigInvoker.invokeConfigurationMethod(ConfigInvoker.java:390)
at org.testng.internal.invokers.ConfigInvoker.invokeConfigurations(ConfigInvoker.java:325)
at org.testng.internal.invokers.TestInvoker.runConfigMethods(TestInvoker.java:810)
at org.testng.internal.invokers.TestInvoker.invokeMethod(TestInvoker.java:577)
at org.testng.internal.invokers.TestInvoker.invokeTestMethod(TestInvoker.java:227)
at org.testng.internal.invokers.MethodRunner.runInSequence(MethodRunner.java:50)
at org.testng.internal.invokers.TestInvoker$MethodInvocationAgent.invoke(TestInvoker.java:957)
at org.testng.internal.invokers.TestInvoker.invokeTestMethods(TestInvoker.java:200)
at org.testng.internal.invokers.TestMethodWorker.invokeTestMethods(TestMethodWorker.java:148)
at org.testng.internal.invokers.TestMethodWorker.run(TestMethodWorker.java:128)
at java.base/java.util.ArrayList.forEach(ArrayList.java:1511)
at org.testng.TestRunner.privateRun(TestRunner.java:848)
at org.testng.TestRunner.run(TestRunner.java:621)
at org.testng.SuiteRunner.runTest(SuiteRunner.java:443)
at org.testng.SuiteRunner.runSequentially(SuiteRunner.java:437)
at org.testng.SuiteRunner.privateRun(SuiteRunner.java:397)
at org.testng.SuiteRunner.run(SuiteRunner.java:336)
at org.testng.SuiteRunnerWorker.runSuite(SuiteRunnerWorker.java:52)
at org.testng.SuiteRunnerWorker.run(SuiteRunnerWorker.java:95)
at org.testng.TestNG.runSuitesSequentially(TestNG.java:1280)
at org.testng.TestNG.runSuitesLocally(TestNG.java:1200)
at org.testng.TestNG.runSuites(TestNG.java:1114)
at org.testng.TestNG.run(TestNG.java:1082)
at org.testng.remote.AbstractRemoteTestNG.run(AbstractRemoteTestNG.java:115)
at org.testng.remote.RemoteTestNG.initAndRun(RemoteTestNG.java:251)
at org.testng.remote.RemoteTestNG.main(RemoteTestNG.java:77)
]]>
    </error>
  </testcase> <!-- Login -->
  <testcase classname="approval.ApprovalStatutory" name="clickPenaltyStatutory" time="0.000">
    <skipped/>
  </testcase> <!-- clickPenaltyStatutory -->
  <testcase classname="approval.ApprovalStatutory" name="UsersCountMatch" time="0.000">
    <skipped/>
  </testcase> <!-- UsersCountMatch -->
  <testcase classname="approval.ApprovalStatutory" name="PenaltyMultipleFilterInterest" time="0.000">
    <skipped/>
  </testcase> <!-- PenaltyMultipleFilterInterest -->
  <testcase classname="approval.ApprovalStatutory" name="RiskSummaryFilterNA" time="0.001">
    <skipped/>
  </testcase> <!-- RiskSummaryFilterNA -->
  <testcase classname="approval.ApprovalStatutory" name="rejected_PieChartPeriod" time="0.000">
    <skipped/>
  </testcase> <!-- rejected_PieChartPeriod -->
  <testcase classname="approval.ApprovalStatutory" name="DeviationApproverColSOO" time="0.000">
    <skipped/>
  </testcase> <!-- DeviationApproverColSOO -->
  <testcase classname="approval.ApprovalStatutory" name="DeviationClosureStatuscolSOO" time="0.000">
    <skipped/>
  </testcase> <!-- DeviationClosureStatuscolSOO -->
  <testcase classname="approval.ApprovalStatutory" name="SOOStatus" time="0.000">
    <skipped/>
  </testcase> <!-- SOOStatus -->
  <testcase classname="approval.ApprovalStatutory" name="DeviationApproverColPSApp" time="0.000">
    <skipped/>
  </testcase> <!-- DeviationApproverColPSApp -->
  <testcase classname="approval.ApprovalStatutory" name="DeviationApproverColRSAPP" time="0.000">
    <skipped/>
  </testcase> <!-- DeviationApproverColRSAPP -->
  <testcase classname="approval.ApprovalStatutory" name="DeviationApproverColDSAPP" time="0.000">
    <skipped/>
  </testcase> <!-- DeviationApproverColDSAPP -->
  <testcase classname="approval.ApprovalStatutory" name="DeviationApproverColPSDFPAPP" time="0.000">
    <skipped/>
  </testcase> <!-- DeviationApproverColPSDFPAPP -->
  <testcase classname="approval.ApprovalStatutory" name="DeviationApproverColGR1" time="0.000">
    <skipped/>
  </testcase> <!-- DeviationApproverColGR1 -->
  <testcase classname="approval.ApprovalStatutory" name="ComplianceDocumentsDAM" time="0.001">
    <skipped/>
  </testcase> <!-- ComplianceDocumentsDAM -->
  <testcase classname="approval.ApprovalStatutory" name="DeviationApproverColCDAPP" time="0.000">
    <skipped/>
  </testcase> <!-- DeviationApproverColCDAPP -->
  <testcase classname="approval.ApprovalStatutory" name="DeviationClosureStatuscolCD" time="0.000">
    <skipped/>
  </testcase> <!-- DeviationClosureStatuscolCD -->
  <testcase classname="approval.ApprovalStatutory" name="DetailedReportDA" time="0.000">
    <skipped/>
  </testcase> <!-- DetailedReportDA -->
  <testcase classname="approval.ApprovalStatutory" name="complianceCalendar" time="0.000">
    <skipped/>
  </testcase> <!-- complianceCalendar -->
  <testcase classname="approval.ApprovalStatutory" name="DetailedReport" time="0.000">
    <skipped/>
  </testcase> <!-- DetailedReport -->
  <testcase classname="approval.ApprovalStatutory" name="PerformReviewEmailCol" time="0.000">
    <skipped/>
  </testcase> <!-- PerformReviewEmailCol -->
  <testcase classname="approval.ApprovalStatutory" name="AssignmentReport" time="0.000">
    <skipped/>
  </testcase> <!-- AssignmentReport -->
  <testcase classname="approval.ApprovalStatutory" name="ComplianceDocuments" time="0.000">
    <skipped/>
  </testcase> <!-- ComplianceDocuments -->
</testsuite> <!-- approval.ApprovalStatutory -->
