<?xml version="1.0" encoding="UTF-8"?>
<!-- Generated by org.testng.reporters.JUnitReportReporter -->
<testsuite hostname="TRPL-PUN-0125" failures="0" tests="1" name="implementation.ImplementCount" time="306.230" errors="0" timestamp="2024-10-16T15:53:04 IST" skipped="0">
  <testcase classname="implementation.ImplementCount" name="EventAssignmentTab" time="306.230"/>
</testsuite> <!-- implementation.ImplementCount -->
