<?xml version="1.0" encoding="UTF-8"?>
<!-- Generated by org.testng.reporters.JUnitReportReporter -->
<testsuite hostname="TRPL-PUN-0113" failures="0" tests="10" name="login.TestCase" time="269.063" errors="0" timestamp="2024-01-24T19:55:39 IST" skipped="0">
  <testcase classname="login.TestCase" name="QueAns" time="33.584"/>
  <testcase classname="login.TestCase" name="LoginHelp" time="19.649"/>
  <testcase classname="login.TestCase" name="Google" time="21.339"/>
  <testcase classname="login.TestCase" name="AccountUnlocked" time="26.802"/>
  <testcase classname="login.TestCase" name="AccountUnlock" time="29.807"/>
  <testcase classname="login.TestCase" name="Login" time="18.345"/>
  <testcase classname="login.TestCase" name="forgotPass" time="32.574"/>
  <testcase classname="login.TestCase" name="forgotPass1" time="29.528"/>
  <testcase classname="login.TestCase" name="InvalidOTP" time="32.022"/>
  <testcase classname="login.TestCase" name="ResendOTP" time="25.413"/>
</testsuite> <!-- login.TestCase -->
