<?xml version="1.0" encoding="UTF-8"?>
<!-- Generated by org.testng.reporters.JUnitReportReporter -->
<testsuite hostname="TRPL-PUN-0113" failures="0" tests="1" name="criticalTestScripts.AuditorStatExcluChecklist" time="223.747" errors="0" timestamp="2025-04-07T15:16:40 IST" skipped="0">
  <testcase classname="criticalTestScripts.AuditorStatExcluChecklist" name="DetailedreportVsdashboardCloseddealyedcount" time="223.747"/>
  <system-out/>
</testsuite> <!-- criticalTestScripts.AuditorStatExcluChecklist -->
