<?xml version="1.0" encoding="UTF-8"?>
<!-- Generated by org.testng.reporters.JUnitReportReporter -->
<testsuite hostname="ashitosh-Acer" failures="0" tests="2" name="license.LicensePerformer" time="47.584" errors="0" timestamp="2020-03-18T18:12:35 IST" skipped="0">
  <testcase classname="license.LicensePerformer" name="Login" time="19.433"/>
  <testcase classname="license.LicensePerformer" name="Active" time="28.151"/>
</testsuite> <!-- license.LicensePerformer -->
