<?xml version="1.0" encoding="UTF-8"?>
<!-- Generated by org.testng.reporters.JUnitReportReporter -->
<testsuite hostname="TRPL-PUN-0113" failures="0" tests="1" name="criticalTestScripts.Approval" time="514.344" errors="0" timestamp="2025-03-31T18:32:06 IST" skipped="0">
  <testcase classname="criticalTestScripts.Approval" name="DetailedreportVsCommercialMediumcount" time="514.344"/>
  <system-out/>
</testsuite> <!-- criticalTestScripts.Approval -->
