<?xml version="1.0" encoding="UTF-8"?>
<!-- Generated by org.testng.reporters.JUnitReportReporter -->
<testsuite hostname="DESKTOP-7MK4EF7" failures="0" tests="1" name="complianceCertificateOwner.CertificateOwnerTest" time="76.987" errors="0" timestamp="2023-08-21T15:10:36 IST" skipped="0">
  <testcase classname="complianceCertificateOwner.CertificateOwnerTest" name="WhatsNew" time="76.987"/>
  <system-out/>
</testsuite> <!-- complianceCertificateOwner.CertificateOwnerTest -->
