<?xml version="1.0" encoding="UTF-8"?>
<!-- Generated by org.testng.reporters.JUnitReportReporter -->
<testsuite hostname="TRPL-PUN-0115" failures="0" tests="38" name="criticalTestScripts.InternalMgmt" time="719.918" errors="1" timestamp="2024-09-04T13:11:12 IST" skipped="36">
  <testcase classname="criticalTestScripts.InternalMgmt" name="Upcoming_PieChartPeriod" time="639.104"/>
  <system-out/>
  <testcase classname="criticalTestScripts.InternalMgmt" name="Login" time="80.814">
    <error message="no such window: target window already closed
from unknown error: web view not found
  (Session info: chrome=128.0.6613.114)
Build info: version: &#039;3.141.0&#039;, revision: &#039;2ecb7d9a&#039;, time: &#039;2018-10-31T20:09:30&#039;
System info: host: &#039;TRPL-PUN-0115&#039;, ip: &#039;172.29.208.1&#039;, os.name: &#039;Windows 10&#039;, os.arch: &#039;amd64&#039;, os.version: &#039;10.0&#039;, java.version: &#039;20&#039;
Driver info: org.openqa.selenium.chrome.ChromeDriver
Capabilities {acceptInsecureCerts: false, browserName: chrome, browserVersion: 128.0.6613.114, chrome: {chromedriverVersion: 127.0.6533.72 (9755e24ca85a..., userDataDir: C:\Users\snehalp\AppData\Lo...}, fedcm:accounts: true, goog:chromeOptions: {debuggerAddress: localhost:65383}, javascriptEnabled: true, networkConnectionEnabled: false, pageLoadStrategy: normal, platform: WINDOWS, platformName: WINDOWS, proxy: Proxy(), setWindowRect: true, strictFileInteractability: false, timeouts: {implicit: 0, pageLoad: 300000, script: 30000}, unhandledPromptBehavior: dismiss and notify, webauthn:extension:credBlob: true, webauthn:extension:largeBlob: true, webauthn:extension:minPinLength: true, webauthn:extension:prf: true, webauthn:virtualAuthenticators: true}
Session ID: fad8f679517c5e4035dc01ba612e4504
*** Element info: {Using=xpath, value=//input[@id=&#039;ContentPlaceHolder1_btnTopSearch&#039;]}" type="org.openqa.selenium.NoSuchWindowException">
      <![CDATA[org.openqa.selenium.NoSuchWindowException: no such window: target window already closed
from unknown error: web view not found
  (Session info: chrome=128.0.6613.114)
Build info: version: '3.141.0', revision: '2ecb7d9a', time: '2018-10-31T20:09:30'
System info: host: 'TRPL-PUN-0115', ip: '172.29.208.1', os.name: 'Windows 10', os.arch: 'amd64', os.version: '10.0', java.version: '20'
Driver info: org.openqa.selenium.chrome.ChromeDriver
Capabilities {acceptInsecureCerts: false, browserName: chrome, browserVersion: 128.0.6613.114, chrome: {chromedriverVersion: 127.0.6533.72 (9755e24ca85a..., userDataDir: C:\Users\snehalp\AppData\Lo...}, fedcm:accounts: true, goog:chromeOptions: {debuggerAddress: localhost:65383}, javascriptEnabled: true, networkConnectionEnabled: false, pageLoadStrategy: normal, platform: WINDOWS, platformName: WINDOWS, proxy: Proxy(), setWindowRect: true, strictFileInteractability: false, timeouts: {implicit: 0, pageLoad: 300000, script: 30000}, unhandledPromptBehavior: dismiss and notify, webauthn:extension:credBlob: true, webauthn:extension:largeBlob: true, webauthn:extension:minPinLength: true, webauthn:extension:prf: true, webauthn:virtualAuthenticators: true}
Session ID: fad8f679517c5e4035dc01ba612e4504
*** Element info: {Using=xpath, value=//input[@id='ContentPlaceHolder1_btnTopSearch']}
at java.base/jdk.internal.reflect.DirectConstructorHandleAccessor.newInstance(DirectConstructorHandleAccessor.java:67)
at java.base/java.lang.reflect.Constructor.newInstanceWithCaller(Constructor.java:500)
at java.base/java.lang.reflect.Constructor.newInstance(Constructor.java:484)
at org.openqa.selenium.remote.http.W3CHttpResponseCodec.createException(W3CHttpResponseCodec.java:187)
at org.openqa.selenium.remote.http.W3CHttpResponseCodec.decode(W3CHttpResponseCodec.java:122)
at org.openqa.selenium.remote.http.W3CHttpResponseCodec.decode(W3CHttpResponseCodec.java:49)
at org.openqa.selenium.remote.HttpCommandExecutor.execute(HttpCommandExecutor.java:158)
at org.openqa.selenium.remote.service.DriverCommandExecutor.execute(DriverCommandExecutor.java:83)
at org.openqa.selenium.remote.RemoteWebDriver.execute(RemoteWebDriver.java:552)
at org.openqa.selenium.remote.RemoteWebDriver.findElement(RemoteWebDriver.java:323)
at org.openqa.selenium.remote.RemoteWebDriver.findElementByXPath(RemoteWebDriver.java:428)
at org.openqa.selenium.By$ByXPath.findElement(By.java:353)
at org.openqa.selenium.remote.RemoteWebDriver.findElement(RemoteWebDriver.java:315)
at cfo.CFOcountPOM.clickApply(CFOcountPOM.java:2135)
at login.BasePage.initialization(BasePage.java:217)
at criticalTestScripts.InternalMgmt.Login(InternalMgmt.java:84)
at java.base/jdk.internal.reflect.DirectMethodHandleAccessor.invoke(DirectMethodHandleAccessor.java:104)
at java.base/java.lang.reflect.Method.invoke(Method.java:578)
at org.testng.internal.MethodInvocationHelper.invokeMethod(MethodInvocationHelper.java:133)
at org.testng.internal.MethodInvocationHelper.invokeMethodConsideringTimeout(MethodInvocationHelper.java:62)
at org.testng.internal.ConfigInvoker.invokeConfigurationMethod(ConfigInvoker.java:385)
at org.testng.internal.ConfigInvoker.invokeConfigurations(ConfigInvoker.java:321)
at org.testng.internal.TestInvoker.runConfigMethods(TestInvoker.java:700)
at org.testng.internal.TestInvoker.invokeMethod(TestInvoker.java:527)
at org.testng.internal.TestInvoker.invokeTestMethod(TestInvoker.java:173)
at org.testng.internal.MethodRunner.runInSequence(MethodRunner.java:46)
at org.testng.internal.TestInvoker$MethodInvocationAgent.invoke(TestInvoker.java:824)
at org.testng.internal.TestInvoker.invokeTestMethods(TestInvoker.java:146)
at org.testng.internal.TestMethodWorker.invokeTestMethods(TestMethodWorker.java:146)
at org.testng.internal.TestMethodWorker.run(TestMethodWorker.java:128)
at java.base/java.util.ArrayList.forEach(ArrayList.java:1511)
at org.testng.TestRunner.privateRun(TestRunner.java:794)
at org.testng.TestRunner.run(TestRunner.java:596)
at org.testng.SuiteRunner.runTest(SuiteRunner.java:377)
at org.testng.SuiteRunner.runSequentially(SuiteRunner.java:371)
at org.testng.SuiteRunner.privateRun(SuiteRunner.java:332)
at org.testng.SuiteRunner.run(SuiteRunner.java:276)
at org.testng.SuiteRunnerWorker.runSuite(SuiteRunnerWorker.java:53)
at org.testng.SuiteRunnerWorker.run(SuiteRunnerWorker.java:96)
at org.testng.TestNG.runSuitesSequentially(TestNG.java:1212)
at org.testng.TestNG.runSuitesLocally(TestNG.java:1134)
at org.testng.TestNG.runSuites(TestNG.java:1063)
at org.testng.TestNG.run(TestNG.java:1031)
at org.testng.remote.AbstractRemoteTestNG.run(AbstractRemoteTestNG.java:115)
at org.testng.remote.RemoteTestNG.initAndRun(RemoteTestNG.java:251)
at org.testng.remote.RemoteTestNG.main(RemoteTestNG.java:77)
]]>
    </error>
  </testcase> <!-- Login -->
  <system-out/>
  <testcase classname="criticalTestScripts.InternalMgmt" name="Entities" time="0.000">
    <skipped/>
  </testcase> <!-- Entities -->
  <system-out/>
  <testcase classname="criticalTestScripts.InternalMgmt" name="LocationCount" time="0.000">
    <skipped/>
  </testcase> <!-- LocationCount -->
  <system-out/>
  <testcase classname="criticalTestScripts.InternalMgmt" name="clickCategoriesInternal" time="0.000">
    <skipped/>
  </testcase> <!-- clickCategoriesInternal -->
  <system-out/>
  <testcase classname="criticalTestScripts.InternalMgmt" name="ClickCompliancesInternal" time="0.000">
    <skipped/>
  </testcase> <!-- ClickCompliancesInternal -->
  <system-out/>
  <testcase classname="criticalTestScripts.InternalMgmt" name="clickUsersInternal" time="0.000">
    <skipped/>
  </testcase> <!-- clickUsersInternal -->
  <system-out/>
  <testcase classname="criticalTestScripts.InternalMgmt" name="SummaryofOverdueCompliances" time="0.000">
    <skipped/>
  </testcase> <!-- SummaryofOverdueCompliances -->
  <system-out/>
  <testcase classname="criticalTestScripts.InternalMgmt" name="ClosedTimely_PieChart" time="0.000">
    <skipped/>
  </testcase> <!-- ClosedTimely_PieChart -->
  <system-out/>
  <testcase classname="criticalTestScripts.InternalMgmt" name="ClosedDelayed_PieChart" time="0.000">
    <skipped/>
  </testcase> <!-- ClosedDelayed_PieChart -->
  <system-out/>
  <testcase classname="criticalTestScripts.InternalMgmt" name="NotCompleted_PieChart" time="0.000">
    <skipped/>
  </testcase> <!-- NotCompleted_PieChart -->
  <system-out/>
  <testcase classname="criticalTestScripts.InternalMgmt" name="NotApplicable_PieChartIN" time="0.000">
    <skipped/>
  </testcase> <!-- NotApplicable_PieChartIN -->
  <system-out/>
  <testcase classname="criticalTestScripts.InternalMgmt" name="Overdue_PieChartInternal" time="0.000">
    <skipped/>
  </testcase> <!-- Overdue_PieChartInternal -->
  <system-out/>
  <testcase classname="criticalTestScripts.InternalMgmt" name="dueToday_PieChartInternal" time="0.000">
    <skipped/>
  </testcase> <!-- dueToday_PieChartInternal -->
  <system-out/>
  <testcase classname="criticalTestScripts.InternalMgmt" name="PFR_PieChartInternal" time="0.000">
    <skipped/>
  </testcase> <!-- PFR_PieChartInternal -->
  <system-out/>
  <testcase classname="criticalTestScripts.InternalMgmt" name="inProgress_PieChartInternal" time="0.000">
    <skipped/>
  </testcase> <!-- inProgress_PieChartInternal -->
  <system-out/>
  <testcase classname="criticalTestScripts.InternalMgmt" name="Rejected_PieChartInternal" time="0.000">
    <skipped/>
  </testcase> <!-- Rejected_PieChartInternal -->
  <system-out/>
  <testcase classname="criticalTestScripts.InternalMgmt" name="BargraphBSECriticalStatutory" time="0.000">
    <skipped/>
  </testcase> <!-- BargraphBSECriticalStatutory -->
  <system-out/>
  <testcase classname="criticalTestScripts.InternalMgmt" name="BargraphBSEHighStatutory" time="0.000">
    <skipped/>
  </testcase> <!-- BargraphBSEHighStatutory -->
  <system-out/>
  <testcase classname="criticalTestScripts.InternalMgmt" name="BargraphBSEMediumStatutory" time="0.000">
    <skipped/>
  </testcase> <!-- BargraphBSEMediumStatutory -->
  <system-out/>
  <testcase classname="criticalTestScripts.InternalMgmt" name="BargraphBSELowStatutory" time="0.000">
    <skipped/>
  </testcase> <!-- BargraphBSELowStatutory -->
  <system-out/>
  <testcase classname="criticalTestScripts.InternalMgmt" name="RiskSummaryHighInternal" time="0.000">
    <skipped/>
  </testcase> <!-- RiskSummaryHighInternal -->
  <system-out/>
  <testcase classname="criticalTestScripts.InternalMgmt" name="RiskSummaryCriticalInternal" time="0.000">
    <skipped/>
  </testcase> <!-- RiskSummaryCriticalInternal -->
  <system-out/>
  <testcase classname="criticalTestScripts.InternalMgmt" name="RiskSummaryMediumStatutory" time="0.000">
    <skipped/>
  </testcase> <!-- RiskSummaryMediumStatutory -->
  <system-out/>
  <testcase classname="criticalTestScripts.InternalMgmt" name="RiskSummaryLowStatutory" time="0.000">
    <skipped/>
  </testcase> <!-- RiskSummaryLowStatutory -->
  <system-out/>
  <testcase classname="criticalTestScripts.InternalMgmt" name="DepartmentSummaryInternal" time="0.000">
    <skipped/>
  </testcase> <!-- DepartmentSummaryInternal -->
  <system-out/>
  <testcase classname="criticalTestScripts.InternalMgmt" name="ClosedTimely_PieChartPeriod" time="0.000">
    <skipped/>
  </testcase> <!-- ClosedTimely_PieChartPeriod -->
  <system-out/>
  <testcase classname="criticalTestScripts.InternalMgmt" name="ClosedDelayed_PieChartPeriod" time="0.000">
    <skipped/>
  </testcase> <!-- ClosedDelayed_PieChartPeriod -->
  <system-out/>
  <testcase classname="criticalTestScripts.InternalMgmt" name="NotCompleted_PieChartPeriod" time="0.000">
    <skipped/>
  </testcase> <!-- NotCompleted_PieChartPeriod -->
  <system-out/>
  <testcase classname="criticalTestScripts.InternalMgmt" name="NotApplicable_PieChartPeriod" time="0.000">
    <skipped/>
  </testcase> <!-- NotApplicable_PieChartPeriod -->
  <system-out/>
  <testcase classname="criticalTestScripts.InternalMgmt" name="Overdue_PieChartInternalPeriod" time="0.000">
    <skipped/>
  </testcase> <!-- Overdue_PieChartInternalPeriod -->
  <system-out/>
  <testcase classname="criticalTestScripts.InternalMgmt" name="dueToday_PieChartPeriod" time="0.000">
    <skipped/>
  </testcase> <!-- dueToday_PieChartPeriod -->
  <system-out/>
  <testcase classname="criticalTestScripts.InternalMgmt" name="PFR_PieChartInternalPeriod" time="0.000">
    <skipped/>
  </testcase> <!-- PFR_PieChartInternalPeriod -->
  <system-out/>
  <testcase classname="criticalTestScripts.InternalMgmt" name="InProgress_PieChartInternalPeriod" time="0.000">
    <skipped/>
  </testcase> <!-- InProgress_PieChartInternalPeriod -->
  <system-out/>
  <testcase classname="criticalTestScripts.InternalMgmt" name="Rejected_PieChartInternalPeriod" time="0.000">
    <skipped/>
  </testcase> <!-- Rejected_PieChartInternalPeriod -->
  <system-out/>
  <testcase classname="criticalTestScripts.InternalMgmt" name="DetailedReportIn" time="0.000">
    <skipped/>
  </testcase> <!-- DetailedReportIn -->
  <system-out/>
  <testcase classname="criticalTestScripts.InternalMgmt" name="AssignmentReport" time="0.000">
    <skipped/>
  </testcase> <!-- AssignmentReport -->
  <system-out/>
  <testcase classname="criticalTestScripts.InternalMgmt" name="ComplianceDocumentsIN" time="0.000">
    <skipped/>
  </testcase> <!-- ComplianceDocumentsIN -->
  <system-out/>
</testsuite> <!-- criticalTestScripts.InternalMgmt -->
