<?xml version="1.0" encoding="UTF-8"?>
<!-- Generated by org.testng.reporters.JUnitReportReporter -->
<testsuite hostname="DESKTOP-J8VA1KP" failures="0" tests="2" name="complianceCertificateOwner.CertificateOwnerDiyTest" time="64.828" errors="0" timestamp="2023-03-28T12:36:36 IST" skipped="0">
  <testcase classname="complianceCertificateOwner.CertificateOwnerDiyTest" name="Login" time="18.041"/>
  <system-out/>
  <testcase classname="complianceCertificateOwner.CertificateOwnerDiyTest" name="ReOpen" time="46.787"/>
  <system-out/>
</testsuite> <!-- complianceCertificateOwner.CertificateOwnerDiyTest -->
