<?xml version="1.0" encoding="UTF-8"?>
<!-- Generated by org.testng.reporters.JUnitReportReporter -->
<testsuite hostname="ashitosh-Acer" failures="0" tests="23" name="cfo.CFOcountStatutoryAllYear" time="1073.172" errors="0" timestamp="2020-06-06T00:57:34 IST" skipped="0">
  <testcase classname="cfo.CFOcountStatutoryAllYear" name="Login" time="30.600"/>
  <system-out/>
  <testcase classname="cfo.CFOcountStatutoryAllYear" name="clickCategoriesStatutory" time="79.917"/>
  <system-out/>
  <testcase classname="cfo.CFOcountStatutoryAllYear" name="ClickCompliancesStatutory" time="10.115"/>
  <system-out/>
  <testcase classname="cfo.CFOcountStatutoryAllYear" name="clickUsersStatutory" time="9.024"/>
  <system-out/>
  <testcase classname="cfo.CFOcountStatutoryAllYear" name="clickPenaltyStatutory" time="51.579"/>
  <system-out/>
  <testcase classname="cfo.CFOcountStatutoryAllYear" name="NotCompleted_PieChart" time="42.958"/>
  <system-out/>
  <testcase classname="cfo.CFOcountStatutoryAllYear" name="AfterDueDate_PieChart" time="46.161"/>
  <system-out/>
  <testcase classname="cfo.CFOcountStatutoryAllYear" name="InTime_PieChart" time="45.602"/>
  <system-out/>
  <testcase classname="cfo.CFOcountStatutoryAllYear" name="BargraphLabourHighStatutory" time="57.047"/>
  <system-out/>
  <testcase classname="cfo.CFOcountStatutoryAllYear" name="BargraphLabourMediumStatutory" time="32.668"/>
  <system-out/>
  <testcase classname="cfo.CFOcountStatutoryAllYear" name="BargraphLabourLowStatutory" time="2.447"/>
  <system-out/>
  <testcase classname="cfo.CFOcountStatutoryAllYear" name="RiskSummaryHighStatutory" time="45.107"/>
  <system-out/>
  <testcase classname="cfo.CFOcountStatutoryAllYear" name="RiskSummaryMediumStatutory" time="30.973"/>
  <system-out/>
  <testcase classname="cfo.CFOcountStatutoryAllYear" name="RiskSummaryLowStatutory" time="45.061"/>
  <system-out/>
  <testcase classname="cfo.CFOcountStatutoryAllYear" name="DepartmentSummaryHighStatutory" time="83.619"/>
  <system-out/>
  <testcase classname="cfo.CFOcountStatutoryAllYear" name="DepartmentSummaryMediumStatutory" time="80.251"/>
  <system-out/>
  <testcase classname="cfo.CFOcountStatutoryAllYear" name="DepartmentSummaryLowStatutory" time="80.316"/>
  <system-out/>
  <testcase classname="cfo.CFOcountStatutoryAllYear" name="PenaltySummaryHighStatutory" time="62.541"/>
  <system-out/>
  <testcase classname="cfo.CFOcountStatutoryAllYear" name="GradingReportStatutory" time="61.050"/>
  <system-out/>
  <testcase classname="cfo.CFOcountStatutoryAllYear" name="ComplianceCalendar" time="30.823"/>
  <system-out/>
  <testcase classname="cfo.CFOcountStatutoryAllYear" name="DetailedReport" time="105.650"/>
  <system-out/>
  <testcase classname="cfo.CFOcountStatutoryAllYear" name="AssignmentReport" time="30.944"/>
  <system-out/>
  <testcase classname="cfo.CFOcountStatutoryAllYear" name="UsageReport" time="8.719"/>
  <system-out/>
</testsuite> <!-- cfo.CFOcountStatutoryAllYear -->
