<?xml version="1.0" encoding="UTF-8"?>
<!-- Generated by org.testng.reporters.JUnitReportReporter -->
<testsuite skipped="0" hostname="LAPTOP-TBA24BB5" name="cfo.TestNGTodo" tests="1" failures="0" timestamp="2023-01-17T12:46:52 IST" time="4.944" errors="0">
  <testcase name="testSimple" time="4.944" classname="cfo.TestNGTodo"/>
  <system-out/>
</testsuite> <!-- cfo.TestNGTodo -->
