<?xml version="1.0" encoding="UTF-8"?>
<!-- Generated by org.testng.reporters.JUnitReportReporter -->
<testsuite hostname="DESKTOP-J8VA1KP" failures="0" tests="18" name="management.MgmtTestCountTwo" time="2007.402" errors="0" timestamp="2023-02-04T13:32:42 IST" skipped="0">
  <testcase classname="management.MgmtTestCountTwo" name="Login" time="20.024"/>
  <system-out/>
  <testcase classname="management.MgmtTestCountTwo" name="RiskSummaryCriticalStatutory" time="111.181"/>
  <system-out/>
  <testcase classname="management.MgmtTestCountTwo" name="RiskSummaryHighStatutory" time="146.305"/>
  <system-out/>
  <testcase classname="management.MgmtTestCountTwo" name="RiskSummaryMediumStatutory" time="145.271"/>
  <system-out/>
  <testcase classname="management.MgmtTestCountTwo" name="RiskSummaryLowStatutory" time="113.189"/>
  <system-out/>
  <testcase classname="management.MgmtTestCountTwo" name="DepartmentSummaryHumanResourceStatutory" time="61.979"/>
  <system-out/>
  <testcase classname="management.MgmtTestCountTwo" name="NotCompleted_PieChartPeriod" time="133.759"/>
  <system-out/>
  <testcase classname="management.MgmtTestCountTwo" name="ClosedDelayed_PieChartPeriod" time="187.093"/>
  <system-out/>
  <testcase classname="management.MgmtTestCountTwo" name="ClosedTimely_PieChartPeriod" time="189.935"/>
  <system-out/>
  <testcase classname="management.MgmtTestCountTwo" name="NotApplicable_PieChartPeriod" time="185.398"/>
  <system-out/>
  <testcase classname="management.MgmtTestCountTwo" name="Overdue_PieChartPeriod" time="140.143"/>
  <system-out/>
  <testcase classname="management.MgmtTestCountTwo" name="pendingForReview_PieChartPeriod" time="188.546"/>
  <system-out/>
  <testcase classname="management.MgmtTestCountTwo" name="rejected_PieChartPeriod" time="145.282"/>
  <system-out/>
  <testcase classname="management.MgmtTestCountTwo" name="PenaltySummaryStatutory" time="77.556"/>
  <system-out/>
  <testcase classname="management.MgmtTestCountTwo" name="GradingReportStatutory" time="33.876"/>
  <system-out/>
  <testcase classname="management.MgmtTestCountTwo" name="complianceCalendar" time="69.761"/>
  <system-out/>
  <testcase classname="management.MgmtTestCountTwo" name="DailyUpdates" time="38.908"/>
  <system-out/>
  <testcase classname="management.MgmtTestCountTwo" name="NewsLetter" time="19.196"/>
  <system-out/>
</testsuite> <!-- management.MgmtTestCountTwo -->
