<?xml version="1.0" encoding="UTF-8"?>
<!-- Generated by org.testng.reporters.JUnitReportReporter -->
<testsuite hostname="TRPL-PUN-0125" failures="0" tests="33" name="criticalTestScripts.Approval" time="47.774" errors="1" timestamp="2024-10-03T16:06:09 IST" skipped="32">
  <testcase classname="criticalTestScripts.Approval" name="Login" time="47.769">
    <error message="no such element: Unable to locate element: {&quot;method&quot;:&quot;xpath&quot;,&quot;selector&quot;:&quot;//div[@id=&#039;dvbtnCompliance&#039;]/div[1]/img&quot;}
  (Session info: chrome=129.0.6668.72)
For documentation on this error, please visit: http://seleniumhq.org/exceptions/no_such_element.html
Build info: version: &#039;3.141.0&#039;, revision: &#039;2ecb7d9a&#039;, time: &#039;2018-10-31T20:09:30&#039;
System info: host: &#039;TRPL-PUN-0125&#039;, ip: &#039;192.168.5.48&#039;, os.name: &#039;Windows 10&#039;, os.arch: &#039;amd64&#039;, os.version: &#039;10.0&#039;, java.version: &#039;17.0.9&#039;
Driver info: org.openqa.selenium.chrome.ChromeDriver
Capabilities {acceptInsecureCerts: false, browserName: chrome, browserVersion: 129.0.6668.72, chrome: {chromedriverVersion: 129.0.6668.58 (81a06fb873a9..., userDataDir: C:\Users\shitalb\AppData\Lo...}, fedcm:accounts: true, goog:chromeOptions: {debuggerAddress: localhost:64571}, javascriptEnabled: true, networkConnectionEnabled: false, pageLoadStrategy: normal, platform: WINDOWS, platformName: WINDOWS, proxy: Proxy(), setWindowRect: true, strictFileInteractability: false, timeouts: {implicit: 0, pageLoad: 300000, script: 30000}, unhandledPromptBehavior: dismiss and notify, webauthn:extension:credBlob: true, webauthn:extension:largeBlob: true, webauthn:extension:minPinLength: true, webauthn:extension:prf: true, webauthn:virtualAuthenticators: true}
Session ID: 73d7d205caceae95597b9d77291d2356
*** Element info: {Using=xpath, value=//div[@id=&#039;dvbtnCompliance&#039;]/div[1]/img}" type="org.openqa.selenium.NoSuchElementException">
      <![CDATA[org.openqa.selenium.NoSuchElementException: no such element: Unable to locate element: {"method":"xpath","selector":"//div[@id='dvbtnCompliance']/div[1]/img"}
  (Session info: chrome=129.0.6668.72)
For documentation on this error, please visit: http://seleniumhq.org/exceptions/no_such_element.html
Build info: version: '3.141.0', revision: '2ecb7d9a', time: '2018-10-31T20:09:30'
System info: host: 'TRPL-PUN-0125', ip: '192.168.5.48', os.name: 'Windows 10', os.arch: 'amd64', os.version: '10.0', java.version: '17.0.9'
Driver info: org.openqa.selenium.chrome.ChromeDriver
Capabilities {acceptInsecureCerts: false, browserName: chrome, browserVersion: 129.0.6668.72, chrome: {chromedriverVersion: 129.0.6668.58 (81a06fb873a9..., userDataDir: C:\Users\shitalb\AppData\Lo...}, fedcm:accounts: true, goog:chromeOptions: {debuggerAddress: localhost:64571}, javascriptEnabled: true, networkConnectionEnabled: false, pageLoadStrategy: normal, platform: WINDOWS, platformName: WINDOWS, proxy: Proxy(), setWindowRect: true, strictFileInteractability: false, timeouts: {implicit: 0, pageLoad: 300000, script: 30000}, unhandledPromptBehavior: dismiss and notify, webauthn:extension:credBlob: true, webauthn:extension:largeBlob: true, webauthn:extension:minPinLength: true, webauthn:extension:prf: true, webauthn:virtualAuthenticators: true}
Session ID: 73d7d205caceae95597b9d77291d2356
*** Element info: {Using=xpath, value=//div[@id='dvbtnCompliance']/div[1]/img}
at java.base/jdk.internal.reflect.NativeConstructorAccessorImpl.newInstance0(Native Method)
at java.base/jdk.internal.reflect.NativeConstructorAccessorImpl.newInstance(NativeConstructorAccessorImpl.java:77)
at java.base/jdk.internal.reflect.DelegatingConstructorAccessorImpl.newInstance(DelegatingConstructorAccessorImpl.java:45)
at java.base/java.lang.reflect.Constructor.newInstanceWithCaller(Constructor.java:499)
at java.base/java.lang.reflect.Constructor.newInstance(Constructor.java:480)
at org.openqa.selenium.remote.http.W3CHttpResponseCodec.createException(W3CHttpResponseCodec.java:187)
at org.openqa.selenium.remote.http.W3CHttpResponseCodec.decode(W3CHttpResponseCodec.java:122)
at org.openqa.selenium.remote.http.W3CHttpResponseCodec.decode(W3CHttpResponseCodec.java:49)
at org.openqa.selenium.remote.HttpCommandExecutor.execute(HttpCommandExecutor.java:158)
at org.openqa.selenium.remote.service.DriverCommandExecutor.execute(DriverCommandExecutor.java:83)
at org.openqa.selenium.remote.RemoteWebDriver.execute(RemoteWebDriver.java:552)
at org.openqa.selenium.remote.RemoteWebDriver.findElement(RemoteWebDriver.java:323)
at org.openqa.selenium.remote.RemoteWebDriver.findElementByXPath(RemoteWebDriver.java:428)
at org.openqa.selenium.By$ByXPath.findElement(By.java:353)
at org.openqa.selenium.remote.RemoteWebDriver.findElement(RemoteWebDriver.java:315)
at login.LoginPOM.clickComplicane(LoginPOM.java:112)
at login.Login.UserLogin(Login.java:360)
at login.BasePage.initialization1(BasePage.java:269)
at criticalTestScripts.Approval.Login(Approval.java:79)
at java.base/jdk.internal.reflect.NativeMethodAccessorImpl.invoke0(Native Method)
at java.base/jdk.internal.reflect.NativeMethodAccessorImpl.invoke(NativeMethodAccessorImpl.java:77)
at java.base/jdk.internal.reflect.DelegatingMethodAccessorImpl.invoke(DelegatingMethodAccessorImpl.java:43)
at java.base/java.lang.reflect.Method.invoke(Method.java:568)
at org.testng.internal.invokers.MethodInvocationHelper.invokeMethod(MethodInvocationHelper.java:139)
at org.testng.internal.invokers.MethodInvocationHelper.invokeMethodConsideringTimeout(MethodInvocationHelper.java:69)
at org.testng.internal.invokers.ConfigInvoker.invokeConfigurationMethod(ConfigInvoker.java:390)
at org.testng.internal.invokers.ConfigInvoker.invokeConfigurations(ConfigInvoker.java:325)
at org.testng.internal.invokers.TestInvoker.runConfigMethods(TestInvoker.java:810)
at org.testng.internal.invokers.TestInvoker.invokeMethod(TestInvoker.java:577)
at org.testng.internal.invokers.TestInvoker.invokeTestMethod(TestInvoker.java:227)
at org.testng.internal.invokers.MethodRunner.runInSequence(MethodRunner.java:50)
at org.testng.internal.invokers.TestInvoker$MethodInvocationAgent.invoke(TestInvoker.java:957)
at org.testng.internal.invokers.TestInvoker.invokeTestMethods(TestInvoker.java:200)
at org.testng.internal.invokers.TestMethodWorker.invokeTestMethods(TestMethodWorker.java:148)
at org.testng.internal.invokers.TestMethodWorker.run(TestMethodWorker.java:128)
at java.base/java.util.ArrayList.forEach(ArrayList.java:1511)
at org.testng.TestRunner.privateRun(TestRunner.java:848)
at org.testng.TestRunner.run(TestRunner.java:621)
at org.testng.SuiteRunner.runTest(SuiteRunner.java:443)
at org.testng.SuiteRunner.runSequentially(SuiteRunner.java:437)
at org.testng.SuiteRunner.privateRun(SuiteRunner.java:397)
at org.testng.SuiteRunner.run(SuiteRunner.java:336)
at org.testng.SuiteRunnerWorker.runSuite(SuiteRunnerWorker.java:52)
at org.testng.SuiteRunnerWorker.run(SuiteRunnerWorker.java:95)
at org.testng.TestNG.runSuitesSequentially(TestNG.java:1280)
at org.testng.TestNG.runSuitesLocally(TestNG.java:1200)
at org.testng.TestNG.runSuites(TestNG.java:1114)
at org.testng.TestNG.run(TestNG.java:1082)
at org.testng.remote.AbstractRemoteTestNG.run(AbstractRemoteTestNG.java:115)
at org.testng.remote.RemoteTestNG.initAndRun(RemoteTestNG.java:251)
at org.testng.remote.RemoteTestNG.main(RemoteTestNG.java:77)
]]>
    </error>
  </testcase> <!-- Login -->
  <testcase classname="criticalTestScripts.Approval" name="Entities" time="0.002">
    <skipped/>
  </testcase> <!-- Entities -->
  <testcase classname="criticalTestScripts.Approval" name="LocationCount" time="0.001">
    <skipped/>
  </testcase> <!-- LocationCount -->
  <testcase classname="criticalTestScripts.Approval" name="CategoriesCountMatch" time="0.001">
    <skipped/>
  </testcase> <!-- CategoriesCountMatch -->
  <testcase classname="criticalTestScripts.Approval" name="CompliancesCountMatch" time="0.000">
    <skipped/>
  </testcase> <!-- CompliancesCountMatch -->
  <testcase classname="criticalTestScripts.Approval" name="UsersCountMatch" time="0.000">
    <skipped/>
  </testcase> <!-- UsersCountMatch -->
  <testcase classname="criticalTestScripts.Approval" name="SummaryofOverdueCompliances" time="0.000">
    <skipped/>
  </testcase> <!-- SummaryofOverdueCompliances -->
  <testcase classname="criticalTestScripts.Approval" name="NotCompleted_PieChart" time="0.000">
    <skipped/>
  </testcase> <!-- NotCompleted_PieChart -->
  <testcase classname="criticalTestScripts.Approval" name="ClosedDelayed_PieChart" time="0.000">
    <skipped/>
  </testcase> <!-- ClosedDelayed_PieChart -->
  <testcase classname="criticalTestScripts.Approval" name="ClosedTimely_PieChart" time="0.000">
    <skipped/>
  </testcase> <!-- ClosedTimely_PieChart -->
  <testcase classname="criticalTestScripts.Approval" name="NotApplicable_PieChart" time="0.000">
    <skipped/>
  </testcase> <!-- NotApplicable_PieChart -->
  <testcase classname="criticalTestScripts.Approval" name="Overdue_PieChart" time="0.000">
    <skipped/>
  </testcase> <!-- Overdue_PieChart -->
  <testcase classname="criticalTestScripts.Approval" name="dueToday_PieChart" time="0.001">
    <skipped/>
  </testcase> <!-- dueToday_PieChart -->
  <testcase classname="criticalTestScripts.Approval" name="pendingForReview_PieChart" time="0.000">
    <skipped/>
  </testcase> <!-- pendingForReview_PieChart -->
  <testcase classname="criticalTestScripts.Approval" name="inProgress_PieChart" time="0.000">
    <skipped/>
  </testcase> <!-- inProgress_PieChart -->
  <testcase classname="criticalTestScripts.Approval" name="rejected_PieChart" time="0.000">
    <skipped/>
  </testcase> <!-- rejected_PieChart -->
  <testcase classname="criticalTestScripts.Approval" name="RiskSummaryCriticalStatutory" time="0.000">
    <skipped/>
  </testcase> <!-- RiskSummaryCriticalStatutory -->
  <testcase classname="criticalTestScripts.Approval" name="RiskSummaryHighStatutory" time="0.000">
    <skipped/>
  </testcase> <!-- RiskSummaryHighStatutory -->
  <testcase classname="criticalTestScripts.Approval" name="RiskSummaryMediumStatutory" time="0.000">
    <skipped/>
  </testcase> <!-- RiskSummaryMediumStatutory -->
  <testcase classname="criticalTestScripts.Approval" name="RiskSummaryLowStatutory" time="0.000">
    <skipped/>
  </testcase> <!-- RiskSummaryLowStatutory -->
  <testcase classname="criticalTestScripts.Approval" name="DepartmentSummaryAccountStatutory" time="0.000">
    <skipped/>
  </testcase> <!-- DepartmentSummaryAccountStatutory -->
  <testcase classname="criticalTestScripts.Approval" name="NotCompleted_PieChartPeriod" time="0.000">
    <skipped/>
  </testcase> <!-- NotCompleted_PieChartPeriod -->
  <testcase classname="criticalTestScripts.Approval" name="ClosedDelayed_PieChartPeriod" time="0.000">
    <skipped/>
  </testcase> <!-- ClosedDelayed_PieChartPeriod -->
  <testcase classname="criticalTestScripts.Approval" name="ClosedTimely_PieChartPeriod" time="0.000">
    <skipped/>
  </testcase> <!-- ClosedTimely_PieChartPeriod -->
  <testcase classname="criticalTestScripts.Approval" name="NotApplicable_PieChartPeriod" time="0.000">
    <skipped/>
  </testcase> <!-- NotApplicable_PieChartPeriod -->
  <testcase classname="criticalTestScripts.Approval" name="Overdue_PieChartPeriod" time="0.000">
    <skipped/>
  </testcase> <!-- Overdue_PieChartPeriod -->
  <testcase classname="criticalTestScripts.Approval" name="pendingForReview_PieChartPeriod" time="0.000">
    <skipped/>
  </testcase> <!-- pendingForReview_PieChartPeriod -->
  <testcase classname="criticalTestScripts.Approval" name="inProgress_PieChartPeriod" time="0.000">
    <skipped/>
  </testcase> <!-- inProgress_PieChartPeriod -->
  <testcase classname="criticalTestScripts.Approval" name="rejected_PieChartPeriod" time="0.000">
    <skipped/>
  </testcase> <!-- rejected_PieChartPeriod -->
  <testcase classname="criticalTestScripts.Approval" name="complianceCalendar" time="0.000">
    <skipped/>
  </testcase> <!-- complianceCalendar -->
  <testcase classname="criticalTestScripts.Approval" name="DetailedReport" time="0.000">
    <skipped/>
  </testcase> <!-- DetailedReport -->
  <testcase classname="criticalTestScripts.Approval" name="AssignmentReport" time="0.000">
    <skipped/>
  </testcase> <!-- AssignmentReport -->
  <testcase classname="criticalTestScripts.Approval" name="ComplianceDocuments" time="0.000">
    <skipped/>
  </testcase> <!-- ComplianceDocuments -->
</testsuite> <!-- criticalTestScripts.Approval -->
