<?xml version="1.0" encoding="UTF-8"?>
<!-- Generated by org.testng.reporters.JUnitReportReporter -->
<testsuite hostname="TRPL-PUN-0113" failures="0" tests="54" name="auditor.AuditorcountStatutory" time="1451.051" errors="2" timestamp="2024-06-11T20:42:15 IST" skipped="42">
  <testcase classname="auditor.AuditorcountStatutory" name="Login" time="110.542">
    <error message="no such element: Unable to locate element: {&quot;method&quot;:&quot;xpath&quot;,&quot;selector&quot;:&quot;//input[@placeholder=&#039;Username&#039;]&quot;}
  (Session info: chrome=125.0.6422.142)
For documentation on this error, please visit: http://seleniumhq.org/exceptions/no_such_element.html
Build info: version: &#039;3.141.0&#039;, revision: &#039;2ecb7d9a&#039;, time: &#039;2018-10-31T20:09:30&#039;
System info: host: &#039;TRPL-PUN-0113&#039;, ip: &#039;192.168.1.3&#039;, os.name: &#039;Windows 10&#039;, os.arch: &#039;amd64&#039;, os.version: &#039;10.0&#039;, java.version: &#039;17.0.5&#039;
Driver info: org.openqa.selenium.chrome.ChromeDriver
Capabilities {acceptInsecureCerts: false, browserName: chrome, browserVersion: 125.0.6422.142, chrome: {chromedriverVersion: 125.0.6422.60 (3ac3319bff9f..., userDataDir: C:\Users\mayurig\AppData\Lo...}, fedcm:accounts: true, goog:chromeOptions: {debuggerAddress: localhost:57582}, javascriptEnabled: true, networkConnectionEnabled: false, pageLoadStrategy: normal, platform: WINDOWS, platformName: WINDOWS, proxy: Proxy(), setWindowRect: true, strictFileInteractability: false, timeouts: {implicit: 0, pageLoad: 300000, script: 30000}, unhandledPromptBehavior: dismiss and notify, webauthn:extension:credBlob: true, webauthn:extension:largeBlob: true, webauthn:extension:minPinLength: true, webauthn:extension:prf: true, webauthn:virtualAuthenticators: true}
Session ID: 4be1b663a35fba78ff112d459e00bfd6
*** Element info: {Using=xpath, value=//input[@placeholder=&#039;Username&#039;]}" type="org.openqa.selenium.NoSuchElementException">
      <![CDATA[org.openqa.selenium.NoSuchElementException: no such element: Unable to locate element: {"method":"xpath","selector":"//input[@placeholder='Username']"}
  (Session info: chrome=125.0.6422.142)
For documentation on this error, please visit: http://seleniumhq.org/exceptions/no_such_element.html
Build info: version: '3.141.0', revision: '2ecb7d9a', time: '2018-10-31T20:09:30'
System info: host: 'TRPL-PUN-0113', ip: '192.168.1.3', os.name: 'Windows 10', os.arch: 'amd64', os.version: '10.0', java.version: '17.0.5'
Driver info: org.openqa.selenium.chrome.ChromeDriver
Capabilities {acceptInsecureCerts: false, browserName: chrome, browserVersion: 125.0.6422.142, chrome: {chromedriverVersion: 125.0.6422.60 (3ac3319bff9f..., userDataDir: C:\Users\mayurig\AppData\Lo...}, fedcm:accounts: true, goog:chromeOptions: {debuggerAddress: localhost:57582}, javascriptEnabled: true, networkConnectionEnabled: false, pageLoadStrategy: normal, platform: WINDOWS, platformName: WINDOWS, proxy: Proxy(), setWindowRect: true, strictFileInteractability: false, timeouts: {implicit: 0, pageLoad: 300000, script: 30000}, unhandledPromptBehavior: dismiss and notify, webauthn:extension:credBlob: true, webauthn:extension:largeBlob: true, webauthn:extension:minPinLength: true, webauthn:extension:prf: true, webauthn:virtualAuthenticators: true}
Session ID: 4be1b663a35fba78ff112d459e00bfd6
*** Element info: {Using=xpath, value=//input[@placeholder='Username']}
at java.base/jdk.internal.reflect.NativeConstructorAccessorImpl.newInstance0(Native Method)
at java.base/jdk.internal.reflect.NativeConstructorAccessorImpl.newInstance(NativeConstructorAccessorImpl.java:77)
at java.base/jdk.internal.reflect.DelegatingConstructorAccessorImpl.newInstance(DelegatingConstructorAccessorImpl.java:45)
at java.base/java.lang.reflect.Constructor.newInstanceWithCaller(Constructor.java:499)
at java.base/java.lang.reflect.Constructor.newInstance(Constructor.java:480)
at org.openqa.selenium.remote.http.W3CHttpResponseCodec.createException(W3CHttpResponseCodec.java:187)
at org.openqa.selenium.remote.http.W3CHttpResponseCodec.decode(W3CHttpResponseCodec.java:122)
at org.openqa.selenium.remote.http.W3CHttpResponseCodec.decode(W3CHttpResponseCodec.java:49)
at org.openqa.selenium.remote.HttpCommandExecutor.execute(HttpCommandExecutor.java:158)
at org.openqa.selenium.remote.service.DriverCommandExecutor.execute(DriverCommandExecutor.java:83)
at org.openqa.selenium.remote.RemoteWebDriver.execute(RemoteWebDriver.java:552)
at org.openqa.selenium.remote.RemoteWebDriver.findElement(RemoteWebDriver.java:323)
at org.openqa.selenium.remote.RemoteWebDriver.findElementByXPath(RemoteWebDriver.java:428)
at org.openqa.selenium.By$ByXPath.findElement(By.java:353)
at org.openqa.selenium.remote.RemoteWebDriver.findElement(RemoteWebDriver.java:315)
at login.LoginPOM.setUname(LoginPOM.java:22)
at login.Login.UserLogin(Login.java:95)
at login.BasePage.initialization(BasePage.java:208)
at auditor.AuditorcountStatutory.Login(AuditorcountStatutory.java:92)
at java.base/jdk.internal.reflect.NativeMethodAccessorImpl.invoke0(Native Method)
at java.base/jdk.internal.reflect.NativeMethodAccessorImpl.invoke(NativeMethodAccessorImpl.java:77)
at java.base/jdk.internal.reflect.DelegatingMethodAccessorImpl.invoke(DelegatingMethodAccessorImpl.java:43)
at java.base/java.lang.reflect.Method.invoke(Method.java:568)
at org.testng.internal.invokers.MethodInvocationHelper.invokeMethod(MethodInvocationHelper.java:139)
at org.testng.internal.invokers.MethodInvocationHelper.invokeMethodConsideringTimeout(MethodInvocationHelper.java:69)
at org.testng.internal.invokers.ConfigInvoker.invokeConfigurationMethod(ConfigInvoker.java:390)
at org.testng.internal.invokers.ConfigInvoker.invokeConfigurations(ConfigInvoker.java:325)
at org.testng.internal.invokers.TestInvoker.runConfigMethods(TestInvoker.java:810)
at org.testng.internal.invokers.TestInvoker.invokeMethod(TestInvoker.java:577)
at org.testng.internal.invokers.TestInvoker.invokeTestMethod(TestInvoker.java:227)
at org.testng.internal.invokers.MethodRunner.runInSequence(MethodRunner.java:50)
at org.testng.internal.invokers.TestInvoker$MethodInvocationAgent.invoke(TestInvoker.java:957)
at org.testng.internal.invokers.TestInvoker.invokeTestMethods(TestInvoker.java:200)
at org.testng.internal.invokers.TestMethodWorker.invokeTestMethods(TestMethodWorker.java:148)
at org.testng.internal.invokers.TestMethodWorker.run(TestMethodWorker.java:128)
at java.base/java.util.ArrayList.forEach(ArrayList.java:1511)
at org.testng.TestRunner.privateRun(TestRunner.java:848)
at org.testng.TestRunner.run(TestRunner.java:621)
at org.testng.SuiteRunner.runTest(SuiteRunner.java:443)
at org.testng.SuiteRunner.runSequentially(SuiteRunner.java:437)
at org.testng.SuiteRunner.privateRun(SuiteRunner.java:397)
at org.testng.SuiteRunner.run(SuiteRunner.java:336)
at org.testng.SuiteRunnerWorker.runSuite(SuiteRunnerWorker.java:52)
at org.testng.SuiteRunnerWorker.run(SuiteRunnerWorker.java:95)
at org.testng.TestNG.runSuitesSequentially(TestNG.java:1280)
at org.testng.TestNG.runSuitesLocally(TestNG.java:1200)
at org.testng.TestNG.runSuites(TestNG.java:1114)
at org.testng.TestNG.run(TestNG.java:1082)
at org.testng.remote.AbstractRemoteTestNG.run(AbstractRemoteTestNG.java:115)
at org.testng.remote.RemoteTestNG.initAndRun(RemoteTestNG.java:251)
at org.testng.remote.RemoteTestNG.main(RemoteTestNG.java:77)
]]>
    </error>
  </testcase> <!-- Login -->
  <testcase classname="auditor.AuditorcountStatutory" name="DailyUpdates" time="113.396"/>
  <testcase classname="auditor.AuditorcountStatutory" name="NewsLetter" time="99.759"/>
  <testcase classname="auditor.AuditorcountStatutory" name="AssignmentReportFilter" time="142.973"/>
  <testcase classname="auditor.AuditorcountStatutory" name="ActRepository" time="101.429"/>
  <testcase classname="auditor.AuditorcountStatutory" name="ComplianceIDFilterEBAU" time="147.474"/>
  <testcase classname="auditor.AuditorcountStatutory" name="ComplianceIDFilterINAu" time="146.676"/>
  <testcase classname="auditor.AuditorcountStatutory" name="ComplianceIDFilter1Invalid" time="130.031"/>
  <testcase classname="auditor.AuditorcountStatutory" name="ComplianceIDFilterEBInvalid" time="135.762"/>
  <testcase classname="auditor.AuditorcountStatutory" name="MyNotifications" time="106.915"/>
  <testcase classname="auditor.AuditorcountStatutory" name="ComplianceIDFilterINInvalid" time="140.912"/>
  <testcase classname="auditor.AuditorcountStatutory" name="MessageCenter" time="75.177">
    <error message="no such element: Unable to locate element: {&quot;method&quot;:&quot;xpath&quot;,&quot;selector&quot;:&quot;//*[@id=&#039;leftdashboardmenu&#039;]&quot;}
  (Session info: chrome=125.0.6422.142)
For documentation on this error, please visit: http://seleniumhq.org/exceptions/no_such_element.html
Build info: version: &#039;3.141.0&#039;, revision: &#039;2ecb7d9a&#039;, time: &#039;2018-10-31T20:09:30&#039;
System info: host: &#039;TRPL-PUN-0113&#039;, ip: &#039;192.168.1.3&#039;, os.name: &#039;Windows 10&#039;, os.arch: &#039;amd64&#039;, os.version: &#039;10.0&#039;, java.version: &#039;17.0.5&#039;
Driver info: org.openqa.selenium.chrome.ChromeDriver
Capabilities {acceptInsecureCerts: false, browserName: chrome, browserVersion: 125.0.6422.142, chrome: {chromedriverVersion: 125.0.6422.60 (3ac3319bff9f..., userDataDir: C:\Users\mayurig\AppData\Lo...}, fedcm:accounts: true, goog:chromeOptions: {debuggerAddress: localhost:57546}, javascriptEnabled: true, networkConnectionEnabled: false, pageLoadStrategy: normal, platform: WINDOWS, platformName: WINDOWS, proxy: Proxy(), setWindowRect: true, strictFileInteractability: false, timeouts: {implicit: 0, pageLoad: 300000, script: 30000}, unhandledPromptBehavior: dismiss and notify, webauthn:extension:credBlob: true, webauthn:extension:largeBlob: true, webauthn:extension:minPinLength: true, webauthn:extension:prf: true, webauthn:virtualAuthenticators: true}
Session ID: 8b5e6d593ae7130858f3e0261e0a293a
*** Element info: {Using=xpath, value=//*[@id=&#039;leftdashboardmenu&#039;]}" type="org.openqa.selenium.NoSuchElementException">
      <![CDATA[org.openqa.selenium.NoSuchElementException: no such element: Unable to locate element: {"method":"xpath","selector":"//*[@id='leftdashboardmenu']"}
  (Session info: chrome=125.0.6422.142)
For documentation on this error, please visit: http://seleniumhq.org/exceptions/no_such_element.html
Build info: version: '3.141.0', revision: '2ecb7d9a', time: '2018-10-31T20:09:30'
System info: host: 'TRPL-PUN-0113', ip: '192.168.1.3', os.name: 'Windows 10', os.arch: 'amd64', os.version: '10.0', java.version: '17.0.5'
Driver info: org.openqa.selenium.chrome.ChromeDriver
Capabilities {acceptInsecureCerts: false, browserName: chrome, browserVersion: 125.0.6422.142, chrome: {chromedriverVersion: 125.0.6422.60 (3ac3319bff9f..., userDataDir: C:\Users\mayurig\AppData\Lo...}, fedcm:accounts: true, goog:chromeOptions: {debuggerAddress: localhost:57546}, javascriptEnabled: true, networkConnectionEnabled: false, pageLoadStrategy: normal, platform: WINDOWS, platformName: WINDOWS, proxy: Proxy(), setWindowRect: true, strictFileInteractability: false, timeouts: {implicit: 0, pageLoad: 300000, script: 30000}, unhandledPromptBehavior: dismiss and notify, webauthn:extension:credBlob: true, webauthn:extension:largeBlob: true, webauthn:extension:minPinLength: true, webauthn:extension:prf: true, webauthn:virtualAuthenticators: true}
Session ID: 8b5e6d593ae7130858f3e0261e0a293a
*** Element info: {Using=xpath, value=//*[@id='leftdashboardmenu']}
at java.base/jdk.internal.reflect.NativeConstructorAccessorImpl.newInstance0(Native Method)
at java.base/jdk.internal.reflect.NativeConstructorAccessorImpl.newInstance(NativeConstructorAccessorImpl.java:77)
at java.base/jdk.internal.reflect.DelegatingConstructorAccessorImpl.newInstance(DelegatingConstructorAccessorImpl.java:45)
at java.base/java.lang.reflect.Constructor.newInstanceWithCaller(Constructor.java:499)
at java.base/java.lang.reflect.Constructor.newInstance(Constructor.java:480)
at org.openqa.selenium.remote.http.W3CHttpResponseCodec.createException(W3CHttpResponseCodec.java:187)
at org.openqa.selenium.remote.http.W3CHttpResponseCodec.decode(W3CHttpResponseCodec.java:122)
at org.openqa.selenium.remote.http.W3CHttpResponseCodec.decode(W3CHttpResponseCodec.java:49)
at org.openqa.selenium.remote.HttpCommandExecutor.execute(HttpCommandExecutor.java:158)
at org.openqa.selenium.remote.service.DriverCommandExecutor.execute(DriverCommandExecutor.java:83)
at org.openqa.selenium.remote.RemoteWebDriver.execute(RemoteWebDriver.java:552)
at org.openqa.selenium.remote.RemoteWebDriver.findElement(RemoteWebDriver.java:323)
at org.openqa.selenium.remote.RemoteWebDriver.findElementByXPath(RemoteWebDriver.java:428)
at org.openqa.selenium.By$ByXPath.findElement(By.java:353)
at org.openqa.selenium.remote.RemoteWebDriver.findElement(RemoteWebDriver.java:315)
at performer.OverduePOM.clickDashboard(OverduePOM.java:477)
at auditor.AuditorcountStatutory.MessageCenter(AuditorcountStatutory.java:2829)
at java.base/jdk.internal.reflect.NativeMethodAccessorImpl.invoke0(Native Method)
at java.base/jdk.internal.reflect.NativeMethodAccessorImpl.invoke(NativeMethodAccessorImpl.java:77)
at java.base/jdk.internal.reflect.DelegatingMethodAccessorImpl.invoke(DelegatingMethodAccessorImpl.java:43)
at java.base/java.lang.reflect.Method.invoke(Method.java:568)
at org.testng.internal.invokers.MethodInvocationHelper.invokeMethod(MethodInvocationHelper.java:139)
at org.testng.internal.invokers.TestInvoker.invokeMethod(TestInvoker.java:664)
at org.testng.internal.invokers.TestInvoker.invokeTestMethod(TestInvoker.java:227)
at org.testng.internal.invokers.MethodRunner.runInSequence(MethodRunner.java:50)
at org.testng.internal.invokers.TestInvoker$MethodInvocationAgent.invoke(TestInvoker.java:957)
at org.testng.internal.invokers.TestInvoker.invokeTestMethods(TestInvoker.java:200)
at org.testng.internal.invokers.TestMethodWorker.invokeTestMethods(TestMethodWorker.java:148)
at org.testng.internal.invokers.TestMethodWorker.run(TestMethodWorker.java:128)
at java.base/java.util.ArrayList.forEach(ArrayList.java:1511)
at org.testng.TestRunner.privateRun(TestRunner.java:848)
at org.testng.TestRunner.run(TestRunner.java:621)
at org.testng.SuiteRunner.runTest(SuiteRunner.java:443)
at org.testng.SuiteRunner.runSequentially(SuiteRunner.java:437)
at org.testng.SuiteRunner.privateRun(SuiteRunner.java:397)
at org.testng.SuiteRunner.run(SuiteRunner.java:336)
at org.testng.SuiteRunnerWorker.runSuite(SuiteRunnerWorker.java:52)
at org.testng.SuiteRunnerWorker.run(SuiteRunnerWorker.java:95)
at org.testng.TestNG.runSuitesSequentially(TestNG.java:1280)
at org.testng.TestNG.runSuitesLocally(TestNG.java:1200)
at org.testng.TestNG.runSuites(TestNG.java:1114)
at org.testng.TestNG.run(TestNG.java:1082)
at org.testng.remote.AbstractRemoteTestNG.run(AbstractRemoteTestNG.java:115)
at org.testng.remote.RemoteTestNG.initAndRun(RemoteTestNG.java:251)
at org.testng.remote.RemoteTestNG.main(RemoteTestNG.java:77)
]]>
    </error>
  </testcase> <!-- MessageCenter -->
  <testcase classname="auditor.AuditorcountStatutory" name="InternalMsg" time="0.001">
    <skipped/>
  </testcase> <!-- InternalMsg -->
  <testcase classname="auditor.AuditorcountStatutory" name="SupportTicket" time="0.000">
    <skipped/>
  </testcase> <!-- SupportTicket -->
  <testcase classname="auditor.AuditorcountStatutory" name="WhatsNew" time="0.000">
    <skipped/>
  </testcase> <!-- WhatsNew -->
  <testcase classname="auditor.AuditorcountStatutory" name="CompletedPFR_PieChartApAu" time="0.000">
    <skipped/>
  </testcase> <!-- CompletedPFR_PieChartApAu -->
  <testcase classname="auditor.AuditorcountStatutory" name="NotCompletedPFR_PieChartApAu" time="0.000">
    <skipped/>
  </testcase> <!-- NotCompletedPFR_PieChartApAu -->
  <testcase classname="auditor.AuditorcountStatutory" name="RiskSummaryHighStatutoryApAu" time="0.000">
    <skipped/>
  </testcase> <!-- RiskSummaryHighStatutoryApAu -->
  <testcase classname="auditor.AuditorcountStatutory" name="DepartSummaryStatutoryApAppAu" time="0.000">
    <skipped/>
  </testcase> <!-- DepartSummaryStatutoryApAppAu -->
  <testcase classname="auditor.AuditorcountStatutory" name="Completed_PieChartPeriodAP" time="0.001">
    <skipped/>
  </testcase> <!-- Completed_PieChartPeriodAP -->
  <testcase classname="auditor.AuditorcountStatutory" name="NotCompleted_PieChartPeriodAP" time="0.000">
    <skipped/>
  </testcase> <!-- NotCompleted_PieChartPeriodAP -->
  <testcase classname="auditor.AuditorcountStatutory" name="DetailedReportAPAu" time="0.000">
    <skipped/>
  </testcase> <!-- DetailedReportAPAu -->
  <testcase classname="auditor.AuditorcountStatutory" name="CompletedPFR_PieChartMp" time="0.000">
    <skipped/>
  </testcase> <!-- CompletedPFR_PieChartMp -->
  <testcase classname="auditor.AuditorcountStatutory" name="CompletedPFR_PieChartMpView" time="0.000">
    <skipped/>
  </testcase> <!-- CompletedPFR_PieChartMpView -->
  <testcase classname="auditor.AuditorcountStatutory" name="RiskSummaryMp" time="0.000">
    <skipped/>
  </testcase> <!-- RiskSummaryMp -->
  <testcase classname="auditor.AuditorcountStatutory" name="RiskSummaryMpView" time="0.000">
    <skipped/>
  </testcase> <!-- RiskSummaryMpView -->
  <testcase classname="auditor.AuditorcountStatutory" name="DeptSummaryMp" time="0.000">
    <skipped/>
  </testcase> <!-- DeptSummaryMp -->
  <testcase classname="auditor.AuditorcountStatutory" name="DeptSummaryMpView" time="0.000">
    <skipped/>
  </testcase> <!-- DeptSummaryMpView -->
  <testcase classname="auditor.AuditorcountStatutory" name="DFPCompletedPFR_PieChartMp" time="0.000">
    <skipped/>
  </testcase> <!-- DFPCompletedPFR_PieChartMp -->
  <testcase classname="auditor.AuditorcountStatutory" name="DFPCompletedPFR_PieChartMpView" time="0.000">
    <skipped/>
  </testcase> <!-- DFPCompletedPFR_PieChartMpView -->
  <testcase classname="auditor.AuditorcountStatutory" name="CompletedPFR_PieChartMpSC" time="0.000">
    <skipped/>
  </testcase> <!-- CompletedPFR_PieChartMpSC -->
  <testcase classname="auditor.AuditorcountStatutory" name="DetailedReportFilter" time="0.000">
    <skipped/>
  </testcase> <!-- DetailedReportFilter -->
  <testcase classname="auditor.AuditorcountStatutory" name="CompletedPFR_PieChartMpViewSC" time="0.000">
    <skipped/>
  </testcase> <!-- CompletedPFR_PieChartMpViewSC -->
  <testcase classname="auditor.AuditorcountStatutory" name="RiskSummaryMpSC" time="0.001">
    <skipped/>
  </testcase> <!-- RiskSummaryMpSC -->
  <testcase classname="auditor.AuditorcountStatutory" name="RiskSummaryMpViewSC" time="0.000">
    <skipped/>
  </testcase> <!-- RiskSummaryMpViewSC -->
  <testcase classname="auditor.AuditorcountStatutory" name="DeptSummaryMpSC" time="0.000">
    <skipped/>
  </testcase> <!-- DeptSummaryMpSC -->
  <testcase classname="auditor.AuditorcountStatutory" name="DeptSummaryMpViewSC" time="0.000">
    <skipped/>
  </testcase> <!-- DeptSummaryMpViewSC -->
  <testcase classname="auditor.AuditorcountStatutory" name="DFPCompletedPFR_PieChartMpSC" time="0.000">
    <skipped/>
  </testcase> <!-- DFPCompletedPFR_PieChartMpSC -->
  <testcase classname="auditor.AuditorcountStatutory" name="DFPCompletedPFR_PieChartMpViewSC" time="0.000">
    <skipped/>
  </testcase> <!-- DFPCompletedPFR_PieChartMpViewSC -->
  <testcase classname="auditor.AuditorcountStatutory" name="CompletedPFR_PieChartMpIn" time="0.000">
    <skipped/>
  </testcase> <!-- CompletedPFR_PieChartMpIn -->
  <testcase classname="auditor.AuditorcountStatutory" name="ActDocuments" time="0.000">
    <skipped/>
  </testcase> <!-- ActDocuments -->
  <testcase classname="auditor.AuditorcountStatutory" name="CompletedPFR_PieChartMpViewIn" time="0.000">
    <skipped/>
  </testcase> <!-- CompletedPFR_PieChartMpViewIn -->
  <testcase classname="auditor.AuditorcountStatutory" name="RiskSummaryMpIn" time="0.000">
    <skipped/>
  </testcase> <!-- RiskSummaryMpIn -->
  <testcase classname="auditor.AuditorcountStatutory" name="RiskSummaryMpViewIn" time="0.000">
    <skipped/>
  </testcase> <!-- RiskSummaryMpViewIn -->
  <testcase classname="auditor.AuditorcountStatutory" name="DFPCompletedPFR_PieChartMpIn" time="0.001">
    <skipped/>
  </testcase> <!-- DFPCompletedPFR_PieChartMpIn -->
  <testcase classname="auditor.AuditorcountStatutory" name="DFPCompletedPFR_PieChartMpViewIn" time="0.000">
    <skipped/>
  </testcase> <!-- DFPCompletedPFR_PieChartMpViewIn -->
  <testcase classname="auditor.AuditorcountStatutory" name="DeviationApproverColPSAu" time="0.000">
    <skipped/>
  </testcase> <!-- DeviationApproverColPSAu -->
  <testcase classname="auditor.AuditorcountStatutory" name="DeviationApproverColRSAu" time="0.000">
    <skipped/>
  </testcase> <!-- DeviationApproverColRSAu -->
  <testcase classname="auditor.AuditorcountStatutory" name="DeviationApproverColDSAu" time="0.000">
    <skipped/>
  </testcase> <!-- DeviationApproverColDSAu -->
  <testcase classname="auditor.AuditorcountStatutory" name="DeviationApproverColPSDFPAu" time="0.000">
    <skipped/>
  </testcase> <!-- DeviationApproverColPSDFPAu -->
  <testcase classname="auditor.AuditorcountStatutory" name="ComplianceDocumentsDAM" time="0.000">
    <skipped/>
  </testcase> <!-- ComplianceDocumentsDAM -->
  <testcase classname="auditor.AuditorcountStatutory" name="DeviationApproverColCDAPP" time="0.000">
    <skipped/>
  </testcase> <!-- DeviationApproverColCDAPP -->
  <testcase classname="auditor.AuditorcountStatutory" name="DeviationClosureStatuscolCD" time="0.001">
    <skipped/>
  </testcase> <!-- DeviationClosureStatuscolCD -->
  <testcase classname="auditor.AuditorcountStatutory" name="DetailedReportDA" time="0.000">
    <skipped/>
  </testcase> <!-- DetailedReportDA -->
</testsuite> <!-- auditor.AuditorcountStatutory -->
