<?xml version="1.0" encoding="UTF-8"?>
<!-- Generated by org.testng.reporters.JUnitReportReporter -->
<testsuite hostname="DESKTOP-J8VA1KP" failures="0" tests="2" name="cfo.MgmtBita" time="61.242" errors="0" timestamp="2023-03-10T16:02:51 IST" skipped="0">
  <testcase classname="cfo.MgmtBita" name="Login" time="20.746"/>
  <system-out/>
  <testcase classname="cfo.MgmtBita" name="clickPenaltyStatutory" time="40.496"/>
  <system-out/>
</testsuite> <!-- cfo.MgmtBita -->
