<?xml version="1.0" encoding="UTF-8"?>
<!-- Generated by org.testng.reporters.JUnitReportReporter -->
<testsuite hostname="DESKTOP-J8VA1KP" failures="0" tests="2" name="complianceCertificateReviewer.ComplianceCertificateReviewerTest" time="63.503" errors="0" timestamp="2023-02-20T13:24:03 IST" skipped="0">
  <testcase classname="complianceCertificateReviewer.ComplianceCertificateReviewerTest" name="Login" time="16.932"/>
  <system-out/>
  <testcase classname="complianceCertificateReviewer.ComplianceCertificateReviewerTest" name="CertificatePerformerUser" time="46.571"/>
  <system-out/>
</testsuite> <!-- complianceCertificateReviewer.ComplianceCertificateReviewerTest -->
