<?xml version="1.0" encoding="UTF-8"?>
<!-- Generated by org.testng.reporters.JUnitReportReporter -->
<testsuite skipped="7" hostname="Avantis-pc1" name="licensePerformer.LicensePerformerInternal" tests="7" failures="0" timestamp="2022-07-06T11:08:40 IST" time="0.000" errors="0">
  <testcase name="Login" time="0.000" classname="licensePerformer.LicensePerformerInternal">
    <skipped/>
  </testcase> <!-- Login -->
  <testcase name="Active" time="0.000" classname="licensePerformer.LicensePerformerInternal">
    <skipped/>
  </testcase> <!-- Active -->
  <testcase name="Expiring" time="0.000" classname="licensePerformer.LicensePerformerInternal">
    <skipped/>
  </testcase> <!-- Expiring -->
  <testcase name="Expired" time="0.000" classname="licensePerformer.LicensePerformerInternal">
    <skipped/>
  </testcase> <!-- Expired -->
  <testcase name="Applied" time="0.000" classname="licensePerformer.LicensePerformerInternal">
    <skipped/>
  </testcase> <!-- Applied -->
  <testcase name="MyDocuments" time="0.000" classname="licensePerformer.LicensePerformerInternal">
    <skipped/>
  </testcase> <!-- MyDocuments -->
  <testcase name="MyReports" time="0.000" classname="licensePerformer.LicensePerformerInternal">
    <skipped/>
  </testcase> <!-- MyReports -->
</testsuite> <!-- licensePerformer.LicensePerformerInternal -->
