<?xml version="1.0" encoding="UTF-8"?>
<!-- Generated by org.testng.reporters.JUnitReportReporter -->
<testsuite hostname="TRPL-PUN-0125" failures="0" tests="30" name="criticalTestScripts.AuditorInternal" time="14666.914" errors="1" timestamp="2024-09-29T18:22:42 IST" skipped="0">
  <testcase classname="criticalTestScripts.AuditorInternal" name="ClosedTimely_PieChart" time="472.524"/>
  <testcase classname="criticalTestScripts.AuditorInternal" name="ClosedDelayed_PieChart" time="472.718"/>
  <testcase classname="criticalTestScripts.AuditorInternal" name="NotCompleted_PieChart" time="578.729"/>
  <testcase classname="criticalTestScripts.AuditorInternal" name="NotApplicable_PieChartIn" time="485.889"/>
  <testcase classname="criticalTestScripts.AuditorInternal" name="Overdue_PieChartInternal" time="585.961"/>
  <testcase classname="criticalTestScripts.AuditorInternal" name="dueToday_PieChartInternal" time="105.948"/>
  <testcase classname="criticalTestScripts.AuditorInternal" name="PFR_PieChartInternal" time="482.920"/>
  <testcase classname="criticalTestScripts.AuditorInternal" name="inProgress_PieChartInternal" time="486.337"/>
  <testcase classname="criticalTestScripts.AuditorInternal" name="Rejected_PieChartInternal" time="478.897"/>
  <testcase classname="criticalTestScripts.AuditorInternal" name="BargraphBSECriticalStatutory" time="199.486">
    <error message="element click intercepted: Element is not clickable at point (1098, -20)
  (Session info: chrome=129.0.6668.70)
Build info: version: &#039;3.141.0&#039;, revision: &#039;2ecb7d9a&#039;, time: &#039;2018-10-31T20:09:30&#039;
System info: host: &#039;TRPL-PUN-0125&#039;, ip: &#039;192.168.5.48&#039;, os.name: &#039;Windows 10&#039;, os.arch: &#039;amd64&#039;, os.version: &#039;10.0&#039;, java.version: &#039;17.0.9&#039;
Driver info: org.openqa.selenium.chrome.ChromeDriver
Capabilities {acceptInsecureCerts: false, browserName: chrome, browserVersion: 129.0.6668.70, chrome: {chromedriverVersion: 129.0.6668.58 (81a06fb873a9..., userDataDir: C:\Users\shitalb\AppData\Lo...}, fedcm:accounts: true, goog:chromeOptions: {debuggerAddress: localhost:59867}, javascriptEnabled: true, networkConnectionEnabled: false, pageLoadStrategy: normal, platform: WINDOWS, platformName: WINDOWS, proxy: Proxy(), setWindowRect: true, strictFileInteractability: false, timeouts: {implicit: 0, pageLoad: 300000, script: 30000}, unhandledPromptBehavior: dismiss and notify, webauthn:extension:credBlob: true, webauthn:extension:largeBlob: true, webauthn:extension:minPinLength: true, webauthn:extension:prf: true, webauthn:virtualAuthenticators: true}
Session ID: 7b9e8425588a77dcbfdfc53806949f69" type="org.openqa.selenium.ElementClickInterceptedException">
      <![CDATA[org.openqa.selenium.ElementClickInterceptedException: element click intercepted: Element is not clickable at point (1098, -20)
  (Session info: chrome=129.0.6668.70)
Build info: version: '3.141.0', revision: '2ecb7d9a', time: '2018-10-31T20:09:30'
System info: host: 'TRPL-PUN-0125', ip: '192.168.5.48', os.name: 'Windows 10', os.arch: 'amd64', os.version: '10.0', java.version: '17.0.9'
Driver info: org.openqa.selenium.chrome.ChromeDriver
Capabilities {acceptInsecureCerts: false, browserName: chrome, browserVersion: 129.0.6668.70, chrome: {chromedriverVersion: 129.0.6668.58 (81a06fb873a9..., userDataDir: C:\Users\shitalb\AppData\Lo...}, fedcm:accounts: true, goog:chromeOptions: {debuggerAddress: localhost:59867}, javascriptEnabled: true, networkConnectionEnabled: false, pageLoadStrategy: normal, platform: WINDOWS, platformName: WINDOWS, proxy: Proxy(), setWindowRect: true, strictFileInteractability: false, timeouts: {implicit: 0, pageLoad: 300000, script: 30000}, unhandledPromptBehavior: dismiss and notify, webauthn:extension:credBlob: true, webauthn:extension:largeBlob: true, webauthn:extension:minPinLength: true, webauthn:extension:prf: true, webauthn:virtualAuthenticators: true}
Session ID: 7b9e8425588a77dcbfdfc53806949f69
at java.base/jdk.internal.reflect.NativeConstructorAccessorImpl.newInstance0(Native Method)
at java.base/jdk.internal.reflect.NativeConstructorAccessorImpl.newInstance(NativeConstructorAccessorImpl.java:77)
at java.base/jdk.internal.reflect.DelegatingConstructorAccessorImpl.newInstance(DelegatingConstructorAccessorImpl.java:45)
at java.base/java.lang.reflect.Constructor.newInstanceWithCaller(Constructor.java:499)
at java.base/java.lang.reflect.Constructor.newInstance(Constructor.java:480)
at org.openqa.selenium.remote.http.W3CHttpResponseCodec.createException(W3CHttpResponseCodec.java:187)
at org.openqa.selenium.remote.http.W3CHttpResponseCodec.decode(W3CHttpResponseCodec.java:122)
at org.openqa.selenium.remote.http.W3CHttpResponseCodec.decode(W3CHttpResponseCodec.java:49)
at org.openqa.selenium.remote.HttpCommandExecutor.execute(HttpCommandExecutor.java:158)
at org.openqa.selenium.remote.service.DriverCommandExecutor.execute(DriverCommandExecutor.java:83)
at org.openqa.selenium.remote.RemoteWebDriver.execute(RemoteWebDriver.java:552)
at org.openqa.selenium.remote.RemoteWebElement.execute(RemoteWebElement.java:285)
at org.openqa.selenium.remote.RemoteWebElement.click(RemoteWebElement.java:84)
at cfo.CFOcountPOM.BarGraphCountIn(CFOcountPOM.java:5860)
at criticalTestScripts.AuditorInternal.BargraphBSECriticalStatutory(AuditorInternal.java:971)
at java.base/jdk.internal.reflect.NativeMethodAccessorImpl.invoke0(Native Method)
at java.base/jdk.internal.reflect.NativeMethodAccessorImpl.invoke(NativeMethodAccessorImpl.java:77)
at java.base/jdk.internal.reflect.DelegatingMethodAccessorImpl.invoke(DelegatingMethodAccessorImpl.java:43)
at java.base/java.lang.reflect.Method.invoke(Method.java:568)
at org.testng.internal.invokers.MethodInvocationHelper.invokeMethod(MethodInvocationHelper.java:139)
at org.testng.internal.invokers.TestInvoker.invokeMethod(TestInvoker.java:664)
at org.testng.internal.invokers.TestInvoker.invokeTestMethod(TestInvoker.java:227)
at org.testng.internal.invokers.MethodRunner.runInSequence(MethodRunner.java:50)
at org.testng.internal.invokers.TestInvoker$MethodInvocationAgent.invoke(TestInvoker.java:957)
at org.testng.internal.invokers.TestInvoker.invokeTestMethods(TestInvoker.java:200)
at org.testng.internal.invokers.TestMethodWorker.invokeTestMethods(TestMethodWorker.java:148)
at org.testng.internal.invokers.TestMethodWorker.run(TestMethodWorker.java:128)
at java.base/java.util.ArrayList.forEach(ArrayList.java:1511)
at org.testng.TestRunner.privateRun(TestRunner.java:848)
at org.testng.TestRunner.run(TestRunner.java:621)
at org.testng.SuiteRunner.runTest(SuiteRunner.java:443)
at org.testng.SuiteRunner.runSequentially(SuiteRunner.java:437)
at org.testng.SuiteRunner.privateRun(SuiteRunner.java:397)
at org.testng.SuiteRunner.run(SuiteRunner.java:336)
at org.testng.SuiteRunnerWorker.runSuite(SuiteRunnerWorker.java:52)
at org.testng.SuiteRunnerWorker.run(SuiteRunnerWorker.java:95)
at org.testng.TestNG.runSuitesSequentially(TestNG.java:1280)
at org.testng.TestNG.runSuitesLocally(TestNG.java:1200)
at org.testng.TestNG.runSuites(TestNG.java:1114)
at org.testng.TestNG.run(TestNG.java:1082)
at org.testng.remote.AbstractRemoteTestNG.run(AbstractRemoteTestNG.java:115)
at org.testng.remote.RemoteTestNG.initAndRun(RemoteTestNG.java:251)
at org.testng.remote.RemoteTestNG.main(RemoteTestNG.java:77)
]]>
    </error>
  </testcase> <!-- BargraphBSECriticalStatutory -->
  <testcase classname="criticalTestScripts.AuditorInternal" name="BargraphBSEMediumStatutory" time="534.030"/>
  <testcase classname="criticalTestScripts.AuditorInternal" name="BargraphBSELowStatutory" time="513.688"/>
  <testcase classname="criticalTestScripts.AuditorInternal" name="RiskSummaryCriticalInternal" time="509.946"/>
  <testcase classname="criticalTestScripts.AuditorInternal" name="RiskSummaryHighInternal" time="513.803"/>
  <testcase classname="criticalTestScripts.AuditorInternal" name="RiskSummaryMediumStatutory" time="503.340"/>
  <testcase classname="criticalTestScripts.AuditorInternal" name="RiskSummaryLowStatutory" time="520.056"/>
  <testcase classname="criticalTestScripts.AuditorInternal" name="DepartmentSummaryFinanceStatutory" time="738.659"/>
  <testcase classname="criticalTestScripts.AuditorInternal" name="ClosedTimely_PieChartperiod" time="726.170"/>
  <testcase classname="criticalTestScripts.AuditorInternal" name="ClosedDelayed_PieChartPeriod" time="727.777"/>
  <testcase classname="criticalTestScripts.AuditorInternal" name="NotCompleted_PieChartPe" time="697.508"/>
  <testcase classname="criticalTestScripts.AuditorInternal" name="NotApplicable_PieChartPeriod" time="732.484"/>
  <testcase classname="criticalTestScripts.AuditorInternal" name="Overdue_PieChartInternalPe" time="590.068"/>
  <testcase classname="criticalTestScripts.AuditorInternal" name="dueToday_PieChartPeriod" time="169.771"/>
  <testcase classname="criticalTestScripts.AuditorInternal" name="PFR_PieChartInternalPe" time="704.684"/>
  <testcase classname="criticalTestScripts.AuditorInternal" name="InProgress_PieChartInternalPeriod" time="705.964"/>
  <testcase classname="criticalTestScripts.AuditorInternal" name="Upcoming_PieChartPeriod" time="179.174"/>
  <testcase classname="criticalTestScripts.AuditorInternal" name="Rejected_PieChartInternalPeriod" time="704.234"/>
  <testcase classname="criticalTestScripts.AuditorInternal" name="DetailedReportIn" time="161.076"/>
  <testcase classname="criticalTestScripts.AuditorInternal" name="AssignmentReport" time="132.823"/>
  <testcase classname="criticalTestScripts.AuditorInternal" name="ComplianceDocumentsIN" time="252.250"/>
</testsuite> <!-- criticalTestScripts.AuditorInternal -->
