<?xml version="1.0" encoding="UTF-8"?>
<!-- Generated by org.testng.reporters.JUnitReportReporter -->
<testsuite hostname="TRPL-PUN-0115" failures="0" tests="50" name="reviewer.ReviewerCount" time="6417.568" errors="2" timestamp="2024-08-14T22:05:37 IST" skipped="0">
  <testcase classname="reviewer.ReviewerCount" name="ReviewCountStatutoryApprove" time="230.820"/>
  <system-out/>
  <testcase classname="reviewer.ReviewerCount" name="ReviewCountStatutoryReject" time="214.010"/>
  <system-out/>
  <testcase classname="reviewer.ReviewerCount" name="PendingReviewInternalCri1" time="252.783"/>
  <system-out/>
  <testcase classname="reviewer.ReviewerCount" name="ReviewCountInternalReject" time="249.901"/>
  <system-out/>
  <testcase classname="reviewer.ReviewerCount" name="CompletedStatutoryCri" time="101.072"/>
  <system-out/>
  <testcase classname="reviewer.ReviewerCount" name="CompletedInternalCri" time="106.265"/>
  <system-out/>
  <testcase classname="reviewer.ReviewerCount" name="OverdueStatutoryCri" time="89.549">
    <error message="Index 2 out of bounds for length 1" type="java.lang.IndexOutOfBoundsException">
      <![CDATA[java.lang.IndexOutOfBoundsException: Index 2 out of bounds for length 1
at java.base/jdk.internal.util.Preconditions.outOfBounds(Preconditions.java:100)
at java.base/jdk.internal.util.Preconditions.outOfBoundsCheckIndex(Preconditions.java:106)
at java.base/jdk.internal.util.Preconditions.checkIndex(Preconditions.java:302)
at java.base/java.util.Objects.checkIndex(Objects.java:385)
at java.base/java.util.ArrayList.get(ArrayList.java:427)
at reviewer.ReMethodsPOM.OverdueStatutoryCri(ReMethodsPOM.java:1881)
at reviewer.ReviewerCount.OverdueStatutoryCri(ReviewerCount.java:532)
at java.base/jdk.internal.reflect.DirectMethodHandleAccessor.invoke(DirectMethodHandleAccessor.java:104)
at java.base/java.lang.reflect.Method.invoke(Method.java:578)
at org.testng.internal.MethodInvocationHelper.invokeMethod(MethodInvocationHelper.java:133)
at org.testng.internal.TestInvoker.invokeMethod(TestInvoker.java:598)
at org.testng.internal.TestInvoker.invokeTestMethod(TestInvoker.java:173)
at org.testng.internal.MethodRunner.runInSequence(MethodRunner.java:46)
at org.testng.internal.TestInvoker$MethodInvocationAgent.invoke(TestInvoker.java:824)
at org.testng.internal.TestInvoker.invokeTestMethods(TestInvoker.java:146)
at org.testng.internal.TestMethodWorker.invokeTestMethods(TestMethodWorker.java:146)
at org.testng.internal.TestMethodWorker.run(TestMethodWorker.java:128)
at java.base/java.util.ArrayList.forEach(ArrayList.java:1511)
at org.testng.TestRunner.privateRun(TestRunner.java:794)
at org.testng.TestRunner.run(TestRunner.java:596)
at org.testng.SuiteRunner.runTest(SuiteRunner.java:377)
at org.testng.SuiteRunner.runSequentially(SuiteRunner.java:371)
at org.testng.SuiteRunner.privateRun(SuiteRunner.java:332)
at org.testng.SuiteRunner.run(SuiteRunner.java:276)
at org.testng.SuiteRunnerWorker.runSuite(SuiteRunnerWorker.java:53)
at org.testng.SuiteRunnerWorker.run(SuiteRunnerWorker.java:96)
at org.testng.TestNG.runSuitesSequentially(TestNG.java:1212)
at org.testng.TestNG.runSuitesLocally(TestNG.java:1134)
at org.testng.TestNG.runSuites(TestNG.java:1063)
at org.testng.TestNG.run(TestNG.java:1031)
at org.testng.remote.AbstractRemoteTestNG.run(AbstractRemoteTestNG.java:115)
at org.testng.remote.RemoteTestNG.initAndRun(RemoteTestNG.java:251)
at org.testng.remote.RemoteTestNG.main(RemoteTestNG.java:77)
]]>
    </error>
  </testcase> <!-- OverdueStatutoryCri -->
  <system-out/>
  <testcase classname="reviewer.ReviewerCount" name="OverdueInternalCri" time="106.641"/>
  <system-out/>
  <testcase classname="reviewer.ReviewerCount" name="RejectedStatutory" time="91.420"/>
  <system-out/>
  <testcase classname="reviewer.ReviewerCount" name="RejectedInternal" time="95.600"/>
  <system-out/>
  <testcase classname="reviewer.ReviewerCount" name="DueButNotSubmitted" time="93.620"/>
  <system-out/>
  <testcase classname="reviewer.ReviewerCount" name="DueButNotSubmittedIn" time="89.859"/>
  <system-out/>
  <testcase classname="reviewer.ReviewerCount" name="PendingForReview" time="90.410"/>
  <system-out/>
  <testcase classname="reviewer.ReviewerCount" name="PendingForReviewIn" time="91.776"/>
  <system-out/>
  <testcase classname="reviewer.ReviewerCount" name="Rejectedtask" time="90.109"/>
  <system-out/>
  <testcase classname="reviewer.ReviewerCount" name="RejectedtaskIn" time="89.084"/>
  <system-out/>
  <testcase classname="reviewer.ReviewerCount" name="InterimReview" time="117.181"/>
  <system-out/>
  <testcase classname="reviewer.ReviewerCount" name="Compliancecalendar" time="145.774"/>
  <system-out/>
  <testcase classname="reviewer.ReviewerCount" name="DetailedReport1" time="129.002"/>
  <system-out/>
  <testcase classname="reviewer.ReviewerCount" name="DetailedReportIn" time="129.848"/>
  <system-out/>
  <testcase classname="reviewer.ReviewerCount" name="ReassignUser" time="100.597"/>
  <system-out/>
  <testcase classname="reviewer.ReviewerCount" name="DetailedReportFilterRe" time="141.168"/>
  <system-out/>
  <testcase classname="reviewer.ReviewerCount" name="AssignmentReport" time="100.473"/>
  <system-out/>
  <testcase classname="reviewer.ReviewerCount" name="AssignmentReportFilter" time="162.830"/>
  <system-out/>
  <testcase classname="reviewer.ReviewerCount" name="ComplianceIDFilter1" time="137.132"/>
  <system-out/>
  <testcase classname="reviewer.ReviewerCount" name="ComplianceIDFilterEBDe" time="144.657"/>
  <system-out/>
  <testcase classname="reviewer.ReviewerCount" name="ComplianceIDFilterINDe" time="143.836"/>
  <system-out/>
  <testcase classname="reviewer.ReviewerCount" name="ComplianceIDFilter1Invalid" time="127.738"/>
  <system-out/>
  <testcase classname="reviewer.ReviewerCount" name="ComplianceIDFilterEBInvalid" time="133.659"/>
  <system-out/>
  <testcase classname="reviewer.ReviewerCount" name="ComplianceIDFilterINInvalid" time="136.766"/>
  <system-out/>
  <testcase classname="reviewer.ReviewerCount" name="TaskReport" time="125.567"/>
  <system-out/>
  <testcase classname="reviewer.ReviewerCount" name="ComplianceRepository" time="91.615"/>
  <system-out/>
  <testcase classname="reviewer.ReviewerCount" name="ComplianceDocumentsSat" time="184.042"/>
  <system-out/>
  <testcase classname="reviewer.ReviewerCount" name="ComplianceDocumentsInter" time="216.033"/>
  <system-out/>
  <testcase classname="reviewer.ReviewerCount" name="CriticalDocuments" time="151.804">
    <error message="element not interactable
  (Session info: chrome=127.0.6533.100)
Build info: version: &#039;3.141.0&#039;, revision: &#039;2ecb7d9a&#039;, time: &#039;2018-10-31T20:09:30&#039;
System info: host: &#039;TRPL-PUN-0115&#039;, ip: &#039;192.168.5.60&#039;, os.name: &#039;Windows 10&#039;, os.arch: &#039;amd64&#039;, os.version: &#039;10.0&#039;, java.version: &#039;20&#039;
Driver info: org.openqa.selenium.chrome.ChromeDriver
Capabilities {acceptInsecureCerts: false, browserName: chrome, browserVersion: 127.0.6533.100, chrome: {chromedriverVersion: 127.0.6533.72 (9755e24ca85a..., userDataDir: C:\Users\snehalp\AppData\Lo...}, fedcm:accounts: true, goog:chromeOptions: {debuggerAddress: localhost:56052}, javascriptEnabled: true, networkConnectionEnabled: false, pageLoadStrategy: normal, platform: WINDOWS, platformName: WINDOWS, proxy: Proxy(), setWindowRect: true, strictFileInteractability: false, timeouts: {implicit: 0, pageLoad: 300000, script: 30000}, unhandledPromptBehavior: dismiss and notify, webauthn:extension:credBlob: true, webauthn:extension:largeBlob: true, webauthn:extension:minPinLength: true, webauthn:extension:prf: true, webauthn:virtualAuthenticators: true}
Session ID: ce5309527b4c28604fc65c1767abe8cb" type="org.openqa.selenium.ElementNotInteractableException">
      <![CDATA[org.openqa.selenium.ElementNotInteractableException: element not interactable
  (Session info: chrome=127.0.6533.100)
Build info: version: '3.141.0', revision: '2ecb7d9a', time: '2018-10-31T20:09:30'
System info: host: 'TRPL-PUN-0115', ip: '192.168.5.60', os.name: 'Windows 10', os.arch: 'amd64', os.version: '10.0', java.version: '20'
Driver info: org.openqa.selenium.chrome.ChromeDriver
Capabilities {acceptInsecureCerts: false, browserName: chrome, browserVersion: 127.0.6533.100, chrome: {chromedriverVersion: 127.0.6533.72 (9755e24ca85a..., userDataDir: C:\Users\snehalp\AppData\Lo...}, fedcm:accounts: true, goog:chromeOptions: {debuggerAddress: localhost:56052}, javascriptEnabled: true, networkConnectionEnabled: false, pageLoadStrategy: normal, platform: WINDOWS, platformName: WINDOWS, proxy: Proxy(), setWindowRect: true, strictFileInteractability: false, timeouts: {implicit: 0, pageLoad: 300000, script: 30000}, unhandledPromptBehavior: dismiss and notify, webauthn:extension:credBlob: true, webauthn:extension:largeBlob: true, webauthn:extension:minPinLength: true, webauthn:extension:prf: true, webauthn:virtualAuthenticators: true}
Session ID: ce5309527b4c28604fc65c1767abe8cb
at java.base/jdk.internal.reflect.DirectConstructorHandleAccessor.newInstance(DirectConstructorHandleAccessor.java:67)
at java.base/java.lang.reflect.Constructor.newInstanceWithCaller(Constructor.java:500)
at java.base/java.lang.reflect.Constructor.newInstance(Constructor.java:484)
at org.openqa.selenium.remote.http.W3CHttpResponseCodec.createException(W3CHttpResponseCodec.java:187)
at org.openqa.selenium.remote.http.W3CHttpResponseCodec.decode(W3CHttpResponseCodec.java:122)
at org.openqa.selenium.remote.http.W3CHttpResponseCodec.decode(W3CHttpResponseCodec.java:49)
at org.openqa.selenium.remote.HttpCommandExecutor.execute(HttpCommandExecutor.java:158)
at org.openqa.selenium.remote.service.DriverCommandExecutor.execute(DriverCommandExecutor.java:83)
at org.openqa.selenium.remote.RemoteWebDriver.execute(RemoteWebDriver.java:552)
at org.openqa.selenium.remote.RemoteWebElement.execute(RemoteWebElement.java:285)
at org.openqa.selenium.remote.RemoteWebElement.click(RemoteWebElement.java:84)
at performer.OverduePOM.CriticalDocuments(OverduePOM.java:3860)
at reviewer.ReviewerCount.CriticalDocuments(ReviewerCount.java:1807)
at java.base/jdk.internal.reflect.DirectMethodHandleAccessor.invoke(DirectMethodHandleAccessor.java:104)
at java.base/java.lang.reflect.Method.invoke(Method.java:578)
at org.testng.internal.MethodInvocationHelper.invokeMethod(MethodInvocationHelper.java:133)
at org.testng.internal.TestInvoker.invokeMethod(TestInvoker.java:598)
at org.testng.internal.TestInvoker.invokeTestMethod(TestInvoker.java:173)
at org.testng.internal.MethodRunner.runInSequence(MethodRunner.java:46)
at org.testng.internal.TestInvoker$MethodInvocationAgent.invoke(TestInvoker.java:824)
at org.testng.internal.TestInvoker.invokeTestMethods(TestInvoker.java:146)
at org.testng.internal.TestMethodWorker.invokeTestMethods(TestMethodWorker.java:146)
at org.testng.internal.TestMethodWorker.run(TestMethodWorker.java:128)
at java.base/java.util.ArrayList.forEach(ArrayList.java:1511)
at org.testng.TestRunner.privateRun(TestRunner.java:794)
at org.testng.TestRunner.run(TestRunner.java:596)
at org.testng.SuiteRunner.runTest(SuiteRunner.java:377)
at org.testng.SuiteRunner.runSequentially(SuiteRunner.java:371)
at org.testng.SuiteRunner.privateRun(SuiteRunner.java:332)
at org.testng.SuiteRunner.run(SuiteRunner.java:276)
at org.testng.SuiteRunnerWorker.runSuite(SuiteRunnerWorker.java:53)
at org.testng.SuiteRunnerWorker.run(SuiteRunnerWorker.java:96)
at org.testng.TestNG.runSuitesSequentially(TestNG.java:1212)
at org.testng.TestNG.runSuitesLocally(TestNG.java:1134)
at org.testng.TestNG.runSuites(TestNG.java:1063)
at org.testng.TestNG.run(TestNG.java:1031)
at org.testng.remote.AbstractRemoteTestNG.run(AbstractRemoteTestNG.java:115)
at org.testng.remote.RemoteTestNG.initAndRun(RemoteTestNG.java:251)
at org.testng.remote.RemoteTestNG.main(RemoteTestNG.java:77)
]]>
    </error>
  </testcase> <!-- CriticalDocuments -->
  <system-out/>
  <testcase classname="reviewer.ReviewerCount" name="DailyUpdates" time="113.224"/>
  <system-out/>
  <testcase classname="reviewer.ReviewerCount" name="NewsLetter" time="99.961"/>
  <system-out/>
  <testcase classname="reviewer.ReviewerCount" name="InternalMsg" time="99.747"/>
  <system-out/>
  <testcase classname="reviewer.ReviewerCount" name="SupportTicket" time="110.217"/>
  <system-out/>
  <testcase classname="reviewer.ReviewerCount" name="WhatsNew" time="116.899"/>
  <system-out/>
  <testcase classname="reviewer.ReviewerCount" name="OverdueDAR" time="89.791"/>
  <system-out/>
  <testcase classname="reviewer.ReviewerCount" name="DeviationApproverCol" time="96.329"/>
  <system-out/>
  <testcase classname="reviewer.ReviewerCount" name="DeviationClosureStatuscol" time="96.186"/>
  <system-out/>
  <testcase classname="reviewer.ReviewerCount" name="ComplianceDocumentsDA" time="91.405"/>
  <system-out/>
  <testcase classname="reviewer.ReviewerCount" name="DeviationApproverColCD" time="150.763"/>
  <system-out/>
  <testcase classname="reviewer.ReviewerCount" name="DeviationClosureStatuscolCD" time="105.323"/>
  <system-out/>
  <testcase classname="reviewer.ReviewerCount" name="DetailedReportDA" time="108.463"/>
  <system-out/>
  <testcase classname="reviewer.ReviewerCount" name="CompletedStatutorySF" time="154.518"/>
  <system-out/>
  <testcase classname="reviewer.ReviewerCount" name="DetailedReportSF" time="144.090"/>
  <system-out/>
  <testcase classname="reviewer.ReviewerCount" name="ComplianceDocumentsSF" time="138.011"/>
  <system-out/>
</testsuite> <!-- reviewer.ReviewerCount -->
