<?xml version="1.0" encoding="UTF-8"?>
<!-- Generated by org.testng.reporters.JUnitReportReporter -->
<testsuite hostname="TRPL-PUN-0125" failures="0" tests="31" name="criticalTestScripts.AuditorInternal" time="16103.772" errors="1" timestamp="2024-09-03T02:08:09 IST" skipped="0">
  <testcase classname="criticalTestScripts.AuditorInternal" name="ClosedTimely_PieChart" time="478.508"/>
  <testcase classname="criticalTestScripts.AuditorInternal" name="ClosedDelayed_PieChart" time="477.543"/>
  <testcase classname="criticalTestScripts.AuditorInternal" name="NotCompleted_PieChart" time="565.582"/>
  <testcase classname="criticalTestScripts.AuditorInternal" name="NotApplicable_PieChartIn" time="469.840"/>
  <testcase classname="criticalTestScripts.AuditorInternal" name="Overdue_PieChartInternal" time="379.918"/>
  <testcase classname="criticalTestScripts.AuditorInternal" name="dueToday_PieChartInternal" time="362.423"/>
  <testcase classname="criticalTestScripts.AuditorInternal" name="PFR_PieChartInternal" time="487.680"/>
  <testcase classname="criticalTestScripts.AuditorInternal" name="inProgress_PieChartInternal" time="524.743"/>
  <testcase classname="criticalTestScripts.AuditorInternal" name="Rejected_PieChartInternal" time="518.601"/>
  <testcase classname="criticalTestScripts.AuditorInternal" name="BargraphBSECriticalStatutory" time="483.137"/>
  <testcase classname="criticalTestScripts.AuditorInternal" name="BargraphBSEHighStatutory" time="521.534"/>
  <testcase classname="criticalTestScripts.AuditorInternal" name="BargraphBSEMediumStatutory" time="514.738"/>
  <testcase classname="criticalTestScripts.AuditorInternal" name="BargraphBSELowStatutory" time="503.647"/>
  <testcase classname="criticalTestScripts.AuditorInternal" name="RiskSummaryCriticalInternal" time="527.292"/>
  <testcase classname="criticalTestScripts.AuditorInternal" name="RiskSummaryHighInternal" time="598.423"/>
  <testcase classname="criticalTestScripts.AuditorInternal" name="RiskSummaryMediumStatutory" time="573.085"/>
  <testcase classname="criticalTestScripts.AuditorInternal" name="RiskSummaryLowStatutory" time="674.794">
    <error message="Expected condition failed: waiting for presence of element located by: By.xpath: //*[@id=&#039;grid&#039;]/div[3]/table/tbody/tr[1]/td[19]/a (tried for 60 second(s) with 500 milliseconds interval)" type="org.openqa.selenium.TimeoutException">
      <![CDATA[org.openqa.selenium.TimeoutException: Expected condition failed: waiting for presence of element located by: By.xpath: //*[@id='grid']/div[3]/table/tbody/tr[1]/td[19]/a (tried for 60 second(s) with 500 milliseconds interval)
at org.openqa.selenium.support.ui.WebDriverWait.timeoutException(WebDriverWait.java:95)
at org.openqa.selenium.support.ui.FluentWait.until(FluentWait.java:272)
at cfo.CFOcountPOM.RiskGraphCount1(CFOcountPOM.java:6341)
at criticalTestScripts.AuditorInternal.RiskSummaryLowStatutory(AuditorInternal.java:1670)
at java.base/jdk.internal.reflect.NativeMethodAccessorImpl.invoke0(Native Method)
at java.base/jdk.internal.reflect.NativeMethodAccessorImpl.invoke(NativeMethodAccessorImpl.java:77)
at java.base/jdk.internal.reflect.DelegatingMethodAccessorImpl.invoke(DelegatingMethodAccessorImpl.java:43)
at java.base/java.lang.reflect.Method.invoke(Method.java:568)
at org.testng.internal.invokers.MethodInvocationHelper.invokeMethod(MethodInvocationHelper.java:139)
at org.testng.internal.invokers.TestInvoker.invokeMethod(TestInvoker.java:664)
at org.testng.internal.invokers.TestInvoker.invokeTestMethod(TestInvoker.java:227)
at org.testng.internal.invokers.MethodRunner.runInSequence(MethodRunner.java:50)
at org.testng.internal.invokers.TestInvoker$MethodInvocationAgent.invoke(TestInvoker.java:957)
at org.testng.internal.invokers.TestInvoker.invokeTestMethods(TestInvoker.java:200)
at org.testng.internal.invokers.TestMethodWorker.invokeTestMethods(TestMethodWorker.java:148)
at org.testng.internal.invokers.TestMethodWorker.run(TestMethodWorker.java:128)
at java.base/java.util.concurrent.ThreadPoolExecutor.runWorker(ThreadPoolExecutor.java:1136)
at java.base/java.util.concurrent.ThreadPoolExecutor$Worker.run(ThreadPoolExecutor.java:635)
at java.base/java.lang.Thread.run(Thread.java:840)
Caused by: org.openqa.selenium.NoSuchElementException: no such element: Unable to locate element: {"method":"xpath","selector":"//*[@id='grid']/div[3]/table/tbody/tr[1]/td[19]/a"}
  (Session info: chrome=128.0.6613.113)
For documentation on this error, please visit: http://seleniumhq.org/exceptions/no_such_element.html
Build info: version: '3.141.0', revision: '2ecb7d9a', time: '2018-10-31T20:09:30'
System info: host: 'TRPL-PUN-0125', ip: '192.168.5.61', os.name: 'Windows 10', os.arch: 'amd64', os.version: '10.0', java.version: '17.0.9'
Driver info: org.openqa.selenium.chrome.ChromeDriver
Capabilities {acceptInsecureCerts: false, browserName: chrome, browserVersion: 128.0.6613.113, chrome: {chromedriverVersion: 127.0.6533.57 (d4459446bf8a..., userDataDir: C:\Users\shitalb\AppData\Lo...}, fedcm:accounts: true, goog:chromeOptions: {debuggerAddress: localhost:57220}, javascriptEnabled: true, networkConnectionEnabled: false, pageLoadStrategy: normal, platform: WINDOWS, platformName: WINDOWS, proxy: Proxy(), setWindowRect: true, strictFileInteractability: false, timeouts: {implicit: 0, pageLoad: 300000, script: 30000}, unhandledPromptBehavior: dismiss and notify, webauthn:extension:credBlob: true, webauthn:extension:largeBlob: true, webauthn:extension:minPinLength: true, webauthn:extension:prf: true, webauthn:virtualAuthenticators: true}
Session ID: 47ce08ab6617c20bac42374761171262
*** Element info: {Using=xpath, value=//*[@id='grid']/div[3]/table/tbody/tr[1]/td[19]/a}
at jdk.internal.reflect.GeneratedConstructorAccessor50.newInstance(Unknown Source)
at java.base/jdk.internal.reflect.DelegatingConstructorAccessorImpl.newInstance(DelegatingConstructorAccessorImpl.java:45)
at java.base/java.lang.reflect.Constructor.newInstanceWithCaller(Constructor.java:499)
at java.base/java.lang.reflect.Constructor.newInstance(Constructor.java:480)
at org.openqa.selenium.remote.http.W3CHttpResponseCodec.createException(W3CHttpResponseCodec.java:187)
at org.openqa.selenium.remote.http.W3CHttpResponseCodec.decode(W3CHttpResponseCodec.java:122)
at org.openqa.selenium.remote.http.W3CHttpResponseCodec.decode(W3CHttpResponseCodec.java:49)
at org.openqa.selenium.remote.HttpCommandExecutor.execute(HttpCommandExecutor.java:158)
at org.openqa.selenium.remote.service.DriverCommandExecutor.execute(DriverCommandExecutor.java:83)
at org.openqa.selenium.remote.RemoteWebDriver.execute(RemoteWebDriver.java:552)
at org.openqa.selenium.remote.RemoteWebDriver.findElement(RemoteWebDriver.java:323)
at org.openqa.selenium.remote.RemoteWebDriver.findElementByXPath(RemoteWebDriver.java:428)
at org.openqa.selenium.By$ByXPath.findElement(By.java:353)
at org.openqa.selenium.remote.RemoteWebDriver.findElement(RemoteWebDriver.java:315)
at org.openqa.selenium.support.ui.ExpectedConditions$6.apply(ExpectedConditions.java:182)
at org.openqa.selenium.support.ui.ExpectedConditions$6.apply(ExpectedConditions.java:179)
at org.openqa.selenium.support.ui.FluentWait.until(FluentWait.java:249)
... 17 more
]]>
    </error>
  </testcase> <!-- RiskSummaryLowStatutory -->
  <testcase classname="criticalTestScripts.AuditorInternal" name="DepartmentSummaryFinanceStatutory" time="573.016"/>
  <testcase classname="criticalTestScripts.AuditorInternal" name="ClosedTimely_PieChartperiod" time="757.790"/>
  <testcase classname="criticalTestScripts.AuditorInternal" name="ClosedDelayed_PieChartPeriod" time="745.996"/>
  <testcase classname="criticalTestScripts.AuditorInternal" name="NotCompleted_PieChartPe" time="703.668"/>
  <testcase classname="criticalTestScripts.AuditorInternal" name="NotApplicable_PieChartPeriod" time="727.662"/>
  <testcase classname="criticalTestScripts.AuditorInternal" name="Overdue_PieChartInternalPe" time="645.847"/>
  <testcase classname="criticalTestScripts.AuditorInternal" name="dueToday_PieChartPeriod" time="236.015"/>
  <testcase classname="criticalTestScripts.AuditorInternal" name="PFR_PieChartInternalPe" time="723.247"/>
  <testcase classname="criticalTestScripts.AuditorInternal" name="InProgress_PieChartInternalPeriod" time="725.824"/>
  <testcase classname="criticalTestScripts.AuditorInternal" name="Upcoming_PieChartPeriod" time="188.249"/>
  <testcase classname="criticalTestScripts.AuditorInternal" name="Rejected_PieChartInternalPeriod" time="791.671"/>
  <testcase classname="criticalTestScripts.AuditorInternal" name="DetailedReportIn" time="170.264"/>
  <testcase classname="criticalTestScripts.AuditorInternal" name="AssignmentReport" time="185.485"/>
  <testcase classname="criticalTestScripts.AuditorInternal" name="ComplianceDocumentsIN" time="267.550"/>
</testsuite> <!-- criticalTestScripts.AuditorInternal -->
