<?xml version="1.0" encoding="UTF-8"?>
<!-- Generated by org.testng.reporters.JUnitReportReporter -->
<testsuite skipped="0" hostname="LAPTOP-TBA24BB5" name="pom.TestCase" tests="1" failures="0" timestamp="2022-12-23T15:17:33 IST" time="36.941" errors="0">
  <testcase name="Login" time="36.941" classname="pom.TestCase"/>
  <system-out/>
</testsuite> <!-- pom.TestCase -->
